[
// 2024-11-15 8:54:04.535
{
  "Version": "3.0",
  "Id": "45166459",
  "GroupId": "/home/amir/ctf/mctf/2024/ad/dinoex/app/controllers/ticket_controller.rb:25:1:25:6",
  "ScanMode": "FromEntryPoint",
  "Class": "Vulnerability",
  "Type": "Cross-site Scripting",
  "IsSuspected": true,
  "IsSecondOrder": false,
  "IsSuppressed": false,
  "VulnerableExpression": {
    "Value": "  end",
    "File": "/home/amir/CTF/MCTF/2024/AD/dinoex/app/controllers/ticket_controller.rb",
    "BeginLine": 25,
    "BeginColumn": 1,
    "EndLine": 25,
    "EndColumn": 6
  },
  "EntryPoint": {
    "Value": "  get '/get-user-tickets' do",
    "File": "/home/amir/CTF/MCTF/2024/AD/dinoex/app/controllers/ticket_controller.rb",
    "BeginLine": 21,
    "BeginColumn": 1,
    "EndLine": 21,
    "EndColumn": 29
  },
  "AdditionalConditions": "(Ticket.where(<Instance(Application, #953)>.username_from_jwt(<Instance(Request, #959)>.cookies()[\"token\"])).to_json().include? \"<script>alert(0)</script>\")",
  "Exploit": {
    "Type": "HTTP",
    "Text": "GET /get-user-tickets HTTP/1.1\r\nHost: localhost\r\n",
    "Parameters": []
  },
  "TaintDataEntries": [
    {
      "Value": "    username = username_from_jwt request.cookies['token']",
      "File": "/home/amir/CTF/MCTF/2024/AD/dinoex/app/controllers/ticket_controller.rb",
      "BeginLine": 22,
      "BeginColumn": 1,
      "EndLine": 22,
      "EndColumn": 58
    }
  ],
  "DataTrace": [
    {
      "Value": "    username = username_from_jwt request.cookies['token']",
      "File": "/home/amir/CTF/MCTF/2024/AD/dinoex/app/controllers/ticket_controller.rb",
      "BeginLine": 22,
      "BeginColumn": 1,
      "EndLine": 22,
      "EndColumn": 58
    },
    {
      "Value": "        ticket = Ticket.where(username: username)",
      "File": "/home/amir/CTF/MCTF/2024/AD/dinoex/app/models/ticket.rb",
      "BeginLine": 29,
      "BeginColumn": 1,
      "EndLine": 29,
      "EndColumn": 50
    },
    {
      "Value": "        return ticket",
      "File": "/home/amir/CTF/MCTF/2024/AD/dinoex/app/models/ticket.rb",
      "BeginLine": 31,
      "BeginColumn": 1,
      "EndLine": 31,
      "EndColumn": 22
    },
    {
      "Value": "    end    ",
      "File": "/home/amir/CTF/MCTF/2024/AD/dinoex/app/models/ticket.rb",
      "BeginLine": 32,
      "BeginColumn": 1,
      "EndLine": 32,
      "EndColumn": 12
    },
    {
      "Value": "    tickets = Ticket.get_user_tickets(username)",
      "File": "/home/amir/CTF/MCTF/2024/AD/dinoex/app/controllers/ticket_controller.rb",
      "BeginLine": 23,
      "BeginColumn": 1,
      "EndLine": 23,
      "EndColumn": 48
    },
    {
      "Value": "    tickets.to_json",
      "File": "/home/amir/CTF/MCTF/2024/AD/dinoex/app/controllers/ticket_controller.rb",
      "BeginLine": 24,
      "BeginColumn": 1,
      "EndLine": 24,
      "EndColumn": 20
    },
    {
      "Value": "  end",
      "File": "/home/amir/CTF/MCTF/2024/AD/dinoex/app/controllers/ticket_controller.rb",
      "BeginLine": 25,
      "BeginColumn": 1,
      "EndLine": 25,
      "EndColumn": 6
    }
  ],
  "BestPlaceToFix": null
},
// 2024-11-15 8:54:06.061
{
  "Version": "3.0",
  "Id": "3911064663",
  "GroupId": "/home/amir/ctf/mctf/2024/ad/dinoex/app/controllers/users_controller.rb:86:1:86:8",
  "ScanMode": "FromEntryPoint",
  "Class": "Vulnerability",
  "Type": "Cross-site Scripting",
  "IsSuspected": true,
  "IsSecondOrder": false,
  "IsSuppressed": false,
  "VulnerableExpression": {
    "Value": "    end",
    "File": "/home/amir/CTF/MCTF/2024/AD/dinoex/app/controllers/users_controller.rb",
    "BeginLine": 86,
    "BeginColumn": 1,
    "EndLine": 86,
    "EndColumn": 8
  },
  "EntryPoint": {
    "Value": "    get '/get-user-data' do",
    "File": "/home/amir/CTF/MCTF/2024/AD/dinoex/app/controllers/users_controller.rb",
    "BeginLine": 82,
    "BeginColumn": 1,
    "EndLine": 82,
    "EndColumn": 28
  },
  "AdditionalConditions": "(User.where(<Instance(Application, #814)>.username_from_jwt(<Instance(Request, #820)>.cookies()[\"token\"])).to_json().include? \"<script>alert(0)</script>\")",
  "Exploit": {
    "Type": "HTTP",
    "Text": "GET /get-user-data HTTP/1.1\r\nHost: localhost\r\n",
    "Parameters": []
  },
  "TaintDataEntries": [
    {
      "Value": "        username = username_from_jwt request.cookies['token']",
      "File": "/home/amir/CTF/MCTF/2024/AD/dinoex/app/controllers/users_controller.rb",
      "BeginLine": 83,
      "BeginColumn": 1,
      "EndLine": 83,
      "EndColumn": 62
    }
  ],
  "DataTrace": [
    {
      "Value": "        username = username_from_jwt request.cookies['token']",
      "File": "/home/amir/CTF/MCTF/2024/AD/dinoex/app/controllers/users_controller.rb",
      "BeginLine": 83,
      "BeginColumn": 1,
      "EndLine": 83,
      "EndColumn": 62
    },
    {
      "Value": "      user = User.where(username: username) ",
      "File": "/home/amir/CTF/MCTF/2024/AD/dinoex/app/models/user.rb",
      "BeginLine": 51,
      "BeginColumn": 1,
      "EndLine": 51,
      "EndColumn": 45
    },
    {
      "Value": "      return user",
      "File": "/home/amir/CTF/MCTF/2024/AD/dinoex/app/models/user.rb",
      "BeginLine": 52,
      "BeginColumn": 1,
      "EndLine": 52,
      "EndColumn": 18
    },
    {
      "Value": "    end",
      "File": "/home/amir/CTF/MCTF/2024/AD/dinoex/app/models/user.rb",
      "BeginLine": 53,
      "BeginColumn": 1,
      "EndLine": 53,
      "EndColumn": 8
    },
    {
      "Value": "        user = User.get_user_info(username)",
      "File": "/home/amir/CTF/MCTF/2024/AD/dinoex/app/controllers/users_controller.rb",
      "BeginLine": 84,
      "BeginColumn": 1,
      "EndLine": 84,
      "EndColumn": 44
    },
    {
      "Value": "        user.to_json",
      "File": "/home/amir/CTF/MCTF/2024/AD/dinoex/app/controllers/users_controller.rb",
      "BeginLine": 85,
      "BeginColumn": 1,
      "EndLine": 85,
      "EndColumn": 21
    },
    {
      "Value": "    end",
      "File": "/home/amir/CTF/MCTF/2024/AD/dinoex/app/controllers/users_controller.rb",
      "BeginLine": 86,
      "BeginColumn": 1,
      "EndLine": 86,
      "EndColumn": 8
    }
  ],
  "BestPlaceToFix": null
},
// 2024-11-15 8:54:06.063
{
  "Version": "3.0",
  "Id": "1739429461",
  "GroupId": "/home/amir/ctf/mctf/2024/ad/dinoex/app/controllers/ticket_controller.rb:52:1:52:6",
  "ScanMode": "FromEntryPoint",
  "Class": "Vulnerability",
  "Type": "Cross-site Scripting",
  "IsSuspected": true,
  "IsSecondOrder": false,
  "IsSuppressed": false,
  "VulnerableExpression": {
    "Value": "  end",
    "File": "/home/amir/CTF/MCTF/2024/AD/dinoex/app/controllers/ticket_controller.rb",
    "BeginLine": 52,
    "BeginColumn": 1,
    "EndLine": 52,
    "EndColumn": 6
  },
  "EntryPoint": {
    "Value": "  get '/forced-view' do",
    "File": "/home/amir/CTF/MCTF/2024/AD/dinoex/app/controllers/ticket_controller.rb",
    "BeginLine": 42,
    "BeginColumn": 1,
    "EndLine": 42,
    "EndColumn": 24
  },
  "AdditionalConditions": "((Ticket.where(ticketId, username).to_json().include? \"<script>alert(0)</script>\") and (not ((!! <Instance(Request, #1005)>.query_string().include?(\"&\")))))",
  "Exploit": {
    "Type": "HTTP",
    "Text": "GET /forced-view HTTP/1.1\r\nHost: localhost\r\n",
    "Parameters": []
  },
  "TaintDataEntries": [
    {
      "Value": "    ticketId = params['ticketId']",
      "File": "/home/amir/CTF/MCTF/2024/AD/dinoex/app/controllers/ticket_controller.rb",
      "BeginLine": 48,
      "BeginColumn": 1,
      "EndLine": 48,
      "EndColumn": 34
    },
    {
      "Value": "    username = params['username']    ",
      "File": "/home/amir/CTF/MCTF/2024/AD/dinoex/app/controllers/ticket_controller.rb",
      "BeginLine": 49,
      "BeginColumn": 1,
      "EndLine": 49,
      "EndColumn": 38
    }
  ],
  "DataTrace": [
    {
      "Value": "    ticketId = params['ticketId']",
      "File": "/home/amir/CTF/MCTF/2024/AD/dinoex/app/controllers/ticket_controller.rb",
      "BeginLine": 48,
      "BeginColumn": 1,
      "EndLine": 48,
      "EndColumn": 34
    },
    {
      "Value": "    username = params['username']    ",
      "File": "/home/amir/CTF/MCTF/2024/AD/dinoex/app/controllers/ticket_controller.rb",
      "BeginLine": 49,
      "BeginColumn": 1,
      "EndLine": 49,
      "EndColumn": 38
    },
    {
      "Value": "        ticket = Ticket.where(id: ticketId, username: username) ",
      "File": "/home/amir/CTF/MCTF/2024/AD/dinoex/app/models/ticket.rb",
      "BeginLine": 24,
      "BeginColumn": 1,
      "EndLine": 24,
      "EndColumn": 65
    },
    {
      "Value": "        return ticket",
      "File": "/home/amir/CTF/MCTF/2024/AD/dinoex/app/models/ticket.rb",
      "BeginLine": 25,
      "BeginColumn": 1,
      "EndLine": 25,
      "EndColumn": 22
    },
    {
      "Value": "    end",
      "File": "/home/amir/CTF/MCTF/2024/AD/dinoex/app/models/ticket.rb",
      "BeginLine": 26,
      "BeginColumn": 1,
      "EndLine": 26,
      "EndColumn": 8
    },
    {
      "Value": "    ticket = Ticket.get_ticket_information(ticketId, username)",
      "File": "/home/amir/CTF/MCTF/2024/AD/dinoex/app/controllers/ticket_controller.rb",
      "BeginLine": 50,
      "BeginColumn": 1,
      "EndLine": 50,
      "EndColumn": 63
    },
    {
      "Value": "    ticket.to_json",
      "File": "/home/amir/CTF/MCTF/2024/AD/dinoex/app/controllers/ticket_controller.rb",
      "BeginLine": 51,
      "BeginColumn": 1,
      "EndLine": 51,
      "EndColumn": 19
    },
    {
      "Value": "  end",
      "File": "/home/amir/CTF/MCTF/2024/AD/dinoex/app/controllers/ticket_controller.rb",
      "BeginLine": 52,
      "BeginColumn": 1,
      "EndLine": 52,
      "EndColumn": 6
    }
  ],
  "BestPlaceToFix": null
}]
