2024-11-18 15:55:50.039120 ║INFO	║ 38245	║ process file /home/amir/CTF/MCTF/2024/AD/easy_forms/conf
2024-11-18 15:55:50.039796 ║INFO	║ 38245	║ process file /home/amir/CTF/MCTF/2024/AD/easy_forms/src
2024-11-18 15:55:50.040110 ║INFO	║ 38245	║ process file /home/amir/CTF/MCTF/2024/AD/easy_forms/src/app
2024-11-18 15:55:50.040586 ║INFO	║ 38245	║ process file /home/amir/CTF/MCTF/2024/AD/easy_forms/src/app/Exceptions
2024-11-18 15:55:50.040941 ║INFO	║ 38245	║ process file /home/amir/CTF/MCTF/2024/AD/easy_forms/src/app/Exceptions/ModelNotFoundExceptionDecorator.php
2024-11-18 15:55:50.041303 ║INFO	║ 38245	║ process file /home/amir/CTF/MCTF/2024/AD/easy_forms/src/app/Exceptions/ModelLimitException.php
2024-11-18 15:55:50.041514 ║INFO	║ 38245	║ process file /home/amir/CTF/MCTF/2024/AD/easy_forms/src/app/Validators
2024-11-18 15:55:50.041692 ║INFO	║ 38245	║ process file /home/amir/CTF/MCTF/2024/AD/easy_forms/src/app/Validators/FormIntegrationValidator.php
2024-11-18 15:55:50.041833 ║INFO	║ 38245	║ process file /home/amir/CTF/MCTF/2024/AD/easy_forms/src/app/Jobs
2024-11-18 15:55:50.041969 ║INFO	║ 38245	║ process file /home/amir/CTF/MCTF/2024/AD/easy_forms/src/app/Jobs/HandleFormIntegrationsJob.php
2024-11-18 15:55:50.042117 ║INFO	║ 38245	║ process file /home/amir/CTF/MCTF/2024/AD/easy_forms/src/app/Jobs/HandleIntegrationJob.php
2024-11-18 15:55:50.042226 ║INFO	║ 38245	║ process file /home/amir/CTF/MCTF/2024/AD/easy_forms/src/app/Enums
2024-11-18 15:55:50.042326 ║INFO	║ 38245	║ process file /home/amir/CTF/MCTF/2024/AD/easy_forms/src/app/Enums/FormInputTypes.php
2024-11-18 15:55:50.042426 ║INFO	║ 38245	║ process file /home/amir/CTF/MCTF/2024/AD/easy_forms/src/app/Console
2024-11-18 15:55:50.042525 ║INFO	║ 38245	║ process file /home/amir/CTF/MCTF/2024/AD/easy_forms/src/app/Console/Commands
2024-11-18 15:55:50.042630 ║INFO	║ 38245	║ process file /home/amir/CTF/MCTF/2024/AD/easy_forms/src/app/Console/Commands/FormCleaner.php
2024-11-18 15:55:50.042756 ║INFO	║ 38245	║ process file /home/amir/CTF/MCTF/2024/AD/easy_forms/src/app/Console/Commands/CreateDebugUser.php
2024-11-18 15:55:50.042893 ║INFO	║ 38245	║ process file /home/amir/CTF/MCTF/2024/AD/easy_forms/src/app/FormIntegrations
2024-11-18 15:55:50.042994 ║INFO	║ 38245	║ process file /home/amir/CTF/MCTF/2024/AD/easy_forms/src/app/FormIntegrations/MailIntegration.php
2024-11-18 15:55:50.043095 ║INFO	║ 38245	║ process file /home/amir/CTF/MCTF/2024/AD/easy_forms/src/app/FormIntegrations/SendIntegrationException.php
2024-11-18 15:55:50.043197 ║INFO	║ 38245	║ process file /home/amir/CTF/MCTF/2024/AD/easy_forms/src/app/FormIntegrations/ApiHttpIntegration.php
2024-11-18 15:55:50.043300 ║INFO	║ 38245	║ process file /home/amir/CTF/MCTF/2024/AD/easy_forms/src/app/FormIntegrations/IntegrationInterface.php
2024-11-18 15:55:50.043401 ║INFO	║ 38245	║ process file /home/amir/CTF/MCTF/2024/AD/easy_forms/src/app/Mail
2024-11-18 15:55:50.043500 ║INFO	║ 38245	║ process file /home/amir/CTF/MCTF/2024/AD/easy_forms/src/app/Mail/IntegrationMail.php
2024-11-18 15:55:50.043600 ║INFO	║ 38245	║ process file /home/amir/CTF/MCTF/2024/AD/easy_forms/src/app/Http
2024-11-18 15:55:50.043696 ║INFO	║ 38245	║ process file /home/amir/CTF/MCTF/2024/AD/easy_forms/src/app/Http/Requests
2024-11-18 15:55:50.043791 ║INFO	║ 38245	║ process file /home/amir/CTF/MCTF/2024/AD/easy_forms/src/app/Http/Requests/SoUAdminFormInputRequest.php
2024-11-18 15:55:50.043895 ║INFO	║ 38245	║ process file /home/amir/CTF/MCTF/2024/AD/easy_forms/src/app/Http/Requests/DebugFormsRequest.php
2024-11-18 15:55:50.044025 ║INFO	║ 38245	║ process file /home/amir/CTF/MCTF/2024/AD/easy_forms/src/app/Http/Requests/SoUAdminFormIntegrationRequest.php
2024-11-18 15:55:50.044123 ║INFO	║ 38245	║ process file /home/amir/CTF/MCTF/2024/AD/easy_forms/src/app/Http/Requests/FormSubmitRequest.php
2024-11-18 15:55:50.044214 ║INFO	║ 38245	║ process file /home/amir/CTF/MCTF/2024/AD/easy_forms/src/app/Http/Requests/FiltredAdminFormRequest.php
2024-11-18 15:55:50.044342 ║INFO	║ 38245	║ process file /home/amir/CTF/MCTF/2024/AD/easy_forms/src/app/Http/Requests/RegisterRequest.php
2024-11-18 15:55:50.044456 ║INFO	║ 38245	║ process file /home/amir/CTF/MCTF/2024/AD/easy_forms/src/app/Http/Requests/SoUAdminFormRequest.php
2024-11-18 15:55:50.044552 ║INFO	║ 38245	║ process file /home/amir/CTF/MCTF/2024/AD/easy_forms/src/app/Http/Requests/LoginRequest.php
2024-11-18 15:55:50.044645 ║INFO	║ 38245	║ process file /home/amir/CTF/MCTF/2024/AD/easy_forms/src/app/Http/Controllers
2024-11-18 15:55:50.044759 ║INFO	║ 38245	║ process file /home/amir/CTF/MCTF/2024/AD/easy_forms/src/app/Http/Controllers/Debug
2024-11-18 15:55:50.044863 ║INFO	║ 38245	║ process file /home/amir/CTF/MCTF/2024/AD/easy_forms/src/app/Http/Controllers/Debug/DebugController.php
2024-11-18 15:55:50.044956 ║INFO	║ 38245	║ process file /home/amir/CTF/MCTF/2024/AD/easy_forms/src/app/Http/Controllers/Traits
2024-11-18 15:55:50.045046 ║INFO	║ 38245	║ process file /home/amir/CTF/MCTF/2024/AD/easy_forms/src/app/Http/Controllers/Traits/FiltredCollectionTrait.php
2024-11-18 15:55:50.045141 ║INFO	║ 38245	║ process file /home/amir/CTF/MCTF/2024/AD/easy_forms/src/app/Http/Controllers/Traits/EntityLimitTrait.php
2024-11-18 15:55:50.045233 ║INFO	║ 38245	║ process file /home/amir/CTF/MCTF/2024/AD/easy_forms/src/app/Http/Controllers/AdminFormIntegrationController.php
2024-11-18 15:55:50.045326 ║INFO	║ 38245	║ process file /home/amir/CTF/MCTF/2024/AD/easy_forms/src/app/Http/Controllers/AdminFormInputController.php
2024-11-18 15:55:50.045418 ║INFO	║ 38245	║ process file /home/amir/CTF/MCTF/2024/AD/easy_forms/src/app/Http/Controllers/BaseAdminFormController.php
2024-11-18 15:55:50.045551 ║INFO	║ 38245	║ process file /home/amir/CTF/MCTF/2024/AD/easy_forms/src/app/Http/Controllers/AdminFormResultController.php
2024-11-18 15:55:50.045669 ║INFO	║ 38245	║ process file /home/amir/CTF/MCTF/2024/AD/easy_forms/src/app/Http/Controllers/AdminFormController.php
2024-11-18 15:55:50.045789 ║INFO	║ 38245	║ process file /home/amir/CTF/MCTF/2024/AD/easy_forms/src/app/Http/Controllers/FormController.php
2024-11-18 15:55:50.045920 ║INFO	║ 38245	║ process file /home/amir/CTF/MCTF/2024/AD/easy_forms/src/app/Http/Controllers/AuthController.php
2024-11-18 15:55:50.046029 ║INFO	║ 38245	║ process file /home/amir/CTF/MCTF/2024/AD/easy_forms/src/app/Models
2024-11-18 15:55:50.046137 ║INFO	║ 38245	║ process file /home/amir/CTF/MCTF/2024/AD/easy_forms/src/app/Models/FormInput.php
2024-11-18 15:55:50.046249 ║INFO	║ 38245	║ process file /home/amir/CTF/MCTF/2024/AD/easy_forms/src/app/Models/FormIntegration.php
2024-11-18 15:55:50.046358 ║INFO	║ 38245	║ process file /home/amir/CTF/MCTF/2024/AD/easy_forms/src/app/Models/User.php
2024-11-18 15:55:50.046471 ║INFO	║ 38245	║ process file /home/amir/CTF/MCTF/2024/AD/easy_forms/src/app/Models/Form.php
2024-11-18 15:55:50.046556 ║INFO	║ 38245	║ process file /home/amir/CTF/MCTF/2024/AD/easy_forms/src/app/Models/FormResult.php
2024-11-18 15:55:50.046641 ║INFO	║ 38245	║ process file /home/amir/CTF/MCTF/2024/AD/easy_forms/src/app/Rules
2024-11-18 15:55:50.046727 ║INFO	║ 38245	║ process file /home/amir/CTF/MCTF/2024/AD/easy_forms/src/app/Rules/FormInput.php
2024-11-18 15:55:50.046814 ║INFO	║ 38245	║ process file /home/amir/CTF/MCTF/2024/AD/easy_forms/src/app/Rules/FormIntegrationType.php
2024-11-18 15:55:50.046899 ║INFO	║ 38245	║ process file /home/amir/CTF/MCTF/2024/AD/easy_forms/src/app/Rules/ExternalUrl.php
2024-11-18 15:55:50.046984 ║INFO	║ 38245	║ process file /home/amir/CTF/MCTF/2024/AD/easy_forms/src/app/Providers
2024-11-18 15:55:50.047104 ║INFO	║ 38245	║ process file /home/amir/CTF/MCTF/2024/AD/easy_forms/src/app/Providers/AppServiceProvider.php
2024-11-18 15:55:50.047232 ║INFO	║ 38245	║ process file /home/amir/CTF/MCTF/2024/AD/easy_forms/src/routes
2024-11-18 15:55:50.047380 ║INFO	║ 38245	║ process file /home/amir/CTF/MCTF/2024/AD/easy_forms/src/routes/api.php
2024-11-18 15:55:50.047499 ║INFO	║ 38245	║ process file /home/amir/CTF/MCTF/2024/AD/easy_forms/src/routes/console.php
2024-11-18 15:55:50.047597 ║INFO	║ 38245	║ process file /home/amir/CTF/MCTF/2024/AD/easy_forms/src/config
2024-11-18 15:55:50.047703 ║INFO	║ 38245	║ process file /home/amir/CTF/MCTF/2024/AD/easy_forms/src/config/jwt.php
2024-11-18 15:55:50.047828 ║INFO	║ 38245	║ process file /home/amir/CTF/MCTF/2024/AD/easy_forms/src/config/mail.php
2024-11-18 15:55:50.047934 ║INFO	║ 38245	║ process file /home/amir/CTF/MCTF/2024/AD/easy_forms/src/config/auth.php
2024-11-18 15:55:50.048030 ║INFO	║ 38245	║ process file /home/amir/CTF/MCTF/2024/AD/easy_forms/src/config/cache.php
2024-11-18 15:55:50.048130 ║INFO	║ 38245	║ process file /home/amir/CTF/MCTF/2024/AD/easy_forms/src/config/app.php
2024-11-18 15:55:50.048214 ║INFO	║ 38245	║ process file /home/amir/CTF/MCTF/2024/AD/easy_forms/src/config/form_integrations.php
2024-11-18 15:55:50.048299 ║INFO	║ 38245	║ process file /home/amir/CTF/MCTF/2024/AD/easy_forms/src/config/filesystems.php
2024-11-18 15:55:50.048420 ║INFO	║ 38245	║ process file /home/amir/CTF/MCTF/2024/AD/easy_forms/src/config/queue.php
2024-11-18 15:55:50.048520 ║INFO	║ 38245	║ process file /home/amir/CTF/MCTF/2024/AD/easy_forms/src/config/logging.php
2024-11-18 15:55:50.048635 ║INFO	║ 38245	║ process file /home/amir/CTF/MCTF/2024/AD/easy_forms/src/config/database.php
2024-11-18 15:55:50.048803 ║INFO	║ 38245	║ process file /home/amir/CTF/MCTF/2024/AD/easy_forms/src/bootstrap
2024-11-18 15:55:50.048974 ║INFO	║ 38245	║ process file /home/amir/CTF/MCTF/2024/AD/easy_forms/src/bootstrap/cache
2024-11-18 15:55:50.049134 ║INFO	║ 38245	║ process file /home/amir/CTF/MCTF/2024/AD/easy_forms/src/bootstrap/providers.php
2024-11-18 15:55:50.049274 ║INFO	║ 38245	║ process file /home/amir/CTF/MCTF/2024/AD/easy_forms/src/bootstrap/app.php
2024-11-18 15:55:50.049367 ║INFO	║ 38245	║ process file /home/amir/CTF/MCTF/2024/AD/easy_forms/src/storage
2024-11-18 15:55:50.049450 ║INFO	║ 38245	║ process file /home/amir/CTF/MCTF/2024/AD/easy_forms/src/storage/app
2024-11-18 15:55:50.049529 ║INFO	║ 38245	║ process file /home/amir/CTF/MCTF/2024/AD/easy_forms/src/storage/app/public
2024-11-18 15:55:50.049609 ║INFO	║ 38245	║ process file /home/amir/CTF/MCTF/2024/AD/easy_forms/src/storage/logs
2024-11-18 15:55:50.049698 ║INFO	║ 38245	║ process file /home/amir/CTF/MCTF/2024/AD/easy_forms/src/storage/framework
2024-11-18 15:55:50.049841 ║INFO	║ 38245	║ process file /home/amir/CTF/MCTF/2024/AD/easy_forms/src/storage/framework/cache
2024-11-18 15:55:50.050002 ║INFO	║ 38245	║ process file /home/amir/CTF/MCTF/2024/AD/easy_forms/src/storage/framework/cache/data
2024-11-18 15:55:50.050158 ║INFO	║ 38245	║ process file /home/amir/CTF/MCTF/2024/AD/easy_forms/src/storage/framework/views
2024-11-18 15:55:50.050262 ║INFO	║ 38245	║ process file /home/amir/CTF/MCTF/2024/AD/easy_forms/src/public
2024-11-18 15:55:50.050345 ║INFO	║ 38245	║ process file /home/amir/CTF/MCTF/2024/AD/easy_forms/src/public/index.php
2024-11-18 15:55:50.050426 ║INFO	║ 38245	║ process file /home/amir/CTF/MCTF/2024/AD/easy_forms/src/public/favicon.ico
2024-11-18 15:55:50.050505 ║INFO	║ 38245	║ process file /home/amir/CTF/MCTF/2024/AD/easy_forms/src/.env
2024-11-18 15:55:50.050588 ║INFO	║ 38245	║ process file /home/amir/CTF/MCTF/2024/AD/easy_forms/src/artisan
2024-11-18 15:55:50.050668 ║INFO	║ 38245	║ process file /home/amir/CTF/MCTF/2024/AD/easy_forms/src/composer.lock
2024-11-18 15:55:50.050749 ║INFO	║ 38245	║ process file /home/amir/CTF/MCTF/2024/AD/easy_forms/src/composer.json
2024-11-18 15:55:50.050837 ║INFO	║ 38245	║ process file /home/amir/CTF/MCTF/2024/AD/easy_forms/docker-compose.yaml
2024-11-18 15:55:50.050970 ║INFO	║ 38245	║ process file /home/amir/CTF/MCTF/2024/AD/easy_forms/Dockerfile.backend
2024-11-18 15:55:50.051119 ║INFO	║ 38245	║ process file /home/amir/CTF/MCTF/2024/AD/easy_forms/backend-entry.sh
2024-11-18 15:55:50.051270 ║INFO	║ 38245	║ process file /home/amir/CTF/MCTF/2024/AD/easy_forms
2024-11-18 15:55:50.051369 ║INFO	║ 38245	║ process file /home/amir/CTF/MCTF/2024/AD/easy_forms/conf/nginx.conf
2024-11-18 15:57:29.264788 ║INFO	║ 38245	║ Finalize
2024-11-18 15:57:29.264852 ║INFO	║ 38245	║ Finalize done
