[11/18/2024, 3:48:22 PM] info: Logging was started to file.
[11/18/2024, 3:48:22 PM] info: Start application inspector initialization
[11/18/2024, 3:48:22 PM] info: Hide developer mode UI
[11/18/2024, 3:48:22 PM] info: Infrastructure Configurations: {"port":8000,"infrastructureAssemblyFolderPath":"/home/amir/application-inspector-analyzer","applicationResourcesFolderPath":"/home/amir/application-inspector-analyzer","scanTargetFolderPath":"/home/amir/CTF/MCTF/2024/AD/easy_forms","isDebugging":false,"logLevel":{"q8_1":"Error","r8_1":5,"type":5,"key":"Settings.LogLevel.Error.Text"},"logDir":"/home/amir/CTF/MCTF/2024/AD/easy_forms/.ai/Logs/Infrastructure/2024-11-18-15-48-22","tipsFoundNotificationThreshold":1000,"similarIssuesFoundNotificationThreshold":1000,"applicationLocalDataFolderPath":"/home/amir/CTF/MCTF/2024/AD/easy_forms/.ai"}
[11/18/2024, 3:48:22 PM] info: Start infrastructure initialization
[11/18/2024, 3:48:22 PM] info: Infrastructure was started
[11/18/2024, 3:48:23 PM] info: Initialize aie integration isn't initialized
[11/18/2024, 3:48:23 PM] info: Infrastructure was initialized
[11/18/2024, 3:48:23 PM] info: Infrastructure Installer was deleted
[11/18/2024, 3:48:23 PM] info: Clean up logs files was started
[11/18/2024, 3:48:23 PM] info: Clean up logs files was finished
[11/18/2024, 3:48:24 PM] info: Start rendering scan result. ScanResultId=c70d8c58-bd91-4a08-974e-0dd2d30de933, ProjectId=9adfb088-baf3-43b9-99c4-3c178acacf6e
[11/18/2024, 3:48:27 PM] info: Scan was finished with errors. Errors will be output to the output channel.
[11/18/2024, 3:48:27 PM] info: Rendering scan result was finished
[11/18/2024, 3:53:37 PM] info: Start scan command handled
[11/18/2024, 3:57:29 PM] info: Scan done message handled
[11/18/2024, 3:57:30 PM] info: Scan was finished with errors. Errors will be output to the output channel.
[11/18/2024, 3:58:03 PM] info: Start updating filter
[11/18/2024, 3:58:03 PM] info: The filter has been updated
[11/18/2024, 3:58:03 PM] info: Start applying filter
[11/18/2024, 3:58:03 PM] info: The filter has been applied
[11/18/2024, 3:58:06 PM] info: Start updating filter
[11/18/2024, 3:58:06 PM] info: The filter has been updated
[11/18/2024, 3:58:06 PM] info: Start applying filter
[11/18/2024, 3:58:06 PM] info: The filter has been applied
[11/18/2024, 3:58:15 PM] info: Start updating filter
[11/18/2024, 3:58:15 PM] info: The filter has been updated
[11/18/2024, 3:58:15 PM] info: Start applying filter
[11/18/2024, 3:58:15 PM] info: The filter has been applied
[11/18/2024, 3:58:16 PM] info: Start updating filter
[11/18/2024, 3:58:16 PM] info: The filter has been updated
[11/18/2024, 3:58:16 PM] info: Start applying filter
[11/18/2024, 3:58:16 PM] info: The filter has been applied
[11/18/2024, 3:58:17 PM] info: Start updating filter
[11/18/2024, 3:58:17 PM] info: The filter has been updated
[11/18/2024, 3:58:17 PM] info: Start applying filter
[11/18/2024, 3:58:17 PM] info: The filter has been applied
[11/18/2024, 3:58:18 PM] info: Start updating filter
[11/18/2024, 3:58:18 PM] info: The filter has been updated
[11/18/2024, 3:58:18 PM] info: Start applying filter
[11/18/2024, 3:58:18 PM] info: The filter has been applied
[11/18/2024, 4:02:30 PM] info: Start updating filter
[11/18/2024, 4:02:30 PM] info: The filter has been updated
[11/18/2024, 4:02:30 PM] info: Start applying filter
[11/18/2024, 4:02:30 PM] info: The filter has been applied
