[11/15/2024, 2:19:41 PM] info: Logging was started to file.
[11/15/2024, 2:19:41 PM] info: Start application inspector initialization
[11/15/2024, 2:19:41 PM] info: Hide developer mode UI
[11/15/2024, 2:19:41 PM] info: Infrastructure Configurations: {"port":8000,"infrastructureAssemblyFolderPath":"/home/amir/application-inspector-analyzer","applicationResourcesFolderPath":"/home/amir/application-inspector-analyzer","scanTargetFolderPath":"/home/amir/CTF/MCTF/2024/AD/easy_forms","isDebugging":false,"logLevel":{"q8_1":"Error","r8_1":5,"type":5,"key":"Settings.LogLevel.Error.Text"},"logDir":"/home/amir/CTF/MCTF/2024/AD/easy_forms/.ai/Logs/Infrastructure/2024-11-15-14-19-41","tipsFoundNotificationThreshold":1000,"similarIssuesFoundNotificationThreshold":1000,"applicationLocalDataFolderPath":"/home/amir/CTF/MCTF/2024/AD/easy_forms/.ai"}
[11/15/2024, 2:19:41 PM] info: Start infrastructure initialization
[11/15/2024, 2:19:41 PM] info: Infrastructure was started
[11/15/2024, 2:19:42 PM] info: Initialize aie integration isn't initialized
[11/15/2024, 2:19:42 PM] info: Infrastructure was initialized
[11/15/2024, 2:19:42 PM] info: Infrastructure Installer was deleted
[11/15/2024, 2:19:42 PM] info: Clean up logs files was started
[11/15/2024, 2:19:42 PM] info: Clean up logs files was finished
[11/15/2024, 2:19:43 PM] info: Start rendering scan result. ScanResultId=15db5e1b-d317-422b-8913-036c3fbf70c3, ProjectId=9adfb088-baf3-43b9-99c4-3c178acacf6e
[11/15/2024, 2:19:46 PM] info: Scan was finished with errors. Errors will be output to the output channel.
[11/15/2024, 2:19:46 PM] info: Rendering scan result was finished
[11/15/2024, 2:20:33 PM] info: Start scan command handled
[11/15/2024, 2:24:03 PM] info: Scan done message handled
[11/15/2024, 2:24:03 PM] info: Scan was finished with errors. Errors will be output to the output channel.
[11/15/2024, 2:30:25 PM] info: Handled new configurationAieIntegrationServerUrl: 
[11/15/2024, 2:30:25 PM] info: Hide developer mode UI
[11/15/2024, 2:30:25 PM] info: Application inspector was stopped
