2024-11-15 08:52:26.352573 ║INFO	║ 27352	║ process file /home/amir/CTF/MCTF/2024/AD/dinoex/app
2024-11-15 08:52:26.353378 ║INFO	║ 27352	║ process file /home/amir/CTF/MCTF/2024/AD/dinoex/app/models
2024-11-15 08:52:26.353938 ║INFO	║ 27352	║ process file /home/amir/CTF/MCTF/2024/AD/dinoex/app/models/users_verified.rb
2024-11-15 08:52:26.354394 ║INFO	║ 27352	║ process file /home/amir/CTF/MCTF/2024/AD/dinoex/app/models/ticket.rb
2024-11-15 08:52:26.354913 ║INFO	║ 27352	║ process file /home/amir/CTF/MCTF/2024/AD/dinoex/app/models/user.rb
2024-11-15 08:52:26.355308 ║INFO	║ 27352	║ process file /home/amir/CTF/MCTF/2024/AD/dinoex/app/models/dino.rb
2024-11-15 08:52:26.355689 ║INFO	║ 27352	║ process file /home/amir/CTF/MCTF/2024/AD/dinoex/app/helpers
2024-11-15 08:52:26.356062 ║INFO	║ 27352	║ process file /home/amir/CTF/MCTF/2024/AD/dinoex/app/helpers/parser.rb
2024-11-15 08:52:26.356434 ║INFO	║ 27352	║ process file /home/amir/CTF/MCTF/2024/AD/dinoex/app/helpers/helper.rb
2024-11-15 08:52:26.356781 ║INFO	║ 27352	║ process file /home/amir/CTF/MCTF/2024/AD/dinoex/app/controllers
2024-11-15 08:52:26.357093 ║INFO	║ 27352	║ process file /home/amir/CTF/MCTF/2024/AD/dinoex/app/controllers/ticket_controller.rb
2024-11-15 08:52:26.357392 ║INFO	║ 27352	║ process file /home/amir/CTF/MCTF/2024/AD/dinoex/app/controllers/application_controller.rb
2024-11-15 08:52:26.357682 ║INFO	║ 27352	║ process file /home/amir/CTF/MCTF/2024/AD/dinoex/app/controllers/users_controller.rb
2024-11-15 08:52:26.357969 ║INFO	║ 27352	║ process file /home/amir/CTF/MCTF/2024/AD/dinoex/app/controllers/dino_controller.rb
2024-11-15 08:52:26.358241 ║INFO	║ 27352	║ process file /home/amir/CTF/MCTF/2024/AD/dinoex/app/views
2024-11-15 08:52:26.358623 ║INFO	║ 27352	║ process file /home/amir/CTF/MCTF/2024/AD/dinoex/app/views/partial
2024-11-15 08:52:26.358952 ║INFO	║ 27352	║ process file /home/amir/CTF/MCTF/2024/AD/dinoex/app/views/partial/dinocard.erb
2024-11-15 08:52:26.359094 ║INFO	║ 27352	║ process file /home/amir/CTF/MCTF/2024/AD/dinoex/app/views/partial/ticket.erb
2024-11-15 08:52:26.359195 ║INFO	║ 27352	║ process file /home/amir/CTF/MCTF/2024/AD/dinoex/app/views/buy.erb
2024-11-15 08:52:26.359237 ║INFO	║ 27352	║ process file /home/amir/CTF/MCTF/2024/AD/dinoex/app/views/ticket.erb
2024-11-15 08:52:26.359278 ║INFO	║ 27352	║ process file /home/amir/CTF/MCTF/2024/AD/dinoex/app/views/main.erb
2024-11-15 08:52:26.359317 ║INFO	║ 27352	║ process file /home/amir/CTF/MCTF/2024/AD/dinoex/app/views/index.erb
2024-11-15 08:52:26.359356 ║INFO	║ 27352	║ process file /home/amir/CTF/MCTF/2024/AD/dinoex/app/views/profile.erb
2024-11-15 08:52:26.359396 ║INFO	║ 27352	║ process file /home/amir/CTF/MCTF/2024/AD/dinoex/app/views/login.erb
2024-11-15 08:52:26.359434 ║INFO	║ 27352	║ process file /home/amir/CTF/MCTF/2024/AD/dinoex/app/views/reset.erb
2024-11-15 08:52:26.359473 ║INFO	║ 27352	║ process file /home/amir/CTF/MCTF/2024/AD/dinoex/app/views/dino.erb
2024-11-15 08:52:26.359513 ║INFO	║ 27352	║ process file /home/amir/CTF/MCTF/2024/AD/dinoex/app/views/dinos.erb
2024-11-15 08:52:26.359552 ║INFO	║ 27352	║ process file /home/amir/CTF/MCTF/2024/AD/dinoex/app/views/register.erb
2024-11-15 08:52:26.359590 ║INFO	║ 27352	║ process file /home/amir/CTF/MCTF/2024/AD/dinoex/app/public
2024-11-15 08:52:26.359629 ║INFO	║ 27352	║ process file /home/amir/CTF/MCTF/2024/AD/dinoex/app/public/css
2024-11-15 08:52:26.359668 ║INFO	║ 27352	║ process file /home/amir/CTF/MCTF/2024/AD/dinoex/app/public/css/floating-labels.css
2024-11-15 08:52:26.359708 ║INFO	║ 27352	║ process file /home/amir/CTF/MCTF/2024/AD/dinoex/app/public/css/cover.css
2024-11-15 08:52:26.359747 ║INFO	║ 27352	║ process file /home/amir/CTF/MCTF/2024/AD/dinoex/app/public/css/bootstrap.css
2024-11-15 08:52:26.359785 ║INFO	║ 27352	║ process file /home/amir/CTF/MCTF/2024/AD/dinoex/app/public/css/bootstrap.min.css
2024-11-15 08:52:26.359824 ║INFO	║ 27352	║ process file /home/amir/CTF/MCTF/2024/AD/dinoex/app/public/css/album.css
2024-11-15 08:52:26.359873 ║INFO	║ 27352	║ process file /home/amir/CTF/MCTF/2024/AD/dinoex/app/public/js
2024-11-15 08:52:26.359913 ║INFO	║ 27352	║ process file /home/amir/CTF/MCTF/2024/AD/dinoex/app/public/js/bootstrap.min.js
2024-11-15 08:52:26.359952 ║INFO	║ 27352	║ process file /home/amir/CTF/MCTF/2024/AD/dinoex/app/public/img
2024-11-15 08:52:26.359990 ║INFO	║ 27352	║ process file /home/amir/CTF/MCTF/2024/AD/dinoex/app/public/img/053d82662cb55b31514ac299945624fd2628da718692ae480ee0f1d4c3dff8f4
2024-11-15 08:52:26.360032 ║INFO	║ 27352	║ process file /home/amir/CTF/MCTF/2024/AD/dinoex/app/public/img/main.jpg
2024-11-15 08:52:26.360070 ║INFO	║ 27352	║ process file /home/amir/CTF/MCTF/2024/AD/dinoex/app/public/favicon.ico
2024-11-15 08:52:26.360109 ║INFO	║ 27352	║ process file /home/amir/CTF/MCTF/2024/AD/dinoex/lib
2024-11-15 08:52:26.360147 ║INFO	║ 27352	║ process file /home/amir/CTF/MCTF/2024/AD/dinoex/lib/sinatra
2024-11-15 08:52:26.360184 ║INFO	║ 27352	║ process file /home/amir/CTF/MCTF/2024/AD/dinoex/lib/sinatra/custom_param_middleware.rb
2024-11-15 08:52:26.360223 ║INFO	║ 27352	║ process file /home/amir/CTF/MCTF/2024/AD/dinoex/config
2024-11-15 08:52:26.360262 ║INFO	║ 27352	║ process file /home/amir/CTF/MCTF/2024/AD/dinoex/config/environment.rb
2024-11-15 08:52:26.360300 ║INFO	║ 27352	║ process file /home/amir/CTF/MCTF/2024/AD/dinoex/config/database.rb
2024-11-15 08:52:26.360338 ║INFO	║ 27352	║ process file /home/amir/CTF/MCTF/2024/AD/dinoex/config/database.yml
2024-11-15 08:52:26.360433 ║INFO	║ 27352	║ process file /home/amir/CTF/MCTF/2024/AD/dinoex/db
2024-11-15 08:52:26.360527 ║INFO	║ 27352	║ process file /home/amir/CTF/MCTF/2024/AD/dinoex/db/migrate
2024-11-15 08:52:26.360621 ║INFO	║ 27352	║ process file /home/amir/CTF/MCTF/2024/AD/dinoex/db/migrate/20240420230227_create_users.rb
2024-11-15 08:52:26.360710 ║INFO	║ 27352	║ process file /home/amir/CTF/MCTF/2024/AD/dinoex/db/migrate/20240420230258_create_users_verifieds.rb
2024-11-15 08:52:26.360800 ║INFO	║ 27352	║ process file /home/amir/CTF/MCTF/2024/AD/dinoex/db/migrate/20240420230354_create_tickets.rb
2024-11-15 08:52:26.360883 ║INFO	║ 27352	║ process file /home/amir/CTF/MCTF/2024/AD/dinoex/db/migrate/20240420230329_create_dinos.rb
2024-11-15 08:52:26.360970 ║INFO	║ 27352	║ process file /home/amir/CTF/MCTF/2024/AD/dinoex/db/seeds.rb
2024-11-15 08:52:26.361054 ║INFO	║ 27352	║ process file /home/amir/CTF/MCTF/2024/AD/dinoex/db/schema.rb
2024-11-15 08:52:26.361139 ║INFO	║ 27352	║ process file /home/amir/CTF/MCTF/2024/AD/dinoex/docker-compose.yaml
2024-11-15 08:52:26.361225 ║INFO	║ 27352	║ process file /home/amir/CTF/MCTF/2024/AD/dinoex/config.ru
2024-11-15 08:52:26.361311 ║INFO	║ 27352	║ process file /home/amir/CTF/MCTF/2024/AD/dinoex/Gemfile.lock
2024-11-15 08:52:26.361392 ║INFO	║ 27352	║ process file /home/amir/CTF/MCTF/2024/AD/dinoex/Dockerfile
2024-11-15 08:52:26.361472 ║INFO	║ 27352	║ process file /home/amir/CTF/MCTF/2024/AD/dinoex/Rakefile
2024-11-15 08:52:26.361567 ║INFO	║ 27352	║ process file /home/amir/CTF/MCTF/2024/AD/dinoex/docker-entrypoint.sh
2024-11-15 08:52:26.361681 ║INFO	║ 27352	║ process file /home/amir/CTF/MCTF/2024/AD/dinoex/Gemfile
2024-11-15 08:52:26.361772 ║INFO	║ 27352	║ process file /home/amir/CTF/MCTF/2024/AD/dinoex
2024-11-15 08:54:06.800332 ║INFO	║ 27352	║ Finalize
2024-11-15 08:54:06.800663 ║INFO	║ 27352	║ Finalize done
