#Thread(1) 2024-11-15 8:52:03.638: INFO: Platform: x64, framework: .NETCoreApp,Version=v5.0
#Thread(1) 2024-11-15 8:52:03.645: INFO: Core version 1.5.0.0, started with command line: /home/amir/application-inspector-analyzer/utils/jsa/JSA.dll --connection-type Socket -p 32899 --disable-memory-limit false --free-memory-percent-limit 14 --logs-dir /home/amir/CTF/MCTF/2024/AD/dinoex/.ai/Logs/Infrastructure/2024-11-15-08-51-50/JavaScript
#Thread(10) 2024-11-15 8:52:06.376: INFO: Selected language provider: JSA.JavaScriptProvider v1.5.10.0
#Thread(11) 2024-11-15 8:52:06.779: ERROR: /home/amir/CTF/MCTF/2024/AD/dinoex has no /home/amir/CTF/MCTF/2024/AD/dinoex/package.json to restore JS packages.
#Thread(10) 2024-11-15 8:52:26.458: INFO: Initializing custom knowledge base.
#Thread(10) 2024-11-15 8:52:26.460: INFO: Loading custom knowledge base from folder /home/amir/application-inspector-analyzer/utils/jsa/Scripts.
#Thread(10) 2024-11-15 8:52:26.476: INFO: Custom knowledge base initialized.
#Thread(18) 2024-11-15 8:52:26.575: ERROR: Not supported in instruction table: ProfiledIsIn
#Thread(16) 2024-11-15 8:52:26.576: ERROR: Not supported in instruction table: ProfiledIsIn
#Thread(16) 2024-11-15 8:52:26.615: ERROR: Not supported in instruction table: ProfiledIsIn
#Thread(18) 2024-11-15 8:52:26.625: ERROR: Not supported in instruction table: ProfiledIsIn
#Thread(16) 2024-11-15 8:52:26.692: ERROR: Not supported in instruction table: ProfiledIsIn
#Thread(18) 2024-11-15 8:52:26.694: ERROR: Not supported in instruction table: ProfiledIsIn
#Thread(16) 2024-11-15 8:52:26.795: ERROR: Not supported in instruction table: ProfiledIsIn
#Thread(18) 2024-11-15 8:52:26.795: ERROR: Not supported in instruction table: ProfiledIsIn
#Thread(18) 2024-11-15 8:52:28.905: ERROR: Not supported in instruction table: ProfiledIsIn
#Thread(16) 2024-11-15 8:52:29.010: ERROR: Not supported in instruction table: ProfiledIsIn
#Thread(18) 2024-11-15 8:52:29.350: ERROR: Not supported in instruction table: ProfiledIsIn
#Thread(16) 2024-11-15 8:52:29.354: ERROR: Not supported in instruction table: ProfiledIsIn
#Thread(18) 2024-11-15 8:52:30.981: ERROR: Not supported in instruction table: ProfiledIsIn
#Thread(16) 2024-11-15 8:52:30.983: ERROR: Not supported in instruction table: ProfiledIsIn
#Thread(18) 2024-11-15 8:52:31.200: ERROR: Not supported in instruction table: ProfiledIsIn
#Thread(18) 2024-11-15 8:52:31.292: ERROR: Not supported in instruction table: ProfiledIsIn
#Thread(16) 2024-11-15 8:52:31.295: ERROR: Not supported in instruction table: ProfiledIsIn
#Thread(16) 2024-11-15 8:52:31.301: ERROR: Not supported in instruction table: ProfiledIsIn
#Thread(18) 2024-11-15 8:52:31.403: ERROR: Not supported in instruction table: ProfiledIsIn
#Thread(18) 2024-11-15 8:52:31.409: ERROR: Not supported in instruction table: ProfiledIsIn
#Thread(18) 2024-11-15 8:52:31.416: ERROR: Not supported in instruction table: ProfiledIsIn
#Thread(16) 2024-11-15 8:52:31.416: ERROR: Not supported in instruction table: ProfiledIsIn
#Thread(18) 2024-11-15 8:52:31.510: ERROR: Not supported in instruction table: ProfiledIsIn
#Thread(16) 2024-11-15 8:52:31.512: ERROR: Not supported in instruction table: ProfiledIsIn
#Thread(16) 2024-11-15 8:52:31.521: ERROR: Not supported in instruction table: ProfiledIsIn
#Thread(18) 2024-11-15 8:52:31.726: ERROR: Not supported in instruction table: ProfiledIsIn
#Thread(16) 2024-11-15 8:52:31.726: ERROR: Not supported in instruction table: ProfiledIsIn
#Thread(18) 2024-11-15 8:52:31.730: ERROR: Not supported in instruction table: ProfiledIsIn
#Thread(18) 2024-11-15 8:52:31.738: ERROR: Not supported in instruction table: ProfiledIsIn
#Thread(18) 2024-11-15 8:52:31.743: ERROR: Not supported in instruction table: ProfiledIsIn
#Thread(16) 2024-11-15 8:52:31.743: ERROR: Not supported in instruction table: ProfiledIsIn
#Thread(18) 2024-11-15 8:52:31.747: ERROR: Not supported in instruction table: ProfiledIsIn
#Thread(16) 2024-11-15 8:52:31.748: ERROR: Not supported in instruction table: ProfiledIsIn
#Thread(16) 2024-11-15 8:52:31.845: ERROR: Not supported in instruction table: ProfiledIsIn
#Thread(16) 2024-11-15 8:52:31.850: ERROR: Not supported in instruction table: ProfiledIsIn
#Thread(16) 2024-11-15 8:52:31.855: ERROR: Not supported in instruction table: ProfiledIsIn
#Thread(18) 2024-11-15 8:52:40.141: ERROR: Not supported in instruction table: ProfiledIsIn
#Thread(18) 2024-11-15 8:52:40.143: ERROR: Not supported in instruction table: ProfiledIsIn
#Thread(18) 2024-11-15 8:52:40.145: ERROR: Not supported in instruction table: ProfiledIsIn
#Thread(16) 2024-11-15 8:52:40.478: ERROR: Not supported in instruction table: ProfiledIsIn
#Thread(16) 2024-11-15 8:52:40.482: ERROR: Not supported in instruction table: ProfiledIsIn
#Thread(16) 2024-11-15 8:52:40.484: ERROR: Not supported in instruction table: ProfiledIsIn
#Thread(18) 2024-11-15 8:52:41.667: ERROR: Not supported in instruction table: ProfiledIsIn
#Thread(18) 2024-11-15 8:52:42.002: ERROR: Not supported in instruction table: ProfiledIsIn
#Thread(16) 2024-11-15 8:52:42.111: ERROR: Not supported in instruction table: ProfiledIsIn
#Thread(18) 2024-11-15 8:52:42.112: ERROR: Not supported in instruction table: ProfiledIsIn
#Thread(18) 2024-11-15 8:52:42.226: ERROR: Not supported in instruction table: ProfiledIsIn
#Thread(16) 2024-11-15 8:52:42.326: ERROR: Not supported in instruction table: ProfiledIsIn
#Thread(16) 2024-11-15 8:52:42.436: ERROR: Not supported in instruction table: ProfiledIsIn
#Thread(16) 2024-11-15 8:52:42.552: ERROR: Not supported in instruction table: ProfiledIsIn
#Thread(18) 2024-11-15 8:52:42.878: ERROR: Not supported in instruction table: ProfiledIsIn
#Thread(16) 2024-11-15 8:52:43.411: ERROR: Not supported in instruction table: ProfiledIsIn
#Thread(18) 2024-11-15 8:52:44.626: ERROR: Not supported in instruction table: ProfiledIsIn
#Thread(18) 2024-11-15 8:52:45.066: ERROR: Not supported in instruction table: ProfiledIsIn
#Thread(16) 2024-11-15 8:52:46.149: ERROR: Not supported in instruction table: ProfiledIsIn
#Thread(18) 2024-11-15 8:52:46.802: ERROR: Not supported in instruction table: ProfiledIsIn
#Thread(16) 2024-11-15 8:52:46.807: ERROR: Not supported in instruction table: ProfiledIsIn
#Thread(18) 2024-11-15 8:52:47.026: ERROR: Not supported in instruction table: ProfiledIsIn
#Thread(18) 2024-11-15 8:52:47.034: ERROR: Not supported in instruction table: ProfiledIsIn
#Thread(18) 2024-11-15 8:52:47.356: ERROR: Not supported in instruction table: ProfiledIsIn
#Thread(18) 2024-11-15 8:52:47.363: ERROR: Not supported in instruction table: ProfiledIsIn
#Thread(18) 2024-11-15 8:52:47.463: ERROR: Not supported in instruction table: ProfiledIsIn
#Thread(18) 2024-11-15 8:52:47.470: ERROR: Not supported in instruction table: ProfiledIsIn
#Thread(18) 2024-11-15 8:52:47.584: ERROR: Not supported in instruction table: ProfiledIsIn
#Thread(18) 2024-11-15 8:52:47.673: ERROR: Not supported in instruction table: ProfiledIsIn
#Thread(18) 2024-11-15 8:52:47.685: ERROR: Not supported in instruction table: ProfiledIsIn
#Thread(18) 2024-11-15 8:52:47.784: ERROR: Not supported in instruction table: ProfiledIsIn
#Thread(18) 2024-11-15 8:52:47.794: ERROR: Not supported in instruction table: ProfiledIsIn
#Thread(16) 2024-11-15 8:52:47.896: ERROR: Not supported in instruction table: ProfiledIsIn
#Thread(16) 2024-11-15 8:52:48.331: ERROR: Not supported in instruction table: ProfiledIsIn
#Thread(16) 2024-11-15 8:52:48.340: ERROR: Not supported in instruction table: ProfiledIsIn
#Thread(16) 2024-11-15 8:52:48.548: ERROR: Not supported in instruction table: ProfiledIsIn
#Thread(16) 2024-11-15 8:52:48.555: ERROR: Not supported in instruction table: ProfiledIsIn
#Thread(16) 2024-11-15 8:52:48.662: ERROR: Not supported in instruction table: ProfiledIsIn
#Thread(16) 2024-11-15 8:52:48.669: ERROR: Not supported in instruction table: ProfiledIsIn
#Thread(16) 2024-11-15 8:52:48.870: ERROR: Not supported in instruction table: ProfiledIsIn
#Thread(16) 2024-11-15 8:52:48.876: ERROR: Not supported in instruction table: ProfiledIsIn
#Thread(16) 2024-11-15 8:52:48.888: ERROR: Not supported in instruction table: ProfiledIsIn
#Thread(16) 2024-11-15 8:52:48.982: ERROR: Not supported in instruction table: ProfiledIsIn
#Thread(16) 2024-11-15 8:52:48.990: ERROR: Not supported in instruction table: ProfiledIsIn
#Thread(18) 2024-11-15 8:52:59.488: ERROR: Not supported in instruction table: ProfiledIsIn
#Thread(18) 2024-11-15 8:52:59.491: ERROR: Not supported in instruction table: ProfiledIsIn
#Thread(18) 2024-11-15 8:52:59.493: ERROR: Not supported in instruction table: ProfiledIsIn
#Thread(18) 2024-11-15 8:53:01.457: ERROR: Not supported in instruction table: ProfiledIsIn
#Thread(18) 2024-11-15 8:53:01.683: ERROR: Not supported in instruction table: ProfiledIsIn
#Thread(18) 2024-11-15 8:53:01.796: ERROR: Not supported in instruction table: ProfiledIsIn
#Thread(18) 2024-11-15 8:53:02.005: ERROR: Not supported in instruction table: ProfiledIsIn
#Thread(18) 2024-11-15 8:53:03.111: ERROR: Not supported in instruction table: ProfiledIsIn
#Thread(18) 2024-11-15 8:53:06.278: ERROR: Not supported in instruction table: ProfiledIsIn
#Thread(18) 2024-11-15 8:53:06.942: ERROR: Not supported in instruction table: ProfiledIsIn
#Thread(18) 2024-11-15 8:53:08.143: ERROR: Not supported in instruction table: ProfiledIsIn
#Thread(18) 2024-11-15 8:53:08.370: ERROR: Not supported in instruction table: ProfiledIsIn
#Thread(18) 2024-11-15 8:53:08.469: ERROR: Not supported in instruction table: ProfiledIsIn
#Thread(18) 2024-11-15 8:53:08.586: ERROR: Not supported in instruction table: ProfiledIsIn
#Thread(18) 2024-11-15 8:53:08.684: ERROR: Not supported in instruction table: ProfiledIsIn
#Thread(18) 2024-11-15 8:53:08.699: ERROR: Not supported in instruction table: ProfiledIsIn
#Thread(18) 2024-11-15 8:53:08.803: ERROR: Not supported in instruction table: ProfiledIsIn
#Thread(18) 2024-11-15 8:53:09.015: ERROR: Not supported in instruction table: ProfiledIsIn
#Thread(18) 2024-11-15 8:53:09.023: ERROR: Not supported in instruction table: ProfiledIsIn
#Thread(18) 2024-11-15 8:53:09.446: ERROR: Not supported in instruction table: ProfiledIsIn
#Thread(18) 2024-11-15 8:53:09.554: ERROR: Not supported in instruction table: ProfiledIsIn
#Thread(18) 2024-11-15 8:53:09.568: ERROR: Not supported in instruction table: ProfiledIsIn
#Thread(16) 2024-11-15 8:53:14.477: ERROR: Not supported in instruction table: ProfiledIsIn
#Thread(16) 2024-11-15 8:53:14.480: ERROR: Not supported in instruction table: ProfiledIsIn
#Thread(16) 2024-11-15 8:53:14.693: ERROR: Not supported in instruction table: ProfiledIsIn
#Thread(16) 2024-11-15 8:53:16.666: ERROR: Not supported in instruction table: ProfiledIsIn
#Thread(16) 2024-11-15 8:53:17.111: ERROR: Not supported in instruction table: ProfiledIsIn
#Thread(16) 2024-11-15 8:53:17.230: ERROR: Not supported in instruction table: ProfiledIsIn
#Thread(16) 2024-11-15 8:53:17.553: ERROR: Not supported in instruction table: ProfiledIsIn
#Thread(16) 2024-11-15 8:53:18.767: ERROR: Not supported in instruction table: ProfiledIsIn
#Thread(16) 2024-11-15 8:53:22.249: ERROR: Not supported in instruction table: ProfiledIsIn
#Thread(16) 2024-11-15 8:53:23.216: ERROR: Not supported in instruction table: ProfiledIsIn
#Thread(16) 2024-11-15 8:53:25.200: ERROR: Not supported in instruction table: ProfiledIsIn
#Thread(16) 2024-11-15 8:53:25.847: ERROR: Not supported in instruction table: ProfiledIsIn
#Thread(16) 2024-11-15 8:53:25.941: ERROR: Not supported in instruction table: ProfiledIsIn
#Thread(16) 2024-11-15 8:53:26.059: ERROR: Not supported in instruction table: ProfiledIsIn
#Thread(16) 2024-11-15 8:53:26.068: ERROR: Not supported in instruction table: ProfiledIsIn
#Thread(16) 2024-11-15 8:53:26.167: ERROR: Not supported in instruction table: ProfiledIsIn
#Thread(16) 2024-11-15 8:53:26.176: ERROR: Not supported in instruction table: ProfiledIsIn
#Thread(16) 2024-11-15 8:53:26.389: ERROR: Not supported in instruction table: ProfiledIsIn
#Thread(16) 2024-11-15 8:53:26.396: ERROR: Not supported in instruction table: ProfiledIsIn
#Thread(16) 2024-11-15 8:53:26.496: ERROR: Not supported in instruction table: ProfiledIsIn
#Thread(16) 2024-11-15 8:53:26.503: ERROR: Not supported in instruction table: ProfiledIsIn
#Thread(16) 2024-11-15 8:53:26.604: ERROR: Not supported in instruction table: ProfiledIsIn
#Thread(18) 2024-11-15 8:53:36.434: ERROR: Not supported in instruction table: ProfiledIsIn
#Thread(18) 2024-11-15 8:53:36.436: ERROR: Not supported in instruction table: ProfiledIsIn
#Thread(18) 2024-11-15 8:53:36.438: ERROR: Not supported in instruction table: ProfiledIsIn
#Thread(18) 2024-11-15 8:53:38.084: ERROR: Not supported in instruction table: ProfiledIsIn
#Thread(16) 2024-11-15 8:54:02.403: ERROR: Not supported in instruction table: ProfiledIsIn
#Thread(16) 2024-11-15 8:54:02.405: ERROR: Not supported in instruction table: ProfiledIsIn
#Thread(16) 2024-11-15 8:54:02.479: ERROR: Not supported in instruction table: ProfiledIsIn
#Thread(16) 2024-11-15 8:54:03.282: ERROR: Not supported in instruction table: ProfiledIsIn
#Thread(13) 2024-11-15 8:54:06.905: INFO: Scan successfully finished!
