ERROR ParsingException in "/home/amir/CTF/MCTF/2024/AD/easy_forms/src/bootstrap/app.php": no viable alternative at input 'Application::configure(basePath:' at [9,39..40).
ERROR ParsingException in "/home/amir/CTF/MCTF/2024/AD/easy_forms/src/bootstrap/app.php": mismatched input ')' expecting ';' at [9,57..58).
ERROR ParsingException in "/home/amir/CTF/MCTF/2024/AD/easy_forms/src/bootstrap/app.php": mismatched input ',' expecting ';' at [11,51..52).
ERROR ParsingException in "/home/amir/CTF/MCTF/2024/AD/easy_forms/src/bootstrap/app.php": mismatched input ',' expecting ';' at [12,42..43).
ERROR ParsingException in "/home/amir/CTF/MCTF/2024/AD/easy_forms/src/bootstrap/app.php": mismatched input ',' expecting ';' at [13,26..27).
ERROR ParsingException in "/home/amir/CTF/MCTF/2024/AD/easy_forms/src/app/Exceptions/ModelLimitException.php": no viable alternative at input 'parent::__construct(\n            422, \n            sprintf("The maximum limit for a %s entity is %d.", class_basename($this->modelClass), $this->limit), \n            $previous, \n            code:' at [21,17..18).
ERROR ParsingException in "/home/amir/CTF/MCTF/2024/AD/easy_forms/src/public/index.php": mismatched input '->' expecting ';' at [17,5..7).
ERROR ParsingException in "/home/amir/CTF/MCTF/2024/AD/easy_forms/src/app/Exceptions/ModelLimitException.php": mismatched input ',' expecting ';' at [18,16..17).
ERROR ParsingException in "/home/amir/CTF/MCTF/2024/AD/easy_forms/src/app/Exceptions/ModelLimitException.php": mismatched input ',' expecting ';' at [19,113..114).
ERROR ParsingException in "/home/amir/CTF/MCTF/2024/AD/easy_forms/src/app/Exceptions/ModelLimitException.php": mismatched input ',' expecting ';' at [20,22..23).
ERROR ParsingException in "/home/amir/CTF/MCTF/2024/AD/easy_forms/src/app/Exceptions/ModelLimitException.php": extraneous input ')' expecting ';' at [22,9..10).
ERROR ConversionException in "/home/amir/CTF/MCTF/2024/AD/easy_forms/src/app/Exceptions/ModelLimitException.php": Object reference not set to an instance of an object. at position 1:1 in source file.
ERROR ConversionException in "/home/amir/CTF/MCTF/2024/AD/easy_forms/src/app/Exceptions/ModelNotFoundExceptionDecorator.php": Unable to cast object of type 'PT.PM.Common.Nodes.Punctuator' to type 'PT.PM.Common.Nodes.Expressions.Expression'. at position 11:38 in source file.
ERROR ConversionException in "/home/amir/CTF/MCTF/2024/AD/easy_forms/src/app/Exceptions/ModelNotFoundExceptionDecorator.php": Object reference not set to an instance of an object. at position 11:38 in source file.
ERROR ParsingException in "/home/amir/CTF/MCTF/2024/AD/easy_forms/src/app/Enums/FormInputTypes.php": no viable alternative at input 'enum FormInputTypes' at [5,6..20).
ERROR ParsingException in "/home/amir/CTF/MCTF/2024/AD/easy_forms/src/app/Enums/FormInputTypes.php": no viable alternative at input 'string\n{' at [6,1..2).
ERROR ParsingException in "/home/amir/CTF/MCTF/2024/AD/easy_forms/src/app/Enums/FormInputTypes.php": missing '}' at 'case' at [7,5..9).
ERROR ParsingException in "/home/amir/CTF/MCTF/2024/AD/easy_forms/src/app/Enums/FormInputTypes.php": no viable alternative at input 'case Radio' at [8,10..15).
ERROR ParsingException in "/home/amir/CTF/MCTF/2024/AD/easy_forms/src/app/Enums/FormInputTypes.php": no viable alternative at input 'case Checkbox' at [9,10..18).
ERROR ParsingException in "/home/amir/CTF/MCTF/2024/AD/easy_forms/src/app/Enums/FormInputTypes.php": no viable alternative at input 'case TextArea' at [10,10..18).
ERROR ParsingException in "/home/amir/CTF/MCTF/2024/AD/easy_forms/src/app/Enums/FormInputTypes.php": extraneous input '}' expecting {<EOF>, HtmlText, '<?xml', HtmlScriptOpen, HtmlStyleOpen, HtmlDtd, HtmlOpen, HtmlClose, '/>', HtmlSlash, HtmlEquals, HtmlStartQuoteString, HtmlStartDoubleQuoteString, HtmlHex, HtmlDecimal, HtmlName, HtmlEndQuoteString, HtmlQuoteString, HtmlEndDoubleQuoteString, HtmlDoubleQuoteString, ScriptText, HtmlScriptClose, StyleBody, 'abstract', 'array', 'as', 'binary', BoolType, ... '__set', '__call', '__callstatic', '__construct', '__destruct', '__wakeup', '__sleep', '__autoload', '__isset', '__unset', '__tostring', '__invoke', '__set_state', '__clone', '__debuginfo', '__namespace__', '__class__', '__trait__', '__function__', '__method__', '__line__', '__file__', '__dir__', '++', '--', '\', '!', '+', '-', '~', '@', Dollar, '(', '[', OpenCurlyBracket, ';', VarName, Label, Octal, Decimal, Real, Hex, Binary, BackQuoteString, SingleQuoteString, DoubleQuote, StartNowDoc, StartHereDoc} at [11,1..2).
ERROR ParsingException in "/home/amir/CTF/MCTF/2024/AD/easy_forms/src/app/Mail/IntegrationMail.php": no viable alternative at input 'htmlString:' at [33,23..24).
ERROR ParsingException in "/home/amir/CTF/MCTF/2024/AD/easy_forms/src/app/Mail/IntegrationMail.php": no viable alternative at input '' at [40,2).
ERROR ConversionException in "/home/amir/CTF/MCTF/2024/AD/easy_forms/src/app/Mail/IntegrationMail.php": Object reference not set to an instance of an object. at position 1:1 in source file.
ERROR ConversionException in "/home/amir/CTF/MCTF/2024/AD/easy_forms/src/app/Models/FormIntegration.php": Unable to cast object of type 'PT.PM.Common.Nodes.Punctuator' to type 'PT.PM.Common.Nodes.Expressions.Expression'. at position 11:15 in source file.
ERROR ConversionException in "/home/amir/CTF/MCTF/2024/AD/easy_forms/src/app/Models/FormResult.php": Unable to cast object of type 'PT.PM.Common.Nodes.Punctuator' to type 'PT.PM.Common.Nodes.Expressions.Expression'. at position 10:15 in source file.
ERROR ConversionException in "/home/amir/CTF/MCTF/2024/AD/easy_forms/src/app/Rules/FormIntegrationType.php": Unable to cast object of type 'PT.PM.Common.Nodes.Punctuator' to type 'PT.PM.Common.Nodes.Expressions.Expression'. at position 11:19 in source file.
ERROR ConversionException in "/home/amir/CTF/MCTF/2024/AD/easy_forms/src/app/Providers/AppServiceProvider.php": Unable to cast object of type 'PT.PM.Common.Nodes.Punctuator' to type 'PT.PM.Common.Nodes.Expressions.Expression'. at position 26:92 in source file.
ERROR ConversionException in "/home/amir/CTF/MCTF/2024/AD/easy_forms/src/app/Providers/AppServiceProvider.php": Object reference not set to an instance of an object. at position 26:86 in source file.
ERROR ParsingException in "/home/amir/CTF/MCTF/2024/AD/easy_forms/src/app/FormIntegrations/ApiHttpIntegration.php": no viable alternative at input 'elseif (!empty($keyValueArr[$name])) {\n                $keyValueArr[$name] = [...' at [84,40..43).
ERROR ParsingException in "/home/amir/CTF/MCTF/2024/AD/easy_forms/src/app/FormIntegrations/ApiHttpIntegration.php": missing ';' at '{' at [83,52..53).
ERROR ParsingException in "/home/amir/CTF/MCTF/2024/AD/easy_forms/src/app/FormIntegrations/ApiHttpIntegration.php": no viable alternative at input '[...' at [84,40..43).
ERROR ParsingException in "/home/amir/CTF/MCTF/2024/AD/easy_forms/src/app/FormIntegrations/ApiHttpIntegration.php": mismatched input ',' expecting ';' at [84,69..70).
ERROR ParsingException in "/home/amir/CTF/MCTF/2024/AD/easy_forms/src/app/FormIntegrations/ApiHttpIntegration.php": extraneous input ']' expecting ';' at [84,77..78).
ERROR ParsingException in "/home/amir/CTF/MCTF/2024/AD/easy_forms/src/app/FormIntegrations/ApiHttpIntegration.php": missing '}' at 'else' at [85,15..19).
ERROR ParsingException in "/home/amir/CTF/MCTF/2024/AD/easy_forms/src/app/FormIntegrations/ApiHttpIntegration.php": extraneous input '}' expecting {<EOF>, HtmlText, '<?xml', HtmlScriptOpen, HtmlStyleOpen, HtmlDtd, HtmlOpen, HtmlClose, '/>', HtmlSlash, HtmlEquals, HtmlStartQuoteString, HtmlStartDoubleQuoteString, HtmlHex, HtmlDecimal, HtmlName, HtmlEndQuoteString, HtmlQuoteString, HtmlEndDoubleQuoteString, HtmlDoubleQuoteString, ScriptText, HtmlScriptClose, StyleBody, 'abstract', 'array', 'as', 'binary', ... '__call', '__callstatic', '__construct', '__destruct', '__wakeup', '__sleep', '__autoload', '__isset', '__unset', '__tostring', '__invoke', '__set_state', '__clone', '__debuginfo', '__namespace__', '__class__', '__trait__', '__function__', '__method__', '__line__', '__file__', '__dir__', '++', '--', '\', '!', '+', '-', '~', '@', Dollar, '(', '[', OpenCurlyBracket, ';', VarName, Label, Octal, Decimal, Real, Hex, Binary, BackQuoteString, SingleQuoteString, DoubleQuote, StartNowDoc, StartHereDoc} at [88,9..10).
ERROR ParsingException in "/home/amir/CTF/MCTF/2024/AD/easy_forms/src/app/FormIntegrations/ApiHttpIntegration.php": extraneous input '}' expecting {<EOF>, HtmlText, '<?xml', HtmlScriptOpen, HtmlStyleOpen, HtmlDtd, HtmlOpen, HtmlClose, '/>', HtmlSlash, HtmlEquals, HtmlStartQuoteString, HtmlStartDoubleQuoteString, HtmlHex, HtmlDecimal, HtmlName, HtmlEndQuoteString, HtmlQuoteString, HtmlEndDoubleQuoteString, HtmlDoubleQuoteString, ScriptText, HtmlScriptClose, StyleBody, 'abstract', 'array', 'as', 'binary', ... '__call', '__callstatic', '__construct', '__destruct', '__wakeup', '__sleep', '__autoload', '__isset', '__unset', '__tostring', '__invoke', '__set_state', '__clone', '__debuginfo', '__namespace__', '__class__', '__trait__', '__function__', '__method__', '__line__', '__file__', '__dir__', '++', '--', '\', '!', '+', '-', '~', '@', Dollar, '(', '[', OpenCurlyBracket, ';', VarName, Label, Octal, Decimal, Real, Hex, Binary, BackQuoteString, SingleQuoteString, DoubleQuote, StartNowDoc, StartHereDoc} at [90,5..6).
ERROR ParsingException in "/home/amir/CTF/MCTF/2024/AD/easy_forms/src/app/FormIntegrations/ApiHttpIntegration.php": extraneous input '}' expecting {<EOF>, HtmlText, '<?xml', HtmlScriptOpen, HtmlStyleOpen, HtmlDtd, HtmlOpen, HtmlClose, '/>', HtmlSlash, HtmlEquals, HtmlStartQuoteString, HtmlStartDoubleQuoteString, HtmlHex, HtmlDecimal, HtmlName, HtmlEndQuoteString, HtmlQuoteString, HtmlEndDoubleQuoteString, HtmlDoubleQuoteString, ScriptText, HtmlScriptClose, StyleBody, 'abstract', 'array', 'as', 'binary', ... '__call', '__callstatic', '__construct', '__destruct', '__wakeup', '__sleep', '__autoload', '__isset', '__unset', '__tostring', '__invoke', '__set_state', '__clone', '__debuginfo', '__namespace__', '__class__', '__trait__', '__function__', '__method__', '__line__', '__file__', '__dir__', '++', '--', '\', '!', '+', '-', '~', '@', Dollar, '(', '[', OpenCurlyBracket, ';', VarName, Label, Octal, Decimal, Real, Hex, Binary, BackQuoteString, SingleQuoteString, DoubleQuote, StartNowDoc, StartHereDoc} at [101,1..2).
ERROR ConversionException in "/home/amir/CTF/MCTF/2024/AD/easy_forms/src/app/FormIntegrations/ApiHttpIntegration.php": Object reference not set to an instance of an object. at position 1:1 in source file.
ERROR ConversionException in "/home/amir/CTF/MCTF/2024/AD/easy_forms/src/app/FormIntegrations/ApiHttpIntegration.php": Object reference not set to an instance of an object. at position 1:1 in source file.
ERROR ConversionException in "/home/amir/CTF/MCTF/2024/AD/easy_forms/src/app/FormIntegrations/ApiHttpIntegration.php": Object reference not set to an instance of an object. at position 84:39 in source file.

AI.Taint.CLangs version:       not found or not supported
AI.Taint version:              2.2.3.0 (03/19/2024 10:51:00)
OS:                            Unix 6.11.2.64
Config:                        RELEASE no debugger, no obfuscation
Peak virtual/working set:      4172.01171875 / 247.80859375 MB, 64-bit

Scan path or file:             /home/amir/CTF/MCTF/2024/AD/easy_forms
Thread count:                  4
Finish date:                   11/18/2024 15:55:56
Matches count:                 5 (5 PM + 0 Taint; 0 suppressed)
Files count:                   55
Lines/chars count:             1610 / 41429
Patterns count:                872 (218 PM + 654 Taint)
File time ratio:               00.16%
Tokens time ratio:             00.12%
ParseTree time ratio:          76.72%
Ust time ratio:                04.21%
Match time ratio:              15.45%
Pattern time ratio:            03.34%

Time elapsed:                  00:11.987
