ERROR ParsingException in "/home/amir/CTF/MCTF/2024/Stud/web/Gargantua/src/init.sql": mismatched input 'password' expecting ')' at [1,53..61).
ERROR ParsingException in "/home/amir/CTF/MCTF/2024/Stud/web/Gargantua/src/init.sql": extraneous input ',' expecting {<EOF>, 'ALTER', 'BACKUP', 'BEGIN', 'BLOCKING_HIERARCHY', 'BREAK', 'CALLED', 'CASE', 'CLOSE', 'COALESCE', 'COMMIT', 'CONTINUE', CONVERT, 'CREATE', 'CURRENT_TIMESTAMP', 'CURRENT_USER', 'DATA_COMPRESSION', 'DBCC', 'DEALLOCATE', 'DECLARE', 'DEFAULT', 'DELETE', 'DROP', 'END', EVENTDATA, EXECUTE, 'FETCH', 'FILENAME', 'FILLFACTOR', 'FORCESEEK', 'GET', 'GOTO', 'GRANT', 'IDENTITY', 'IF', 'IIF', 'INIT', ... 'TORN_PAGE_DETECTION', 'TRANSFORM_NOISE_WORDS', 'TRIPLE_DES', 'TRIPLE_DES_3KEY', 'TRUSTWORTHY', 'TRY', 'TSQL', 'TWO_DIGIT_YEAR_CUTOFF', 'TYPE', 'TYPE_WARNING', 'UNBOUNDED', 'UNCOMMITTED', 'UNKNOWN', 'UNLIMITED', 'USING', 'VALID_XML', 'VALIDATION', 'VALUE', 'VAR', 'VARP', 'VIEW_METADATA', 'VIEWS', 'WAIT', 'WELL_FORMED_XML', 'WORK', 'WORKLOAD', 'XML', 'XMLNAMESPACES', DOUBLE_QUOTE_ID, SQUARE_BRACKET_ID, LOCAL_ID, DECIMAL, ID, STRING, BINARY, FLOAT, REAL, '$', '(', ';', '+', '-', '~'} at [1,74..75).
ERROR ParsingException in "/home/amir/CTF/MCTF/2024/Stud/web/Gargantua/src/init.sql": extraneous input ')' expecting {<EOF>, 'ALTER', 'BACKUP', 'BEGIN', 'BLOCKING_HIERARCHY', 'BREAK', 'CALLED', 'CASE', 'CLOSE', 'COALESCE', 'COMMIT', 'CONTINUE', CONVERT, 'CREATE', 'CURRENT_TIMESTAMP', 'CURRENT_USER', 'DATA_COMPRESSION', 'DBCC', 'DEALLOCATE', 'DECLARE', 'DEFAULT', 'DELETE', 'DROP', 'END', EVENTDATA, EXECUTE, 'FETCH', 'FILENAME', 'FILLFACTOR', 'FORCESEEK', 'GET', 'GOTO', 'GRANT', 'IDENTITY', 'IF', 'IIF', 'INIT', ... 'TORN_PAGE_DETECTION', 'TRANSFORM_NOISE_WORDS', 'TRIPLE_DES', 'TRIPLE_DES_3KEY', 'TRUSTWORTHY', 'TRY', 'TSQL', 'TWO_DIGIT_YEAR_CUTOFF', 'TYPE', 'TYPE_WARNING', 'UNBOUNDED', 'UNCOMMITTED', 'UNKNOWN', 'UNLIMITED', 'USING', 'VALID_XML', 'VALIDATION', 'VALUE', 'VAR', 'VARP', 'VIEW_METADATA', 'VIEWS', 'WAIT', 'WELL_FORMED_XML', 'WORK', 'WORKLOAD', 'XML', 'XMLNAMESPACES', DOUBLE_QUOTE_ID, SQUARE_BRACKET_ID, LOCAL_ID, DECIMAL, ID, STRING, BINARY, FLOAT, REAL, '$', '(', ';', '+', '-', '~'} at [1,92..93).

AI.Taint.CLangs version:       not found or not supported
AI.Taint version:              2.2.3.0 (03/19/2024 10:51:00)
OS:                            Unix 6.11.2.64
Config:                        RELEASE no debugger, no obfuscation
Peak virtual/working set:      4588.65234375 / 230.80859375 MB, 64-bit

Scan path or file:             /home/amir/CTF/MCTF/2024/Stud/web/Gargantua
Thread count:                  4
Finish date:                   11/09/2024 07:36:34
Matches count:                 4 (3 PM + 1 Taint; 0 suppressed)
Files count:                   8
Lines/chars count:             517 / 15177
Patterns count:                872 (218 PM + 654 Taint)
File time ratio:               00.22%
Language time ratio:           27.82%
Tokens time ratio:             01.52%
ParseTree time ratio:          44.78%
Ust time ratio:                04.17%
Match time ratio:              16.93%
Pattern time ratio:            04.56%

Time elapsed:                  00:09.456
