2024-11-15 14:20:37.365399 ║INFO	║ 43823	║   0.000 >> process AI3 init
2024-11-15 14:20:37.607872 ║INFO	║ 43823	║   0.242 >> Preprocessing started
2024-11-15 14:20:41.146096 ║INFO	║ 43823	║   3.781 >> Preprocessing finished
2024-11-15 14:21:01.534210 ║INFO	║ 43823	║  24.169 >> Scan started
2024-11-15 14:21:01.535444 ║INFO	║ 43823	║   0.000 >> worker.run started
2024-11-15 14:21:01.535658 ║INFO	║ 43823	║   0.000 >> worker.run started
2024-11-15 14:21:01.536051 ║INFO	║ 43823	║   0.001 >> worker.run started
2024-11-15 14:21:01.536547 ║INFO	║ 43823	║   0.002 >> process file /home/amir/CTF/MCTF/2024/AD/easy_forms/static/_nuxt/fonts/materialdesignicons-webfont.2146c3c.eot
2024-11-15 14:21:01.536589 ║INFO	║ 43823	║   0.002 >> process file /home/amir/CTF/MCTF/2024/AD/easy_forms/static/_nuxt/fonts/materialdesignicons-webfont.1fcc362.ttf
2024-11-15 14:21:01.537034 ║INFO	║ 43823	║   0.002 >> process file /home/amir/CTF/MCTF/2024/AD/easy_forms/static/_nuxt/fonts/materialdesignicons-webfont.ec024da.woff2
2024-11-15 14:21:01.611781 ║INFO	║ 43823	║   0.077 >> process file /home/amir/CTF/MCTF/2024/AD/easy_forms/static/_nuxt/fonts/materialdesignicons-webfont.e55a20c.woff
2024-11-15 14:21:07.136292 ║INFO	║ 43823	║   5.601 >> process file /home/amir/CTF/MCTF/2024/AD/easy_forms/src/app/Exceptions/ModelLimitException.php
2024-11-15 14:21:07.136333 ║INFO	║ 43823	║   5.601 >> process file /home/amir/CTF/MCTF/2024/AD/easy_forms/src/app/Exceptions/ModelNotFoundExceptionDecorator.php
2024-11-15 14:21:07.182889 ║INFO	║ 43823	║   5.648 >> process file /home/amir/CTF/MCTF/2024/AD/easy_forms/src/app/Validators/FormIntegrationValidator.php
2024-11-15 14:21:07.187415 ║INFO	║ 43823	║   5.653 >> process file /home/amir/CTF/MCTF/2024/AD/easy_forms/src/app/Jobs/HandleFormIntegrationsJob.php
2024-11-15 14:21:13.294160 ║INFO	║ 43823	║  11.759 >> process file /home/amir/CTF/MCTF/2024/AD/easy_forms/src/app/Jobs/HandleIntegrationJob.php
2024-11-15 14:21:13.390100 ║INFO	║ 43823	║  11.855 >> process file /home/amir/CTF/MCTF/2024/AD/easy_forms/src/app/Enums/FormInputTypes.php
2024-11-15 14:21:13.396094 ║INFO	║ 43823	║  11.861 >> process file /home/amir/CTF/MCTF/2024/AD/easy_forms/src/app/Console/Commands/FormCleaner.php
2024-11-15 14:21:18.838440 ║INFO	║ 43823	║  17.304 >> process file /home/amir/CTF/MCTF/2024/AD/easy_forms/src/app/Console/Commands/CreateDebugUser.php
2024-11-15 14:21:18.875237 ║INFO	║ 43823	║  17.340 >> process file /home/amir/CTF/MCTF/2024/AD/easy_forms/src/app/FormIntegrations/MailIntegration.php
2024-11-15 14:21:18.886810 ║INFO	║ 43823	║  17.352 >> process file /home/amir/CTF/MCTF/2024/AD/easy_forms/src/app/FormIntegrations/SendIntegrationException.php
2024-11-15 14:21:24.695061 ║INFO	║ 43823	║  23.160 >> process file /home/amir/CTF/MCTF/2024/AD/easy_forms/src/app/FormIntegrations/ApiHttpIntegration.php
2024-11-15 14:21:24.743318 ║INFO	║ 43823	║  23.208 >> process file /home/amir/CTF/MCTF/2024/AD/easy_forms/src/app/FormIntegrations/IntegrationInterface.php
2024-11-15 14:21:24.756096 ║INFO	║ 43823	║  23.221 >> process file /home/amir/CTF/MCTF/2024/AD/easy_forms/src/app/Mail/IntegrationMail.php
2024-11-15 14:21:29.028528 ║INFO	║ 43823	║  27.494 >> process file /home/amir/CTF/MCTF/2024/AD/easy_forms/src/app/Http/Requests/SoUAdminFormInputRequest.php
2024-11-15 14:21:29.072791 ║INFO	║ 43823	║  27.538 >> process file /home/amir/CTF/MCTF/2024/AD/easy_forms/src/app/Http/Requests/DebugFormsRequest.php
2024-11-15 14:21:29.141776 ║INFO	║ 43823	║  27.607 >> process file /home/amir/CTF/MCTF/2024/AD/easy_forms/src/app/Http/Requests/SoUAdminFormIntegrationRequest.php
2024-11-15 14:21:34.094585 ║INFO	║ 43823	║  32.560 >> process file /home/amir/CTF/MCTF/2024/AD/easy_forms/src/app/Http/Requests/FormSubmitRequest.php
2024-11-15 14:21:34.186101 ║INFO	║ 43823	║  32.651 >> process file /home/amir/CTF/MCTF/2024/AD/easy_forms/src/app/Http/Requests/FiltredAdminFormRequest.php
2024-11-15 14:21:34.259459 ║INFO	║ 43823	║  32.725 >> process file /home/amir/CTF/MCTF/2024/AD/easy_forms/src/app/Http/Requests/RegisterRequest.php
2024-11-15 14:21:38.098600 ║INFO	║ 43823	║  36.564 >> process file /home/amir/CTF/MCTF/2024/AD/easy_forms/src/app/Http/Requests/SoUAdminFormRequest.php
2024-11-15 14:21:38.208898 ║INFO	║ 43823	║  36.674 >> process file /home/amir/CTF/MCTF/2024/AD/easy_forms/src/app/Http/Requests/LoginRequest.php
2024-11-15 14:21:38.240093 ║INFO	║ 43823	║  36.705 >> process file /home/amir/CTF/MCTF/2024/AD/easy_forms/src/app/Http/Controllers/Debug/DebugController.php
2024-11-15 14:21:42.495004 ║INFO	║ 43823	║  40.960 >> process file /home/amir/CTF/MCTF/2024/AD/easy_forms/src/app/Http/Controllers/Traits/FiltredCollectionTrait.php
2024-11-15 14:21:42.656069 ║INFO	║ 43823	║  41.121 >> process file /home/amir/CTF/MCTF/2024/AD/easy_forms/src/app/Http/Controllers/Traits/EntityLimitTrait.php
2024-11-15 14:21:42.684815 ║INFO	║ 43823	║  41.150 >> process file /home/amir/CTF/MCTF/2024/AD/easy_forms/src/app/Http/Controllers/AdminFormIntegrationController.php
2024-11-15 14:21:46.542552 ║INFO	║ 43823	║  45.008 >> process file /home/amir/CTF/MCTF/2024/AD/easy_forms/src/app/Http/Controllers/AdminFormInputController.php
2024-11-15 14:21:47.067246 ║INFO	║ 43823	║  45.532 >> process file /home/amir/CTF/MCTF/2024/AD/easy_forms/src/app/Http/Controllers/BaseAdminFormController.php
2024-11-15 14:21:49.262721 ║INFO	║ 43823	║  47.728 >> process file /home/amir/CTF/MCTF/2024/AD/easy_forms/src/app/Http/Controllers/AdminFormResultController.php
2024-11-15 14:21:49.284136 ║INFO	║ 43823	║  47.749 >> process file /home/amir/CTF/MCTF/2024/AD/easy_forms/src/app/Http/Controllers/AdminFormController.php
2024-11-15 14:21:49.462366 ║INFO	║ 43823	║  47.928 >> process file /home/amir/CTF/MCTF/2024/AD/easy_forms/src/app/Http/Controllers/FormController.php
2024-11-15 14:21:54.100657 ║INFO	║ 43823	║  52.566 >> process file /home/amir/CTF/MCTF/2024/AD/easy_forms/src/app/Http/Controllers/AuthController.php
2024-11-15 14:21:54.122869 ║INFO	║ 43823	║  52.588 >> process file /home/amir/CTF/MCTF/2024/AD/easy_forms/src/app/Models/FormInput.php
2024-11-15 14:21:58.948444 ║INFO	║ 43823	║  57.414 >> process file /home/amir/CTF/MCTF/2024/AD/easy_forms/src/app/Models/FormIntegration.php
2024-11-15 14:21:59.037976 ║INFO	║ 43823	║  57.503 >> process file /home/amir/CTF/MCTF/2024/AD/easy_forms/src/app/Models/User.php
2024-11-15 14:21:59.070401 ║INFO	║ 43823	║  57.536 >> process file /home/amir/CTF/MCTF/2024/AD/easy_forms/src/app/Models/Form.php
2024-11-15 14:22:03.431543 ║INFO	║ 43823	║  61.897 >> process file /home/amir/CTF/MCTF/2024/AD/easy_forms/src/app/Models/FormResult.php
2024-11-15 14:22:03.536757 ║INFO	║ 43823	║  62.002 >> process file /home/amir/CTF/MCTF/2024/AD/easy_forms/src/app/Rules/FormInput.php
2024-11-15 14:22:03.575146 ║INFO	║ 43823	║  62.040 >> process file /home/amir/CTF/MCTF/2024/AD/easy_forms/src/app/Rules/FormIntegrationType.php
2024-11-15 14:22:07.477779 ║INFO	║ 43823	║  65.943 >> process file /home/amir/CTF/MCTF/2024/AD/easy_forms/src/app/Rules/ExternalUrl.php
2024-11-15 14:22:07.646567 ║INFO	║ 43823	║  66.112 >> process file /home/amir/CTF/MCTF/2024/AD/easy_forms/src/app/Providers/AppServiceProvider.php
2024-11-15 14:22:07.696648 ║INFO	║ 43823	║  66.162 >> process file /home/amir/CTF/MCTF/2024/AD/easy_forms/src/routes/api.php
2024-11-15 14:22:11.516397 ║INFO	║ 43823	║  69.982 >> process file /home/amir/CTF/MCTF/2024/AD/easy_forms/src/routes/console.php
2024-11-15 14:22:14.163680 ║INFO	║ 43823	║  72.629 >> process file /home/amir/CTF/MCTF/2024/AD/easy_forms/src/config/jwt.php
2024-11-15 14:22:14.166391 ║INFO	║ 43823	║  72.632 >> process file /home/amir/CTF/MCTF/2024/AD/easy_forms/src/config/mail.php
2024-11-15 14:22:14.310286 ║INFO	║ 43823	║  72.775 >> process file /home/amir/CTF/MCTF/2024/AD/easy_forms/src/config/auth.php
2024-11-15 14:22:18.868204 ║INFO	║ 43823	║  77.333 >> process file /home/amir/CTF/MCTF/2024/AD/easy_forms/src/config/cache.php
2024-11-15 14:22:18.890377 ║INFO	║ 43823	║  77.356 >> process file /home/amir/CTF/MCTF/2024/AD/easy_forms/src/config/app.php
2024-11-15 14:22:19.057577 ║INFO	║ 43823	║  77.523 >> process file /home/amir/CTF/MCTF/2024/AD/easy_forms/src/config/form_integrations.php
2024-11-15 14:22:23.719929 ║INFO	║ 43823	║  82.185 >> process file /home/amir/CTF/MCTF/2024/AD/easy_forms/src/config/filesystems.php
2024-11-15 14:22:23.735606 ║INFO	║ 43823	║  82.201 >> process file /home/amir/CTF/MCTF/2024/AD/easy_forms/src/config/queue.php
2024-11-15 14:22:23.860825 ║INFO	║ 43823	║  82.326 >> process file /home/amir/CTF/MCTF/2024/AD/easy_forms/src/config/logging.php
2024-11-15 14:22:28.750346 ║INFO	║ 43823	║  87.216 >> process file /home/amir/CTF/MCTF/2024/AD/easy_forms/src/config/database.php
2024-11-15 14:22:28.761855 ║INFO	║ 43823	║  87.227 >> process file /home/amir/CTF/MCTF/2024/AD/easy_forms/src/bootstrap/providers.php
2024-11-15 14:22:29.029964 ║INFO	║ 43823	║  87.495 >> process file /home/amir/CTF/MCTF/2024/AD/easy_forms/src/bootstrap/app.php
2024-11-15 14:22:33.406577 ║INFO	║ 43823	║  91.872 >> process file /home/amir/CTF/MCTF/2024/AD/easy_forms/src/public/index.php
2024-11-15 14:22:33.415333 ║INFO	║ 43823	║  91.881 >> process file /home/amir/CTF/MCTF/2024/AD/easy_forms/src/artisan
2024-11-15 14:22:34.689811 ║INFO	║ 43823	║  93.043 >> worker.run finished -1
2024-11-15 14:22:38.912186 ║INFO	║ 43823	║  97.377 >> worker.run finished -3
2024-11-15 14:22:38.925657 ║INFO	║ 43823	║  97.391 >> worker.run finished -3
2024-11-15 14:22:38.927185 ║INFO	║ 43823	║ 121.562 >> Scan finished
2024-11-15 14:24:00.757184 ║INFO	║ 43823	║ 203.392 >> Finalize
2024-11-15 14:24:00.758086 ║INFO	║ 43823	║ 203.392 >> Finalize done
