Send message {Progress, MessagePack, 4 bytes}
Send message {IgnoredNodes, MessagePack, 514 bytes}
Send message {NodeScanStatus, MessagePack, 61 bytes}
Send message {NodeScanStatus, MessagePack, 62 bytes}
Send message {NodeScanStatus, MessagePack, 65 bytes}
Send message {NodeScanStatus, MessagePack, 61 bytes}
Send message {Progress, MessagePack, 4 bytes}
Send message {NodeScanStatus, MessagePack, 62 bytes}
Send message {NodeScanStatus, MessagePack, 62 bytes}
Send message {Progress, MessagePack, 4 bytes}
Send message {NodeScanStatus, MessagePack, 61 bytes}
Send message {Progress, MessagePack, 4 bytes}
Send message {NodeScanStatus, MessagePack, 63 bytes}
Send message {NodeScanStatus, MessagePack, 65 bytes}
Send message {NodeScanStatus, MessagePack, 61 bytes}
Send message {Progress, MessagePack, 4 bytes}
Send message {NodeScanStatus, MessagePack, 61 bytes}
Send message {NodeScanStatus, MessagePack, 75 bytes}
Send message {Progress, MessagePack, 4 bytes}
Send message {NodeScanStatus, MessagePack, 75 bytes}
Send message {NodeScanStatus, MessagePack, 69 bytes}
Send message {IssueDetected, MessagePack, 263 bytes}
Send message {Progress, MessagePack, 4 bytes}
Send message {Progress, MessagePack, 4 bytes}
Send message {NodeScanStatus, MessagePack, 63 bytes}
Send message {NodeScanStatus, MessagePack, 62 bytes}
Send message {NodeScanStatus, MessagePack, 63 bytes}
Send message {NodeScanStatus, MessagePack, 65 bytes}
Send message {Progress, MessagePack, 4 bytes}
Send message {NodeScanStatus, MessagePack, 61 bytes}
Send message {NodeScanStatus, MessagePack, 66 bytes}
Send message {Progress, MessagePack, 4 bytes}
Send message {NodeScanStatus, MessagePack, 63 bytes}
Send message {NodeScanStatus, MessagePack, 70 bytes}
Send message {Progress, MessagePack, 4 bytes}
Send message {Progress, MessagePack, 4 bytes}
Send message {NodeScanStatus, MessagePack, 70 bytes}
Send message {NodeScanStatus, MessagePack, 66 bytes}
Send message {Progress, MessagePack, 4 bytes}
Send message {NodeScanStatus, MessagePack, 64 bytes}
Send message {NodeScanStatus, MessagePack, 63 bytes}
Send message {NodeScanStatus, MessagePack, 69 bytes}
Send message {NodeScanStatus, MessagePack, 85 bytes}
Send message {Progress, MessagePack, 4 bytes}
Send message {NodeScanStatus, MessagePack, 65 bytes}
Send message {NodeScanStatus, MessagePack, 85 bytes}
Send message {Progress, MessagePack, 4 bytes}
Send message {NodeScanStatus, MessagePack, 63 bytes}
Send message {NodeScanStatus, MessagePack, 97 bytes}
Send message {Progress, MessagePack, 4 bytes}
Send message {Progress, MessagePack, 4 bytes}
Send message {NodeScanStatus, MessagePack, 85 bytes}
Send message {NodeScanStatus, MessagePack, 85 bytes}
Send message {NodeScanStatus, MessagePack, 90 bytes}
Send message {NodeScanStatus, MessagePack, 80 bytes}
Send message {Progress, MessagePack, 4 bytes}
Send message {NodeScanStatus, MessagePack, 97 bytes}
Send message {NodeScanStatus, MessagePack, 75 bytes}
Send message {Progress, MessagePack, 4 bytes}
Send message {Progress, MessagePack, 4 bytes}
Send message {NodeScanStatus, MessagePack, 80 bytes}
Send message {NodeScanStatus, MessagePack, 90 bytes}
Send message {NodeScanStatus, MessagePack, 96 bytes}
Send message {NodeScanStatus, MessagePack, 92 bytes}
Send message {Progress, MessagePack, 4 bytes}
Send message {Progress, MessagePack, 4 bytes}
Send message {Progress, MessagePack, 4 bytes}
Send message {NodeScanStatus, MessagePack, 75 bytes}
Send message {NodeScanStatus, MessagePack, 96 bytes}
Send message {NodeScanStatus, MessagePack, 92 bytes}
Send message {NodeScanStatus, MessagePack, 87 bytes}
Send message {NodeScanStatus, MessagePack, 90 bytes}
Send message {NodeScanStatus, MessagePack, 75 bytes}
Send message {Progress, MessagePack, 4 bytes}
Send message {NodeScanStatus, MessagePack, 64 bytes}
Send message {NodeScanStatus, MessagePack, 71 bytes}
Send message {Progress, MessagePack, 4 bytes}
Send message {Progress, MessagePack, 4 bytes}
Send message {NodeScanStatus, MessagePack, 71 bytes}
Send message {NodeScanStatus, MessagePack, 87 bytes}
Send message {NodeScanStatus, MessagePack, 77 bytes}
Send message {Progress, MessagePack, 4 bytes}
Send message {NodeScanStatus, MessagePack, 66 bytes}
Send message {NodeScanStatus, MessagePack, 75 bytes}
Send message {Progress, MessagePack, 4 bytes}
Send message {NodeScanStatus, MessagePack, 72 bytes}
Send message {NodeScanStatus, MessagePack, 77 bytes}
Send message {NodeScanStatus, MessagePack, 80 bytes}
Send message {Progress, MessagePack, 4 bytes}
Send message {NodeScanStatus, MessagePack, 72 bytes}
Send message {NodeScanStatus, MessagePack, 70 bytes}
Send message {IssueDetected, MessagePack, 267 bytes}
Send message {Progress, MessagePack, 4 bytes}
Send message {Progress, MessagePack, 4 bytes}
Send message {NodeScanStatus, MessagePack, 66 bytes}
Send message {NodeScanStatus, MessagePack, 70 bytes}
Send message {NodeScanStatus, MessagePack, 66 bytes}
Send message {NodeScanStatus, MessagePack, 83 bytes}
Send message {Progress, MessagePack, 4 bytes}
Send message {Progress, MessagePack, 4 bytes}
Send message {NodeScanStatus, MessagePack, 80 bytes}
Send message {NodeScanStatus, MessagePack, 66 bytes}
Send message {NodeScanStatus, MessagePack, 72 bytes}
Send message {NodeScanStatus, MessagePack, 86 bytes}
Send message {Progress, MessagePack, 4 bytes}
Send message {NodeScanStatus, MessagePack, 86 bytes}
Send message {NodeScanStatus, MessagePack, 99 bytes}
Send message {Progress, MessagePack, 4 bytes}
Send message {NodeScanStatus, MessagePack, 99 bytes}
Send message {NodeScanStatus, MessagePack, 86 bytes}
Send message {Progress, MessagePack, 4 bytes}
Send message {NodeScanStatus, MessagePack, 86 bytes}
Send message {NodeScanStatus, MessagePack, 92 bytes}
Send message {Progress, MessagePack, 4 bytes}
Send message {NodeScanStatus, MessagePack, 92 bytes}
Send message {NodeScanStatus, MessagePack, 84 bytes}
Send message {IssueDetected, MessagePack, 303 bytes}
Send message {Progress, MessagePack, 4 bytes}
Send message {NodeScanStatus, MessagePack, 84 bytes}
Send message {NodeScanStatus, MessagePack, 88 bytes}
Send message {Progress, MessagePack, 4 bytes}
Send message {NodeScanStatus, MessagePack, 88 bytes}
Send message {NodeScanStatus, MessagePack, 81 bytes}
Send message {IssueDetected, MessagePack, 300 bytes}
Send message {Progress, MessagePack, 4 bytes}
Send message {NodeScanStatus, MessagePack, 81 bytes}
Send message {NodeScanStatus, MessagePack, 102 bytes}
Send message {Progress, MessagePack, 4 bytes}
Send message {NodeScanStatus, MessagePack, 83 bytes}
Send message {Progress, MessagePack, 4 bytes}
Send message {Progress, MessagePack, 4 bytes}
Send message {NodeScanStatus, MessagePack, 83 bytes}
Send message {NodeScanStatus, MessagePack, 72 bytes}
Send message {NodeScanStatus, MessagePack, 102 bytes}
Send message {NodeScanStatus, MessagePack, 96 bytes}
Send message {NodeScanStatus, MessagePack, 86 bytes}
Send message {Progress, MessagePack, 4 bytes}
Send message {NodeScanStatus, MessagePack, 96 bytes}
Send message {NodeScanStatus, MessagePack, 95 bytes}
Send message {Progress, MessagePack, 4 bytes}
Send message {NodeScanStatus, MessagePack, 83 bytes}
Send message {NodeScanStatus, MessagePack, 87 bytes}
Send message {Progress, MessagePack, 4 bytes}
Send message {NodeScanStatus, MessagePack, 87 bytes}
Send message {NodeScanStatus, MessagePack, 93 bytes}
Send message {Progress, MessagePack, 4 bytes}
Send message {Progress, MessagePack, 4 bytes}
Send message {NodeScanStatus, MessagePack, 95 bytes}
Send message {NodeScanStatus, MessagePack, 86 bytes}
Send message {NodeScanStatus, MessagePack, 97 bytes}
Send message {NodeScanStatus, MessagePack, 86 bytes}
Send message {Progress, MessagePack, 4 bytes}
Send message {Progress, MessagePack, 4 bytes}
Send message {NodeScanStatus, MessagePack, 93 bytes}
Send message {NodeScanStatus, MessagePack, 97 bytes}
Send message {NodeScanStatus, MessagePack, 95 bytes}
Send message {NodeScanStatus, MessagePack, 91 bytes}
Send message {Progress, MessagePack, 4 bytes}
Send message {NodeScanStatus, MessagePack, 91 bytes}
Send message {Progress, MessagePack, 4 bytes}
Send message {NodeScanStatus, MessagePack, 95 bytes}
Send message {IssueDetected, MessagePack, 289 bytes}
Send message {Progress, MessagePack, 4 bytes}
Send message {NodeScanStatus, MessagePack, 86 bytes}
Send message {NodeScanStatus, MessagePack, 93 bytes}
Send message {Progress, MessagePack, 4 bytes}
Send message {NodeScanStatus, MessagePack, 93 bytes}
Send message {NodeScanStatus, MessagePack, 101 bytes}
Send message {Progress, MessagePack, 4 bytes}
Send message {NodeScanStatus, MessagePack, 90 bytes}
Send message {NodeScanStatus, MessagePack, 101 bytes}
Send message {Progress, MessagePack, 4 bytes}
Send message {ScanDone, ByteArray, 0 bytes}
Elapsed time of the 'Scan' stage: 00:00:06.1002817
Send message {Progress, MessagePack, 4 bytes}
Send message {FinalizeDone, ByteArray, 0 bytes}
Elapsed time of the 'Finalize' stage: 00:00:00.0044009
Core was stopped due to an error
