2024-11-15 14:21:01.558331 ║INFO	║ 43733	║ process file /home/amir/CTF/MCTF/2024/AD/easy_forms/conf
2024-11-15 14:21:01.559101 ║INFO	║ 43733	║ process file /home/amir/CTF/MCTF/2024/AD/easy_forms/static
2024-11-15 14:21:01.559739 ║INFO	║ 43733	║ process file /home/amir/CTF/MCTF/2024/AD/easy_forms/static/_nuxt
2024-11-15 14:21:01.560361 ║INFO	║ 43733	║ process file /home/amir/CTF/MCTF/2024/AD/easy_forms/static/_nuxt/static
2024-11-15 14:21:01.560940 ║INFO	║ 43733	║ process file /home/amir/CTF/MCTF/2024/AD/easy_forms/static/_nuxt/static/1717073236
2024-11-15 14:21:01.561537 ║INFO	║ 43733	║ process file /home/amir/CTF/MCTF/2024/AD/easy_forms/static/_nuxt/static/1717073236/login
2024-11-15 14:21:01.561854 ║INFO	║ 43733	║ process file /home/amir/CTF/MCTF/2024/AD/easy_forms/static/_nuxt/static/1717073236/login/state.js
2024-11-15 14:21:01.562055 ║INFO	║ 43733	║ process file /home/amir/CTF/MCTF/2024/AD/easy_forms/static/_nuxt/static/1717073236/login/payload.js
2024-11-15 14:21:01.562225 ║INFO	║ 43733	║ process file /home/amir/CTF/MCTF/2024/AD/easy_forms/static/_nuxt/static/1717073236/register
2024-11-15 14:21:01.562377 ║INFO	║ 43733	║ process file /home/amir/CTF/MCTF/2024/AD/easy_forms/static/_nuxt/static/1717073236/register/state.js
2024-11-15 14:21:01.562522 ║INFO	║ 43733	║ process file /home/amir/CTF/MCTF/2024/AD/easy_forms/static/_nuxt/static/1717073236/register/payload.js
2024-11-15 14:21:01.562661 ║INFO	║ 43733	║ process file /home/amir/CTF/MCTF/2024/AD/easy_forms/static/_nuxt/static/1717073236/admin
2024-11-15 14:21:01.562802 ║INFO	║ 43733	║ process file /home/amir/CTF/MCTF/2024/AD/easy_forms/static/_nuxt/static/1717073236/admin/forms
2024-11-15 14:21:01.562941 ║INFO	║ 43733	║ process file /home/amir/CTF/MCTF/2024/AD/easy_forms/static/_nuxt/static/1717073236/admin/forms/create
2024-11-15 14:21:01.563084 ║INFO	║ 43733	║ process file /home/amir/CTF/MCTF/2024/AD/easy_forms/static/_nuxt/static/1717073236/admin/forms/create/state.js
2024-11-15 14:21:01.563228 ║INFO	║ 43733	║ process file /home/amir/CTF/MCTF/2024/AD/easy_forms/static/_nuxt/static/1717073236/manifest.js
2024-11-15 14:21:01.563372 ║INFO	║ 43733	║ process file /home/amir/CTF/MCTF/2024/AD/easy_forms/static/_nuxt/fonts
2024-11-15 14:21:01.563515 ║INFO	║ 43733	║ process file /home/amir/CTF/MCTF/2024/AD/easy_forms/static/_nuxt/fonts/materialdesignicons-webfont.2146c3c.eot
2024-11-15 14:21:01.563651 ║INFO	║ 43733	║ process file /home/amir/CTF/MCTF/2024/AD/easy_forms/static/_nuxt/fonts/materialdesignicons-webfont.1fcc362.ttf
2024-11-15 14:21:01.563786 ║INFO	║ 43733	║ process file /home/amir/CTF/MCTF/2024/AD/easy_forms/static/_nuxt/fonts/materialdesignicons-webfont.ec024da.woff2
2024-11-15 14:21:01.563937 ║INFO	║ 43733	║ process file /home/amir/CTF/MCTF/2024/AD/easy_forms/static/_nuxt/fonts/materialdesignicons-webfont.e55a20c.woff
2024-11-15 14:21:01.564082 ║INFO	║ 43733	║ process file /home/amir/CTF/MCTF/2024/AD/easy_forms/static/_nuxt/11.6c9a3839871688c2836e.js
2024-11-15 14:21:01.564174 ║INFO	║ 43733	║ process file /home/amir/CTF/MCTF/2024/AD/easy_forms/static/_nuxt/18.2241f41de9107c566b3d.js
2024-11-15 14:21:01.564256 ║INFO	║ 43733	║ process file /home/amir/CTF/MCTF/2024/AD/easy_forms/static/_nuxt/6.ec9728fc81acb49d563c.js
2024-11-15 14:21:01.564337 ║INFO	║ 43733	║ process file /home/amir/CTF/MCTF/2024/AD/easy_forms/static/_nuxt/3.e1a327d945d33d2d5cf6.js
2024-11-15 14:21:01.564452 ║INFO	║ 43733	║ process file /home/amir/CTF/MCTF/2024/AD/easy_forms/static/_nuxt/1.16a62630ccc739ba4eab.js
2024-11-15 14:21:01.564551 ║INFO	║ 43733	║ process file /home/amir/CTF/MCTF/2024/AD/easy_forms/static/_nuxt/12.7a843995349783b91a50.js
2024-11-15 14:21:01.564645 ║INFO	║ 43733	║ process file /home/amir/CTF/MCTF/2024/AD/easy_forms/static/_nuxt/25.8a8de41563ccb8c4147e.js
2024-11-15 14:21:01.564754 ║INFO	║ 43733	║ process file /home/amir/CTF/MCTF/2024/AD/easy_forms/static/_nuxt/22.d292a18632a5d4a5c270.js
2024-11-15 14:21:01.564897 ║INFO	║ 43733	║ process file /home/amir/CTF/MCTF/2024/AD/easy_forms/static/_nuxt/21.d39ea21fa876f52ea35b.js
2024-11-15 14:21:01.565062 ║INFO	║ 43733	║ process file /home/amir/CTF/MCTF/2024/AD/easy_forms/static/_nuxt/8.747819a12d705f810efd.js
2024-11-15 14:21:01.565206 ║INFO	║ 43733	║ process file /home/amir/CTF/MCTF/2024/AD/easy_forms/static/_nuxt/13.558a92d3c0ccdd451e8d.js
2024-11-15 14:21:01.565301 ║INFO	║ 43733	║ process file /home/amir/CTF/MCTF/2024/AD/easy_forms/static/_nuxt/7.8140c553b40bae0240fc.js
2024-11-15 14:21:01.565382 ║INFO	║ 43733	║ process file /home/amir/CTF/MCTF/2024/AD/easy_forms/static/_nuxt/15.532c8d2b9a0644ba12da.js
2024-11-15 14:21:01.565474 ║INFO	║ 43733	║ process file /home/amir/CTF/MCTF/2024/AD/easy_forms/static/_nuxt/27.b21dc4be7b56e9215132.js
2024-11-15 14:21:01.565606 ║INFO	║ 43733	║ process file /home/amir/CTF/MCTF/2024/AD/easy_forms/static/_nuxt/19.d56a309bdb9da529df47.js
2024-11-15 14:21:01.565752 ║INFO	║ 43733	║ process file /home/amir/CTF/MCTF/2024/AD/easy_forms/static/_nuxt/2.9888de29b322c592cfc1.js
2024-11-15 14:21:01.565896 ║INFO	║ 43733	║ process file /home/amir/CTF/MCTF/2024/AD/easy_forms/static/_nuxt/f24f7bd.js
2024-11-15 14:21:01.566005 ║INFO	║ 43733	║ process file /home/amir/CTF/MCTF/2024/AD/easy_forms/static/_nuxt/17.98f1c6486b9fe4db200c.js
2024-11-15 14:21:01.566087 ║INFO	║ 43733	║ process file /home/amir/CTF/MCTF/2024/AD/easy_forms/static/_nuxt/10.8407f95b760031b9044b.js
2024-11-15 14:21:01.566166 ║INFO	║ 43733	║ process file /home/amir/CTF/MCTF/2024/AD/easy_forms/static/_nuxt/26.e5993ec68153ec67530f.js
2024-11-15 14:21:01.566243 ║INFO	║ 43733	║ process file /home/amir/CTF/MCTF/2024/AD/easy_forms/static/_nuxt/LICENSES
2024-11-15 14:21:01.566322 ║INFO	║ 43733	║ process file /home/amir/CTF/MCTF/2024/AD/easy_forms/static/_nuxt/20.d4042c010d3a7383c9eb.js
2024-11-15 14:21:01.566400 ║INFO	║ 43733	║ process file /home/amir/CTF/MCTF/2024/AD/easy_forms/static/_nuxt/9.6e10589bd2c1e6f2d9a4.js
2024-11-15 14:21:01.566483 ║INFO	║ 43733	║ process file /home/amir/CTF/MCTF/2024/AD/easy_forms/static/_nuxt/14.e88baf763530133767cd.js
2024-11-15 14:21:01.566558 ║INFO	║ 43733	║ process file /home/amir/CTF/MCTF/2024/AD/easy_forms/static/_nuxt/4.7733370e828515f475e0.js
2024-11-15 14:21:01.566631 ║INFO	║ 43733	║ process file /home/amir/CTF/MCTF/2024/AD/easy_forms/static/_nuxt/0.b0dac074d0666abf50d7.js
2024-11-15 14:21:01.566725 ║INFO	║ 43733	║ process file /home/amir/CTF/MCTF/2024/AD/easy_forms/static/_nuxt/5.3e86eb1356bd77a62251.js
2024-11-15 14:21:01.566825 ║INFO	║ 43733	║ process file /home/amir/CTF/MCTF/2024/AD/easy_forms/static/_nuxt/24.9b18717d3a7875daff24.js
2024-11-15 14:21:01.566900 ║INFO	║ 43733	║ process file /home/amir/CTF/MCTF/2024/AD/easy_forms/static/_nuxt/16.77a5f336a7858c35eb82.js
2024-11-15 14:21:01.566973 ║INFO	║ 43733	║ process file /home/amir/CTF/MCTF/2024/AD/easy_forms/static/login
2024-11-15 14:21:01.567046 ║INFO	║ 43733	║ process file /home/amir/CTF/MCTF/2024/AD/easy_forms/static/login/index.html
2024-11-15 14:21:01.567119 ║INFO	║ 43733	║ process file /home/amir/CTF/MCTF/2024/AD/easy_forms/static/register
2024-11-15 14:21:01.567192 ║INFO	║ 43733	║ process file /home/amir/CTF/MCTF/2024/AD/easy_forms/static/register/index.html
2024-11-15 14:21:01.567270 ║INFO	║ 43733	║ process file /home/amir/CTF/MCTF/2024/AD/easy_forms/static/admin
2024-11-15 14:21:01.567342 ║INFO	║ 43733	║ process file /home/amir/CTF/MCTF/2024/AD/easy_forms/static/admin/forms
2024-11-15 14:21:01.567414 ║INFO	║ 43733	║ process file /home/amir/CTF/MCTF/2024/AD/easy_forms/static/admin/forms/create
2024-11-15 14:21:01.567487 ║INFO	║ 43733	║ process file /home/amir/CTF/MCTF/2024/AD/easy_forms/static/admin/forms/create/index.html
2024-11-15 14:21:01.567560 ║INFO	║ 43733	║ process file /home/amir/CTF/MCTF/2024/AD/easy_forms/static/200.html
2024-11-15 14:21:01.567634 ║INFO	║ 43733	║ process file /home/amir/CTF/MCTF/2024/AD/easy_forms/static/index.html
2024-11-15 14:21:01.567716 ║INFO	║ 43733	║ process file /home/amir/CTF/MCTF/2024/AD/easy_forms/static/v.png
2024-11-15 14:21:01.567811 ║INFO	║ 43733	║ process file /home/amir/CTF/MCTF/2024/AD/easy_forms/static/.nojekyll
2024-11-15 14:21:01.567956 ║INFO	║ 43733	║ process file /home/amir/CTF/MCTF/2024/AD/easy_forms/static/vuetify-logo.svg
2024-11-15 14:21:01.568097 ║INFO	║ 43733	║ process file /home/amir/CTF/MCTF/2024/AD/easy_forms/static/favicon.ico
2024-11-15 14:21:01.568226 ║INFO	║ 43733	║ process file /home/amir/CTF/MCTF/2024/AD/easy_forms/src
2024-11-15 14:21:01.568313 ║INFO	║ 43733	║ process file /home/amir/CTF/MCTF/2024/AD/easy_forms/src/app
2024-11-15 14:21:01.568383 ║INFO	║ 43733	║ process file /home/amir/CTF/MCTF/2024/AD/easy_forms/src/app/Exceptions
2024-11-15 14:21:01.568453 ║INFO	║ 43733	║ process file /home/amir/CTF/MCTF/2024/AD/easy_forms/src/app/Exceptions/ModelNotFoundExceptionDecorator.php
2024-11-15 14:21:01.568524 ║INFO	║ 43733	║ process file /home/amir/CTF/MCTF/2024/AD/easy_forms/src/app/Exceptions/ModelLimitException.php
2024-11-15 14:21:01.568594 ║INFO	║ 43733	║ process file /home/amir/CTF/MCTF/2024/AD/easy_forms/src/app/Validators
2024-11-15 14:21:01.568663 ║INFO	║ 43733	║ process file /home/amir/CTF/MCTF/2024/AD/easy_forms/src/app/Validators/FormIntegrationValidator.php
2024-11-15 14:21:01.568731 ║INFO	║ 43733	║ process file /home/amir/CTF/MCTF/2024/AD/easy_forms/src/app/Jobs
2024-11-15 14:21:01.568799 ║INFO	║ 43733	║ process file /home/amir/CTF/MCTF/2024/AD/easy_forms/src/app/Jobs/HandleFormIntegrationsJob.php
2024-11-15 14:21:01.568870 ║INFO	║ 43733	║ process file /home/amir/CTF/MCTF/2024/AD/easy_forms/src/app/Jobs/HandleIntegrationJob.php
2024-11-15 14:21:01.568942 ║INFO	║ 43733	║ process file /home/amir/CTF/MCTF/2024/AD/easy_forms/src/app/Enums
2024-11-15 14:21:01.569024 ║INFO	║ 43733	║ process file /home/amir/CTF/MCTF/2024/AD/easy_forms/src/app/Enums/FormInputTypes.php
2024-11-15 14:21:01.569094 ║INFO	║ 43733	║ process file /home/amir/CTF/MCTF/2024/AD/easy_forms/src/app/Console
2024-11-15 14:21:01.569162 ║INFO	║ 43733	║ process file /home/amir/CTF/MCTF/2024/AD/easy_forms/src/app/Console/Commands
2024-11-15 14:21:01.569231 ║INFO	║ 43733	║ process file /home/amir/CTF/MCTF/2024/AD/easy_forms/src/app/Console/Commands/FormCleaner.php
2024-11-15 14:21:01.569300 ║INFO	║ 43733	║ process file /home/amir/CTF/MCTF/2024/AD/easy_forms/src/app/Console/Commands/CreateDebugUser.php
2024-11-15 14:21:01.569368 ║INFO	║ 43733	║ process file /home/amir/CTF/MCTF/2024/AD/easy_forms/src/app/FormIntegrations
2024-11-15 14:21:01.569436 ║INFO	║ 43733	║ process file /home/amir/CTF/MCTF/2024/AD/easy_forms/src/app/FormIntegrations/MailIntegration.php
2024-11-15 14:21:01.569505 ║INFO	║ 43733	║ process file /home/amir/CTF/MCTF/2024/AD/easy_forms/src/app/FormIntegrations/SendIntegrationException.php
2024-11-15 14:21:01.569573 ║INFO	║ 43733	║ process file /home/amir/CTF/MCTF/2024/AD/easy_forms/src/app/FormIntegrations/ApiHttpIntegration.php
2024-11-15 14:21:01.569642 ║INFO	║ 43733	║ process file /home/amir/CTF/MCTF/2024/AD/easy_forms/src/app/FormIntegrations/IntegrationInterface.php
2024-11-15 14:21:01.569711 ║INFO	║ 43733	║ process file /home/amir/CTF/MCTF/2024/AD/easy_forms/src/app/Mail
2024-11-15 14:21:01.569779 ║INFO	║ 43733	║ process file /home/amir/CTF/MCTF/2024/AD/easy_forms/src/app/Mail/IntegrationMail.php
2024-11-15 14:21:01.569848 ║INFO	║ 43733	║ process file /home/amir/CTF/MCTF/2024/AD/easy_forms/src/app/Http
2024-11-15 14:21:01.569915 ║INFO	║ 43733	║ process file /home/amir/CTF/MCTF/2024/AD/easy_forms/src/app/Http/Requests
2024-11-15 14:21:01.569983 ║INFO	║ 43733	║ process file /home/amir/CTF/MCTF/2024/AD/easy_forms/src/app/Http/Requests/SoUAdminFormInputRequest.php
2024-11-15 14:21:01.570075 ║INFO	║ 43733	║ process file /home/amir/CTF/MCTF/2024/AD/easy_forms/src/app/Http/Requests/DebugFormsRequest.php
2024-11-15 14:21:01.570200 ║INFO	║ 43733	║ process file /home/amir/CTF/MCTF/2024/AD/easy_forms/src/app/Http/Requests/SoUAdminFormIntegrationRequest.php
2024-11-15 14:21:01.570335 ║INFO	║ 43733	║ process file /home/amir/CTF/MCTF/2024/AD/easy_forms/src/app/Http/Requests/FormSubmitRequest.php
2024-11-15 14:21:01.570455 ║INFO	║ 43733	║ process file /home/amir/CTF/MCTF/2024/AD/easy_forms/src/app/Http/Requests/FiltredAdminFormRequest.php
2024-11-15 14:21:01.570532 ║INFO	║ 43733	║ process file /home/amir/CTF/MCTF/2024/AD/easy_forms/src/app/Http/Requests/RegisterRequest.php
2024-11-15 14:21:01.570619 ║INFO	║ 43733	║ process file /home/amir/CTF/MCTF/2024/AD/easy_forms/src/app/Http/Requests/SoUAdminFormRequest.php
2024-11-15 14:21:01.570711 ║INFO	║ 43733	║ process file /home/amir/CTF/MCTF/2024/AD/easy_forms/src/app/Http/Requests/LoginRequest.php
2024-11-15 14:21:01.570822 ║INFO	║ 43733	║ process file /home/amir/CTF/MCTF/2024/AD/easy_forms/src/app/Http/Controllers
2024-11-15 14:21:01.570944 ║INFO	║ 43733	║ process file /home/amir/CTF/MCTF/2024/AD/easy_forms/src/app/Http/Controllers/Debug
2024-11-15 14:21:01.571074 ║INFO	║ 43733	║ process file /home/amir/CTF/MCTF/2024/AD/easy_forms/src/app/Http/Controllers/Debug/DebugController.php
2024-11-15 14:21:01.571208 ║INFO	║ 43733	║ process file /home/amir/CTF/MCTF/2024/AD/easy_forms/src/app/Http/Controllers/Traits
2024-11-15 14:21:01.571342 ║INFO	║ 43733	║ process file /home/amir/CTF/MCTF/2024/AD/easy_forms/src/app/Http/Controllers/Traits/FiltredCollectionTrait.php
2024-11-15 14:21:01.571482 ║INFO	║ 43733	║ process file /home/amir/CTF/MCTF/2024/AD/easy_forms/src/app/Http/Controllers/Traits/EntityLimitTrait.php
2024-11-15 14:21:01.571618 ║INFO	║ 43733	║ process file /home/amir/CTF/MCTF/2024/AD/easy_forms/src/app/Http/Controllers/AdminFormIntegrationController.php
2024-11-15 14:21:01.571741 ║INFO	║ 43733	║ process file /home/amir/CTF/MCTF/2024/AD/easy_forms/src/app/Http/Controllers/AdminFormInputController.php
2024-11-15 14:21:01.571880 ║INFO	║ 43733	║ process file /home/amir/CTF/MCTF/2024/AD/easy_forms/src/app/Http/Controllers/BaseAdminFormController.php
2024-11-15 14:21:01.572016 ║INFO	║ 43733	║ process file /home/amir/CTF/MCTF/2024/AD/easy_forms/src/app/Http/Controllers/AdminFormResultController.php
2024-11-15 14:21:01.572099 ║INFO	║ 43733	║ process file /home/amir/CTF/MCTF/2024/AD/easy_forms/src/app/Http/Controllers/AdminFormController.php
2024-11-15 14:21:01.572174 ║INFO	║ 43733	║ process file /home/amir/CTF/MCTF/2024/AD/easy_forms/src/app/Http/Controllers/FormController.php
2024-11-15 14:21:01.572246 ║INFO	║ 43733	║ process file /home/amir/CTF/MCTF/2024/AD/easy_forms/src/app/Http/Controllers/AuthController.php
2024-11-15 14:21:01.572317 ║INFO	║ 43733	║ process file /home/amir/CTF/MCTF/2024/AD/easy_forms/src/app/Models
2024-11-15 14:21:01.572414 ║INFO	║ 43733	║ process file /home/amir/CTF/MCTF/2024/AD/easy_forms/src/app/Models/FormInput.php
2024-11-15 14:21:01.572537 ║INFO	║ 43733	║ process file /home/amir/CTF/MCTF/2024/AD/easy_forms/src/app/Models/FormIntegration.php
2024-11-15 14:21:01.572664 ║INFO	║ 43733	║ process file /home/amir/CTF/MCTF/2024/AD/easy_forms/src/app/Models/User.php
2024-11-15 14:21:01.572788 ║INFO	║ 43733	║ process file /home/amir/CTF/MCTF/2024/AD/easy_forms/src/app/Models/Form.php
2024-11-15 14:21:01.572876 ║INFO	║ 43733	║ process file /home/amir/CTF/MCTF/2024/AD/easy_forms/src/app/Models/FormResult.php
2024-11-15 14:21:01.572947 ║INFO	║ 43733	║ process file /home/amir/CTF/MCTF/2024/AD/easy_forms/src/app/Rules
2024-11-15 14:21:01.573016 ║INFO	║ 43733	║ process file /home/amir/CTF/MCTF/2024/AD/easy_forms/src/app/Rules/FormInput.php
2024-11-15 14:21:01.573085 ║INFO	║ 43733	║ process file /home/amir/CTF/MCTF/2024/AD/easy_forms/src/app/Rules/FormIntegrationType.php
2024-11-15 14:21:01.573155 ║INFO	║ 43733	║ process file /home/amir/CTF/MCTF/2024/AD/easy_forms/src/app/Rules/ExternalUrl.php
2024-11-15 14:21:01.573224 ║INFO	║ 43733	║ process file /home/amir/CTF/MCTF/2024/AD/easy_forms/src/app/Providers
2024-11-15 14:21:01.573303 ║INFO	║ 43733	║ process file /home/amir/CTF/MCTF/2024/AD/easy_forms/src/app/Providers/AppServiceProvider.php
2024-11-15 14:21:01.573373 ║INFO	║ 43733	║ process file /home/amir/CTF/MCTF/2024/AD/easy_forms/src/routes
2024-11-15 14:21:01.573444 ║INFO	║ 43733	║ process file /home/amir/CTF/MCTF/2024/AD/easy_forms/src/routes/api.php
2024-11-15 14:21:01.573512 ║INFO	║ 43733	║ process file /home/amir/CTF/MCTF/2024/AD/easy_forms/src/routes/console.php
2024-11-15 14:21:01.573596 ║INFO	║ 43733	║ process file /home/amir/CTF/MCTF/2024/AD/easy_forms/src/config
2024-11-15 14:21:01.573681 ║INFO	║ 43733	║ process file /home/amir/CTF/MCTF/2024/AD/easy_forms/src/config/jwt.php
2024-11-15 14:21:01.573760 ║INFO	║ 43733	║ process file /home/amir/CTF/MCTF/2024/AD/easy_forms/src/config/mail.php
2024-11-15 14:21:01.573827 ║INFO	║ 43733	║ process file /home/amir/CTF/MCTF/2024/AD/easy_forms/src/config/auth.php
2024-11-15 14:21:01.573892 ║INFO	║ 43733	║ process file /home/amir/CTF/MCTF/2024/AD/easy_forms/src/config/cache.php
2024-11-15 14:21:01.573964 ║INFO	║ 43733	║ process file /home/amir/CTF/MCTF/2024/AD/easy_forms/src/config/app.php
2024-11-15 14:21:01.574030 ║INFO	║ 43733	║ process file /home/amir/CTF/MCTF/2024/AD/easy_forms/src/config/form_integrations.php
2024-11-15 14:21:01.574096 ║INFO	║ 43733	║ process file /home/amir/CTF/MCTF/2024/AD/easy_forms/src/config/filesystems.php
2024-11-15 14:21:01.574162 ║INFO	║ 43733	║ process file /home/amir/CTF/MCTF/2024/AD/easy_forms/src/config/queue.php
2024-11-15 14:21:01.574227 ║INFO	║ 43733	║ process file /home/amir/CTF/MCTF/2024/AD/easy_forms/src/config/logging.php
2024-11-15 14:21:01.574290 ║INFO	║ 43733	║ process file /home/amir/CTF/MCTF/2024/AD/easy_forms/src/config/database.php
2024-11-15 14:21:01.574356 ║INFO	║ 43733	║ process file /home/amir/CTF/MCTF/2024/AD/easy_forms/src/bootstrap
2024-11-15 14:21:01.574420 ║INFO	║ 43733	║ process file /home/amir/CTF/MCTF/2024/AD/easy_forms/src/bootstrap/cache
2024-11-15 14:21:01.574486 ║INFO	║ 43733	║ process file /home/amir/CTF/MCTF/2024/AD/easy_forms/src/bootstrap/providers.php
2024-11-15 14:21:01.574551 ║INFO	║ 43733	║ process file /home/amir/CTF/MCTF/2024/AD/easy_forms/src/bootstrap/app.php
2024-11-15 14:21:01.574617 ║INFO	║ 43733	║ process file /home/amir/CTF/MCTF/2024/AD/easy_forms/src/storage
2024-11-15 14:21:01.574693 ║INFO	║ 43733	║ process file /home/amir/CTF/MCTF/2024/AD/easy_forms/src/storage/app
2024-11-15 14:21:01.574773 ║INFO	║ 43733	║ process file /home/amir/CTF/MCTF/2024/AD/easy_forms/src/storage/app/public
2024-11-15 14:21:01.574879 ║INFO	║ 43733	║ process file /home/amir/CTF/MCTF/2024/AD/easy_forms/src/storage/logs
2024-11-15 14:21:01.574995 ║INFO	║ 43733	║ process file /home/amir/CTF/MCTF/2024/AD/easy_forms/src/storage/framework
2024-11-15 14:21:01.575109 ║INFO	║ 43733	║ process file /home/amir/CTF/MCTF/2024/AD/easy_forms/src/storage/framework/cache
2024-11-15 14:21:01.575219 ║INFO	║ 43733	║ process file /home/amir/CTF/MCTF/2024/AD/easy_forms/src/storage/framework/cache/data
2024-11-15 14:21:01.575291 ║INFO	║ 43733	║ process file /home/amir/CTF/MCTF/2024/AD/easy_forms/src/storage/framework/views
2024-11-15 14:21:01.575359 ║INFO	║ 43733	║ process file /home/amir/CTF/MCTF/2024/AD/easy_forms/src/public
2024-11-15 14:21:01.575427 ║INFO	║ 43733	║ process file /home/amir/CTF/MCTF/2024/AD/easy_forms/src/public/index.php
2024-11-15 14:21:01.575497 ║INFO	║ 43733	║ process file /home/amir/CTF/MCTF/2024/AD/easy_forms/src/public/favicon.ico
2024-11-15 14:21:01.575564 ║INFO	║ 43733	║ process file /home/amir/CTF/MCTF/2024/AD/easy_forms/src/.env
2024-11-15 14:21:01.575625 ║INFO	║ 43733	║ process file /home/amir/CTF/MCTF/2024/AD/easy_forms/src/artisan
2024-11-15 14:21:01.575687 ║INFO	║ 43733	║ process file /home/amir/CTF/MCTF/2024/AD/easy_forms/src/composer.lock
2024-11-15 14:21:01.575757 ║INFO	║ 43733	║ process file /home/amir/CTF/MCTF/2024/AD/easy_forms/src/composer.json
2024-11-15 14:21:01.575820 ║INFO	║ 43733	║ process file /home/amir/CTF/MCTF/2024/AD/easy_forms/docker-compose.yaml
2024-11-15 14:21:01.575901 ║INFO	║ 43733	║ process file /home/amir/CTF/MCTF/2024/AD/easy_forms/Dockerfile.backend
2024-11-15 14:21:01.575983 ║INFO	║ 43733	║ process file /home/amir/CTF/MCTF/2024/AD/easy_forms/backend-entry.sh
2024-11-15 14:21:01.576048 ║INFO	║ 43733	║ process file /home/amir/CTF/MCTF/2024/AD/easy_forms
2024-11-15 14:21:01.576153 ║INFO	║ 43733	║ process file /home/amir/CTF/MCTF/2024/AD/easy_forms/conf/nginx.conf
2024-11-15 14:24:00.757462 ║INFO	║ 43733	║ Finalize
2024-11-15 14:24:00.757850 ║INFO	║ 43733	║ Finalize done
