Send message {Progress, MessagePack, 4 bytes}
Send message {IgnoredNodes, MessagePack, 18048 bytes}
Send message {NodeScanStatus, MessagePack, 66 bytes}
Send message {NodeScanStatus, MessagePack, 72 bytes}
Send message {NodeScanStatus, MessagePack, 60 bytes}
Send message {NodeScanStatus, MessagePack, 60 bytes}
Send message {NodeScanStatus, MessagePack, 60 bytes}
Send message {NodeScanStatus, MessagePack, 134 bytes}
Send message {NodeScanStatus, MessagePack, 140 bytes}
Send message {NodeScanStatus, MessagePack, 128 bytes}
Send message {NodeScanStatus, MessagePack, 128 bytes}
Send message {NodeScanStatus, MessagePack, 128 bytes}
Send message {NodeScanStatus, MessagePack, 54 bytes}
Send message {NodeScanStatus, MessagePack, 58 bytes}
Send message {NodeScanStatus, MessagePack, 57 bytes}
Send message {NodeScanStatus, MessagePack, 56 bytes}
Send message {NodeScanStatus, MessagePack, 58 bytes}
Send message {NodeScanStatus, MessagePack, 74 bytes}
Send message {NodeScanStatus, MessagePack, 57 bytes}
Send message {NodeScanStatus, MessagePack, 76 bytes}
Send message {Progress, MessagePack, 4 bytes}
Send message {NodeScanStatus, MessagePack, 76 bytes}
Send message {NodeScanStatus, MessagePack, 70 bytes}
Send message {NodeScanStatus, MessagePack, 74 bytes}
Send message {NodeScanStatus, MessagePack, 78 bytes}
Send message {Progress, MessagePack, 4 bytes}
Send message {NodeScanStatus, MessagePack, 78 bytes}
Send message {NodeScanStatus, MessagePack, 77 bytes}
Send message {NodeScanStatus, MessagePack, 77 bytes}
Send message {NodeScanStatus, MessagePack, 63 bytes}
Send message {Progress, MessagePack, 4 bytes}
Send message {NodeScanStatus, MessagePack, 70 bytes}
Send message {NodeScanStatus, MessagePack, 75 bytes}
Send message {NodeScanStatus, MessagePack, 75 bytes}
Send message {NodeScanStatus, MessagePack, 72 bytes}
Send message {Progress, MessagePack, 4 bytes}
Send message {NodeScanStatus, MessagePack, 72 bytes}
Send message {NodeScanStatus, MessagePack, 74 bytes}
Send message {NodeScanStatus, MessagePack, 74 bytes}
Send message {NodeScanStatus, MessagePack, 70 bytes}
Send message {IssueDetected, MessagePack, 253 bytes}
Send message {Progress, MessagePack, 4 bytes}
Send message {NodeScanStatus, MessagePack, 63 bytes}
Send message {NodeScanStatus, MessagePack, 69 bytes}
Send message {NodeScanStatus, MessagePack, 70 bytes}
Send message {NodeScanStatus, MessagePack, 72 bytes}
Send message {Progress, MessagePack, 4 bytes}
Send message {NodeScanStatus, MessagePack, 69 bytes}
Send message {NodeScanStatus, MessagePack, 64 bytes}
Send message {NodeScanStatus, MessagePack, 56 bytes}
Send message {NodeScanStatus, MessagePack, 72 bytes}
Send message {Progress, MessagePack, 4 bytes}
Send message {NodeScanStatus, MessagePack, 54 bytes}
Send message {NodeScanStatus, MessagePack, 78 bytes}
Send message {NodeScanStatus, MessagePack, 72 bytes}
Send message {NodeScanStatus, MessagePack, 69 bytes}
Send message {Progress, MessagePack, 4 bytes}
Send message {NodeScanStatus, MessagePack, 78 bytes}
Send message {NodeScanStatus, MessagePack, 64 bytes}
Send message {NodeScanStatus, MessagePack, 64 bytes}
Send message {NodeScanStatus, MessagePack, 71 bytes}
Send message {Progress, MessagePack, 4 bytes}
Send message {NodeScanStatus, MessagePack, 69 bytes}
Send message {NodeScanStatus, MessagePack, 82 bytes}
Send message {NodeScanStatus, MessagePack, 72 bytes}
Send message {NodeScanStatus, MessagePack, 66 bytes}
Send message {NodeScanStatus, MessagePack, 71 bytes}
Send message {Progress, MessagePack, 4 bytes}
Send message {NodeScanStatus, MessagePack, 79 bytes}
Send message {NodeScanStatus, MessagePack, 66 bytes}
Send message {NodeScanStatus, MessagePack, 75 bytes}
Send message {NodeScanStatus, MessagePack, 82 bytes}
Send message {Progress, MessagePack, 4 bytes}
Send message {NodeScanStatus, MessagePack, 81 bytes}
Send message {NodeScanStatus, MessagePack, 64 bytes}
Send message {NodeScanStatus, MessagePack, 73 bytes}
Send message {NodeScanStatus, MessagePack, 81 bytes}
Send message {NodeScanStatus, MessagePack, 83 bytes}
Send message {IssueDetected, MessagePack, 391 bytes}
Send message {IssueDetected, MessagePack, 363 bytes}
Send message {Progress, MessagePack, 4 bytes}
Send message {NodeScanStatus, MessagePack, 79 bytes}
Send message {NodeScanStatus, MessagePack, 69 bytes}
Send message {NodeScanStatus, MessagePack, 83 bytes}
Send message {NodeScanStatus, MessagePack, 73 bytes}
Send message {Progress, MessagePack, 4 bytes}
Send message {NodeScanStatus, MessagePack, 75 bytes}
Send message {NodeScanStatus, MessagePack, 73 bytes}
Send message {NodeScanStatus, MessagePack, 78 bytes}
Send message {Progress, MessagePack, 4 bytes}
Send message {NodeScanStatus, MessagePack, 69 bytes}
Send message {NodeScanStatus, MessagePack, 73 bytes}
Send message {NodeScanStatus, MessagePack, 70 bytes}
Send message {NodeScanStatus, MessagePack, 78 bytes}
Send message {NodeScanStatus, MessagePack, 73 bytes}
Send message {Progress, MessagePack, 4 bytes}
Send message {NodeScanStatus, MessagePack, 70 bytes}
Send message {NodeScanStatus, MessagePack, 70 bytes}
Send message {NodeScanStatus, MessagePack, 69 bytes}
Send message {NodeScanStatus, MessagePack, 66 bytes}
Send message {Progress, MessagePack, 4 bytes}
Send message {NodeScanStatus, MessagePack, 73 bytes}
Send message {IssueDetected, MessagePack, 256 bytes}
Send message {NodeScanStatus, MessagePack, 71 bytes}
Send message {NodeScanStatus, MessagePack, 70 bytes}
Send message {Progress, MessagePack, 4 bytes}
Send message {NodeScanStatus, MessagePack, 68 bytes}
Send message {NodeScanStatus, MessagePack, 71 bytes}
Send message {NodeScanStatus, MessagePack, 66 bytes}
Send message {NodeScanStatus, MessagePack, 74 bytes}
Send message {NodeScanStatus, MessagePack, 76 bytes}
Send message {IssueDetected, MessagePack, 944 bytes}
Send message {Progress, MessagePack, 4 bytes}
Send message {NodeScanStatus, MessagePack, 74 bytes}
Send message {NodeScanStatus, MessagePack, 69 bytes}
Send message {NodeScanStatus, MessagePack, 86 bytes}
Send message {Progress, MessagePack, 4 bytes}
Send message {NodeScanStatus, MessagePack, 70 bytes}
Send message {NodeScanStatus, MessagePack, 76 bytes}
Send message {NodeScanStatus, MessagePack, 68 bytes}
Send message {NodeScanStatus, MessagePack, 73 bytes}
Send message {NodeScanStatus, MessagePack, 78 bytes}
Send message {NodeScanStatus, MessagePack, 70 bytes}
Send message {NodeScanStatus, MessagePack, 69 bytes}
Send message {Progress, MessagePack, 4 bytes}
Send message {NodeScanStatus, MessagePack, 73 bytes}
Send message {NodeScanStatus, MessagePack, 78 bytes}
Send message {NodeScanStatus, MessagePack, 86 bytes}
Send message {NodeScanStatus, MessagePack, 83 bytes}
Send message {Progress, MessagePack, 4 bytes}
Send message {NodeScanStatus, MessagePack, 78 bytes}
Send message {NodeScanStatus, MessagePack, 77 bytes}
Send message {IssueDetected, MessagePack, 608 bytes}
Send message {NodeScanStatus, MessagePack, 83 bytes}
Send message {NodeScanStatus, MessagePack, 92 bytes}
Send message {Progress, MessagePack, 4 bytes}
Send message {NodeScanStatus, MessagePack, 69 bytes}
Send message {NodeScanStatus, MessagePack, 77 bytes}
Send message {NodeScanStatus, MessagePack, 78 bytes}
Send message {Progress, MessagePack, 4 bytes}
Send message {NodeScanStatus, MessagePack, 83 bytes}
Send message {NodeScanStatus, MessagePack, 77 bytes}
Send message {NodeScanStatus, MessagePack, 81 bytes}
Send message {NodeScanStatus, MessagePack, 83 bytes}
Send message {NodeScanStatus, MessagePack, 84 bytes}
Send message {Progress, MessagePack, 4 bytes}
Send message {NodeScanStatus, MessagePack, 81 bytes}
Send message {NodeScanStatus, MessagePack, 81 bytes}
Send message {NodeScanStatus, MessagePack, 77 bytes}
Send message {NodeScanStatus, MessagePack, 80 bytes}
Send message {Progress, MessagePack, 4 bytes}
Send message {NodeScanStatus, MessagePack, 80 bytes}
Send message {NodeScanStatus, MessagePack, 79 bytes}
Send message {NodeScanStatus, MessagePack, 79 bytes}
Send message {NodeScanStatus, MessagePack, 75 bytes}
Send message {Progress, MessagePack, 4 bytes}
Send message {NodeScanStatus, MessagePack, 75 bytes}
Send message {NodeScanStatus, MessagePack, 78 bytes}
Send message {NodeScanStatus, MessagePack, 78 bytes}
Send message {NodeScanStatus, MessagePack, 75 bytes}
Send message {Progress, MessagePack, 4 bytes}
Send message {NodeScanStatus, MessagePack, 84 bytes}
Send message {NodeScanStatus, MessagePack, 75 bytes}
Send message {Progress, MessagePack, 4 bytes}
Send message {NodeScanStatus, MessagePack, 78 bytes}
Send message {NodeScanStatus, MessagePack, 75 bytes}
Send message {NodeScanStatus, MessagePack, 92 bytes}
Send message {NodeScanStatus, MessagePack, 93 bytes}
Send message {NodeScanStatus, MessagePack, 75 bytes}
Send message {NodeScanStatus, MessagePack, 84 bytes}
Send message {Progress, MessagePack, 4 bytes}
Send message {NodeScanStatus, MessagePack, 84 bytes}
Send message {NodeScanStatus, MessagePack, 79 bytes}
Send message {NodeScanStatus, MessagePack, 81 bytes}
Send message {NodeScanStatus, MessagePack, 86 bytes}
Send message {NodeScanStatus, MessagePack, 79 bytes}
Send message {NodeScanStatus, MessagePack, 78 bytes}
Send message {Progress, MessagePack, 4 bytes}
Send message {NodeScanStatus, MessagePack, 78 bytes}
Send message {NodeScanStatus, MessagePack, 78 bytes}
Send message {NodeScanStatus, MessagePack, 74 bytes}
Send message {NodeScanStatus, MessagePack, 77 bytes}
Send message {Progress, MessagePack, 4 bytes}
Send message {NodeScanStatus, MessagePack, 74 bytes}
Send message {NodeScanStatus, MessagePack, 77 bytes}
Send message {NodeScanStatus, MessagePack, 77 bytes}
Send message {NodeScanStatus, MessagePack, 74 bytes}
Send message {Progress, MessagePack, 4 bytes}
Send message {NodeScanStatus, MessagePack, 74 bytes}
Send message {NodeScanStatus, MessagePack, 86 bytes}
Send message {NodeScanStatus, MessagePack, 85 bytes}
Send message {NodeScanStatus, MessagePack, 77 bytes}
Send message {Progress, MessagePack, 4 bytes}
Send message {NodeScanStatus, MessagePack, 77 bytes}
Send message {NodeScanStatus, MessagePack, 81 bytes}
Send message {NodeScanStatus, MessagePack, 81 bytes}
Send message {Progress, MessagePack, 4 bytes}
Send message {NodeScanStatus, MessagePack, 78 bytes}
Send message {NodeScanStatus, MessagePack, 85 bytes}
Send message {NodeScanStatus, MessagePack, 85 bytes}
Send message {NodeScanStatus, MessagePack, 78 bytes}
Send message {NodeScanStatus, MessagePack, 81 bytes}
Send message {Progress, MessagePack, 4 bytes}
Send message {NodeScanStatus, MessagePack, 85 bytes}
Send message {NodeScanStatus, MessagePack, 84 bytes}
Send message {NodeScanStatus, MessagePack, 84 bytes}
Send message {NodeScanStatus, MessagePack, 90 bytes}
Send message {Progress, MessagePack, 4 bytes}
Send message {NodeScanStatus, MessagePack, 81 bytes}
Send message {NodeScanStatus, MessagePack, 90 bytes}
Send message {NodeScanStatus, MessagePack, 81 bytes}
Send message {NodeScanStatus, MessagePack, 82 bytes}
Send message {Progress, MessagePack, 4 bytes}
Send message {NodeScanStatus, MessagePack, 82 bytes}
Send message {NodeScanStatus, MessagePack, 78 bytes}
Send message {NodeScanStatus, MessagePack, 81 bytes}
Send message {NodeScanStatus, MessagePack, 78 bytes}
Send message {Progress, MessagePack, 4 bytes}
Send message {NodeScanStatus, MessagePack, 78 bytes}
Send message {NodeScanStatus, MessagePack, 78 bytes}
Send message {NodeScanStatus, MessagePack, 81 bytes}
Send message {NodeScanStatus, MessagePack, 90 bytes}
Send message {Progress, MessagePack, 4 bytes}
Send message {NodeScanStatus, MessagePack, 81 bytes}
Send message {NodeScanStatus, MessagePack, 90 bytes}
Send message {NodeScanStatus, MessagePack, 88 bytes}
Send message {NodeScanStatus, MessagePack, 81 bytes}
Send message {NodeScanStatus, MessagePack, 81 bytes}
Send message {NodeScanStatus, MessagePack, 88 bytes}
Send message {Progress, MessagePack, 4 bytes}
Send message {NodeScanStatus, MessagePack, 88 bytes}
Send message {NodeScanStatus, MessagePack, 119 bytes}
Send message {NodeScanStatus, MessagePack, 88 bytes}
Send message {NodeScanStatus, MessagePack, 84 bytes}
Send message {Progress, MessagePack, 4 bytes}
Send message {NodeScanStatus, MessagePack, 119 bytes}
Send message {NodeScanStatus, MessagePack, 112 bytes}
Send message {NodeScanStatus, MessagePack, 84 bytes}
Send message {NodeScanStatus, MessagePack, 84 bytes}
Send message {Progress, MessagePack, 4 bytes}
Send message {NodeScanStatus, MessagePack, 112 bytes}
Send message {NodeScanStatus, MessagePack, 121 bytes}
Send message {NodeScanStatus, MessagePack, 84 bytes}
Send message {NodeScanStatus, MessagePack, 84 bytes}
Send message {Progress, MessagePack, 4 bytes}
Send message {NodeScanStatus, MessagePack, 121 bytes}
Send message {NodeScanStatus, MessagePack, 108 bytes}
Send message {NodeScanStatus, MessagePack, 84 bytes}
Send message {NodeScanStatus, MessagePack, 76 bytes}
Send message {Progress, MessagePack, 4 bytes}
Send message {NodeScanStatus, MessagePack, 108 bytes}
Send message {NodeScanStatus, MessagePack, 114 bytes}
Send message {NodeScanStatus, MessagePack, 114 bytes}
Send message {NodeScanStatus, MessagePack, 125 bytes}
Send message {Progress, MessagePack, 4 bytes}
Send message {NodeScanStatus, MessagePack, 125 bytes}
Send message {NodeScanStatus, MessagePack, 123 bytes}
Send message {NodeScanStatus, MessagePack, 77 bytes}
Send message {NodeScanStatus, MessagePack, 126 bytes}
Send message {Progress, MessagePack, 4 bytes}
Send message {NodeScanStatus, MessagePack, 126 bytes}
Send message {NodeScanStatus, MessagePack, 125 bytes}
Send message {NodeScanStatus, MessagePack, 123 bytes}
Send message {NodeScanStatus, MessagePack, 117 bytes}
Send message {Progress, MessagePack, 4 bytes}
Send message {NodeScanStatus, MessagePack, 125 bytes}
Send message {NodeScanStatus, MessagePack, 124 bytes}
Send message {NodeScanStatus, MessagePack, 117 bytes}
Send message {NodeScanStatus, MessagePack, 142 bytes}
Send message {Progress, MessagePack, 4 bytes}
Send message {NodeScanStatus, MessagePack, 142 bytes}
Send message {NodeScanStatus, MessagePack, 144 bytes}
Send message {NodeScanStatus, MessagePack, 144 bytes}
Send message {NodeScanStatus, MessagePack, 138 bytes}
Send message {Progress, MessagePack, 4 bytes}
Send message {NodeScanStatus, MessagePack, 138 bytes}
Send message {NodeScanStatus, MessagePack, 146 bytes}
Send message {NodeScanStatus, MessagePack, 146 bytes}
Send message {NodeScanStatus, MessagePack, 145 bytes}
Send message {NodeScanStatus, MessagePack, 145 bytes}
Send message {NodeScanStatus, MessagePack, 131 bytes}
Send message {IssueDetected, MessagePack, 321 bytes}
Send message {Progress, MessagePack, 4 bytes}
Send message {NodeScanStatus, MessagePack, 131 bytes}
Send message {NodeScanStatus, MessagePack, 143 bytes}
Send message {NodeScanStatus, MessagePack, 93 bytes}
Send message {NodeScanStatus, MessagePack, 92 bytes}
Send message {Progress, MessagePack, 4 bytes}
Send message {NodeScanStatus, MessagePack, 76 bytes}
Send message {NodeScanStatus, MessagePack, 112 bytes}
Send message {NodeScanStatus, MessagePack, 143 bytes}
Send message {NodeScanStatus, MessagePack, 140 bytes}
Send message {Progress, MessagePack, 4 bytes}
Send message {NodeScanStatus, MessagePack, 112 bytes}
Send message {NodeScanStatus, MessagePack, 111 bytes}
Send message {NodeScanStatus, MessagePack, 140 bytes}
Send message {NodeScanStatus, MessagePack, 142 bytes}
Send message {Progress, MessagePack, 4 bytes}
Send message {NodeScanStatus, MessagePack, 111 bytes}
Send message {NodeScanStatus, MessagePack, 142 bytes}
Send message {NodeScanStatus, MessagePack, 111 bytes}
Send message {NodeScanStatus, MessagePack, 138 bytes}
Send message {Progress, MessagePack, 4 bytes}
Send message {NodeScanStatus, MessagePack, 111 bytes}
Send message {NodeScanStatus, MessagePack, 143 bytes}
Send message {NodeScanStatus, MessagePack, 138 bytes}
Send message {NodeScanStatus, MessagePack, 137 bytes}
Send message {Progress, MessagePack, 4 bytes}
Send message {NodeScanStatus, MessagePack, 137 bytes}
Send message {NodeScanStatus, MessagePack, 132 bytes}
Send message {NodeScanStatus, MessagePack, 92 bytes}
Send message {NodeScanStatus, MessagePack, 137 bytes}
Send message {Progress, MessagePack, 4 bytes}
Send message {NodeScanStatus, MessagePack, 137 bytes}
Send message {NodeScanStatus, MessagePack, 134 bytes}
Send message {NodeScanStatus, MessagePack, 143 bytes}
Send message {NodeScanStatus, MessagePack, 146 bytes}
Send message {IssueDetected, MessagePack, 324 bytes}
Send message {Progress, MessagePack, 4 bytes}
Send message {NodeScanStatus, MessagePack, 134 bytes}
Send message {NodeScanStatus, MessagePack, 144 bytes}
Send message {NodeScanStatus, MessagePack, 146 bytes}
Send message {NodeScanStatus, MessagePack, 141 bytes}
Send message {Progress, MessagePack, 4 bytes}
Send message {NodeScanStatus, MessagePack, 144 bytes}
Send message {NodeScanStatus, MessagePack, 141 bytes}
Send message {NodeScanStatus, MessagePack, 141 bytes}
Send message {NodeScanStatus, MessagePack, 141 bytes}
Send message {Progress, MessagePack, 4 bytes}
Send message {NodeScanStatus, MessagePack, 132 bytes}
Send message {NodeScanStatus, MessagePack, 141 bytes}
Send message {NodeScanStatus, MessagePack, 140 bytes}
Send message {NodeScanStatus, MessagePack, 139 bytes}
Send message {NodeScanStatus, MessagePack, 139 bytes}
Send message {NodeScanStatus, MessagePack, 138 bytes}
Send message {Progress, MessagePack, 4 bytes}
Send message {NodeScanStatus, MessagePack, 124 bytes}
Send message {NodeScanStatus, MessagePack, 138 bytes}
Send message {NodeScanStatus, MessagePack, 122 bytes}
Send message {NodeScanStatus, MessagePack, 136 bytes}
Send message {Progress, MessagePack, 4 bytes}
Send message {NodeScanStatus, MessagePack, 136 bytes}
Send message {NodeScanStatus, MessagePack, 140 bytes}
Send message {NodeScanStatus, MessagePack, 142 bytes}
Send message {NodeScanStatus, MessagePack, 137 bytes}
Send message {Progress, MessagePack, 4 bytes}
Send message {NodeScanStatus, MessagePack, 142 bytes}
Send message {NodeScanStatus, MessagePack, 154 bytes}
Send message {NodeScanStatus, MessagePack, 137 bytes}
Send message {NodeScanStatus, MessagePack, 140 bytes}
Send message {Progress, MessagePack, 4 bytes}
Send message {NodeScanStatus, MessagePack, 141 bytes}
Send message {NodeScanStatus, MessagePack, 138 bytes}
Send message {NodeScanStatus, MessagePack, 122 bytes}
Send message {NodeScanStatus, MessagePack, 151 bytes}
Send message {Progress, MessagePack, 4 bytes}
Send message {NodeScanStatus, MessagePack, 154 bytes}
Send message {NodeScanStatus, MessagePack, 146 bytes}
Send message {NodeScanStatus, MessagePack, 138 bytes}
Send message {NodeScanStatus, MessagePack, 137 bytes}
Send message {Progress, MessagePack, 4 bytes}
Send message {NodeScanStatus, MessagePack, 151 bytes}
Send message {NodeScanStatus, MessagePack, 160 bytes}
Send message {NodeScanStatus, MessagePack, 146 bytes}
Send message {NodeScanStatus, MessagePack, 145 bytes}
Send message {Progress, MessagePack, 4 bytes}
Send message {NodeScanStatus, MessagePack, 140 bytes}
Send message {NodeScanStatus, MessagePack, 146 bytes}
Send message {NodeScanStatus, MessagePack, 146 bytes}
Send message {NodeScanStatus, MessagePack, 132 bytes}
Send message {Progress, MessagePack, 4 bytes}
Send message {NodeScanStatus, MessagePack, 145 bytes}
Send message {NodeScanStatus, MessagePack, 146 bytes}
Send message {NodeScanStatus, MessagePack, 132 bytes}
Send message {NodeScanStatus, MessagePack, 139 bytes}
Send message {Progress, MessagePack, 4 bytes}
Send message {NodeScanStatus, MessagePack, 160 bytes}
Send message {NodeScanStatus, MessagePack, 161 bytes}
Send message {IssueDetected, MessagePack, 1284 bytes}
Send message {NodeScanStatus, MessagePack, 137 bytes}
Send message {NodeScanStatus, MessagePack, 138 bytes}
Send message {Progress, MessagePack, 4 bytes}
Send message {NodeScanStatus, MessagePack, 138 bytes}
Send message {NodeScanStatus, MessagePack, 137 bytes}
Send message {NodeScanStatus, MessagePack, 139 bytes}
Send message {NodeScanStatus, MessagePack, 147 bytes}
Send message {IssueDetected, MessagePack, 459 bytes}
Send message {IssueDetected, MessagePack, 431 bytes}
Send message {NodeScanStatus, MessagePack, 147 bytes}
Send message {NodeScanStatus, MessagePack, 150 bytes}
Send message {Progress, MessagePack, 4 bytes}
Send message {NodeScanStatus, MessagePack, 150 bytes}
Send message {NodeScanStatus, MessagePack, 149 bytes}
Send message {NodeScanStatus, MessagePack, 149 bytes}
Send message {NodeScanStatus, MessagePack, 151 bytes}
Send message {Progress, MessagePack, 4 bytes}
Send message {NodeScanStatus, MessagePack, 151 bytes}
Send message {NodeScanStatus, MessagePack, 146 bytes}
Send message {NodeScanStatus, MessagePack, 141 bytes}
Send message {NodeScanStatus, MessagePack, 151 bytes}
Send message {IssueDetected, MessagePack, 812 bytes}
Send message {Progress, MessagePack, 4 bytes}
Send message {NodeScanStatus, MessagePack, 137 bytes}
Send message {NodeScanStatus, MessagePack, 145 bytes}
Send message {NodeScanStatus, MessagePack, 145 bytes}
Send message {NodeScanStatus, MessagePack, 148 bytes}
Send message {Progress, MessagePack, 4 bytes}
Send message {NodeScanStatus, MessagePack, 148 bytes}
Send message {NodeScanStatus, MessagePack, 147 bytes}
Send message {NodeScanStatus, MessagePack, 147 bytes}
Send message {NodeScanStatus, MessagePack, 143 bytes}
Send message {Progress, MessagePack, 4 bytes}
Send message {NodeScanStatus, MessagePack, 151 bytes}
Send message {NodeScanStatus, MessagePack, 143 bytes}
Send message {NodeScanStatus, MessagePack, 152 bytes}
Send message {NodeScanStatus, MessagePack, 146 bytes}
Send message {Progress, MessagePack, 4 bytes}
Send message {NodeScanStatus, MessagePack, 141 bytes}
Send message {NodeScanStatus, MessagePack, 146 bytes}
Send message {NodeScanStatus, MessagePack, 134 bytes}
Send message {NodeScanStatus, MessagePack, 143 bytes}
Send message {Progress, MessagePack, 4 bytes}
Send message {NodeScanStatus, MessagePack, 134 bytes}
Send message {NodeScanStatus, MessagePack, 143 bytes}
Send message {NodeScanStatus, MessagePack, 149 bytes}
Send message {NodeScanStatus, MessagePack, 143 bytes}
Send message {Progress, MessagePack, 4 bytes}
Send message {NodeScanStatus, MessagePack, 143 bytes}
Send message {NodeScanStatus, MessagePack, 152 bytes}
Send message {NodeScanStatus, MessagePack, 149 bytes}
Send message {NodeScanStatus, MessagePack, 146 bytes}
Send message {Progress, MessagePack, 4 bytes}
Send message {NodeScanStatus, MessagePack, 152 bytes}
Send message {NodeScanStatus, MessagePack, 147 bytes}
Send message {NodeScanStatus, MessagePack, 152 bytes}
Send message {Progress, MessagePack, 4 bytes}
Send message {NodeScanStatus, MessagePack, 146 bytes}
Send message {NodeScanStatus, MessagePack, 146 bytes}
Send message {NodeScanStatus, MessagePack, 147 bytes}
Send message {NodeScanStatus, MessagePack, 149 bytes}
Send message {NodeScanStatus, MessagePack, 146 bytes}
Send message {NodeScanStatus, MessagePack, 146 bytes}
Send message {NodeScanStatus, MessagePack, 142 bytes}
Send message {Progress, MessagePack, 4 bytes}
Send message {NodeScanStatus, MessagePack, 149 bytes}
Send message {NodeScanStatus, MessagePack, 156 bytes}
Send message {NodeScanStatus, MessagePack, 142 bytes}
Send message {NodeScanStatus, MessagePack, 145 bytes}
Send message {Progress, MessagePack, 4 bytes}
Send message {NodeScanStatus, MessagePack, 145 bytes}
Send message {NodeScanStatus, MessagePack, 142 bytes}
Send message {NodeScanStatus, MessagePack, 156 bytes}
Send message {Progress, MessagePack, 4 bytes}
Send message {NodeScanStatus, MessagePack, 146 bytes}
Send message {NodeScanStatus, MessagePack, 153 bytes}
Send message {NodeScanStatus, MessagePack, 142 bytes}
Send message {NodeScanStatus, MessagePack, 144 bytes}
Send message {NodeScanStatus, MessagePack, 145 bytes}
Send message {Progress, MessagePack, 4 bytes}
Send message {NodeScanStatus, MessagePack, 153 bytes}
Send message {NodeScanStatus, MessagePack, 153 bytes}
Send message {NodeScanStatus, MessagePack, 145 bytes}
Send message {NodeScanStatus, MessagePack, 149 bytes}
Send message {Progress, MessagePack, 4 bytes}
Send message {NodeScanStatus, MessagePack, 153 bytes}
Send message {NodeScanStatus, MessagePack, 149 bytes}
Send message {NodeScanStatus, MessagePack, 152 bytes}
Send message {NodeScanStatus, MessagePack, 146 bytes}
Send message {Progress, MessagePack, 4 bytes}
Send message {NodeScanStatus, MessagePack, 152 bytes}
Send message {NodeScanStatus, MessagePack, 146 bytes}
Send message {NodeScanStatus, MessagePack, 158 bytes}
Send message {NodeScanStatus, MessagePack, 149 bytes}
Send message {Progress, MessagePack, 4 bytes}
Send message {NodeScanStatus, MessagePack, 158 bytes}
Send message {NodeScanStatus, MessagePack, 150 bytes}
Send message {NodeScanStatus, MessagePack, 149 bytes}
Send message {Progress, MessagePack, 4 bytes}
Send message {NodeScanStatus, MessagePack, 182 bytes}
Send message {NodeScanStatus, MessagePack, 150 bytes}
Send message {NodeScanStatus, MessagePack, 146 bytes}
Send message {NodeScanStatus, MessagePack, 182 bytes}
Send message {NodeScanStatus, MessagePack, 193 bytes}
Send message {Progress, MessagePack, 4 bytes}
Send message {NodeScanStatus, MessagePack, 146 bytes}
Send message {NodeScanStatus, MessagePack, 158 bytes}
Send message {NodeScanStatus, MessagePack, 193 bytes}
Send message {Progress, MessagePack, 4 bytes}
Send message {NodeScanStatus, MessagePack, 191 bytes}
Send message {NodeScanStatus, MessagePack, 161 bytes}
Send message {NodeScanStatus, MessagePack, 158 bytes}
Send message {NodeScanStatus, MessagePack, 160 bytes}
Send message {NodeScanStatus, MessagePack, 149 bytes}
Send message {NodeScanStatus, MessagePack, 191 bytes}
Send message {NodeScanStatus, MessagePack, 185 bytes}
Send message {Progress, MessagePack, 4 bytes}
Send message {NodeScanStatus, MessagePack, 149 bytes}
Send message {NodeScanStatus, MessagePack, 156 bytes}
Send message {NodeScanStatus, MessagePack, 185 bytes}
Send message {Progress, MessagePack, 4 bytes}
Send message {NodeScanStatus, MessagePack, 144 bytes}
Send message {NodeScanStatus, MessagePack, 156 bytes}
Send message {NodeScanStatus, MessagePack, 180 bytes}
Send message {NodeScanStatus, MessagePack, 152 bytes}
Send message {Progress, MessagePack, 4 bytes}
Send message {NodeScanStatus, MessagePack, 152 bytes}
Send message {NodeScanStatus, MessagePack, 180 bytes}
Send message {NodeScanStatus, MessagePack, 152 bytes}
Send message {NodeScanStatus, MessagePack, 179 bytes}
Send message {Progress, MessagePack, 4 bytes}
Send message {NodeScanStatus, MessagePack, 152 bytes}
Send message {NodeScanStatus, MessagePack, 179 bytes}
Send message {NodeScanStatus, MessagePack, 152 bytes}
Send message {NodeScanStatus, MessagePack, 179 bytes}
Send message {Progress, MessagePack, 4 bytes}
Send message {NodeScanStatus, MessagePack, 179 bytes}
Send message {NodeScanStatus, MessagePack, 187 bytes}
Send message {NodeScanStatus, MessagePack, 152 bytes}
Send message {Progress, MessagePack, 4 bytes}
Send message {NodeScanStatus, MessagePack, 187 bytes}
Send message {NodeScanStatus, MessagePack, 160 bytes}
Send message {NodeScanStatus, MessagePack, 180 bytes}
Send message {NodeScanStatus, MessagePack, 149 bytes}
Send message {Progress, MessagePack, 4 bytes}
Send message {NodeScanStatus, MessagePack, 180 bytes}
Send message {NodeScanStatus, MessagePack, 189 bytes}
Send message {NodeScanStatus, MessagePack, 189 bytes}
Send message {NodeScanStatus, MessagePack, 176 bytes}
Send message {Progress, MessagePack, 4 bytes}
Send message {NodeScanStatus, MessagePack, 176 bytes}
Send message {NodeScanStatus, MessagePack, 149 bytes}
Send message {NodeScanStatus, MessagePack, 149 bytes}
Send message {Progress, MessagePack, 4 bytes}
Send message {NodeScanStatus, MessagePack, 149 bytes}
Send message {NodeScanStatus, MessagePack, 154 bytes}
Send message {NodeScanStatus, MessagePack, 154 bytes}
Send message {NodeScanStatus, MessagePack, 145 bytes}
Send message {NodeScanStatus, MessagePack, 145 bytes}
Send message {Progress, MessagePack, 4 bytes}
Send message {ScanDone, ByteArray, 0 bytes}
Elapsed time of the 'Scan' stage: 00:00:29.5074312
Send message {Progress, MessagePack, 4 bytes}
Send message {FinalizeDone, ByteArray, 0 bytes}
Elapsed time of the 'Finalize' stage: 00:00:00.0047455
Core was stopped due to an error
