ParsingException in "/home/amir/CTF/MCTF/2024/Stud/final/approve_me/frontend/vite.config.ts": no viable alternative at input 'react from' at [2,14..18).
ParsingException in "/home/amir/CTF/MCTF/2024/Stud/final/zbnk/zbnk/model/balanceModel.php": no viable alternative at input 'private ?' at [12,13..14).
ParsingException in "/home/amir/CTF/MCTF/2024/Stud/final/zbnk/zbnk/helper/currency.php": extraneous input '?' expecting {'abstract', 'array', 'as', 'binary', BoolType, BooleanConstant, 'break', 'callable', 'case', 'catch', 'class', 'clone', 'const', 'continue', 'declare', 'default', 'do', 'real', 'double', 'echo', 'else', 'elseif', 'empty', 'enddeclare', 'endfor', 'endforeach', 'endif', 'endswitch', 'endwhile', 'eval', 'die', 'extends', 'final', 'finally', 'float', 'for', 'foreach', 'function', 'global', ... 'require_once', 'resource', 'return', 'static', 'string', 'switch', 'throw', 'trait', 'try', 'clrtypeof', UintCast, 'unicode', 'unset', 'use', 'var', 'while', 'yield', 'from', '__get', '__set', '__call', '__callstatic', '__construct', '__destruct', '__wakeup', '__sleep', '__autoload', '__isset', '__unset', '__tostring', '__invoke', '__set_state', '__clone', '__debuginfo', '__namespace__', '__class__', '__trait__', '__function__', '__method__', '__line__', '__file__', '__dir__', Label} at [8,79..80).
ParsingException in "/home/amir/CTF/MCTF/2024/Stud/final/zbnk/zbnk/model/balanceModel.php": no viable alternative at input 'private float' at [13,13..18).
ParsingException in "/home/amir/CTF/MCTF/2024/Stud/final/zbnk/zbnk/model/balanceModel.php": no viable alternative at input 'private float' at [14,13..18).
ParsingException in "/home/amir/CTF/MCTF/2024/Stud/final/zbnk/zbnk/model/balanceModel.php": no viable alternative at input 'private float' at [15,13..18).
ParsingException in "/home/amir/CTF/MCTF/2024/Stud/final/zbnk/zbnk/model/balanceModel.php": no viable alternative at input 'public function' at [17,12..20).
ParsingException in "/home/amir/CTF/MCTF/2024/Stud/final/zbnk/zbnk/model/balanceModel.php": no viable alternative at input 'public static' at [25,12..18).
ParsingException in "/home/amir/CTF/MCTF/2024/Stud/final/zbnk/zbnk/model/balanceModel.php": extraneous input 'create' expecting {'&', '('} at [25,28..34).
ParsingException in "/home/amir/CTF/MCTF/2024/Stud/final/zbnk/zbnk/model/balanceModel.php": extraneous input '?' expecting {'abstract', 'array', 'as', 'binary', BoolType, BooleanConstant, 'break', 'callable', 'case', 'catch', 'class', 'clone', 'const', 'continue', 'declare', 'default', 'do', 'real', 'double', 'echo', 'else', 'elseif', 'empty', 'enddeclare', 'endfor', 'endforeach', 'endif', 'endswitch', 'endwhile', 'eval', 'die', 'extends', 'final', 'finally', 'float', 'for', 'foreach', 'function', ... 'require_once', 'resource', 'return', 'static', 'string', 'switch', 'throw', 'trait', 'try', 'clrtypeof', UintCast, 'unicode', 'unset', 'use', 'var', 'while', 'yield', 'from', '__get', '__set', '__call', '__callstatic', '__construct', '__destruct', '__wakeup', '__sleep', '__autoload', '__isset', '__unset', '__tostring', '__invoke', '__set_state', '__clone', '__debuginfo', '__namespace__', '__class__', '__trait__', '__function__', '__method__', '__line__', '__file__', '__dir__', '\', Label} at [25,43..44).
ParsingException in "/home/amir/CTF/MCTF/2024/Stud/final/zbnk/zbnk/model/balanceModel.php": missing ';' at 'public' at [50,5..11).
ParsingException in "/home/amir/CTF/MCTF/2024/Stud/final/zbnk/zbnk/model/balanceModel.php": extraneous input 'exists' expecting {'&', '('} at [50,28..34).
ParsingException in "/home/amir/CTF/MCTF/2024/Stud/final/zbnk/zbnk/model/balanceModel.php": extraneous input '?' expecting {'abstract', 'array', 'as', 'binary', BoolType, BooleanConstant, 'break', 'callable', 'case', 'catch', 'class', 'clone', 'const', 'continue', 'declare', 'default', 'do', 'real', 'double', 'echo', 'else', 'elseif', 'empty', 'enddeclare', 'endfor', 'endforeach', 'endif', 'endswitch', 'endwhile', 'eval', 'die', 'extends', 'final', 'finally', 'float', 'for', 'foreach', 'function', ... 'require_once', 'resource', 'return', 'static', 'string', 'switch', 'throw', 'trait', 'try', 'clrtypeof', UintCast, 'unicode', 'unset', 'use', 'var', 'while', 'yield', 'from', '__get', '__set', '__call', '__callstatic', '__construct', '__destruct', '__wakeup', '__sleep', '__autoload', '__isset', '__unset', '__tostring', '__invoke', '__set_state', '__clone', '__debuginfo', '__namespace__', '__class__', '__trait__', '__function__', '__method__', '__line__', '__file__', '__dir__', '\', Label} at [50,43..44).
ParsingException in "/home/amir/CTF/MCTF/2024/Stud/final/zbnk/zbnk/model/balanceModel.php": missing ';' at 'public' at [68,5..11).
ParsingException in "/home/amir/CTF/MCTF/2024/Stud/final/zbnk/zbnk/helper/jwt.php": no viable alternative at input 'private static ?' at [11,20..21).
ParsingException in "/home/amir/CTF/MCTF/2024/Stud/final/zbnk/zbnk/helper/jwt.php": no viable alternative at input 'private static' at [13,13..19).
ParsingException in "/home/amir/CTF/MCTF/2024/Stud/final/zbnk/zbnk/helper/jwt.php": extraneous input 'set' expecting {'&', '('} at [13,29..32).
ParsingException in "/home/amir/CTF/MCTF/2024/Stud/final/zbnk/zbnk/helper/jwt.php": missing ';' at 'public' at [21,5..11).
ParsingException in "/home/amir/CTF/MCTF/2024/Stud/final/zbnk/zbnk/helper/jwt.php": extraneous input 'validate_jwt' expecting {'&', '('} at [21,28..40).
ParsingException in "/home/amir/CTF/MCTF/2024/Stud/final/zbnk/zbnk/model/balanceModel.php": no viable alternative at input 'public function' at [83,12..20).
ParsingException in "/home/amir/CTF/MCTF/2024/Stud/final/zbnk/zbnk/model/kopilkaModel.php": no viable alternative at input 'private ?' at [11,13..14).
ParsingException in "/home/amir/CTF/MCTF/2024/Stud/final/zbnk/zbnk/model/kopilkaModel.php": no viable alternative at input 'private string' at [13,13..19).
ParsingException in "/home/amir/CTF/MCTF/2024/Stud/final/zbnk/zbnk/model/kopilkaModel.php": no viable alternative at input 'private string' at [15,13..19).
ParsingException in "/home/amir/CTF/MCTF/2024/Stud/final/zbnk/zbnk/model/kopilkaModel.php": no viable alternative at input 'private string' at [16,13..19).
ParsingException in "/home/amir/CTF/MCTF/2024/Stud/final/zbnk/zbnk/model/kopilkaModel.php": no viable alternative at input 'private float' at [18,13..18).
ParsingException in "/home/amir/CTF/MCTF/2024/Stud/final/zbnk/zbnk/model/kopilkaModel.php": no viable alternative at input 'private float' at [19,13..18).
ParsingException in "/home/amir/CTF/MCTF/2024/Stud/final/zbnk/zbnk/model/kopilkaModel.php": no viable alternative at input 'public function' at [21,12..20).
ParsingException in "/home/amir/CTF/MCTF/2024/Stud/final/zbnk/zbnk/model/kopilkaModel.php": no viable alternative at input 'public static' at [31,12..18).
ParsingException in "/home/amir/CTF/MCTF/2024/Stud/final/zbnk/zbnk/model/kopilkaModel.php": extraneous input 'create' expecting {'&', '('} at [31,28..34).
ParsingException in "/home/amir/CTF/MCTF/2024/Stud/final/zbnk/zbnk/model/kopilkaModel.php": extraneous input '?' expecting {'abstract', 'array', 'as', 'binary', BoolType, BooleanConstant, 'break', 'callable', 'case', 'catch', 'class', 'clone', 'const', 'continue', 'declare', 'default', 'do', 'real', 'double', 'echo', 'else', 'elseif', 'empty', 'enddeclare', 'endfor', 'endforeach', 'endif', 'endswitch', 'endwhile', 'eval', 'die', 'extends', 'final', 'finally', 'float', 'for', 'foreach', 'function', ... 'require_once', 'resource', 'return', 'static', 'string', 'switch', 'throw', 'trait', 'try', 'clrtypeof', UintCast, 'unicode', 'unset', 'use', 'var', 'while', 'yield', 'from', '__get', '__set', '__call', '__callstatic', '__construct', '__destruct', '__wakeup', '__sleep', '__autoload', '__isset', '__unset', '__tostring', '__invoke', '__set_state', '__clone', '__debuginfo', '__namespace__', '__class__', '__trait__', '__function__', '__method__', '__line__', '__file__', '__dir__', '\', Label} at [31,105..106).
ParsingException in "/home/amir/CTF/MCTF/2024/Stud/final/zbnk/zbnk/model/kopilkaMemberModel.php": extraneous input '?' expecting {'abstract', 'array', 'as', 'binary', BoolType, BooleanConstant, 'break', 'callable', 'case', 'catch', 'class', 'clone', 'const', 'continue', 'declare', 'default', 'do', 'real', 'double', 'echo', 'else', 'elseif', 'empty', 'enddeclare', 'endfor', 'endforeach', 'endif', 'endswitch', 'endwhile', 'eval', 'die', 'extends', 'final', 'finally', 'float', 'for', 'foreach', 'function', ... 'require_once', 'resource', 'return', 'static', 'string', 'switch', 'throw', 'trait', 'try', 'clrtypeof', UintCast, 'unicode', 'unset', 'use', 'var', 'while', 'yield', 'from', '__get', '__set', '__call', '__callstatic', '__construct', '__destruct', '__wakeup', '__sleep', '__autoload', '__isset', '__unset', '__tostring', '__invoke', '__set_state', '__clone', '__debuginfo', '__namespace__', '__class__', '__trait__', '__function__', '__method__', '__line__', '__file__', '__dir__', Label} at [21,73..74).
ParsingException in "/home/amir/CTF/MCTF/2024/Stud/final/zbnk/zbnk/model/balanceModel.php": no viable alternative at input 'public function' at [106,12..20).
ParsingException in "/home/amir/CTF/MCTF/2024/Stud/final/zbnk/zbnk/model/balanceModel.php": no viable alternative at input 'public function' at [113,12..20).
ParsingException in "/home/amir/CTF/MCTF/2024/Stud/final/zbnk/zbnk/helper/jwt.php": missing ';' at 'private' at [31,5..12).
ParsingException in "/home/amir/CTF/MCTF/2024/Stud/final/zbnk/zbnk/helper/jwt.php": extraneous input 'validate_jwt_signature' expecting {'&', '('} at [31,29..51).
ParsingException in "/home/amir/CTF/MCTF/2024/Stud/final/zbnk/zbnk/model/balanceModel.php": no viable alternative at input 'public function' at [122,12..20).
ParsingException in "/home/amir/CTF/MCTF/2024/Stud/final/zbnk/zbnk/model/balanceModel.php": extraneous input '}' expecting {<EOF>, HtmlText, '<?xml', HtmlScriptOpen, HtmlStyleOpen, HtmlDtd, HtmlOpen, HtmlClose, '/>', HtmlSlash, HtmlEquals, HtmlStartQuoteString, HtmlStartDoubleQuoteString, HtmlHex, HtmlDecimal, HtmlName, HtmlEndQuoteString, HtmlQuoteString, HtmlEndDoubleQuoteString, HtmlDoubleQuoteString, ScriptText, HtmlScriptClose, StyleBody, 'abstract', 'array', 'as', 'binary', BoolType, BooleanConstant, ... '__callstatic', '__construct', '__destruct', '__wakeup', '__sleep', '__autoload', '__isset', '__unset', '__tostring', '__invoke', '__set_state', '__clone', '__debuginfo', '__namespace__', '__class__', '__trait__', '__function__', '__method__', '__line__', '__file__', '__dir__', '++', '--', '\', '!', '+', '-', '~', '@', Dollar, '(', '[', OpenCurlyBracket, ';', VarName, Label, Octal, Decimal, Real, Hex, Binary, BackQuoteString, SingleQuoteString, DoubleQuote, StartNowDoc, StartHereDoc} at [126,1..2).
ParsingException in "/home/amir/CTF/MCTF/2024/Stud/final/zbnk/zbnk/model/kopilkaMemberModel.php": mismatched input '|' expecting {OpenCurlyBracket, ';'} at [40,67..68).
ParsingException in "/home/amir/CTF/MCTF/2024/Stud/final/zbnk/zbnk/model/kopilkaModel.php": missing ';' at 'public' at [68,5..11).
ParsingException in "/home/amir/CTF/MCTF/2024/Stud/final/zbnk/zbnk/model/kopilkaModel.php": extraneous input 'exists' expecting {'&', '('} at [68,28..34).
ParsingException in "/home/amir/CTF/MCTF/2024/Stud/final/zbnk/zbnk/model/kopilkaModel.php": extraneous input '?' expecting {'abstract', 'array', 'as', 'binary', BoolType, BooleanConstant, 'break', 'callable', 'case', 'catch', 'class', 'clone', 'const', 'continue', 'declare', 'default', 'do', 'real', 'double', 'echo', 'else', 'elseif', 'empty', 'enddeclare', 'endfor', 'endforeach', 'endif', 'endswitch', 'endwhile', 'eval', 'die', 'extends', 'final', 'finally', 'float', 'for', 'foreach', 'function', ... 'require_once', 'resource', 'return', 'static', 'string', 'switch', 'throw', 'trait', 'try', 'clrtypeof', UintCast, 'unicode', 'unset', 'use', 'var', 'while', 'yield', 'from', '__get', '__set', '__call', '__callstatic', '__construct', '__destruct', '__wakeup', '__sleep', '__autoload', '__isset', '__unset', '__tostring', '__invoke', '__set_state', '__clone', '__debuginfo', '__namespace__', '__class__', '__trait__', '__function__', '__method__', '__line__', '__file__', '__dir__', '\', Label} at [68,43..44).
ParsingException in "/home/amir/CTF/MCTF/2024/Stud/final/zbnk/zbnk/model/kopilkaModel.php": missing ';' at 'public' at [88,5..11).
ParsingException in "/home/amir/CTF/MCTF/2024/Stud/final/zbnk/zbnk/model/kopilkaModel.php": extraneous input 'getUserKopilkas' expecting {'&', '('} at [88,28..43).
ParsingException in "/home/amir/CTF/MCTF/2024/Stud/final/zbnk/zbnk/model/kopilkaModel.php": missing ';' at 'public' at [99,5..11).
ParsingException in "/home/amir/CTF/MCTF/2024/Stud/final/zbnk/zbnk/helper/jwt.php": missing ';' at 'public' at [57,5..11).
ParsingException in "/home/amir/CTF/MCTF/2024/Stud/final/zbnk/zbnk/helper/jwt.php": extraneous input 'generate_jwt' expecting {'&', '('} at [57,28..40).
ParsingException in "/home/amir/CTF/MCTF/2024/Stud/final/zbnk/zbnk/model/kopilkaMemberModel.php": no viable alternative at input 'public static' at [57,12..18).
ParsingException in "/home/amir/CTF/MCTF/2024/Stud/final/zbnk/zbnk/helper/jwt.php": extraneous input '?' expecting {'abstract', 'array', 'as', 'binary', BoolType, BooleanConstant, 'break', 'callable', 'case', 'catch', 'class', 'clone', 'const', 'continue', 'declare', 'default', 'do', 'real', 'double', 'echo', 'else', 'elseif', 'empty', 'enddeclare', 'endfor', 'endforeach', 'endif', 'endswitch', 'endwhile', 'eval', 'die', 'extends', 'final', 'finally', 'float', 'for', 'foreach', 'function', 'global', ... 'require_once', 'resource', 'return', 'static', 'string', 'switch', 'throw', 'trait', 'try', 'clrtypeof', UintCast, 'unicode', 'unset', 'use', 'var', 'while', 'yield', 'from', '__get', '__set', '__call', '__callstatic', '__construct', '__destruct', '__wakeup', '__sleep', '__autoload', '__isset', '__unset', '__tostring', '__invoke', '__set_state', '__clone', '__debuginfo', '__namespace__', '__class__', '__trait__', '__function__', '__method__', '__line__', '__file__', '__dir__', '\', Label} at [57,49..50).
ParsingException in "/home/amir/CTF/MCTF/2024/Stud/final/zbnk/zbnk/model/kopilkaMemberModel.php": extraneous input 'get_kopilkas' expecting {'&', '('} at [57,28..40).
ParsingException in "/home/amir/CTF/MCTF/2024/Stud/final/zbnk/zbnk/model/kopilkaMemberModel.php": mismatched input '}' expecting ';' at [68,1..2).
ParsingException in "/home/amir/CTF/MCTF/2024/Stud/final/zbnk/zbnk/model/userModel.php": no viable alternative at input 'private ?' at [12,13..14).
ParsingException in "/home/amir/CTF/MCTF/2024/Stud/final/zbnk/zbnk/model/kopilkaModel.php": no viable alternative at input 'public function' at [114,12..20).
ParsingException in "/home/amir/CTF/MCTF/2024/Stud/final/zbnk/zbnk/model/kopilkaModel.php": no viable alternative at input 'public function' at [119,12..20).
ParsingException in "/home/amir/CTF/MCTF/2024/Stud/final/zbnk/zbnk/model/kopilkaModel.php": no viable alternative at input 'public function' at [124,12..20).
ParsingException in "/home/amir/CTF/MCTF/2024/Stud/final/zbnk/zbnk/model/userModel.php": no viable alternative at input 'private string' at [13,13..19).
ParsingException in "/home/amir/CTF/MCTF/2024/Stud/final/zbnk/zbnk/model/kopilkaModel.php": no viable alternative at input 'public function' at [129,12..20).
ParsingException in "/home/amir/CTF/MCTF/2024/Stud/final/zbnk/zbnk/model/userModel.php": no viable alternative at input 'public function' at [15,12..20).
ParsingException in "/home/amir/CTF/MCTF/2024/Stud/final/zbnk/zbnk/model/userModel.php": no viable alternative at input 'public static' at [21,12..18).
ParsingException in "/home/amir/CTF/MCTF/2024/Stud/final/zbnk/zbnk/model/kopilkaModel.php": no viable alternative at input 'public function' at [134,12..20).
ParsingException in "/home/amir/CTF/MCTF/2024/Stud/final/zbnk/zbnk/model/userModel.php": extraneous input 'create' expecting {'&', '('} at [21,28..34).
ParsingException in "/home/amir/CTF/MCTF/2024/Stud/final/zbnk/zbnk/model/userModel.php": no viable alternative at input 'self|' at [21,51..52).
ParsingException in "/home/amir/CTF/MCTF/2024/Stud/final/zbnk/zbnk/model/kopilkaModel.php": no viable alternative at input 'public function' at [139,12..20).
ParsingException in "/home/amir/CTF/MCTF/2024/Stud/final/zbnk/zbnk/model/kopilkaModel.php": no viable alternative at input 'public function' at [144,12..20).
ParsingException in "/home/amir/CTF/MCTF/2024/Stud/final/zbnk/zbnk/model/userModel.php": missing ';' at '{' at [22,5..6).
ParsingException in "/home/amir/CTF/MCTF/2024/Stud/final/zbnk/zbnk/helper/jwt.php": missing ';' at 'public' at [69,5..11).
ParsingException in "/home/amir/CTF/MCTF/2024/Stud/final/zbnk/zbnk/helper/jwt.php": extraneous input 'get_uuid_from_jwt' expecting {'&', '('} at [69,28..45).
ParsingException in "/home/amir/CTF/MCTF/2024/Stud/final/zbnk/zbnk/helper/jwt.php": extraneous input '?' expecting {'abstract', 'array', 'as', 'binary', BoolType, BooleanConstant, 'break', 'callable', 'case', 'catch', 'class', 'clone', 'const', 'continue', 'declare', 'default', 'do', 'real', 'double', 'echo', 'else', 'elseif', 'empty', 'enddeclare', 'endfor', 'endforeach', 'endif', 'endswitch', 'endwhile', 'eval', 'die', 'extends', 'final', 'finally', 'float', 'for', 'foreach', 'function', 'global', ... 'require_once', 'resource', 'return', 'static', 'string', 'switch', 'throw', 'trait', 'try', 'clrtypeof', UintCast, 'unicode', 'unset', 'use', 'var', 'while', 'yield', 'from', '__get', '__set', '__call', '__callstatic', '__construct', '__destruct', '__wakeup', '__sleep', '__autoload', '__isset', '__unset', '__tostring', '__invoke', '__set_state', '__clone', '__debuginfo', '__namespace__', '__class__', '__trait__', '__function__', '__method__', '__line__', '__file__', '__dir__', '\', Label} at [69,53..54).
ParsingException in "/home/amir/CTF/MCTF/2024/Stud/final/zbnk/zbnk/model/userModel.php": no viable alternative at input 'public static' at [45,12..18).
ParsingException in "/home/amir/CTF/MCTF/2024/Stud/final/zbnk/zbnk/model/userModel.php": extraneous input 'exists' expecting {'&', '('} at [45,28..34).
ParsingException in "/home/amir/CTF/MCTF/2024/Stud/final/zbnk/zbnk/model/userModel.php": extraneous input '?' expecting {'abstract', 'array', 'as', 'binary', BoolType, BooleanConstant, 'break', 'callable', 'case', 'catch', 'class', 'clone', 'const', 'continue', 'declare', 'default', 'do', 'real', 'double', 'echo', 'else', 'elseif', 'empty', 'enddeclare', 'endfor', 'endforeach', 'endif', 'endswitch', 'endwhile', 'eval', 'die', 'extends', 'final', 'finally', 'float', 'for', 'foreach', 'function', 'global', ... 'resource', 'return', 'static', 'string', 'switch', 'throw', 'trait', 'try', 'clrtypeof', UintCast, 'unicode', 'unset', 'use', 'var', 'while', 'yield', 'from', '__get', '__set', '__call', '__callstatic', '__construct', '__destruct', '__wakeup', '__sleep', '__autoload', '__isset', '__unset', '__tostring', '__invoke', '__set_state', '__clone', '__debuginfo', '__namespace__', '__class__', '__trait__', '__function__', '__method__', '__line__', '__file__', '__dir__', '\', Label} at [45,43..44).
ParsingException in "/home/amir/CTF/MCTF/2024/Stud/final/zbnk/zbnk/model/userModel.php": missing ';' at 'public' at [61,5..11).
ParsingException in "/home/amir/CTF/MCTF/2024/Stud/final/zbnk/zbnk/helper/jwt.php": missing ';' at 'private' at [91,5..12).
ParsingException in "/home/amir/CTF/MCTF/2024/Stud/final/zbnk/zbnk/helper/jwt.php": extraneous input 'parse_jwt_contents' expecting {'&', '('} at [91,29..47).
ParsingException in "/home/amir/CTF/MCTF/2024/Stud/final/zbnk/zbnk/helper/jwt.php": mismatched input '}' expecting ';' at [98,1..2).
ParsingException in "/home/amir/CTF/MCTF/2024/Stud/final/zbnk/zbnk/model/userModel.php": no viable alternative at input 'public function' at [68,12..20).
ParsingException in "/home/amir/CTF/MCTF/2024/Stud/final/zbnk/zbnk/model/userModel.php": missing ';' at 'EOF' at [73,2).
ParsingException in "/home/amir/CTF/MCTF/2024/Stud/final/zbnk/zbnk/model/kopilkaModel.php": no viable alternative at input 'public function' at [154,12..20).
ParsingException in "/home/amir/CTF/MCTF/2024/Stud/final/zbnk/zbnk/model/kopilkaModel.php": no viable alternative at input 'public function' at [159,12..20).
ParsingException in "/home/amir/CTF/MCTF/2024/Stud/final/zbnk/zbnk/model/kopilkaModel.php": extraneous input '}' expecting {<EOF>, HtmlText, '<?xml', HtmlScriptOpen, HtmlStyleOpen, HtmlDtd, HtmlOpen, HtmlClose, '/>', HtmlSlash, HtmlEquals, HtmlStartQuoteString, HtmlStartDoubleQuoteString, HtmlHex, HtmlDecimal, HtmlName, HtmlEndQuoteString, HtmlQuoteString, HtmlEndDoubleQuoteString, HtmlDoubleQuoteString, ScriptText, HtmlScriptClose, StyleBody, 'abstract', 'array', 'as', 'binary', BoolType, BooleanConstant, ... '__callstatic', '__construct', '__destruct', '__wakeup', '__sleep', '__autoload', '__isset', '__unset', '__tostring', '__invoke', '__set_state', '__clone', '__debuginfo', '__namespace__', '__class__', '__trait__', '__function__', '__method__', '__line__', '__file__', '__dir__', '++', '--', '\', '!', '+', '-', '~', '@', Dollar, '(', '[', OpenCurlyBracket, ';', VarName, Label, Octal, Decimal, Real, Hex, Binary, BackQuoteString, SingleQuoteString, DoubleQuote, StartNowDoc, StartHereDoc} at [163,1..2).
ParsingException in "/home/amir/CTF/MCTF/2024/Stud/final/zbnk/zbnk/lib/sqldispatcher.php": extraneous input '?' expecting {'abstract', 'array', 'as', 'binary', BoolType, BooleanConstant, 'break', 'callable', 'case', 'catch', 'class', 'clone', 'const', 'continue', 'declare', 'default', 'do', 'real', 'double', 'echo', 'else', 'elseif', 'empty', 'enddeclare', 'endfor', 'endforeach', 'endif', 'endswitch', 'endwhile', 'eval', 'die', 'extends', 'final', 'finally', 'float', 'for', 'foreach', 'function', 'global', ... 'require_once', 'resource', 'return', 'static', 'string', 'switch', 'throw', 'trait', 'try', 'clrtypeof', UintCast, 'unicode', 'unset', 'use', 'var', 'while', 'yield', 'from', '__get', '__set', '__call', '__callstatic', '__construct', '__destruct', '__wakeup', '__sleep', '__autoload', '__isset', '__unset', '__tostring', '__invoke', '__set_state', '__clone', '__debuginfo', '__namespace__', '__class__', '__trait__', '__function__', '__method__', '__line__', '__file__', '__dir__', Label} at [17,50..51).
ConversionException in "/home/amir/CTF/MCTF/2024/Stud/final/zbnk/zbnk/lib/router.php": Unable to cast object of type 'PT.PM.Common.Nodes.Punctuator' to type 'PT.PM.Common.Nodes.Expressions.Expression'. at position 6:20 in source file.
ParsingException in "/home/amir/CTF/MCTF/2024/Stud/final/approve_me/frontend/src/api/client.ts": no viable alternative at input 'axios from' at [1,14..18).
ParsingException in "/home/amir/CTF/MCTF/2024/Stud/final/blinbin/backend/src/repositories/comment_repo.py": extraneous input '' expecting {DEDENT, 'def', 'return', 'raise', 'from', 'import', 'global', 'assert', 'if', 'while', 'for', 'try', 'None', 'with', 'lambda', 'class', 'yield', 'del', 'pass', 'continue', 'break', 'exec', 'print', 'async', 'await', 'nonlocal', 'True', 'False', '*', '+', '-', 'not', '~', '@', '...', '`', '(', '{', '[', STRING, FSTRING_TRIPLE_QUOTE, FSTRING_QUOTE, DECIMAL_INTEGER, OCT_INTEGER, HEX_INTEGER, BIN_INTEGER, IMAG_NUMBER, FLOAT_NUMBER, NAME} at [63,9).
ConversionException in "/home/amir/CTF/MCTF/2024/Stud/final/blinbin/frontend/src/router/index.js": Unknow Expression type ChainExpression.
ParsingException in "/home/amir/CTF/MCTF/2024/Stud/final/.ai/Temp/3ff16619cbb34be0a10093ee09fc5cb7/PHP/php/dump/Services.zip/approve_me/frontend/vite.config.ts": no viable alternative at input 'react from' at [2,14..18).
ParsingException in "/home/amir/CTF/MCTF/2024/Stud/final/.ai/Temp/3ff16619cbb34be0a10093ee09fc5cb7/PHP/php/dump/Services.zip/zbnk/zbnk/helper/currency.php": extraneous input '?' expecting {'abstract', 'array', 'as', 'binary', BoolType, BooleanConstant, 'break', 'callable', 'case', 'catch', 'class', 'clone', 'const', 'continue', 'declare', 'default', 'do', 'real', 'double', 'echo', 'else', 'elseif', 'empty', 'enddeclare', 'endfor', 'endforeach', 'endif', 'endswitch', 'endwhile', 'eval', 'die', 'extends', ... 'require_once', 'resource', 'return', 'static', 'string', 'switch', 'throw', 'trait', 'try', 'clrtypeof', UintCast, 'unicode', 'unset', 'use', 'var', 'while', 'yield', 'from', '__get', '__set', '__call', '__callstatic', '__construct', '__destruct', '__wakeup', '__sleep', '__autoload', '__isset', '__unset', '__tostring', '__invoke', '__set_state', '__clone', '__debuginfo', '__namespace__', '__class__', '__trait__', '__function__', '__method__', '__line__', '__file__', '__dir__', Label} at [8,79..80).
ParsingException in "/home/amir/CTF/MCTF/2024/Stud/final/.ai/Temp/3ff16619cbb34be0a10093ee09fc5cb7/PHP/php/dump/Services.zip/zbnk/zbnk/helper/jwt.php": no viable alternative at input 'private static ?' at [11,20..21).
ParsingException in "/home/amir/CTF/MCTF/2024/Stud/final/.ai/Temp/3ff16619cbb34be0a10093ee09fc5cb7/PHP/php/dump/Services.zip/zbnk/zbnk/helper/jwt.php": no viable alternative at input 'private static' at [13,13..19).
ParsingException in "/home/amir/CTF/MCTF/2024/Stud/final/.ai/Temp/3ff16619cbb34be0a10093ee09fc5cb7/PHP/php/dump/Services.zip/zbnk/zbnk/helper/jwt.php": extraneous input 'set' expecting {'&', '('} at [13,29..32).
ParsingException in "/home/amir/CTF/MCTF/2024/Stud/final/.ai/Temp/3ff16619cbb34be0a10093ee09fc5cb7/PHP/php/dump/Services.zip/zbnk/zbnk/helper/jwt.php": missing ';' at 'public' at [21,5..11).
ParsingException in "/home/amir/CTF/MCTF/2024/Stud/final/.ai/Temp/3ff16619cbb34be0a10093ee09fc5cb7/PHP/php/dump/Services.zip/zbnk/zbnk/helper/jwt.php": extraneous input 'validate_jwt' expecting {'&', '('} at [21,28..40).
ParsingException in "/home/amir/CTF/MCTF/2024/Stud/final/.ai/Temp/3ff16619cbb34be0a10093ee09fc5cb7/PHP/php/dump/Services.zip/zbnk/zbnk/helper/jwt.php": missing ';' at 'private' at [31,5..12).
ParsingException in "/home/amir/CTF/MCTF/2024/Stud/final/.ai/Temp/3ff16619cbb34be0a10093ee09fc5cb7/PHP/php/dump/Services.zip/zbnk/zbnk/helper/jwt.php": extraneous input 'validate_jwt_signature' expecting {'&', '('} at [31,29..51).
ParsingException in "/home/amir/CTF/MCTF/2024/Stud/final/.ai/Temp/3ff16619cbb34be0a10093ee09fc5cb7/PHP/php/dump/Services.zip/zbnk/zbnk/helper/jwt.php": missing ';' at 'public' at [57,5..11).
ParsingException in "/home/amir/CTF/MCTF/2024/Stud/final/.ai/Temp/3ff16619cbb34be0a10093ee09fc5cb7/PHP/php/dump/Services.zip/zbnk/zbnk/helper/jwt.php": extraneous input 'generate_jwt' expecting {'&', '('} at [57,28..40).
ParsingException in "/home/amir/CTF/MCTF/2024/Stud/final/.ai/Temp/3ff16619cbb34be0a10093ee09fc5cb7/PHP/php/dump/Services.zip/zbnk/zbnk/helper/jwt.php": extraneous input '?' expecting {'abstract', 'array', 'as', 'binary', BoolType, BooleanConstant, 'break', 'callable', 'case', 'catch', 'class', 'clone', 'const', 'continue', 'declare', 'default', 'do', 'real', 'double', 'echo', 'else', 'elseif', 'empty', 'enddeclare', 'endfor', 'endforeach', 'endif', 'endswitch', 'endwhile', 'eval', 'die', 'extends', ... 'require_once', 'resource', 'return', 'static', 'string', 'switch', 'throw', 'trait', 'try', 'clrtypeof', UintCast, 'unicode', 'unset', 'use', 'var', 'while', 'yield', 'from', '__get', '__set', '__call', '__callstatic', '__construct', '__destruct', '__wakeup', '__sleep', '__autoload', '__isset', '__unset', '__tostring', '__invoke', '__set_state', '__clone', '__debuginfo', '__namespace__', '__class__', '__trait__', '__function__', '__method__', '__line__', '__file__', '__dir__', '\', Label} at [57,49..50).
ParsingException in "/home/amir/CTF/MCTF/2024/Stud/final/.ai/Temp/3ff16619cbb34be0a10093ee09fc5cb7/PHP/php/dump/Services.zip/zbnk/zbnk/helper/jwt.php": missing ';' at 'public' at [69,5..11).
ParsingException in "/home/amir/CTF/MCTF/2024/Stud/final/.ai/Temp/3ff16619cbb34be0a10093ee09fc5cb7/PHP/php/dump/Services.zip/zbnk/zbnk/helper/jwt.php": extraneous input 'get_uuid_from_jwt' expecting {'&', '('} at [69,28..45).
ParsingException in "/home/amir/CTF/MCTF/2024/Stud/final/.ai/Temp/3ff16619cbb34be0a10093ee09fc5cb7/PHP/php/dump/Services.zip/zbnk/zbnk/helper/jwt.php": extraneous input '?' expecting {'abstract', 'array', 'as', 'binary', BoolType, BooleanConstant, 'break', 'callable', 'case', 'catch', 'class', 'clone', 'const', 'continue', 'declare', 'default', 'do', 'real', 'double', 'echo', 'else', 'elseif', 'empty', 'enddeclare', 'endfor', 'endforeach', 'endif', 'endswitch', 'endwhile', 'eval', 'die', 'extends', ... 'require_once', 'resource', 'return', 'static', 'string', 'switch', 'throw', 'trait', 'try', 'clrtypeof', UintCast, 'unicode', 'unset', 'use', 'var', 'while', 'yield', 'from', '__get', '__set', '__call', '__callstatic', '__construct', '__destruct', '__wakeup', '__sleep', '__autoload', '__isset', '__unset', '__tostring', '__invoke', '__set_state', '__clone', '__debuginfo', '__namespace__', '__class__', '__trait__', '__function__', '__method__', '__line__', '__file__', '__dir__', '\', Label} at [69,53..54).
ParsingException in "/home/amir/CTF/MCTF/2024/Stud/final/.ai/Temp/3ff16619cbb34be0a10093ee09fc5cb7/PHP/php/dump/Services.zip/zbnk/zbnk/helper/jwt.php": missing ';' at 'private' at [91,5..12).
ParsingException in "/home/amir/CTF/MCTF/2024/Stud/final/.ai/Temp/3ff16619cbb34be0a10093ee09fc5cb7/PHP/php/dump/Services.zip/zbnk/zbnk/helper/jwt.php": extraneous input 'parse_jwt_contents' expecting {'&', '('} at [91,29..47).
ParsingException in "/home/amir/CTF/MCTF/2024/Stud/final/.ai/Temp/3ff16619cbb34be0a10093ee09fc5cb7/PHP/php/dump/Services.zip/zbnk/zbnk/helper/jwt.php": mismatched input '}' expecting ';' at [98,1..2).
ParsingException in "/home/amir/CTF/MCTF/2024/Stud/final/.ai/Temp/3ff16619cbb34be0a10093ee09fc5cb7/PHP/php/dump/Services.zip/zbnk/zbnk/model/balanceModel.php": no viable alternative at input 'private ?' at [12,13..14).
ParsingException in "/home/amir/CTF/MCTF/2024/Stud/final/.ai/Temp/3ff16619cbb34be0a10093ee09fc5cb7/PHP/php/dump/Services.zip/zbnk/zbnk/model/balanceModel.php": no viable alternative at input 'private float' at [13,13..18).
ParsingException in "/home/amir/CTF/MCTF/2024/Stud/final/.ai/Temp/3ff16619cbb34be0a10093ee09fc5cb7/PHP/php/dump/Services.zip/zbnk/zbnk/model/balanceModel.php": no viable alternative at input 'private float' at [14,13..18).
ParsingException in "/home/amir/CTF/MCTF/2024/Stud/final/.ai/Temp/3ff16619cbb34be0a10093ee09fc5cb7/PHP/php/dump/Services.zip/zbnk/zbnk/model/balanceModel.php": no viable alternative at input 'private float' at [15,13..18).
ParsingException in "/home/amir/CTF/MCTF/2024/Stud/final/.ai/Temp/3ff16619cbb34be0a10093ee09fc5cb7/PHP/php/dump/Services.zip/zbnk/zbnk/model/balanceModel.php": no viable alternative at input 'public function' at [17,12..20).
ParsingException in "/home/amir/CTF/MCTF/2024/Stud/final/.ai/Temp/3ff16619cbb34be0a10093ee09fc5cb7/PHP/php/dump/Services.zip/zbnk/zbnk/model/balanceModel.php": no viable alternative at input 'public static' at [25,12..18).
ParsingException in "/home/amir/CTF/MCTF/2024/Stud/final/.ai/Temp/3ff16619cbb34be0a10093ee09fc5cb7/PHP/php/dump/Services.zip/zbnk/zbnk/model/balanceModel.php": extraneous input 'create' expecting {'&', '('} at [25,28..34).
ParsingException in "/home/amir/CTF/MCTF/2024/Stud/final/.ai/Temp/3ff16619cbb34be0a10093ee09fc5cb7/PHP/php/dump/Services.zip/zbnk/zbnk/model/balanceModel.php": extraneous input '?' expecting {'abstract', 'array', 'as', 'binary', BoolType, BooleanConstant, 'break', 'callable', 'case', 'catch', 'class', 'clone', 'const', 'continue', 'declare', 'default', 'do', 'real', 'double', 'echo', 'else', 'elseif', 'empty', 'enddeclare', 'endfor', 'endforeach', 'endif', 'endswitch', 'endwhile', 'eval', 'die', 'extends', ... 'resource', 'return', 'static', 'string', 'switch', 'throw', 'trait', 'try', 'clrtypeof', UintCast, 'unicode', 'unset', 'use', 'var', 'while', 'yield', 'from', '__get', '__set', '__call', '__callstatic', '__construct', '__destruct', '__wakeup', '__sleep', '__autoload', '__isset', '__unset', '__tostring', '__invoke', '__set_state', '__clone', '__debuginfo', '__namespace__', '__class__', '__trait__', '__function__', '__method__', '__line__', '__file__', '__dir__', '\', Label} at [25,43..44).
ParsingException in "/home/amir/CTF/MCTF/2024/Stud/final/.ai/Temp/3ff16619cbb34be0a10093ee09fc5cb7/PHP/php/dump/Services.zip/zbnk/zbnk/model/balanceModel.php": missing ';' at 'public' at [50,5..11).
ParsingException in "/home/amir/CTF/MCTF/2024/Stud/final/.ai/Temp/3ff16619cbb34be0a10093ee09fc5cb7/PHP/php/dump/Services.zip/zbnk/zbnk/model/balanceModel.php": extraneous input 'exists' expecting {'&', '('} at [50,28..34).
ParsingException in "/home/amir/CTF/MCTF/2024/Stud/final/.ai/Temp/3ff16619cbb34be0a10093ee09fc5cb7/PHP/php/dump/Services.zip/zbnk/zbnk/model/balanceModel.php": extraneous input '?' expecting {'abstract', 'array', 'as', 'binary', BoolType, BooleanConstant, 'break', 'callable', 'case', 'catch', 'class', 'clone', 'const', 'continue', 'declare', 'default', 'do', 'real', 'double', 'echo', 'else', 'elseif', 'empty', 'enddeclare', 'endfor', 'endforeach', 'endif', 'endswitch', 'endwhile', 'eval', 'die', 'extends', ... 'resource', 'return', 'static', 'string', 'switch', 'throw', 'trait', 'try', 'clrtypeof', UintCast, 'unicode', 'unset', 'use', 'var', 'while', 'yield', 'from', '__get', '__set', '__call', '__callstatic', '__construct', '__destruct', '__wakeup', '__sleep', '__autoload', '__isset', '__unset', '__tostring', '__invoke', '__set_state', '__clone', '__debuginfo', '__namespace__', '__class__', '__trait__', '__function__', '__method__', '__line__', '__file__', '__dir__', '\', Label} at [50,43..44).
ParsingException in "/home/amir/CTF/MCTF/2024/Stud/final/.ai/Temp/3ff16619cbb34be0a10093ee09fc5cb7/PHP/php/dump/Services.zip/zbnk/zbnk/model/balanceModel.php": missing ';' at 'public' at [68,5..11).
ParsingException in "/home/amir/CTF/MCTF/2024/Stud/final/.ai/Temp/3ff16619cbb34be0a10093ee09fc5cb7/PHP/php/dump/Services.zip/zbnk/zbnk/model/balanceModel.php": no viable alternative at input 'public function' at [83,12..20).
ParsingException in "/home/amir/CTF/MCTF/2024/Stud/final/.ai/Temp/3ff16619cbb34be0a10093ee09fc5cb7/PHP/php/dump/Services.zip/zbnk/zbnk/model/balanceModel.php": no viable alternative at input 'public function' at [106,12..20).
ParsingException in "/home/amir/CTF/MCTF/2024/Stud/final/.ai/Temp/3ff16619cbb34be0a10093ee09fc5cb7/PHP/php/dump/Services.zip/zbnk/zbnk/model/balanceModel.php": no viable alternative at input 'public function' at [113,12..20).
ParsingException in "/home/amir/CTF/MCTF/2024/Stud/final/.ai/Temp/3ff16619cbb34be0a10093ee09fc5cb7/PHP/php/dump/Services.zip/zbnk/zbnk/model/balanceModel.php": no viable alternative at input 'public function' at [122,12..20).
ParsingException in "/home/amir/CTF/MCTF/2024/Stud/final/.ai/Temp/3ff16619cbb34be0a10093ee09fc5cb7/PHP/php/dump/Services.zip/zbnk/zbnk/model/balanceModel.php": extraneous input '}' expecting {<EOF>, HtmlText, '<?xml', HtmlScriptOpen, HtmlStyleOpen, HtmlDtd, HtmlOpen, HtmlClose, '/>', HtmlSlash, HtmlEquals, HtmlStartQuoteString, HtmlStartDoubleQuoteString, HtmlHex, HtmlDecimal, HtmlName, HtmlEndQuoteString, HtmlQuoteString, HtmlEndDoubleQuoteString, HtmlDoubleQuoteString, ScriptText, HtmlScriptClose, ... '__call', '__callstatic', '__construct', '__destruct', '__wakeup', '__sleep', '__autoload', '__isset', '__unset', '__tostring', '__invoke', '__set_state', '__clone', '__debuginfo', '__namespace__', '__class__', '__trait__', '__function__', '__method__', '__line__', '__file__', '__dir__', '++', '--', '\', '!', '+', '-', '~', '@', Dollar, '(', '[', OpenCurlyBracket, ';', VarName, Label, Octal, Decimal, Real, Hex, Binary, BackQuoteString, SingleQuoteString, DoubleQuote, StartNowDoc, StartHereDoc} at [126,1..2).
ParsingException in "/home/amir/CTF/MCTF/2024/Stud/final/.ai/Temp/3ff16619cbb34be0a10093ee09fc5cb7/PHP/php/dump/Services.zip/zbnk/zbnk/model/userModel.php": no viable alternative at input 'private ?' at [12,13..14).
ParsingException in "/home/amir/CTF/MCTF/2024/Stud/final/.ai/Temp/3ff16619cbb34be0a10093ee09fc5cb7/PHP/php/dump/Services.zip/zbnk/zbnk/model/userModel.php": no viable alternative at input 'private string' at [13,13..19).
ParsingException in "/home/amir/CTF/MCTF/2024/Stud/final/.ai/Temp/3ff16619cbb34be0a10093ee09fc5cb7/PHP/php/dump/Services.zip/zbnk/zbnk/model/userModel.php": no viable alternative at input 'public function' at [15,12..20).
ParsingException in "/home/amir/CTF/MCTF/2024/Stud/final/.ai/Temp/3ff16619cbb34be0a10093ee09fc5cb7/PHP/php/dump/Services.zip/zbnk/zbnk/model/userModel.php": no viable alternative at input 'public static' at [21,12..18).
ParsingException in "/home/amir/CTF/MCTF/2024/Stud/final/.ai/Temp/3ff16619cbb34be0a10093ee09fc5cb7/PHP/php/dump/Services.zip/zbnk/zbnk/model/userModel.php": extraneous input 'create' expecting {'&', '('} at [21,28..34).
ParsingException in "/home/amir/CTF/MCTF/2024/Stud/final/.ai/Temp/3ff16619cbb34be0a10093ee09fc5cb7/PHP/php/dump/Services.zip/zbnk/zbnk/model/userModel.php": no viable alternative at input 'self|' at [21,51..52).
ParsingException in "/home/amir/CTF/MCTF/2024/Stud/final/.ai/Temp/3ff16619cbb34be0a10093ee09fc5cb7/PHP/php/dump/Services.zip/zbnk/zbnk/model/userModel.php": missing ';' at '{' at [22,5..6).
ParsingException in "/home/amir/CTF/MCTF/2024/Stud/final/.ai/Temp/3ff16619cbb34be0a10093ee09fc5cb7/PHP/php/dump/Services.zip/zbnk/zbnk/model/userModel.php": no viable alternative at input 'public static' at [45,12..18).
ParsingException in "/home/amir/CTF/MCTF/2024/Stud/final/.ai/Temp/3ff16619cbb34be0a10093ee09fc5cb7/PHP/php/dump/Services.zip/zbnk/zbnk/model/userModel.php": extraneous input 'exists' expecting {'&', '('} at [45,28..34).
ParsingException in "/home/amir/CTF/MCTF/2024/Stud/final/.ai/Temp/3ff16619cbb34be0a10093ee09fc5cb7/PHP/php/dump/Services.zip/zbnk/zbnk/model/userModel.php": extraneous input '?' expecting {'abstract', 'array', 'as', 'binary', BoolType, BooleanConstant, 'break', 'callable', 'case', 'catch', 'class', 'clone', 'const', 'continue', 'declare', 'default', 'do', 'real', 'double', 'echo', 'else', 'elseif', 'empty', 'enddeclare', 'endfor', 'endforeach', 'endif', 'endswitch', 'endwhile', 'eval', 'die', 'extends', ... 'require_once', 'resource', 'return', 'static', 'string', 'switch', 'throw', 'trait', 'try', 'clrtypeof', UintCast, 'unicode', 'unset', 'use', 'var', 'while', 'yield', 'from', '__get', '__set', '__call', '__callstatic', '__construct', '__destruct', '__wakeup', '__sleep', '__autoload', '__isset', '__unset', '__tostring', '__invoke', '__set_state', '__clone', '__debuginfo', '__namespace__', '__class__', '__trait__', '__function__', '__method__', '__line__', '__file__', '__dir__', '\', Label} at [45,43..44).
ParsingException in "/home/amir/CTF/MCTF/2024/Stud/final/.ai/Temp/3ff16619cbb34be0a10093ee09fc5cb7/PHP/php/dump/Services.zip/zbnk/zbnk/model/userModel.php": missing ';' at 'public' at [61,5..11).
ParsingException in "/home/amir/CTF/MCTF/2024/Stud/final/.ai/Temp/3ff16619cbb34be0a10093ee09fc5cb7/PHP/php/dump/Services.zip/zbnk/zbnk/model/userModel.php": no viable alternative at input 'public function' at [68,12..20).
ParsingException in "/home/amir/CTF/MCTF/2024/Stud/final/.ai/Temp/3ff16619cbb34be0a10093ee09fc5cb7/PHP/php/dump/Services.zip/zbnk/zbnk/model/userModel.php": missing ';' at 'EOF' at [73,2).
ParsingException in "/home/amir/CTF/MCTF/2024/Stud/final/.ai/Temp/3ff16619cbb34be0a10093ee09fc5cb7/PHP/php/dump/Services.zip/zbnk/zbnk/model/kopilkaModel.php": no viable alternative at input 'private ?' at [11,13..14).
ParsingException in "/home/amir/CTF/MCTF/2024/Stud/final/.ai/Temp/3ff16619cbb34be0a10093ee09fc5cb7/PHP/php/dump/Services.zip/zbnk/zbnk/model/kopilkaModel.php": no viable alternative at input 'private string' at [13,13..19).
ParsingException in "/home/amir/CTF/MCTF/2024/Stud/final/.ai/Temp/3ff16619cbb34be0a10093ee09fc5cb7/PHP/php/dump/Services.zip/zbnk/zbnk/model/kopilkaModel.php": no viable alternative at input 'private string' at [15,13..19).
ParsingException in "/home/amir/CTF/MCTF/2024/Stud/final/.ai/Temp/3ff16619cbb34be0a10093ee09fc5cb7/PHP/php/dump/Services.zip/zbnk/zbnk/model/kopilkaModel.php": no viable alternative at input 'private string' at [16,13..19).
ParsingException in "/home/amir/CTF/MCTF/2024/Stud/final/.ai/Temp/3ff16619cbb34be0a10093ee09fc5cb7/PHP/php/dump/Services.zip/zbnk/zbnk/model/kopilkaModel.php": no viable alternative at input 'private float' at [18,13..18).
ParsingException in "/home/amir/CTF/MCTF/2024/Stud/final/.ai/Temp/3ff16619cbb34be0a10093ee09fc5cb7/PHP/php/dump/Services.zip/zbnk/zbnk/model/kopilkaModel.php": no viable alternative at input 'private float' at [19,13..18).
ParsingException in "/home/amir/CTF/MCTF/2024/Stud/final/.ai/Temp/3ff16619cbb34be0a10093ee09fc5cb7/PHP/php/dump/Services.zip/zbnk/zbnk/model/kopilkaModel.php": no viable alternative at input 'public function' at [21,12..20).
ParsingException in "/home/amir/CTF/MCTF/2024/Stud/final/.ai/Temp/3ff16619cbb34be0a10093ee09fc5cb7/PHP/php/dump/Services.zip/zbnk/zbnk/model/kopilkaModel.php": no viable alternative at input 'public static' at [31,12..18).
ParsingException in "/home/amir/CTF/MCTF/2024/Stud/final/.ai/Temp/3ff16619cbb34be0a10093ee09fc5cb7/PHP/php/dump/Services.zip/zbnk/zbnk/model/kopilkaModel.php": extraneous input 'create' expecting {'&', '('} at [31,28..34).
ParsingException in "/home/amir/CTF/MCTF/2024/Stud/final/.ai/Temp/3ff16619cbb34be0a10093ee09fc5cb7/PHP/php/dump/Services.zip/zbnk/zbnk/model/kopilkaModel.php": extraneous input '?' expecting {'abstract', 'array', 'as', 'binary', BoolType, BooleanConstant, 'break', 'callable', 'case', 'catch', 'class', 'clone', 'const', 'continue', 'declare', 'default', 'do', 'real', 'double', 'echo', 'else', 'elseif', 'empty', 'enddeclare', 'endfor', 'endforeach', 'endif', 'endswitch', 'endwhile', 'eval', 'die', 'extends', ... 'resource', 'return', 'static', 'string', 'switch', 'throw', 'trait', 'try', 'clrtypeof', UintCast, 'unicode', 'unset', 'use', 'var', 'while', 'yield', 'from', '__get', '__set', '__call', '__callstatic', '__construct', '__destruct', '__wakeup', '__sleep', '__autoload', '__isset', '__unset', '__tostring', '__invoke', '__set_state', '__clone', '__debuginfo', '__namespace__', '__class__', '__trait__', '__function__', '__method__', '__line__', '__file__', '__dir__', '\', Label} at [31,105..106).
ParsingException in "/home/amir/CTF/MCTF/2024/Stud/final/.ai/Temp/3ff16619cbb34be0a10093ee09fc5cb7/PHP/php/dump/Services.zip/zbnk/zbnk/model/kopilkaModel.php": missing ';' at 'public' at [68,5..11).
ParsingException in "/home/amir/CTF/MCTF/2024/Stud/final/.ai/Temp/3ff16619cbb34be0a10093ee09fc5cb7/PHP/php/dump/Services.zip/zbnk/zbnk/model/kopilkaModel.php": extraneous input 'exists' expecting {'&', '('} at [68,28..34).
ParsingException in "/home/amir/CTF/MCTF/2024/Stud/final/.ai/Temp/3ff16619cbb34be0a10093ee09fc5cb7/PHP/php/dump/Services.zip/zbnk/zbnk/model/kopilkaModel.php": extraneous input '?' expecting {'abstract', 'array', 'as', 'binary', BoolType, BooleanConstant, 'break', 'callable', 'case', 'catch', 'class', 'clone', 'const', 'continue', 'declare', 'default', 'do', 'real', 'double', 'echo', 'else', 'elseif', 'empty', 'enddeclare', 'endfor', 'endforeach', 'endif', 'endswitch', 'endwhile', 'eval', 'die', 'extends', ... 'resource', 'return', 'static', 'string', 'switch', 'throw', 'trait', 'try', 'clrtypeof', UintCast, 'unicode', 'unset', 'use', 'var', 'while', 'yield', 'from', '__get', '__set', '__call', '__callstatic', '__construct', '__destruct', '__wakeup', '__sleep', '__autoload', '__isset', '__unset', '__tostring', '__invoke', '__set_state', '__clone', '__debuginfo', '__namespace__', '__class__', '__trait__', '__function__', '__method__', '__line__', '__file__', '__dir__', '\', Label} at [68,43..44).
ParsingException in "/home/amir/CTF/MCTF/2024/Stud/final/.ai/Temp/3ff16619cbb34be0a10093ee09fc5cb7/PHP/php/dump/Services.zip/zbnk/zbnk/model/kopilkaModel.php": missing ';' at 'public' at [88,5..11).
ParsingException in "/home/amir/CTF/MCTF/2024/Stud/final/.ai/Temp/3ff16619cbb34be0a10093ee09fc5cb7/PHP/php/dump/Services.zip/zbnk/zbnk/model/kopilkaModel.php": extraneous input 'getUserKopilkas' expecting {'&', '('} at [88,28..43).
ParsingException in "/home/amir/CTF/MCTF/2024/Stud/final/.ai/Temp/3ff16619cbb34be0a10093ee09fc5cb7/PHP/php/dump/Services.zip/zbnk/zbnk/model/kopilkaModel.php": missing ';' at 'public' at [99,5..11).
ParsingException in "/home/amir/CTF/MCTF/2024/Stud/final/.ai/Temp/3ff16619cbb34be0a10093ee09fc5cb7/PHP/php/dump/Services.zip/zbnk/zbnk/model/kopilkaModel.php": no viable alternative at input 'public function' at [114,12..20).
ParsingException in "/home/amir/CTF/MCTF/2024/Stud/final/.ai/Temp/3ff16619cbb34be0a10093ee09fc5cb7/PHP/php/dump/Services.zip/zbnk/zbnk/model/kopilkaModel.php": no viable alternative at input 'public function' at [119,12..20).
ParsingException in "/home/amir/CTF/MCTF/2024/Stud/final/.ai/Temp/3ff16619cbb34be0a10093ee09fc5cb7/PHP/php/dump/Services.zip/zbnk/zbnk/model/kopilkaModel.php": no viable alternative at input 'public function' at [124,12..20).
ParsingException in "/home/amir/CTF/MCTF/2024/Stud/final/.ai/Temp/3ff16619cbb34be0a10093ee09fc5cb7/PHP/php/dump/Services.zip/zbnk/zbnk/model/kopilkaModel.php": no viable alternative at input 'public function' at [129,12..20).
ParsingException in "/home/amir/CTF/MCTF/2024/Stud/final/.ai/Temp/3ff16619cbb34be0a10093ee09fc5cb7/PHP/php/dump/Services.zip/zbnk/zbnk/model/kopilkaModel.php": no viable alternative at input 'public function' at [134,12..20).
ParsingException in "/home/amir/CTF/MCTF/2024/Stud/final/.ai/Temp/3ff16619cbb34be0a10093ee09fc5cb7/PHP/php/dump/Services.zip/zbnk/zbnk/model/kopilkaModel.php": no viable alternative at input 'public function' at [139,12..20).
ParsingException in "/home/amir/CTF/MCTF/2024/Stud/final/.ai/Temp/3ff16619cbb34be0a10093ee09fc5cb7/PHP/php/dump/Services.zip/zbnk/zbnk/model/kopilkaModel.php": no viable alternative at input 'public function' at [144,12..20).
ParsingException in "/home/amir/CTF/MCTF/2024/Stud/final/.ai/Temp/3ff16619cbb34be0a10093ee09fc5cb7/PHP/php/dump/Services.zip/zbnk/zbnk/model/kopilkaModel.php": no viable alternative at input 'public function' at [154,12..20).
ParsingException in "/home/amir/CTF/MCTF/2024/Stud/final/.ai/Temp/3ff16619cbb34be0a10093ee09fc5cb7/PHP/php/dump/Services.zip/zbnk/zbnk/model/kopilkaModel.php": no viable alternative at input 'public function' at [159,12..20).
ParsingException in "/home/amir/CTF/MCTF/2024/Stud/final/.ai/Temp/3ff16619cbb34be0a10093ee09fc5cb7/PHP/php/dump/Services.zip/zbnk/zbnk/model/kopilkaModel.php": extraneous input '}' expecting {<EOF>, HtmlText, '<?xml', HtmlScriptOpen, HtmlStyleOpen, HtmlDtd, HtmlOpen, HtmlClose, '/>', HtmlSlash, HtmlEquals, HtmlStartQuoteString, HtmlStartDoubleQuoteString, HtmlHex, HtmlDecimal, HtmlName, HtmlEndQuoteString, HtmlQuoteString, HtmlEndDoubleQuoteString, HtmlDoubleQuoteString, ScriptText, HtmlScriptClose, ... '__call', '__callstatic', '__construct', '__destruct', '__wakeup', '__sleep', '__autoload', '__isset', '__unset', '__tostring', '__invoke', '__set_state', '__clone', '__debuginfo', '__namespace__', '__class__', '__trait__', '__function__', '__method__', '__line__', '__file__', '__dir__', '++', '--', '\', '!', '+', '-', '~', '@', Dollar, '(', '[', OpenCurlyBracket, ';', VarName, Label, Octal, Decimal, Real, Hex, Binary, BackQuoteString, SingleQuoteString, DoubleQuote, StartNowDoc, StartHereDoc} at [163,1..2).
ParsingException in "/home/amir/CTF/MCTF/2024/Stud/final/.ai/Temp/3ff16619cbb34be0a10093ee09fc5cb7/PHP/php/dump/Services.zip/zbnk/zbnk/model/kopilkaMemberModel.php": extraneous input '?' expecting {'abstract', 'array', 'as', 'binary', BoolType, BooleanConstant, 'break', 'callable', 'case', 'catch', 'class', 'clone', 'const', 'continue', 'declare', 'default', 'do', 'real', 'double', 'echo', 'else', 'elseif', 'empty', 'enddeclare', 'endfor', 'endforeach', 'endif', 'endswitch', 'endwhile', 'eval', 'die', ... 'require_once', 'resource', 'return', 'static', 'string', 'switch', 'throw', 'trait', 'try', 'clrtypeof', UintCast, 'unicode', 'unset', 'use', 'var', 'while', 'yield', 'from', '__get', '__set', '__call', '__callstatic', '__construct', '__destruct', '__wakeup', '__sleep', '__autoload', '__isset', '__unset', '__tostring', '__invoke', '__set_state', '__clone', '__debuginfo', '__namespace__', '__class__', '__trait__', '__function__', '__method__', '__line__', '__file__', '__dir__', Label} at [21,73..74).
ParsingException in "/home/amir/CTF/MCTF/2024/Stud/final/.ai/Temp/3ff16619cbb34be0a10093ee09fc5cb7/PHP/php/dump/Services.zip/zbnk/zbnk/model/kopilkaMemberModel.php": mismatched input '|' expecting {OpenCurlyBracket, ';'} at [40,67..68).
ParsingException in "/home/amir/CTF/MCTF/2024/Stud/final/.ai/Temp/3ff16619cbb34be0a10093ee09fc5cb7/PHP/php/dump/Services.zip/zbnk/zbnk/model/kopilkaMemberModel.php": no viable alternative at input 'public static' at [57,12..18).
ParsingException in "/home/amir/CTF/MCTF/2024/Stud/final/.ai/Temp/3ff16619cbb34be0a10093ee09fc5cb7/PHP/php/dump/Services.zip/zbnk/zbnk/model/kopilkaMemberModel.php": extraneous input 'get_kopilkas' expecting {'&', '('} at [57,28..40).
ParsingException in "/home/amir/CTF/MCTF/2024/Stud/final/.ai/Temp/3ff16619cbb34be0a10093ee09fc5cb7/PHP/php/dump/Services.zip/zbnk/zbnk/model/kopilkaMemberModel.php": mismatched input '}' expecting ';' at [68,1..2).
ConversionException in "/home/amir/CTF/MCTF/2024/Stud/final/.ai/Temp/3ff16619cbb34be0a10093ee09fc5cb7/PHP/php/dump/Services.zip/zbnk/zbnk/lib/router.php": Unable to cast object of type 'PT.PM.Common.Nodes.Punctuator' to type 'PT.PM.Common.Nodes.Expressions.Expression'. at position 6:20 in source file.
ParsingException in "/home/amir/CTF/MCTF/2024/Stud/final/.ai/Temp/3ff16619cbb34be0a10093ee09fc5cb7/PHP/php/dump/Services.zip/zbnk/zbnk/lib/sqldispatcher.php": extraneous input '?' expecting {'abstract', 'array', 'as', 'binary', BoolType, BooleanConstant, 'break', 'callable', 'case', 'catch', 'class', 'clone', 'const', 'continue', 'declare', 'default', 'do', 'real', 'double', 'echo', 'else', 'elseif', 'empty', 'enddeclare', 'endfor', 'endforeach', 'endif', 'endswitch', 'endwhile', 'eval', 'die', 'extends', ... 'require_once', 'resource', 'return', 'static', 'string', 'switch', 'throw', 'trait', 'try', 'clrtypeof', UintCast, 'unicode', 'unset', 'use', 'var', 'while', 'yield', 'from', '__get', '__set', '__call', '__callstatic', '__construct', '__destruct', '__wakeup', '__sleep', '__autoload', '__isset', '__unset', '__tostring', '__invoke', '__set_state', '__clone', '__debuginfo', '__namespace__', '__class__', '__trait__', '__function__', '__method__', '__line__', '__file__', '__dir__', Label} at [17,50..51).
ParsingException in "/home/amir/CTF/MCTF/2024/Stud/final/.ai/Temp/3ff16619cbb34be0a10093ee09fc5cb7/PHP/php/dump/Services.zip/blinbin/backend/src/repositories/comment_repo.py": extraneous input '' expecting {DEDENT, 'def', 'return', 'raise', 'from', 'import', 'global', 'assert', 'if', 'while', 'for', 'try', 'None', 'with', 'lambda', 'class', 'yield', 'del', 'pass', 'continue', 'break', 'exec', 'print', 'async', 'await', 'nonlocal', 'True', 'False', '*', '+', '-', 'not', '~', '@', '...', '`', '(', '{', '[', STRING, FSTRING_TRIPLE_QUOTE, FSTRING_QUOTE, DECIMAL_INTEGER, OCT_INTEGER, HEX_INTEGER, BIN_INTEGER, IMAG_NUMBER, FLOAT_NUMBER, NAME} at [63,9).
ConversionException in "/home/amir/CTF/MCTF/2024/Stud/final/.ai/Temp/3ff16619cbb34be0a10093ee09fc5cb7/PHP/php/dump/Services.zip/blinbin/frontend/src/router/index.js": Unknow Expression type ChainExpression.
ParsingException in "/home/amir/CTF/MCTF/2024/Stud/final/.ai/Temp/3ff16619cbb34be0a10093ee09fc5cb7/PHP/php/dump/Services.zip/approve_me/frontend/src/api/client.ts": no viable alternative at input 'axios from' at [1,14..18).
