2024-11-15 14:20:41.145893 ║INFO	║ 43823	║   3.781 >> Classtree created: True, found 36 classes
2024-11-15 14:21:01.536144 ║INFO	║ 43823	║  24.171 >> working on /home/amir/CTF/MCTF/2024/AD/easy_forms/static/_nuxt/fonts/materialdesignicons-webfont.2146c3c.eot
2024-11-15 14:21:01.536278 ║INFO	║ 43823	║  24.171 >> working on /home/amir/CTF/MCTF/2024/AD/easy_forms/static/_nuxt/fonts/materialdesignicons-webfont.1fcc362.ttf
2024-11-15 14:21:01.536509 ║INFO	║ 43823	║  24.171 >> working on /home/amir/CTF/MCTF/2024/AD/easy_forms/static/_nuxt/fonts/materialdesignicons-webfont.ec024da.woff2
2024-11-15 14:21:01.611652 ║INFO	║ 43823	║  24.246 >> working on /home/amir/CTF/MCTF/2024/AD/easy_forms/static/_nuxt/fonts/materialdesignicons-webfont.e55a20c.woff
2024-11-15 14:21:07.050993 ║INFO	║ 44201	║   0.014 >> Classtree created: True, found 36 classes
2024-11-15 14:21:07.051167 ║INFO	║ 44202	║   0.014 >> Classtree created: True, found 36 classes
2024-11-15 14:21:07.064670 ║INFO	║ 44201	║   0.028 >> 0 public methods found
2024-11-15 14:21:07.064719 ║INFO	║ 44201	║   0.028 >> 0 actions found
2024-11-15 14:21:07.064743 ║INFO	║ 44201	║   0.028 >> 0 methods to scan in pp mode
2024-11-15 14:21:07.064939 ║INFO	║ 44202	║   0.028 >> 0 public methods found
2024-11-15 14:21:07.065037 ║INFO	║ 44202	║   0.028 >> 0 actions found
2024-11-15 14:21:07.065075 ║INFO	║ 44202	║   0.028 >> 0 methods to scan in pp mode
2024-11-15 14:21:07.135859 ║INFO	║ 43823	║  29.770 >> working on /home/amir/CTF/MCTF/2024/AD/easy_forms/src/app/Exceptions/ModelNotFoundExceptionDecorator.php
2024-11-15 14:21:07.136121 ║INFO	║ 43823	║  29.771 >> working on /home/amir/CTF/MCTF/2024/AD/easy_forms/src/app/Exceptions/ModelLimitException.php
2024-11-15 14:21:07.139591 ║INFO	║ 44210	║   0.015 >> Classtree created: True, found 36 classes
2024-11-15 14:21:07.152052 ║INFO	║ 44210	║   0.027 >> 0 public methods found
2024-11-15 14:21:07.152159 ║INFO	║ 44210	║   0.027 >> 0 actions found
2024-11-15 14:21:07.152230 ║INFO	║ 44210	║   0.027 >> 0 methods to scan in pp mode
2024-11-15 14:21:07.182801 ║INFO	║ 43823	║  29.818 >> working on /home/amir/CTF/MCTF/2024/AD/easy_forms/src/app/Validators/FormIntegrationValidator.php
2024-11-15 14:21:07.187356 ║INFO	║ 43823	║  29.822 >> working on /home/amir/CTF/MCTF/2024/AD/easy_forms/src/app/Jobs/HandleFormIntegrationsJob.php
2024-11-15 14:21:13.244247 ║INFO	║ 44384	║   0.120 >> Classtree created: True, found 36 classes
2024-11-15 14:21:13.261177 ║INFO	║ 44384	║   0.137 >> 1 public methods found
2024-11-15 14:21:13.261230 ║INFO	║ 44384	║   0.137 >> 0 actions found
2024-11-15 14:21:13.261274 ║INFO	║ 44384	║   0.137 >> 0 methods to scan in pp mode
2024-11-15 14:21:13.291280 ║INFO	║ 44388	║   0.016 >> Classtree created: True, found 36 classes
2024-11-15 14:21:13.294031 ║INFO	║ 43823	║  35.929 >> working on /home/amir/CTF/MCTF/2024/AD/easy_forms/src/app/Jobs/HandleIntegrationJob.php
2024-11-15 14:21:13.343918 ║INFO	║ 44390	║   0.063 >> Classtree created: True, found 36 classes
2024-11-15 14:21:13.355521 ║INFO	║ 44388	║   0.080 >> 2 public methods found
2024-11-15 14:21:13.355575 ║INFO	║ 44388	║   0.080 >> 0 actions found
2024-11-15 14:21:13.355616 ║INFO	║ 44388	║   0.080 >> 0 methods to scan in pp mode
2024-11-15 14:21:13.360450 ║INFO	║ 44390	║   0.079 >> 2 public methods found
2024-11-15 14:21:13.360502 ║INFO	║ 44390	║   0.079 >> 0 actions found
2024-11-15 14:21:13.360543 ║INFO	║ 44390	║   0.079 >> 0 methods to scan in pp mode
2024-11-15 14:21:13.390018 ║INFO	║ 43823	║  36.025 >> working on /home/amir/CTF/MCTF/2024/AD/easy_forms/src/app/Enums/FormInputTypes.php
2024-11-15 14:21:13.395971 ║INFO	║ 43823	║  36.031 >> working on /home/amir/CTF/MCTF/2024/AD/easy_forms/src/app/Console/Commands/FormCleaner.php
2024-11-15 14:21:13.547548 ║INFO	║ 44468	║   0.014 >> Classtree created: True, found 36 classes
2024-11-15 14:21:18.485954 ║INFO	║ 44468	║   4.952 >> 2 public methods found
2024-11-15 14:21:18.595560 ║INFO	║ 44468	║   5.062 >> 0 actions found
2024-11-15 14:21:18.595808 ║INFO	║ 44468	║   5.062 >> 0 methods to scan in pp mode
2024-11-15 14:21:18.822356 ║INFO	║ 44472	║   0.108 >> Classtree created: True, found 36 classes
2024-11-15 14:21:18.828722 ║INFO	║ 44474	║   0.102 >> Classtree created: True, found 36 classes
2024-11-15 14:21:18.838285 ║INFO	║ 43823	║  41.473 >> working on /home/amir/CTF/MCTF/2024/AD/easy_forms/src/app/Console/Commands/CreateDebugUser.php
2024-11-15 14:21:18.839278 ║INFO	║ 44472	║   0.125 >> 0 public methods found
2024-11-15 14:21:18.839322 ║INFO	║ 44472	║   0.125 >> 0 actions found
2024-11-15 14:21:18.839348 ║INFO	║ 44472	║   0.125 >> 0 methods to scan in pp mode
2024-11-15 14:21:18.850101 ║INFO	║ 44474	║   0.123 >> 1 public methods found
2024-11-15 14:21:18.850152 ║INFO	║ 44474	║   0.123 >> 0 actions found
2024-11-15 14:21:18.850188 ║INFO	║ 44474	║   0.123 >> 0 methods to scan in pp mode
2024-11-15 14:21:18.875169 ║INFO	║ 43823	║  41.510 >> working on /home/amir/CTF/MCTF/2024/AD/easy_forms/src/app/FormIntegrations/MailIntegration.php
2024-11-15 14:21:18.886600 ║INFO	║ 43823	║  41.521 >> working on /home/amir/CTF/MCTF/2024/AD/easy_forms/src/app/FormIntegrations/SendIntegrationException.php
2024-11-15 14:21:24.636968 ║INFO	║ 44540	║   0.114 >> Classtree created: True, found 36 classes
2024-11-15 14:21:24.654361 ║INFO	║ 44543	║   0.018 >> Classtree created: True, found 36 classes
2024-11-15 14:21:24.657833 ║INFO	║ 44540	║   0.135 >> 1 public methods found
2024-11-15 14:21:24.657878 ║INFO	║ 44540	║   0.135 >> 0 actions found
2024-11-15 14:21:24.657911 ║INFO	║ 44540	║   0.135 >> 0 methods to scan in pp mode
2024-11-15 14:21:24.662088 ║INFO	║ 44545	║   0.015 >> Classtree created: True, found 36 classes
2024-11-15 14:21:24.669498 ║INFO	║ 44543	║   0.033 >> 2 public methods found
2024-11-15 14:21:24.669556 ║INFO	║ 44543	║   0.033 >> 0 actions found
2024-11-15 14:21:24.669596 ║INFO	║ 44543	║   0.033 >> 0 methods to scan in pp mode
2024-11-15 14:21:24.681894 ║INFO	║ 44545	║   0.035 >> 2 public methods found
2024-11-15 14:21:24.681957 ║INFO	║ 44545	║   0.035 >> 0 actions found
2024-11-15 14:21:24.682000 ║INFO	║ 44545	║   0.035 >> 0 methods to scan in pp mode
2024-11-15 14:21:24.694901 ║INFO	║ 43823	║  47.330 >> working on /home/amir/CTF/MCTF/2024/AD/easy_forms/src/app/FormIntegrations/ApiHttpIntegration.php
2024-11-15 14:21:24.743144 ║INFO	║ 43823	║  47.378 >> working on /home/amir/CTF/MCTF/2024/AD/easy_forms/src/app/FormIntegrations/IntegrationInterface.php
2024-11-15 14:21:24.756020 ║INFO	║ 43823	║  47.391 >> working on /home/amir/CTF/MCTF/2024/AD/easy_forms/src/app/Mail/IntegrationMail.php
2024-11-15 14:21:28.903900 ║INFO	║ 44650	║   0.118 >> Classtree created: True, found 36 classes
2024-11-15 14:21:28.918587 ║INFO	║ 44650	║   0.132 >> 6 public methods found
2024-11-15 14:21:28.918634 ║INFO	║ 44650	║   0.132 >> 0 actions found
2024-11-15 14:21:28.918681 ║INFO	║ 44650	║   0.132 >> 0 methods to scan in pp mode
2024-11-15 14:21:29.025811 ║INFO	║ 44652	║   0.018 >> Classtree created: True, found 36 classes
2024-11-15 14:21:29.028260 ║INFO	║ 43823	║  51.663 >> working on /home/amir/CTF/MCTF/2024/AD/easy_forms/src/app/Http/Requests/SoUAdminFormInputRequest.php
2024-11-15 14:21:29.040936 ║INFO	║ 44652	║   0.033 >> 2 public methods found
2024-11-15 14:21:29.040984 ║INFO	║ 44652	║   0.033 >> 0 actions found
2024-11-15 14:21:29.041024 ║INFO	║ 44652	║   0.033 >> 0 methods to scan in pp mode
2024-11-15 14:21:29.056357 ║INFO	║ 44654	║   0.015 >> Classtree created: True, found 36 classes
2024-11-15 14:21:29.072724 ║INFO	║ 43823	║  51.708 >> working on /home/amir/CTF/MCTF/2024/AD/easy_forms/src/app/Http/Requests/DebugFormsRequest.php
2024-11-15 14:21:29.076857 ║INFO	║ 44654	║   0.035 >> 2 public methods found
2024-11-15 14:21:29.076925 ║INFO	║ 44654	║   0.036 >> 0 actions found
2024-11-15 14:21:29.076981 ║INFO	║ 44654	║   0.036 >> 0 methods to scan in pp mode
2024-11-15 14:21:29.141707 ║INFO	║ 43823	║  51.777 >> working on /home/amir/CTF/MCTF/2024/AD/easy_forms/src/app/Http/Requests/SoUAdminFormIntegrationRequest.php
2024-11-15 14:21:33.949320 ║INFO	║ 44704	║   4.628 >> Classtree created: True, found 36 classes
2024-11-15 14:21:34.063113 ║INFO	║ 44704	║   4.742 >> 1 public methods found
2024-11-15 14:21:34.063163 ║INFO	║ 44704	║   4.742 >> 0 actions found
2024-11-15 14:21:34.063196 ║INFO	║ 44704	║   4.742 >> 0 methods to scan in pp mode
2024-11-15 14:21:34.080376 ║INFO	║ 44709	║   0.014 >> Classtree created: True, found 36 classes
2024-11-15 14:21:34.094442 ║INFO	║ 43823	║  56.729 >> working on /home/amir/CTF/MCTF/2024/AD/easy_forms/src/app/Http/Requests/FormSubmitRequest.php
2024-11-15 14:21:34.150052 ║INFO	║ 44709	║   0.084 >> 1 public methods found
2024-11-15 14:21:34.150118 ║INFO	║ 44709	║   0.084 >> 0 actions found
2024-11-15 14:21:34.150162 ║INFO	║ 44709	║   0.084 >> 0 methods to scan in pp mode
2024-11-15 14:21:34.186025 ║INFO	║ 43823	║  56.821 >> working on /home/amir/CTF/MCTF/2024/AD/easy_forms/src/app/Http/Requests/FiltredAdminFormRequest.php
2024-11-15 14:21:34.198853 ║INFO	║ 44712	║   0.016 >> Classtree created: True, found 36 classes
2024-11-15 14:21:34.215978 ║INFO	║ 44712	║   0.033 >> 2 public methods found
2024-11-15 14:21:34.216025 ║INFO	║ 44712	║   0.033 >> 0 actions found
2024-11-15 14:21:34.216062 ║INFO	║ 44712	║   0.034 >> 0 methods to scan in pp mode
2024-11-15 14:21:34.259350 ║INFO	║ 43823	║  56.894 >> working on /home/amir/CTF/MCTF/2024/AD/easy_forms/src/app/Http/Requests/RegisterRequest.php
2024-11-15 14:21:37.890801 ║INFO	║ 44765	║   3.420 >> Classtree created: True, found 36 classes
2024-11-15 14:21:38.003179 ║INFO	║ 44765	║   3.533 >> 1 public methods found
2024-11-15 14:21:38.003230 ║INFO	║ 44765	║   3.533 >> 0 actions found
2024-11-15 14:21:38.003267 ║INFO	║ 44765	║   3.533 >> 0 methods to scan in pp mode
2024-11-15 14:21:38.098464 ║INFO	║ 43823	║  60.733 >> working on /home/amir/CTF/MCTF/2024/AD/easy_forms/src/app/Http/Requests/SoUAdminFormRequest.php
2024-11-15 14:21:38.126645 ║INFO	║ 44774	║   0.014 >> Classtree created: True, found 36 classes
2024-11-15 14:21:38.143931 ║INFO	║ 44774	║   0.032 >> 1 public methods found
2024-11-15 14:21:38.143979 ║INFO	║ 44774	║   0.032 >> 0 actions found
2024-11-15 14:21:38.144013 ║INFO	║ 44774	║   0.032 >> 0 methods to scan in pp mode
2024-11-15 14:21:38.147594 ║INFO	║ 44770	║   0.016 >> Classtree created: True, found 36 classes
2024-11-15 14:21:38.166213 ║INFO	║ 44770	║   0.035 >> 1 public methods found
2024-11-15 14:21:38.166267 ║INFO	║ 44770	║   0.035 >> 0 actions found
2024-11-15 14:21:38.166305 ║INFO	║ 44770	║   0.035 >> 0 methods to scan in pp mode
2024-11-15 14:21:38.208737 ║INFO	║ 43823	║  60.843 >> working on /home/amir/CTF/MCTF/2024/AD/easy_forms/src/app/Http/Requests/LoginRequest.php
2024-11-15 14:21:38.239959 ║INFO	║ 43823	║  60.875 >> working on /home/amir/CTF/MCTF/2024/AD/easy_forms/src/app/Http/Controllers/Debug/DebugController.php
2024-11-15 14:21:38.320575 ║INFO	║ 44817	║   0.021 >> Classtree created: True, found 36 classes
2024-11-15 14:21:38.338016 ║INFO	║ 44817	║   0.038 >> 1 public methods found
2024-11-15 14:21:38.338064 ║INFO	║ 44817	║   0.039 >> 0 actions found
2024-11-15 14:21:38.338099 ║INFO	║ 44817	║   0.039 >> 0 methods to scan in pp mode
2024-11-15 14:21:42.494820 ║INFO	║ 43823	║  65.129 >> working on /home/amir/CTF/MCTF/2024/AD/easy_forms/src/app/Http/Controllers/Traits/FiltredCollectionTrait.php
2024-11-15 14:21:42.607216 ║INFO	║ 44824	║   0.015 >> Classtree created: True, found 36 classes
2024-11-15 14:21:42.624203 ║INFO	║ 44824	║   0.032 >> 1 public methods found
2024-11-15 14:21:42.624256 ║INFO	║ 44824	║   0.032 >> 0 actions found
2024-11-15 14:21:42.624312 ║INFO	║ 44824	║   0.032 >> 0 methods to scan in pp mode
2024-11-15 14:21:42.633259 ║INFO	║ 44826	║   0.014 >> Classtree created: True, found 36 classes
2024-11-15 14:21:42.651563 ║INFO	║ 44826	║   0.032 >> 1 public methods found
2024-11-15 14:21:42.651615 ║INFO	║ 44826	║   0.033 >> 0 actions found
2024-11-15 14:21:42.651652 ║INFO	║ 44826	║   0.033 >> 0 methods to scan in pp mode
2024-11-15 14:21:42.655835 ║INFO	║ 43823	║  65.291 >> working on /home/amir/CTF/MCTF/2024/AD/easy_forms/src/app/Http/Controllers/Traits/EntityLimitTrait.php
2024-11-15 14:21:42.684677 ║INFO	║ 43823	║  65.319 >> working on /home/amir/CTF/MCTF/2024/AD/easy_forms/src/app/Http/Controllers/AdminFormIntegrationController.php
2024-11-15 14:21:42.705579 ║INFO	║ 44888	║   0.027 >> Classtree created: True, found 36 classes
2024-11-15 14:21:42.722264 ║INFO	║ 44888	║   0.043 >> 1 public methods found
2024-11-15 14:21:42.722316 ║INFO	║ 44888	║   0.043 >> 0 actions found
2024-11-15 14:21:42.722353 ║INFO	║ 44888	║   0.043 >> 0 methods to scan in pp mode
2024-11-15 14:21:46.542246 ║INFO	║ 43823	║  69.177 >> working on /home/amir/CTF/MCTF/2024/AD/easy_forms/src/app/Http/Controllers/AdminFormInputController.php
2024-11-15 14:21:46.704446 ║INFO	║ 44900	║   0.017 >> Classtree created: True, found 36 classes
2024-11-15 14:21:46.746432 ║INFO	║ 44900	║   0.059 >> 3 public methods found
2024-11-15 14:21:46.746543 ║INFO	║ 44900	║   0.059 >> 0 actions found
2024-11-15 14:21:46.746652 ║INFO	║ 44900	║   0.059 >> 0 methods to scan in pp mode
2024-11-15 14:21:46.747765 ║INFO	║ 44896	║   0.030 >> Classtree created: True, found 36 classes
2024-11-15 14:21:46.764938 ║INFO	║ 44896	║   0.047 >> 1 public methods found
2024-11-15 14:21:46.764997 ║INFO	║ 44896	║   0.048 >> 0 actions found
2024-11-15 14:21:46.765038 ║INFO	║ 44896	║   0.048 >> 0 methods to scan in pp mode
2024-11-15 14:21:46.766421 ║INFO	║ 44974	║   0.016 >> Classtree created: True, found 36 classes
2024-11-15 14:21:47.067155 ║INFO	║ 43823	║  69.702 >> working on /home/amir/CTF/MCTF/2024/AD/easy_forms/src/app/Http/Controllers/BaseAdminFormController.php
2024-11-15 14:21:48.601226 ║INFO	║ 44974	║   1.851 >> 3 public methods found
2024-11-15 14:21:48.601448 ║INFO	║ 44974	║   1.851 >> 0 actions found
2024-11-15 14:21:48.710619 ║INFO	║ 44974	║   1.960 >> 0 methods to scan in pp mode
2024-11-15 14:21:49.262552 ║INFO	║ 43823	║  71.897 >> working on /home/amir/CTF/MCTF/2024/AD/easy_forms/src/app/Http/Controllers/AdminFormResultController.php
2024-11-15 14:21:49.284061 ║INFO	║ 43823	║  71.919 >> working on /home/amir/CTF/MCTF/2024/AD/easy_forms/src/app/Http/Controllers/AdminFormController.php
2024-11-15 14:21:49.414805 ║INFO	║ 44986	║   0.014 >> Classtree created: True, found 36 classes
2024-11-15 14:21:49.432139 ║INFO	║ 44986	║   0.032 >> 1 public methods found
2024-11-15 14:21:49.432188 ║INFO	║ 44986	║   0.032 >> 0 actions found
2024-11-15 14:21:49.432223 ║INFO	║ 44986	║   0.032 >> 0 methods to scan in pp mode
2024-11-15 14:21:49.462229 ║INFO	║ 43823	║  72.097 >> working on /home/amir/CTF/MCTF/2024/AD/easy_forms/src/app/Http/Controllers/FormController.php
2024-11-15 14:21:49.473537 ║INFO	║ 45013	║   0.015 >> Classtree created: True, found 36 classes
2024-11-15 14:21:49.489413 ║INFO	║ 45015	║   0.016 >> Classtree created: True, found 36 classes
2024-11-15 14:21:49.584789 ║INFO	║ 45013	║   0.126 >> 2 public methods found
2024-11-15 14:21:49.584901 ║INFO	║ 45013	║   0.126 >> 0 actions found
2024-11-15 14:21:49.584990 ║INFO	║ 45013	║   0.126 >> 0 methods to scan in pp mode
2024-11-15 14:21:53.992456 ║INFO	║ 45015	║   4.519 >> 5 public methods found
2024-11-15 14:21:53.992542 ║INFO	║ 45015	║   4.519 >> 0 actions found
2024-11-15 14:21:53.992593 ║INFO	║ 45015	║   4.519 >> 0 methods to scan in pp mode
2024-11-15 14:21:54.100213 ║INFO	║ 43823	║  76.735 >> working on /home/amir/CTF/MCTF/2024/AD/easy_forms/src/app/Http/Controllers/AuthController.php
2024-11-15 14:21:54.122800 ║INFO	║ 43823	║  76.757 >> working on /home/amir/CTF/MCTF/2024/AD/easy_forms/src/app/Models/FormInput.php
2024-11-15 14:21:54.279502 ║INFO	║ 45031	║   0.014 >> Classtree created: True, found 36 classes
2024-11-15 14:21:54.297834 ║INFO	║ 45031	║   0.032 >> 4 public methods found
2024-11-15 14:21:54.297883 ║INFO	║ 45031	║   0.033 >> 0 actions found
2024-11-15 14:21:54.297927 ║INFO	║ 45031	║   0.033 >> 0 methods to scan in pp mode
2024-11-15 14:21:54.306101 ║INFO	║ 45118	║   0.017 >> Classtree created: True, found 36 classes
2024-11-15 14:21:58.933420 ║INFO	║ 45118	║   4.645 >> 7 public methods found
2024-11-15 14:21:58.933565 ║INFO	║ 45118	║   4.645 >> 0 actions found
2024-11-15 14:21:58.933671 ║INFO	║ 45118	║   4.645 >> 0 methods to scan in pp mode
2024-11-15 14:21:58.938998 ║INFO	║ 45120	║   4.531 >> Classtree created: True, found 36 classes
2024-11-15 14:21:58.948005 ║INFO	║ 43823	║  81.583 >> working on /home/amir/CTF/MCTF/2024/AD/easy_forms/src/app/Models/FormIntegration.php
2024-11-15 14:21:58.963272 ║INFO	║ 45120	║   4.556 >> 0 public methods found
2024-11-15 14:21:58.963327 ║INFO	║ 45120	║   4.556 >> 0 actions found
2024-11-15 14:21:58.963354 ║INFO	║ 45120	║   4.556 >> 0 methods to scan in pp mode
2024-11-15 14:21:59.037849 ║INFO	║ 43823	║  81.673 >> working on /home/amir/CTF/MCTF/2024/AD/easy_forms/src/app/Models/User.php
2024-11-15 14:21:59.070265 ║INFO	║ 43823	║  81.705 >> working on /home/amir/CTF/MCTF/2024/AD/easy_forms/src/app/Models/Form.php
2024-11-15 14:21:59.170079 ║INFO	║ 45232	║   0.020 >> Classtree created: True, found 36 classes
2024-11-15 14:21:59.259108 ║INFO	║ 45232	║   0.109 >> 0 public methods found
2024-11-15 14:21:59.259165 ║INFO	║ 45232	║   0.109 >> 0 actions found
2024-11-15 14:21:59.259193 ║INFO	║ 45232	║   0.109 >> 0 methods to scan in pp mode
2024-11-15 14:22:03.431275 ║INFO	║ 43823	║  86.066 >> working on /home/amir/CTF/MCTF/2024/AD/easy_forms/src/app/Models/FormResult.php
2024-11-15 14:22:03.448006 ║INFO	║ 45235	║   0.016 >> Classtree created: True, found 36 classes
2024-11-15 14:22:03.467367 ║INFO	║ 45235	║   0.035 >> 4 public methods found
2024-11-15 14:22:03.467416 ║INFO	║ 45235	║   0.035 >> 0 actions found
2024-11-15 14:22:03.467459 ║INFO	║ 45235	║   0.035 >> 0 methods to scan in pp mode
2024-11-15 14:22:03.485749 ║INFO	║ 45240	║   0.017 >> Classtree created: True, found 36 classes
2024-11-15 14:22:03.536523 ║INFO	║ 43823	║  86.171 >> working on /home/amir/CTF/MCTF/2024/AD/easy_forms/src/app/Rules/FormInput.php
2024-11-15 14:22:03.541909 ║INFO	║ 45240	║   0.073 >> 4 public methods found
2024-11-15 14:22:03.541962 ║INFO	║ 45240	║   0.073 >> 0 actions found
2024-11-15 14:22:03.542007 ║INFO	║ 45240	║   0.073 >> 0 methods to scan in pp mode
2024-11-15 14:22:03.575067 ║INFO	║ 43823	║  86.210 >> working on /home/amir/CTF/MCTF/2024/AD/easy_forms/src/app/Rules/FormIntegrationType.php
2024-11-15 14:22:03.638791 ║INFO	║ 45291	║   0.016 >> Classtree created: True, found 36 classes
2024-11-15 14:22:03.656210 ║INFO	║ 45291	║   0.034 >> 1 public methods found
2024-11-15 14:22:03.656257 ║INFO	║ 45291	║   0.034 >> 0 actions found
2024-11-15 14:22:03.656292 ║INFO	║ 45291	║   0.034 >> 0 methods to scan in pp mode
2024-11-15 14:22:07.477525 ║INFO	║ 43823	║  90.112 >> working on /home/amir/CTF/MCTF/2024/AD/easy_forms/src/app/Rules/ExternalUrl.php
2024-11-15 14:22:07.603010 ║INFO	║ 45297	║   0.022 >> Classtree created: True, found 36 classes
2024-11-15 14:22:07.616837 ║INFO	║ 45297	║   0.036 >> 1 public methods found
2024-11-15 14:22:07.616886 ║INFO	║ 45297	║   0.036 >> 0 actions found
2024-11-15 14:22:07.616920 ║INFO	║ 45297	║   0.036 >> 0 methods to scan in pp mode
2024-11-15 14:22:07.639508 ║INFO	║ 45299	║   0.015 >> Classtree created: True, found 36 classes
2024-11-15 14:22:07.646489 ║INFO	║ 43823	║  90.281 >> working on /home/amir/CTF/MCTF/2024/AD/easy_forms/src/app/Providers/AppServiceProvider.php
2024-11-15 14:22:07.653800 ║INFO	║ 45299	║   0.030 >> 2 public methods found
2024-11-15 14:22:07.653848 ║INFO	║ 45299	║   0.030 >> 0 actions found
2024-11-15 14:22:07.653887 ║INFO	║ 45299	║   0.030 >> 0 methods to scan in pp mode
2024-11-15 14:22:07.688103 ║INFO	║ 45337	║   0.024 >> Classtree created: True, found 36 classes
2024-11-15 14:22:07.696299 ║INFO	║ 43823	║  90.331 >> working on /home/amir/CTF/MCTF/2024/AD/easy_forms/src/routes/api.php
2024-11-15 14:22:07.703789 ║INFO	║ 45337	║   0.040 >> 2 public methods found
2024-11-15 14:22:07.703838 ║INFO	║ 45337	║   0.040 >> 0 actions found
2024-11-15 14:22:07.703889 ║INFO	║ 45337	║   0.040 >> 0 methods to scan in pp mode
2024-11-15 14:22:11.516167 ║INFO	║ 43823	║  94.151 >> working on /home/amir/CTF/MCTF/2024/AD/easy_forms/src/routes/console.php
2024-11-15 14:22:11.847067 ║INFO	║ 45457	║   0.096 >> Classtree created: True, found 36 classes
2024-11-15 14:22:11.847533 ║INFO	║ 45349	║   0.103 >> Classtree created: True, found 36 classes
2024-11-15 14:22:11.853171 ║INFO	║ 45344	║   0.094 >> Classtree created: True, found 36 classes
2024-11-15 14:22:13.384554 ║INFO	║ 45457	║   1.522 >> 0 public methods found
2024-11-15 14:22:13.384728 ║INFO	║ 45457	║   1.633 >> 0 actions found
2024-11-15 14:22:13.384878 ║INFO	║ 45457	║   1.633 >> 0 methods to scan in pp mode
2024-11-15 14:22:13.713528 ║INFO	║ 45344	║   1.954 >> 2 public methods found
2024-11-15 14:22:13.713635 ║INFO	║ 45344	║   1.954 >> 0 actions found
2024-11-15 14:22:13.713697 ║INFO	║ 45344	║   1.955 >> 0 methods to scan in pp mode
2024-11-15 14:22:14.163358 ║INFO	║ 43823	║  96.798 >> working on /home/amir/CTF/MCTF/2024/AD/easy_forms/src/config/jwt.php
2024-11-15 14:22:14.166307 ║INFO	║ 43823	║  96.801 >> working on /home/amir/CTF/MCTF/2024/AD/easy_forms/src/config/mail.php
2024-11-15 14:22:14.269684 ║INFO	║ 45349	║   2.525 >> 0 public methods found
2024-11-15 14:22:14.269904 ║INFO	║ 45349	║   2.525 >> 0 actions found
2024-11-15 14:22:14.269988 ║INFO	║ 45349	║   2.525 >> 0 methods to scan in pp mode
2024-11-15 14:22:14.310215 ║INFO	║ 43823	║  96.945 >> working on /home/amir/CTF/MCTF/2024/AD/easy_forms/src/config/auth.php
2024-11-15 14:22:14.377129 ║INFO	║ 45492	║   0.014 >> Classtree created: True, found 36 classes
2024-11-15 14:22:14.474091 ║INFO	║ 45491	║   0.110 >> Classtree created: True, found 36 classes
2024-11-15 14:22:18.736046 ║INFO	║ 45492	║   4.373 >> 0 public methods found
2024-11-15 14:22:18.736117 ║INFO	║ 45492	║   4.373 >> 0 actions found
2024-11-15 14:22:18.736143 ║INFO	║ 45492	║   4.373 >> 0 methods to scan in pp mode
2024-11-15 14:22:18.848175 ║INFO	║ 45491	║   4.484 >> 0 public methods found
2024-11-15 14:22:18.848260 ║INFO	║ 45491	║   4.484 >> 0 actions found
2024-11-15 14:22:18.848294 ║INFO	║ 45491	║   4.484 >> 0 methods to scan in pp mode
2024-11-15 14:22:18.867954 ║INFO	║ 43823	║ 101.503 >> working on /home/amir/CTF/MCTF/2024/AD/easy_forms/src/config/cache.php
2024-11-15 14:22:18.890314 ║INFO	║ 43823	║ 101.525 >> working on /home/amir/CTF/MCTF/2024/AD/easy_forms/src/config/app.php
2024-11-15 14:22:19.005842 ║INFO	║ 45496	║   0.014 >> Classtree created: True, found 36 classes
2024-11-15 14:22:19.026319 ║INFO	║ 45496	║   0.034 >> 0 public methods found
2024-11-15 14:22:19.026369 ║INFO	║ 45496	║   0.034 >> 0 actions found
2024-11-15 14:22:19.026394 ║INFO	║ 45496	║   0.034 >> 0 methods to scan in pp mode
2024-11-15 14:22:19.057408 ║INFO	║ 43823	║ 101.692 >> working on /home/amir/CTF/MCTF/2024/AD/easy_forms/src/config/form_integrations.php
2024-11-15 14:22:23.573156 ║INFO	║ 45552	║   4.504 >> Classtree created: True, found 36 classes
2024-11-15 14:22:23.580715 ║INFO	║ 45554	║   0.121 >> Classtree created: True, found 36 classes
2024-11-15 14:22:23.683329 ║INFO	║ 45552	║   4.614 >> 0 public methods found
2024-11-15 14:22:23.683399 ║INFO	║ 45552	║   4.614 >> 0 actions found
2024-11-15 14:22:23.683434 ║INFO	║ 45552	║   4.614 >> 0 methods to scan in pp mode
2024-11-15 14:22:23.699104 ║INFO	║ 45554	║   0.239 >> 0 public methods found
2024-11-15 14:22:23.699155 ║INFO	║ 45554	║   0.239 >> 0 actions found
2024-11-15 14:22:23.699180 ║INFO	║ 45554	║   0.239 >> 0 methods to scan in pp mode
2024-11-15 14:22:23.719770 ║INFO	║ 43823	║ 106.354 >> working on /home/amir/CTF/MCTF/2024/AD/easy_forms/src/config/filesystems.php
2024-11-15 14:22:23.735506 ║INFO	║ 43823	║ 106.370 >> working on /home/amir/CTF/MCTF/2024/AD/easy_forms/src/config/queue.php
2024-11-15 14:22:23.810463 ║INFO	║ 45561	║   0.015 >> Classtree created: True, found 36 classes
2024-11-15 14:22:23.827964 ║INFO	║ 45561	║   0.032 >> 0 public methods found
2024-11-15 14:22:23.828013 ║INFO	║ 45561	║   0.032 >> 0 actions found
2024-11-15 14:22:23.828036 ║INFO	║ 45561	║   0.032 >> 0 methods to scan in pp mode
2024-11-15 14:22:23.860755 ║INFO	║ 43823	║ 106.496 >> working on /home/amir/CTF/MCTF/2024/AD/easy_forms/src/config/logging.php
2024-11-15 14:22:28.607240 ║INFO	║ 45620	║   0.118 >> Classtree created: True, found 36 classes
2024-11-15 14:22:28.619463 ║INFO	║ 45622	║   0.019 >> Classtree created: True, found 36 classes
2024-11-15 14:22:28.711110 ║INFO	║ 45620	║   0.222 >> 0 public methods found
2024-11-15 14:22:28.711263 ║INFO	║ 45620	║   0.222 >> 0 actions found
2024-11-15 14:22:28.711369 ║INFO	║ 45620	║   0.222 >> 0 methods to scan in pp mode
2024-11-15 14:22:28.726624 ║INFO	║ 45622	║   0.126 >> 0 public methods found
2024-11-15 14:22:28.726713 ║INFO	║ 45622	║   0.126 >> 0 actions found
2024-11-15 14:22:28.726751 ║INFO	║ 45622	║   0.126 >> 0 methods to scan in pp mode
2024-11-15 14:22:28.750181 ║INFO	║ 43823	║ 111.385 >> working on /home/amir/CTF/MCTF/2024/AD/easy_forms/src/config/database.php
2024-11-15 14:22:28.761718 ║INFO	║ 43823	║ 111.396 >> working on /home/amir/CTF/MCTF/2024/AD/easy_forms/src/bootstrap/providers.php
2024-11-15 14:22:28.879647 ║INFO	║ 45627	║   0.014 >> Classtree created: True, found 36 classes
2024-11-15 14:22:28.903244 ║INFO	║ 45627	║   0.038 >> 0 public methods found
2024-11-15 14:22:28.903292 ║INFO	║ 45627	║   0.038 >> 0 actions found
2024-11-15 14:22:28.903317 ║INFO	║ 45627	║   0.038 >> 0 methods to scan in pp mode
2024-11-15 14:22:29.029826 ║INFO	║ 43823	║ 111.664 >> working on /home/amir/CTF/MCTF/2024/AD/easy_forms/src/bootstrap/app.php
2024-11-15 14:22:33.274831 ║INFO	║ 45682	║   0.105 >> Classtree created: True, found 36 classes
2024-11-15 14:22:33.279412 ║INFO	║ 45680	║   0.105 >> Classtree created: True, found 36 classes
2024-11-15 14:22:33.296116 ║INFO	║ 45682	║   0.126 >> 0 public methods found
2024-11-15 14:22:33.296171 ║INFO	║ 45682	║   0.126 >> 0 actions found
2024-11-15 14:22:33.296195 ║INFO	║ 45682	║   0.126 >> 0 methods to scan in pp mode
2024-11-15 14:22:33.300656 ║INFO	║ 45680	║   0.127 >> 0 public methods found
2024-11-15 14:22:33.300704 ║INFO	║ 45680	║   0.127 >> 0 actions found
2024-11-15 14:22:33.300730 ║INFO	║ 45680	║   0.127 >> 0 methods to scan in pp mode
2024-11-15 14:22:33.406297 ║INFO	║ 43823	║ 116.041 >> working on /home/amir/CTF/MCTF/2024/AD/easy_forms/src/public/index.php
2024-11-15 14:22:33.415183 ║INFO	║ 43823	║ 116.050 >> working on /home/amir/CTF/MCTF/2024/AD/easy_forms/src/artisan
2024-11-15 14:22:33.443822 ║INFO	║ 45689	║   0.022 >> Classtree created: True, found 36 classes
2024-11-15 14:22:33.498018 ║INFO	║ 45689	║   0.076 >> 0 public methods found
2024-11-15 14:22:33.498073 ║INFO	║ 45689	║   0.076 >> 0 actions found
2024-11-15 14:22:33.498098 ║INFO	║ 45689	║   0.076 >> 0 methods to scan in pp mode
2024-11-15 14:22:33.608009 ║INFO	║ 45775	║   0.014 >> Classtree created: True, found 36 classes
2024-11-15 14:22:37.765921 ║INFO	║ 45775	║   4.172 >> pvf called file_exists('/home/amir/CTF/MCTF/2024/AD/easy_forms/src/public/../storage/framework/maintenance.php')
2024-11-15 14:22:37.765933 ║INFO	║ 45777	║   4.160 >> Classtree created: True, found 36 classes
2024-11-15 14:22:37.766303 ║INFO	║ 45775	║   4.172 >> arg#0 payloadable: False
2024-11-15 14:22:37.875096 ║INFO	║ 45775	║   4.281 >> 0 public methods found
2024-11-15 14:22:37.875155 ║INFO	║ 45775	║   4.281 >> 0 actions found
2024-11-15 14:22:37.875194 ║INFO	║ 45775	║   4.281 >> 0 methods to scan in pp mode
2024-11-15 14:22:37.889772 ║INFO	║ 45777	║   4.284 >> pvf called exit(Application->configure('/home/amir/CTF/MCTF/2024/AD/easy_forms/src')->withRouting('/home/amir/CTF/MCTF/2024/AD/easy_forms/src/bootstrap/../routes/console.php', '/home/amir/CTF/MCTF/2024/AD/easy_forms/src/bootstrap/../routes/api.php', '/api')->withMiddleware(...)->withExceptions(...)->create()->handleCommand(...))
2024-11-15 14:22:37.891511 ║INFO	║ 45777	║   4.286 >> arg#0 payloadable: False
2024-11-15 14:22:37.891608 ║INFO	║ 45777	║   4.286 >> 0 public methods found
2024-11-15 14:22:37.891634 ║INFO	║ 45777	║   4.286 >> 0 actions found
2024-11-15 14:22:37.891657 ║INFO	║ 45777	║   4.286 >> 0 methods to scan in pp mode
