2024-11-15 14:16:29.156140 ║INFO	║ 38874	║   4.636 >> Classtree created: True, found 36 classes
2024-11-15 14:16:35.974197 ║INFO	║ 38874	║  11.454 >> working on /home/amir/CTF/MCTF/2024/AD/easy_forms/static/_nuxt/fonts/materialdesignicons-webfont.2146c3c.eot
2024-11-15 14:16:35.974254 ║INFO	║ 38874	║  11.454 >> working on /home/amir/CTF/MCTF/2024/AD/easy_forms/static/_nuxt/fonts/materialdesignicons-webfont.1fcc362.ttf
2024-11-15 14:16:35.974909 ║INFO	║ 38874	║  11.454 >> working on /home/amir/CTF/MCTF/2024/AD/easy_forms/static/_nuxt/fonts/materialdesignicons-webfont.ec024da.woff2
2024-11-15 14:16:36.017739 ║INFO	║ 38874	║  11.497 >> working on /home/amir/CTF/MCTF/2024/AD/easy_forms/static/_nuxt/fonts/materialdesignicons-webfont.e55a20c.woff
2024-11-15 14:16:36.220320 ║INFO	║ 39149	║   0.019 >> Classtree created: True, found 36 classes
2024-11-15 14:16:36.227153 ║INFO	║ 39146	║   0.026 >> Classtree created: True, found 36 classes
2024-11-15 14:16:36.260031 ║INFO	║ 39164	║   0.017 >> Classtree created: True, found 36 classes
2024-11-15 14:16:47.914379 ║ERROR	║ 39149	║  11.713 >> Exception parsing /home/amir/CTF/MCTF/2024/AD/easy_forms/static/_nuxt/fonts/materialdesignicons-webfont.ec024da.woff2, no element found: line 1, column 0
2024-11-15 14:16:47.915278 ║INFO	║ 39149	║  11.714 >> 0 public methods found
2024-11-15 14:16:47.915370 ║INFO	║ 39149	║  11.714 >> 0 actions found
2024-11-15 14:16:47.915450 ║INFO	║ 39149	║  11.714 >> 0 methods to scan in pp mode
2024-11-15 14:16:47.952545 ║INFO	║ 38874	║  23.432 >> working on /home/amir/CTF/MCTF/2024/AD/easy_forms/src/app/Exceptions/ModelNotFoundExceptionDecorator.php
2024-11-15 14:16:48.194005 ║INFO	║ 39528	║   0.026 >> Classtree created: True, found 36 classes
2024-11-15 14:16:48.246139 ║ERROR	║ 39146	║  12.045 >> Exception parsing /home/amir/CTF/MCTF/2024/AD/easy_forms/static/_nuxt/fonts/materialdesignicons-webfont.1fcc362.ttf, no element found: line 1, column 0
2024-11-15 14:16:48.246863 ║INFO	║ 39146	║  12.045 >> 0 public methods found
2024-11-15 14:16:48.246945 ║INFO	║ 39146	║  12.046 >> 0 actions found
2024-11-15 14:16:48.247019 ║INFO	║ 39146	║  12.046 >> 0 methods to scan in pp mode
2024-11-15 14:16:48.307428 ║INFO	║ 38874	║  23.787 >> working on /home/amir/CTF/MCTF/2024/AD/easy_forms/src/app/Exceptions/ModelLimitException.php
2024-11-15 14:16:48.367152 ║INFO	║ 39528	║   0.199 >> 1 public methods found
2024-11-15 14:16:48.367217 ║INFO	║ 39528	║   0.199 >> 0 actions found
2024-11-15 14:16:48.367257 ║INFO	║ 39528	║   0.199 >> 0 methods to scan in pp mode
2024-11-15 14:16:48.406804 ║INFO	║ 38874	║  23.886 >> working on /home/amir/CTF/MCTF/2024/AD/easy_forms/src/app/Validators/FormIntegrationValidator.php
2024-11-15 14:16:48.552080 ║INFO	║ 39543	║   0.022 >> Classtree created: True, found 36 classes
2024-11-15 14:16:48.660869 ║INFO	║ 39546	║   0.025 >> Classtree created: True, found 36 classes
2024-11-15 14:16:48.698779 ║INFO	║ 39543	║   0.169 >> 2 public methods found
2024-11-15 14:16:48.698842 ║INFO	║ 39543	║   0.169 >> 0 actions found
2024-11-15 14:16:48.698885 ║INFO	║ 39543	║   0.169 >> 0 methods to scan in pp mode
2024-11-15 14:16:48.739968 ║INFO	║ 38874	║  24.219 >> working on /home/amir/CTF/MCTF/2024/AD/easy_forms/src/app/Jobs/HandleFormIntegrationsJob.php
2024-11-15 14:16:48.801962 ║INFO	║ 39546	║   0.166 >> 2 public methods found
2024-11-15 14:16:48.802024 ║INFO	║ 39546	║   0.166 >> 0 actions found
2024-11-15 14:16:48.802070 ║INFO	║ 39546	║   0.166 >> 0 methods to scan in pp mode
2024-11-15 14:16:48.841825 ║INFO	║ 38874	║  24.321 >> working on /home/amir/CTF/MCTF/2024/AD/easy_forms/src/app/Jobs/HandleIntegrationJob.php
2024-11-15 14:16:48.945804 ║ERROR	║ 39164	║  12.702 >> Exception parsing /home/amir/CTF/MCTF/2024/AD/easy_forms/static/_nuxt/fonts/materialdesignicons-webfont.e55a20c.woff, no element found: line 1, column 0
2024-11-15 14:16:48.946335 ║INFO	║ 39164	║  12.703 >> 0 public methods found
2024-11-15 14:16:48.946392 ║INFO	║ 39164	║  12.703 >> 0 actions found
2024-11-15 14:16:48.946429 ║INFO	║ 39164	║  12.703 >> 0 methods to scan in pp mode
2024-11-15 14:16:48.995069 ║INFO	║ 38874	║  24.475 >> working on /home/amir/CTF/MCTF/2024/AD/easy_forms/src/app/Enums/FormInputTypes.php
2024-11-15 14:16:49.077256 ║INFO	║ 39558	║   0.016 >> Classtree created: True, found 36 classes
2024-11-15 14:16:49.098587 ║INFO	║ 39562	║   0.018 >> Classtree created: True, found 36 classes
2024-11-15 14:16:49.218581 ║INFO	║ 39558	║   0.157 >> 2 public methods found
2024-11-15 14:16:49.218638 ║INFO	║ 39558	║   0.157 >> 0 actions found
2024-11-15 14:16:49.218683 ║INFO	║ 39558	║   0.157 >> 0 methods to scan in pp mode
2024-11-15 14:16:49.237422 ║INFO	║ 39562	║   0.157 >> 2 public methods found
2024-11-15 14:16:49.237490 ║INFO	║ 39562	║   0.157 >> 0 actions found
2024-11-15 14:16:49.237537 ║INFO	║ 39562	║   0.157 >> 0 methods to scan in pp mode
2024-11-15 14:16:49.262354 ║INFO	║ 38874	║  24.742 >> working on /home/amir/CTF/MCTF/2024/AD/easy_forms/src/app/Console/Commands/FormCleaner.php
2024-11-15 14:16:49.283814 ║INFO	║ 38874	║  24.763 >> working on /home/amir/CTF/MCTF/2024/AD/easy_forms/src/app/Console/Commands/CreateDebugUser.php
2024-11-15 14:16:49.348199 ║INFO	║ 39564	║   0.026 >> Classtree created: True, found 36 classes
2024-11-15 14:16:49.500184 ║ERROR	║ 39564	║   0.178 >> Exception parsing /home/amir/CTF/MCTF/2024/AD/easy_forms/src/app/Enums/FormInputTypes.php, 'Stmt_Enum'
2024-11-15 14:16:49.500949 ║INFO	║ 39564	║   0.179 >> 0 public methods found
2024-11-15 14:16:49.501040 ║INFO	║ 39564	║   0.179 >> 0 actions found
2024-11-15 14:16:49.501124 ║INFO	║ 39564	║   0.179 >> 0 methods to scan in pp mode
2024-11-15 14:16:49.503125 ║INFO	║ 39586	║   0.027 >> Classtree created: True, found 36 classes
2024-11-15 14:16:49.505396 ║INFO	║ 39588	║   0.019 >> Classtree created: True, found 36 classes
2024-11-15 14:16:49.554564 ║INFO	║ 38874	║  25.034 >> working on /home/amir/CTF/MCTF/2024/AD/easy_forms/src/app/FormIntegrations/MailIntegration.php
2024-11-15 14:16:49.641960 ║INFO	║ 39588	║   0.155 >> 1 public methods found
2024-11-15 14:16:49.642023 ║INFO	║ 39588	║   0.155 >> 0 actions found
2024-11-15 14:16:49.642061 ║INFO	║ 39588	║   0.155 >> 0 methods to scan in pp mode
2024-11-15 14:16:49.663357 ║INFO	║ 39586	║   0.187 >> 1 public methods found
2024-11-15 14:16:49.663477 ║INFO	║ 39586	║   0.187 >> 0 actions found
2024-11-15 14:16:49.663574 ║INFO	║ 39586	║   0.187 >> 0 methods to scan in pp mode
2024-11-15 14:16:49.683469 ║INFO	║ 38874	║  25.163 >> working on /home/amir/CTF/MCTF/2024/AD/easy_forms/src/app/FormIntegrations/SendIntegrationException.php
2024-11-15 14:16:49.712090 ║INFO	║ 38874	║  25.191 >> working on /home/amir/CTF/MCTF/2024/AD/easy_forms/src/app/FormIntegrations/ApiHttpIntegration.php
2024-11-15 14:16:49.833839 ║INFO	║ 39609	║   0.027 >> Classtree created: True, found 36 classes
2024-11-15 14:16:49.941773 ║INFO	║ 39615	║   0.016 >> Classtree created: True, found 36 classes
2024-11-15 14:16:49.943585 ║INFO	║ 39617	║   0.025 >> Classtree created: True, found 36 classes
2024-11-15 14:16:50.007336 ║INFO	║ 39609	║   0.200 >> 2 public methods found
2024-11-15 14:16:50.007449 ║INFO	║ 39609	║   0.200 >> 0 actions found
2024-11-15 14:16:50.007544 ║INFO	║ 39609	║   0.200 >> 0 methods to scan in pp mode
2024-11-15 14:16:50.062001 ║INFO	║ 38874	║  25.542 >> working on /home/amir/CTF/MCTF/2024/AD/easy_forms/src/app/FormIntegrations/IntegrationInterface.php
2024-11-15 14:16:50.088246 ║INFO	║ 39615	║   0.163 >> 2 public methods found
2024-11-15 14:16:50.088310 ║INFO	║ 39615	║   0.163 >> 0 actions found
2024-11-15 14:16:50.088355 ║INFO	║ 39615	║   0.163 >> 0 methods to scan in pp mode
2024-11-15 14:16:50.139474 ║INFO	║ 38874	║  25.619 >> working on /home/amir/CTF/MCTF/2024/AD/easy_forms/src/app/Mail/IntegrationMail.php
2024-11-15 14:16:50.180855 ║INFO	║ 39617	║   0.263 >> 6 public methods found
2024-11-15 14:16:50.180923 ║INFO	║ 39617	║   0.263 >> 0 actions found
2024-11-15 14:16:50.180985 ║INFO	║ 39617	║   0.263 >> 0 methods to scan in pp mode
2024-11-15 14:16:50.228210 ║INFO	║ 38874	║  25.708 >> working on /home/amir/CTF/MCTF/2024/AD/easy_forms/src/app/Http/Requests/SoUAdminFormInputRequest.php
2024-11-15 14:16:50.371006 ║INFO	║ 39642	║   0.018 >> Classtree created: True, found 36 classes
2024-11-15 14:16:50.390146 ║INFO	║ 39646	║   0.027 >> Classtree created: True, found 36 classes
2024-11-15 14:16:50.471436 ║INFO	║ 39649	║   0.018 >> Classtree created: True, found 36 classes
2024-11-15 14:16:50.509454 ║INFO	║ 39642	║   0.156 >> 2 public methods found
2024-11-15 14:16:50.509570 ║INFO	║ 39642	║   0.157 >> 0 actions found
2024-11-15 14:16:50.509686 ║INFO	║ 39642	║   0.157 >> 0 methods to scan in pp mode
2024-11-15 14:16:50.575810 ║INFO	║ 38874	║  26.055 >> working on /home/amir/CTF/MCTF/2024/AD/easy_forms/src/app/Http/Requests/DebugFormsRequest.php
2024-11-15 14:16:50.586979 ║INFO	║ 39646	║   0.224 >> 2 public methods found
2024-11-15 14:16:50.587043 ║INFO	║ 39646	║   0.224 >> 0 actions found
2024-11-15 14:16:50.587089 ║INFO	║ 39646	║   0.224 >> 0 methods to scan in pp mode
2024-11-15 14:16:50.631161 ║INFO	║ 38874	║  26.111 >> working on /home/amir/CTF/MCTF/2024/AD/easy_forms/src/app/Http/Requests/SoUAdminFormIntegrationRequest.php
2024-11-15 14:16:50.633264 ║INFO	║ 39649	║   0.179 >> 1 public methods found
2024-11-15 14:16:50.633324 ║INFO	║ 39649	║   0.180 >> 0 actions found
2024-11-15 14:16:50.633364 ║INFO	║ 39649	║   0.180 >> 0 methods to scan in pp mode
2024-11-15 14:16:50.676277 ║INFO	║ 38874	║  26.156 >> working on /home/amir/CTF/MCTF/2024/AD/easy_forms/src/app/Http/Requests/FormSubmitRequest.php
2024-11-15 14:16:50.827633 ║INFO	║ 39667	║   0.017 >> Classtree created: True, found 36 classes
2024-11-15 14:16:50.884878 ║INFO	║ 39671	║   0.018 >> Classtree created: True, found 36 classes
2024-11-15 14:16:50.924890 ║INFO	║ 39673	║   0.019 >> Classtree created: True, found 36 classes
2024-11-15 14:16:50.960568 ║INFO	║ 39667	║   0.150 >> 1 public methods found
2024-11-15 14:16:50.960685 ║INFO	║ 39667	║   0.150 >> 0 actions found
2024-11-15 14:16:50.960790 ║INFO	║ 39667	║   0.150 >> 0 methods to scan in pp mode
2024-11-15 14:16:51.003616 ║INFO	║ 38874	║  26.483 >> working on /home/amir/CTF/MCTF/2024/AD/easy_forms/src/app/Http/Requests/FiltredAdminFormRequest.php
2024-11-15 14:16:51.040852 ║INFO	║ 39671	║   0.174 >> 2 public methods found
2024-11-15 14:16:51.040967 ║INFO	║ 39671	║   0.175 >> 0 actions found
2024-11-15 14:16:51.041076 ║INFO	║ 39671	║   0.175 >> 0 methods to scan in pp mode
2024-11-15 14:16:51.071279 ║INFO	║ 39673	║   0.166 >> 1 public methods found
2024-11-15 14:16:51.071404 ║INFO	║ 39673	║   0.166 >> 0 actions found
2024-11-15 14:16:51.071501 ║INFO	║ 39673	║   0.166 >> 0 methods to scan in pp mode
2024-11-15 14:16:51.087398 ║INFO	║ 38874	║  26.567 >> working on /home/amir/CTF/MCTF/2024/AD/easy_forms/src/app/Http/Requests/RegisterRequest.php
2024-11-15 14:16:51.114696 ║INFO	║ 38874	║  26.594 >> working on /home/amir/CTF/MCTF/2024/AD/easy_forms/src/app/Http/Requests/SoUAdminFormRequest.php
2024-11-15 14:16:51.280802 ║INFO	║ 39690	║   0.021 >> Classtree created: True, found 36 classes
2024-11-15 14:16:51.368013 ║INFO	║ 39703	║   0.016 >> Classtree created: True, found 36 classes
2024-11-15 14:16:51.411332 ║INFO	║ 39705	║   0.025 >> Classtree created: True, found 36 classes
2024-11-15 14:16:51.428476 ║INFO	║ 39690	║   0.168 >> 1 public methods found
2024-11-15 14:16:51.428536 ║INFO	║ 39690	║   0.168 >> 0 actions found
2024-11-15 14:16:51.428572 ║INFO	║ 39690	║   0.168 >> 0 methods to scan in pp mode
2024-11-15 14:16:51.480714 ║INFO	║ 38874	║  26.960 >> working on /home/amir/CTF/MCTF/2024/AD/easy_forms/src/app/Http/Requests/LoginRequest.php
2024-11-15 14:16:51.544906 ║INFO	║ 39705	║   0.159 >> 1 public methods found
2024-11-15 14:16:51.544975 ║INFO	║ 39705	║   0.159 >> 0 actions found
2024-11-15 14:16:51.545016 ║INFO	║ 39705	║   0.159 >> 0 methods to scan in pp mode
2024-11-15 14:16:51.554606 ║INFO	║ 39703	║   0.203 >> 1 public methods found
2024-11-15 14:16:51.554669 ║INFO	║ 39703	║   0.203 >> 0 actions found
2024-11-15 14:16:51.554709 ║INFO	║ 39703	║   0.203 >> 0 methods to scan in pp mode
2024-11-15 14:16:51.603011 ║INFO	║ 38874	║  27.083 >> working on /home/amir/CTF/MCTF/2024/AD/easy_forms/src/app/Http/Controllers/Debug/DebugController.php
2024-11-15 14:16:51.628558 ║INFO	║ 38874	║  27.108 >> working on /home/amir/CTF/MCTF/2024/AD/easy_forms/src/app/Http/Controllers/Traits/FiltredCollectionTrait.php
2024-11-15 14:16:51.747997 ║INFO	║ 39721	║   0.015 >> Classtree created: True, found 36 classes
2024-11-15 14:16:51.848196 ║INFO	║ 39727	║   0.017 >> Classtree created: True, found 36 classes
2024-11-15 14:16:51.868420 ║INFO	║ 39727	║   0.037 >> 1 public methods found
2024-11-15 14:16:51.868477 ║INFO	║ 39727	║   0.037 >> 0 actions found
2024-11-15 14:16:51.868518 ║INFO	║ 39727	║   0.038 >> 0 methods to scan in pp mode
2024-11-15 14:16:51.876755 ║INFO	║ 39729	║   0.022 >> Classtree created: True, found 36 classes
2024-11-15 14:16:51.892573 ║INFO	║ 39729	║   0.038 >> 1 public methods found
2024-11-15 14:16:51.892627 ║INFO	║ 39729	║   0.038 >> 0 actions found
2024-11-15 14:16:51.892668 ║INFO	║ 39729	║   0.038 >> 0 methods to scan in pp mode
2024-11-15 14:16:51.910085 ║INFO	║ 38874	║  27.390 >> working on /home/amir/CTF/MCTF/2024/AD/easy_forms/src/app/Http/Controllers/Traits/EntityLimitTrait.php
2024-11-15 14:16:51.922507 ║INFO	║ 39721	║   0.190 >> 1 public methods found
2024-11-15 14:16:51.922572 ║INFO	║ 39721	║   0.190 >> 0 actions found
2024-11-15 14:16:51.922613 ║INFO	║ 39721	║   0.190 >> 0 methods to scan in pp mode
2024-11-15 14:16:51.939798 ║INFO	║ 38874	║  27.419 >> working on /home/amir/CTF/MCTF/2024/AD/easy_forms/src/app/Http/Controllers/AdminFormIntegrationController.php
2024-11-15 14:16:51.970666 ║INFO	║ 38874	║  27.450 >> working on /home/amir/CTF/MCTF/2024/AD/easy_forms/src/app/Http/Controllers/AdminFormInputController.php
2024-11-15 14:16:52.186493 ║INFO	║ 39750	║   0.026 >> Classtree created: True, found 36 classes
2024-11-15 14:16:52.203667 ║INFO	║ 39750	║   0.044 >> 1 public methods found
2024-11-15 14:16:52.203720 ║INFO	║ 39750	║   0.044 >> 0 actions found
2024-11-15 14:16:52.203761 ║INFO	║ 39750	║   0.044 >> 0 methods to scan in pp mode
2024-11-15 14:16:52.210740 ║INFO	║ 39753	║   0.026 >> Classtree created: True, found 36 classes
2024-11-15 14:16:52.242183 ║INFO	║ 39755	║   0.025 >> Classtree created: True, found 36 classes
2024-11-15 14:16:52.245370 ║INFO	║ 38874	║  27.725 >> working on /home/amir/CTF/MCTF/2024/AD/easy_forms/src/app/Http/Controllers/BaseAdminFormController.php
2024-11-15 14:16:52.252393 ║INFO	║ 39753	║   0.068 >> 3 public methods found
2024-11-15 14:16:52.252512 ║INFO	║ 39753	║   0.068 >> 0 actions found
2024-11-15 14:16:52.252628 ║INFO	║ 39753	║   0.068 >> 0 methods to scan in pp mode
2024-11-15 14:16:52.267069 ║INFO	║ 39755	║   0.050 >> 3 public methods found
2024-11-15 14:16:52.267127 ║INFO	║ 39755	║   0.050 >> 0 actions found
2024-11-15 14:16:52.267172 ║INFO	║ 39755	║   0.050 >> 0 methods to scan in pp mode
2024-11-15 14:16:52.314727 ║INFO	║ 38874	║  27.794 >> working on /home/amir/CTF/MCTF/2024/AD/easy_forms/src/app/Http/Controllers/AdminFormResultController.php
2024-11-15 14:16:52.318658 ║INFO	║ 38874	║  27.798 >> working on /home/amir/CTF/MCTF/2024/AD/easy_forms/src/app/Http/Controllers/AdminFormController.php
2024-11-15 14:16:52.498222 ║INFO	║ 39773	║   0.025 >> Classtree created: True, found 36 classes
2024-11-15 14:16:52.522782 ║INFO	║ 39773	║   0.049 >> 1 public methods found
2024-11-15 14:16:52.522841 ║INFO	║ 39773	║   0.049 >> 0 actions found
2024-11-15 14:16:52.522880 ║INFO	║ 39773	║   0.050 >> 0 methods to scan in pp mode
2024-11-15 14:16:52.561614 ║INFO	║ 38874	║  28.041 >> working on /home/amir/CTF/MCTF/2024/AD/easy_forms/src/app/Http/Controllers/FormController.php
2024-11-15 14:16:52.567460 ║INFO	║ 39776	║   0.026 >> Classtree created: True, found 36 classes
2024-11-15 14:16:52.604565 ║INFO	║ 39776	║   0.063 >> 2 public methods found
2024-11-15 14:16:52.604675 ║INFO	║ 39776	║   0.063 >> 0 actions found
2024-11-15 14:16:52.604778 ║INFO	║ 39776	║   0.063 >> 0 methods to scan in pp mode
2024-11-15 14:16:52.648228 ║INFO	║ 38874	║  28.128 >> working on /home/amir/CTF/MCTF/2024/AD/easy_forms/src/app/Http/Controllers/AuthController.php
2024-11-15 14:16:52.664463 ║INFO	║ 39778	║   0.016 >> Classtree created: True, found 36 classes
2024-11-15 14:16:52.705483 ║INFO	║ 39778	║   0.057 >> 5 public methods found
2024-11-15 14:16:52.705596 ║INFO	║ 39778	║   0.057 >> 0 actions found
2024-11-15 14:16:52.705710 ║INFO	║ 39778	║   0.057 >> 0 methods to scan in pp mode
2024-11-15 14:16:52.767867 ║INFO	║ 38874	║  28.247 >> working on /home/amir/CTF/MCTF/2024/AD/easy_forms/src/app/Models/FormInput.php
2024-11-15 14:16:52.810760 ║INFO	║ 39785	║   0.026 >> Classtree created: True, found 36 classes
2024-11-15 14:16:52.849109 ║INFO	║ 39785	║   0.065 >> 4 public methods found
2024-11-15 14:16:52.849221 ║INFO	║ 39785	║   0.065 >> 0 actions found
2024-11-15 14:16:52.849333 ║INFO	║ 39785	║   0.065 >> 0 methods to scan in pp mode
2024-11-15 14:16:52.914532 ║INFO	║ 38874	║  28.394 >> working on /home/amir/CTF/MCTF/2024/AD/easy_forms/src/app/Models/FormIntegration.php
2024-11-15 14:16:52.943573 ║INFO	║ 39790	║   0.018 >> Classtree created: True, found 36 classes
2024-11-15 14:16:52.965420 ║INFO	║ 39790	║   0.040 >> 7 public methods found
2024-11-15 14:16:52.965481 ║INFO	║ 39790	║   0.040 >> 0 actions found
2024-11-15 14:16:52.965538 ║INFO	║ 39790	║   0.040 >> 0 methods to scan in pp mode
2024-11-15 14:16:53.004047 ║INFO	║ 38874	║  28.484 >> working on /home/amir/CTF/MCTF/2024/AD/easy_forms/src/app/Models/User.php
2024-11-15 14:16:53.120868 ║INFO	║ 39794	║   0.018 >> Classtree created: True, found 36 classes
2024-11-15 14:16:53.158801 ║INFO	║ 39799	║   0.019 >> Classtree created: True, found 36 classes
2024-11-15 14:16:53.245648 ║INFO	║ 39803	║   0.016 >> Classtree created: True, found 36 classes
2024-11-15 14:16:53.256052 ║INFO	║ 39794	║   0.153 >> 0 public methods found
2024-11-15 14:16:53.256121 ║INFO	║ 39794	║   0.153 >> 0 actions found
2024-11-15 14:16:53.256151 ║INFO	║ 39794	║   0.153 >> 0 methods to scan in pp mode
2024-11-15 14:16:53.298266 ║INFO	║ 38874	║  28.778 >> working on /home/amir/CTF/MCTF/2024/AD/easy_forms/src/app/Models/Form.php
2024-11-15 14:16:53.306499 ║INFO	║ 39799	║   0.167 >> 0 public methods found
2024-11-15 14:16:53.306562 ║INFO	║ 39799	║   0.167 >> 0 actions found
2024-11-15 14:16:53.306592 ║INFO	║ 39799	║   0.167 >> 0 methods to scan in pp mode
2024-11-15 14:16:53.356559 ║INFO	║ 38874	║  28.836 >> working on /home/amir/CTF/MCTF/2024/AD/easy_forms/src/app/Models/FormResult.php
2024-11-15 14:16:53.412689 ║INFO	║ 39803	║   0.183 >> 4 public methods found
2024-11-15 14:16:53.412810 ║INFO	║ 39803	║   0.184 >> 0 actions found
2024-11-15 14:16:53.412925 ║INFO	║ 39803	║   0.184 >> 0 methods to scan in pp mode
2024-11-15 14:16:53.460698 ║INFO	║ 38874	║  28.940 >> working on /home/amir/CTF/MCTF/2024/AD/easy_forms/src/app/Rules/FormInput.php
2024-11-15 14:16:53.597370 ║INFO	║ 39829	║   0.016 >> Classtree created: True, found 36 classes
2024-11-15 14:16:53.601298 ║INFO	║ 39832	║   0.023 >> Classtree created: True, found 36 classes
2024-11-15 14:16:53.735513 ║INFO	║ 39832	║   0.158 >> 1 public methods found
2024-11-15 14:16:53.735585 ║INFO	║ 39832	║   0.158 >> 0 actions found
2024-11-15 14:16:53.735627 ║INFO	║ 39832	║   0.158 >> 0 methods to scan in pp mode
2024-11-15 14:16:53.762904 ║INFO	║ 39829	║   0.181 >> 4 public methods found
2024-11-15 14:16:53.762997 ║INFO	║ 39829	║   0.181 >> 0 actions found
2024-11-15 14:16:53.763120 ║INFO	║ 39829	║   0.181 >> 0 methods to scan in pp mode
2024-11-15 14:16:53.773537 ║INFO	║ 39835	║   0.027 >> Classtree created: True, found 36 classes
2024-11-15 14:16:53.783494 ║INFO	║ 38874	║  29.263 >> working on /home/amir/CTF/MCTF/2024/AD/easy_forms/src/app/Rules/FormIntegrationType.php
2024-11-15 14:16:53.821411 ║INFO	║ 38874	║  29.301 >> working on /home/amir/CTF/MCTF/2024/AD/easy_forms/src/app/Rules/ExternalUrl.php
2024-11-15 14:16:53.943324 ║INFO	║ 39835	║   0.196 >> 1 public methods found
2024-11-15 14:16:53.943455 ║INFO	║ 39835	║   0.197 >> 0 actions found
2024-11-15 14:16:53.943567 ║INFO	║ 39835	║   0.197 >> 0 methods to scan in pp mode
2024-11-15 14:16:54.011973 ║INFO	║ 38874	║  29.491 >> working on /home/amir/CTF/MCTF/2024/AD/easy_forms/src/app/Providers/AppServiceProvider.php
2024-11-15 14:16:54.032951 ║INFO	║ 39853	║   0.015 >> Classtree created: True, found 36 classes
2024-11-15 14:16:54.175489 ║INFO	║ 39857	║   0.026 >> Classtree created: True, found 36 classes
2024-11-15 14:16:54.193095 ║INFO	║ 39853	║   0.175 >> 2 public methods found
2024-11-15 14:16:54.193165 ║INFO	║ 39853	║   0.175 >> 0 actions found
2024-11-15 14:16:54.193216 ║INFO	║ 39853	║   0.175 >> 0 methods to scan in pp mode
2024-11-15 14:16:54.240037 ║INFO	║ 38874	║  29.720 >> working on /home/amir/CTF/MCTF/2024/AD/easy_forms/src/routes/api.php
2024-11-15 14:16:54.309761 ║INFO	║ 39868	║   0.026 >> Classtree created: True, found 36 classes
2024-11-15 14:16:54.322511 ║INFO	║ 39857	║   0.173 >> 2 public methods found
2024-11-15 14:16:54.322572 ║INFO	║ 39857	║   0.173 >> 0 actions found
2024-11-15 14:16:54.322616 ║INFO	║ 39857	║   0.174 >> 0 methods to scan in pp mode
2024-11-15 14:16:54.366421 ║INFO	║ 38874	║  29.846 >> working on /home/amir/CTF/MCTF/2024/AD/easy_forms/src/routes/console.php
2024-11-15 14:16:54.494270 ║INFO	║ 39887	║   0.024 >> Classtree created: True, found 36 classes
2024-11-15 14:16:54.498415 ║INFO	║ 39868	║   0.215 >> 2 public methods found
2024-11-15 14:16:54.498480 ║INFO	║ 39868	║   0.215 >> 0 actions found
2024-11-15 14:16:54.498525 ║INFO	║ 39868	║   0.215 >> 0 methods to scan in pp mode
2024-11-15 14:16:54.554948 ║INFO	║ 38874	║  30.035 >> working on /home/amir/CTF/MCTF/2024/AD/easy_forms/src/config/jwt.php
2024-11-15 14:16:54.630432 ║INFO	║ 39896	║   0.025 >> Classtree created: True, found 36 classes
2024-11-15 14:16:54.638338 ║INFO	║ 39887	║   0.168 >> 0 public methods found
2024-11-15 14:16:54.638474 ║INFO	║ 39887	║   0.168 >> 0 actions found
2024-11-15 14:16:54.638567 ║INFO	║ 39887	║   0.168 >> 0 methods to scan in pp mode
2024-11-15 14:16:54.702610 ║INFO	║ 38874	║  30.182 >> working on /home/amir/CTF/MCTF/2024/AD/easy_forms/src/config/mail.php
2024-11-15 14:16:54.809923 ║INFO	║ 39896	║   0.205 >> 0 public methods found
2024-11-15 14:16:54.809989 ║INFO	║ 39896	║   0.205 >> 0 actions found
2024-11-15 14:16:54.810022 ║INFO	║ 39896	║   0.205 >> 0 methods to scan in pp mode
2024-11-15 14:16:54.863472 ║INFO	║ 38874	║  30.343 >> working on /home/amir/CTF/MCTF/2024/AD/easy_forms/src/config/auth.php
2024-11-15 14:16:54.876619 ║INFO	║ 39904	║   0.025 >> Classtree created: True, found 36 classes
2024-11-15 14:16:54.973678 ║INFO	║ 39912	║   0.024 >> Classtree created: True, found 36 classes
2024-11-15 14:16:55.035221 ║INFO	║ 39904	║   0.184 >> 0 public methods found
2024-11-15 14:16:55.035291 ║INFO	║ 39904	║   0.184 >> 0 actions found
2024-11-15 14:16:55.035334 ║INFO	║ 39904	║   0.184 >> 0 methods to scan in pp mode
2024-11-15 14:16:55.092628 ║INFO	║ 38874	║  30.572 >> working on /home/amir/CTF/MCTF/2024/AD/easy_forms/src/config/cache.php
2024-11-15 14:16:55.131692 ║INFO	║ 39912	║   0.182 >> 0 public methods found
2024-11-15 14:16:55.131751 ║INFO	║ 39912	║   0.182 >> 0 actions found
2024-11-15 14:16:55.131782 ║INFO	║ 39912	║   0.182 >> 0 methods to scan in pp mode
2024-11-15 14:16:55.144750 ║INFO	║ 39918	║   0.027 >> Classtree created: True, found 36 classes
2024-11-15 14:16:55.203190 ║INFO	║ 38874	║  30.683 >> working on /home/amir/CTF/MCTF/2024/AD/easy_forms/src/config/app.php
2024-11-15 14:16:55.309691 ║INFO	║ 39918	║   0.192 >> 0 public methods found
2024-11-15 14:16:55.309756 ║INFO	║ 39918	║   0.192 >> 0 actions found
2024-11-15 14:16:55.309786 ║INFO	║ 39918	║   0.192 >> 0 methods to scan in pp mode
2024-11-15 14:16:55.369654 ║INFO	║ 38874	║  30.849 >> working on /home/amir/CTF/MCTF/2024/AD/easy_forms/src/config/form_integrations.php
2024-11-15 14:16:55.371640 ║INFO	║ 39937	║   0.026 >> Classtree created: True, found 36 classes
2024-11-15 14:16:55.558751 ║INFO	║ 39944	║   0.018 >> Classtree created: True, found 36 classes
2024-11-15 14:16:55.564592 ║INFO	║ 39937	║   0.219 >> 0 public methods found
2024-11-15 14:16:55.564656 ║INFO	║ 39937	║   0.219 >> 0 actions found
2024-11-15 14:16:55.564687 ║INFO	║ 39937	║   0.219 >> 0 methods to scan in pp mode
2024-11-15 14:16:55.614264 ║INFO	║ 38874	║  31.094 >> working on /home/amir/CTF/MCTF/2024/AD/easy_forms/src/config/filesystems.php
2024-11-15 14:16:55.651502 ║INFO	║ 39951	║   0.023 >> Classtree created: True, found 36 classes
2024-11-15 14:16:55.723688 ║INFO	║ 39944	║   0.183 >> 0 public methods found
2024-11-15 14:16:55.723754 ║INFO	║ 39944	║   0.183 >> 0 actions found
2024-11-15 14:16:55.723783 ║INFO	║ 39944	║   0.183 >> 0 methods to scan in pp mode
2024-11-15 14:16:55.780717 ║INFO	║ 38874	║  31.260 >> working on /home/amir/CTF/MCTF/2024/AD/easy_forms/src/config/queue.php
2024-11-15 14:16:55.830741 ║INFO	║ 39951	║   0.202 >> 0 public methods found
2024-11-15 14:16:55.830807 ║INFO	║ 39951	║   0.202 >> 0 actions found
2024-11-15 14:16:55.830838 ║INFO	║ 39951	║   0.202 >> 0 methods to scan in pp mode
2024-11-15 14:16:55.886303 ║INFO	║ 38874	║  31.366 >> working on /home/amir/CTF/MCTF/2024/AD/easy_forms/src/config/logging.php
2024-11-15 14:16:55.910452 ║INFO	║ 39962	║   0.017 >> Classtree created: True, found 36 classes
2024-11-15 14:16:56.051996 ║INFO	║ 39970	║   0.018 >> Classtree created: True, found 36 classes
2024-11-15 14:16:56.103657 ║INFO	║ 39962	║   0.210 >> 0 public methods found
2024-11-15 14:16:56.103791 ║INFO	║ 39962	║   0.210 >> 0 actions found
2024-11-15 14:16:56.103903 ║INFO	║ 39962	║   0.210 >> 0 methods to scan in pp mode
2024-11-15 14:16:56.166972 ║INFO	║ 38874	║  31.647 >> working on /home/amir/CTF/MCTF/2024/AD/easy_forms/src/config/database.php
2024-11-15 14:16:56.175679 ║INFO	║ 39974	║   0.018 >> Classtree created: True, found 36 classes
2024-11-15 14:16:56.202828 ║INFO	║ 39970	║   0.169 >> 0 public methods found
2024-11-15 14:16:56.202890 ║INFO	║ 39970	║   0.169 >> 0 actions found
2024-11-15 14:16:56.202921 ║INFO	║ 39970	║   0.169 >> 0 methods to scan in pp mode
2024-11-15 14:16:56.261622 ║INFO	║ 38874	║  31.741 >> working on /home/amir/CTF/MCTF/2024/AD/easy_forms/src/bootstrap/providers.php
2024-11-15 14:16:56.355203 ║INFO	║ 39974	║   0.198 >> 0 public methods found
2024-11-15 14:16:56.355271 ║INFO	║ 39974	║   0.198 >> 0 actions found
2024-11-15 14:16:56.355304 ║INFO	║ 39974	║   0.198 >> 0 methods to scan in pp mode
2024-11-15 14:16:56.413321 ║INFO	║ 38874	║  31.893 >> working on /home/amir/CTF/MCTF/2024/AD/easy_forms/src/bootstrap/app.php
2024-11-15 14:16:56.435307 ║INFO	║ 39997	║   0.018 >> Classtree created: True, found 36 classes
2024-11-15 14:16:56.582775 ║INFO	║ 40002	║   0.019 >> Classtree created: True, found 36 classes
2024-11-15 14:16:56.588550 ║INFO	║ 39997	║   0.171 >> 0 public methods found
2024-11-15 14:16:56.588698 ║INFO	║ 39997	║   0.171 >> 0 actions found
2024-11-15 14:16:56.588798 ║INFO	║ 39997	║   0.171 >> 0 methods to scan in pp mode
2024-11-15 14:16:56.647029 ║INFO	║ 38874	║  32.127 >> working on /home/amir/CTF/MCTF/2024/AD/easy_forms/src/public/index.php
2024-11-15 14:16:56.694009 ║INFO	║ 40007	║   0.017 >> Classtree created: True, found 36 classes
2024-11-15 14:16:56.737343 ║INFO	║ 40002	║   0.173 >> 0 public methods found
2024-11-15 14:16:56.737405 ║INFO	║ 40002	║   0.173 >> 0 actions found
2024-11-15 14:16:56.737434 ║INFO	║ 40002	║   0.173 >> 0 methods to scan in pp mode
2024-11-15 14:16:56.795268 ║INFO	║ 38874	║  32.275 >> working on /home/amir/CTF/MCTF/2024/AD/easy_forms/src/artisan
2024-11-15 14:16:56.906964 ║INFO	║ 40007	║   0.230 >> 0 public methods found
2024-11-15 14:16:56.907104 ║INFO	║ 40007	║   0.230 >> 0 actions found
2024-11-15 14:16:56.907205 ║INFO	║ 40007	║   0.230 >> 0 methods to scan in pp mode
2024-11-15 14:16:57.039773 ║INFO	║ 40021	║   0.027 >> Classtree created: True, found 36 classes
2024-11-15 14:16:57.076354 ║INFO	║ 40029	║   0.018 >> Classtree created: True, found 36 classes
2024-11-15 14:16:57.193850 ║INFO	║ 40021	║   0.181 >> pvf called file_exists('/home/amir/CTF/MCTF/2024/AD/easy_forms/src/public/../storage/framework/maintenance.php')
2024-11-15 14:16:57.194029 ║INFO	║ 40021	║   0.182 >> arg#0 payloadable: False
2024-11-15 14:16:57.207856 ║INFO	║ 40021	║   0.195 >> 0 public methods found
2024-11-15 14:16:57.207921 ║INFO	║ 40021	║   0.195 >> 0 actions found
2024-11-15 14:16:57.207948 ║INFO	║ 40021	║   0.195 >> 0 methods to scan in pp mode
2024-11-15 14:16:57.246384 ║INFO	║ 40029	║   0.188 >> pvf called exit(Application->configure('/home/amir/CTF/MCTF/2024/AD/easy_forms/src')->withRouting('/home/amir/CTF/MCTF/2024/AD/easy_forms/src/bootstrap/../routes/console.php', '/home/amir/CTF/MCTF/2024/AD/easy_forms/src/bootstrap/../routes/api.php', '/api')->withMiddleware(...)->withExceptions(...)->create()->handleCommand(...))
2024-11-15 14:16:57.249662 ║INFO	║ 40029	║   0.192 >> arg#0 payloadable: False
2024-11-15 14:16:57.249840 ║INFO	║ 40029	║   0.192 >> 0 public methods found
2024-11-15 14:16:57.249873 ║INFO	║ 40029	║   0.192 >> 0 actions found
2024-11-15 14:16:57.249901 ║INFO	║ 40029	║   0.192 >> 0 methods to scan in pp mode
