Send message {Progress, MessagePack, 4 bytes}
Send message {IgnoredNodes, MessagePack, 1210 bytes}
Send message {NodeScanStatus, MessagePack, 58 bytes}
Send message {NodeScanStatus, MessagePack, 82 bytes}
Send message {NodeScanStatus, MessagePack, 60 bytes}
Send message {NodeScanStatus, MessagePack, 82 bytes}
Send message {IssueDetected, MessagePack, 298 bytes}
Send message {IssueDetected, MessagePack, 298 bytes}
Send message {Progress, MessagePack, 4 bytes}
Send message {NodeScanStatus, MessagePack, 58 bytes}
Send message {NodeScanStatus, MessagePack, 81 bytes}
Send message {Progress, MessagePack, 4 bytes}
Send message {NodeScanStatus, MessagePack, 60 bytes}
Send message {NodeScanStatus, MessagePack, 81 bytes}
Send message {Progress, MessagePack, 4 bytes}
Send message {NodeScanStatus, MessagePack, 81 bytes}
Send message {NodeScanStatus, MessagePack, 81 bytes}
Send message {Progress, MessagePack, 4 bytes}
Send message {NodeScanStatus, MessagePack, 82 bytes}
Send message {NodeScanStatus, MessagePack, 82 bytes}
Send message {Progress, MessagePack, 4 bytes}
Send message {NodeScanStatus, MessagePack, 82 bytes}
Send message {NodeScanStatus, MessagePack, 82 bytes}
Send message {Progress, MessagePack, 4 bytes}
Send message {NodeScanStatus, MessagePack, 81 bytes}
Send message {NodeScanStatus, MessagePack, 82 bytes}
Send message {IssueDetected, MessagePack, 277 bytes}
Send message {Progress, MessagePack, 4 bytes}
Send message {NodeScanStatus, MessagePack, 82 bytes}
Send message {NodeScanStatus, MessagePack, 82 bytes}
Send message {IssueDetected, MessagePack, 277 bytes}
Send message {Progress, MessagePack, 4 bytes}
Send message {NodeScanStatus, MessagePack, 82 bytes}
Send message {NodeScanStatus, MessagePack, 81 bytes}
Send message {IssueDetected, MessagePack, 276 bytes}
Send message {Progress, MessagePack, 4 bytes}
Send message {NodeScanStatus, MessagePack, 82 bytes}
Send message {NodeScanStatus, MessagePack, 81 bytes}
Send message {Progress, MessagePack, 4 bytes}
Send message {NodeScanStatus, MessagePack, 82 bytes}
Send message {NodeScanStatus, MessagePack, 82 bytes}
Send message {Progress, MessagePack, 4 bytes}
Send message {NodeScanStatus, MessagePack, 81 bytes}
Send message {NodeScanStatus, MessagePack, 82 bytes}
Send message {IssueDetected, MessagePack, 1439 bytes}
Send message {Progress, MessagePack, 4 bytes}
Send message {NodeScanStatus, MessagePack, 81 bytes}
Send message {NodeScanStatus, MessagePack, 82 bytes}
Send message {IssueDetected, MessagePack, 1370 bytes}
Send message {Progress, MessagePack, 4 bytes}
Send message {NodeScanStatus, MessagePack, 82 bytes}
Send message {NodeScanStatus, MessagePack, 81 bytes}
Send message {Progress, MessagePack, 4 bytes}
Send message {NodeScanStatus, MessagePack, 82 bytes}
Send message {NodeScanStatus, MessagePack, 66 bytes}
Send message {Progress, MessagePack, 4 bytes}
Send message {NodeScanStatus, MessagePack, 82 bytes}
Send message {NodeScanStatus, MessagePack, 82 bytes}
Send message {IssueDetected, MessagePack, 583 bytes}
Send message {Progress, MessagePack, 4 bytes}
Send message {NodeScanStatus, MessagePack, 66 bytes}
Send message {NodeScanStatus, MessagePack, 82 bytes}
Send message {IssueDetected, MessagePack, 1545 bytes}
Send message {IssueDetected, MessagePack, 1106 bytes}
Send message {IssueDetected, MessagePack, 1579 bytes}
Send message {Progress, MessagePack, 4 bytes}
Send message {NodeScanStatus, MessagePack, 81 bytes}
Send message {NodeScanStatus, MessagePack, 82 bytes}
Send message {Progress, MessagePack, 4 bytes}
Send message {NodeScanStatus, MessagePack, 81 bytes}
Send message {NodeScanStatus, MessagePack, 82 bytes}
Send message {IssueDetected, MessagePack, 1219 bytes}
Send message {IssueDetected, MessagePack, 1550 bytes}
Send message {Progress, MessagePack, 4 bytes}
Send message {NodeScanStatus, MessagePack, 82 bytes}
Send message {Progress, MessagePack, 4 bytes}
Send message {NodeScanStatus, MessagePack, 82 bytes}
Send message {NodeScanStatus, MessagePack, 82 bytes}
Send message {NodeScanStatus, MessagePack, 81 bytes}
Send message {Progress, MessagePack, 4 bytes}
Send message {NodeScanStatus, MessagePack, 82 bytes}
Send message {NodeScanStatus, MessagePack, 82 bytes}
Send message {Progress, MessagePack, 4 bytes}
Send message {NodeScanStatus, MessagePack, 82 bytes}
Send message {NodeScanStatus, MessagePack, 81 bytes}
Send message {Progress, MessagePack, 4 bytes}
Send message {NodeScanStatus, MessagePack, 81 bytes}
Send message {NodeScanStatus, MessagePack, 82 bytes}
Send message {Progress, MessagePack, 4 bytes}
Send message {NodeScanStatus, MessagePack, 82 bytes}
Send message {NodeScanStatus, MessagePack, 81 bytes}
Send message {Progress, MessagePack, 4 bytes}
Send message {NodeScanStatus, MessagePack, 82 bytes}
Send message {NodeScanStatus, MessagePack, 66 bytes}
Send message {IssueDetected, MessagePack, 304 bytes}
Send message {IssueDetected, MessagePack, 304 bytes}
Send message {Progress, MessagePack, 4 bytes}
Send message {NodeScanStatus, MessagePack, 66 bytes}
Send message {NodeScanStatus, MessagePack, 69 bytes}
Send message {IssueDetected, MessagePack, 325 bytes}
Send message {IssueDetected, MessagePack, 325 bytes}
Send message {IssueDetected, MessagePack, 344 bytes}
Send message {IssueDetected, MessagePack, 328 bytes}
Send message {IssueDetected, MessagePack, 396 bytes}
Send message {IssueDetected, MessagePack, 396 bytes}
Send message {IssueDetected, MessagePack, 396 bytes}
Send message {IssueDetected, MessagePack, 396 bytes}
Send message {IssueDetected, MessagePack, 396 bytes}
Send message {IssueDetected, MessagePack, 396 bytes}
Send message {IssueDetected, MessagePack, 307 bytes}
Send message {IssueDetected, MessagePack, 307 bytes}
Send message {IssueDetected, MessagePack, 396 bytes}
Send message {Progress, MessagePack, 4 bytes}
Send message {NodeScanStatus, MessagePack, 69 bytes}
Send message {NodeScanStatus, MessagePack, 61 bytes}
Send message {Progress, MessagePack, 4 bytes}
Send message {NodeScanStatus, MessagePack, 61 bytes}
Send message {NodeScanStatus, MessagePack, 65 bytes}
Send message {IssueDetected, MessagePack, 326 bytes}
Send message {IssueDetected, MessagePack, 324 bytes}
Send message {IssueDetected, MessagePack, 333 bytes}
Send message {Progress, MessagePack, 4 bytes}
Send message {IssueDetected, MessagePack, 317 bytes}
Send message {NodeScanStatus, MessagePack, 65 bytes}
Send message {NodeScanStatus, MessagePack, 61 bytes}
Send message {IssueDetected, MessagePack, 326 bytes}
Send message {IssueDetected, MessagePack, 324 bytes}
Send message {IssueDetected, MessagePack, 333 bytes}
Send message {IssueDetected, MessagePack, 438 bytes}
Send message {IssueDetected, MessagePack, 314 bytes}
Send message {IssueDetected, MessagePack, 339 bytes}
Send message {IssueDetected, MessagePack, 348 bytes}
Send message {IssueDetected, MessagePack, 324 bytes}
Send message {IssueDetected, MessagePack, 340 bytes}
Send message {IssueDetected, MessagePack, 321 bytes}
Send message {IssueDetected, MessagePack, 318 bytes}
Send message {IssueDetected, MessagePack, 340 bytes}
Send message {IssueDetected, MessagePack, 383 bytes}
Send message {IssueDetected, MessagePack, 476 bytes}
Send message {IssueDetected, MessagePack, 417 bytes}
Send message {IssueDetected, MessagePack, 337 bytes}
Send message {IssueDetected, MessagePack, 314 bytes}
Send message {IssueDetected, MessagePack, 431 bytes}
Send message {IssueDetected, MessagePack, 344 bytes}
Send message {IssueDetected, MessagePack, 365 bytes}
Send message {IssueDetected, MessagePack, 327 bytes}
Send message {IssueDetected, MessagePack, 370 bytes}
Send message {Progress, MessagePack, 4 bytes}
Send message {NodeScanStatus, MessagePack, 61 bytes}
Send message {IssueDetected, MessagePack, 429 bytes}
Send message {NodeScanStatus, MessagePack, 62 bytes}
Send message {IssueDetected, MessagePack, 314 bytes}
Send message {IssueDetected, MessagePack, 339 bytes}
Send message {Progress, MessagePack, 4 bytes}
Send message {NodeScanStatus, MessagePack, 62 bytes}
Send message {NodeScanStatus, MessagePack, 62 bytes}
Send message {IssueDetected, MessagePack, 263 bytes}
Send message {Progress, MessagePack, 4 bytes}
Send message {NodeScanStatus, MessagePack, 62 bytes}
Send message {NodeScanStatus, MessagePack, 63 bytes}
Send message {Progress, MessagePack, 4 bytes}
Send message {NodeScanStatus, MessagePack, 63 bytes}
Send message {NodeScanStatus, MessagePack, 61 bytes}
Send message {Progress, MessagePack, 4 bytes}
Send message {NodeScanStatus, MessagePack, 61 bytes}
Send message {NodeScanStatus, MessagePack, 75 bytes}
Send message {Progress, MessagePack, 4 bytes}
Send message {NodeScanStatus, MessagePack, 75 bytes}
Send message {NodeScanStatus, MessagePack, 69 bytes}
Send message {Progress, MessagePack, 4 bytes}
Send message {NodeScanStatus, MessagePack, 69 bytes}
Send message {NodeScanStatus, MessagePack, 63 bytes}
Send message {Progress, MessagePack, 4 bytes}
Send message {NodeScanStatus, MessagePack, 63 bytes}
Send message {NodeScanStatus, MessagePack, 65 bytes}
Send message {IssueDetected, MessagePack, 684 bytes}
Send message {Progress, MessagePack, 4 bytes}
Send message {NodeScanStatus, MessagePack, 65 bytes}
Send message {NodeScanStatus, MessagePack, 66 bytes}
Send message {Progress, MessagePack, 4 bytes}
Send message {NodeScanStatus, MessagePack, 66 bytes}
Send message {NodeScanStatus, MessagePack, 70 bytes}
Send message {Progress, MessagePack, 4 bytes}
Send message {NodeScanStatus, MessagePack, 70 bytes}
Send message {NodeScanStatus, MessagePack, 64 bytes}
Send message {Progress, MessagePack, 4 bytes}
Send message {NodeScanStatus, MessagePack, 64 bytes}
Send message {NodeScanStatus, MessagePack, 63 bytes}
Send message {Progress, MessagePack, 4 bytes}
Send message {NodeScanStatus, MessagePack, 63 bytes}
Send message {NodeScanStatus, MessagePack, 97 bytes}
Send message {Progress, MessagePack, 4 bytes}
Send message {NodeScanStatus, MessagePack, 97 bytes}
Send message {NodeScanStatus, MessagePack, 85 bytes}
Send message {Progress, MessagePack, 4 bytes}
Send message {NodeScanStatus, MessagePack, 85 bytes}
Send message {NodeScanStatus, MessagePack, 90 bytes}
Send message {Progress, MessagePack, 4 bytes}
Send message {NodeScanStatus, MessagePack, 90 bytes}
Send message {NodeScanStatus, MessagePack, 85 bytes}
Send message {Progress, MessagePack, 4 bytes}
Send message {NodeScanStatus, MessagePack, 85 bytes}
Send message {NodeScanStatus, MessagePack, 80 bytes}
Send message {Progress, MessagePack, 4 bytes}
Send message {NodeScanStatus, MessagePack, 80 bytes}
Send message {NodeScanStatus, MessagePack, 75 bytes}
Send message {Progress, MessagePack, 4 bytes}
Send message {NodeScanStatus, MessagePack, 75 bytes}
Send message {NodeScanStatus, MessagePack, 87 bytes}
Send message {Progress, MessagePack, 4 bytes}
Send message {NodeScanStatus, MessagePack, 87 bytes}
Send message {NodeScanStatus, MessagePack, 96 bytes}
Send message {Progress, MessagePack, 4 bytes}
Send message {NodeScanStatus, MessagePack, 96 bytes}
Send message {NodeScanStatus, MessagePack, 90 bytes}
Send message {Progress, MessagePack, 4 bytes}
Send message {NodeScanStatus, MessagePack, 81 bytes}
Send message {NodeScanStatus, MessagePack, 81 bytes}
Send message {Progress, MessagePack, 4 bytes}
Send message {NodeScanStatus, MessagePack, 90 bytes}
Send message {NodeScanStatus, MessagePack, 92 bytes}
Send message {Progress, MessagePack, 4 bytes}
Send message {NodeScanStatus, MessagePack, 92 bytes}
Send message {NodeScanStatus, MessagePack, 75 bytes}
Send message {Progress, MessagePack, 4 bytes}
Send message {NodeScanStatus, MessagePack, 75 bytes}
Send message {NodeScanStatus, MessagePack, 71 bytes}
Send message {Progress, MessagePack, 4 bytes}
Send message {NodeScanStatus, MessagePack, 71 bytes}
Send message {NodeScanStatus, MessagePack, 77 bytes}
Send message {Progress, MessagePack, 4 bytes}
Send message {NodeScanStatus, MessagePack, 77 bytes}
Send message {NodeScanStatus, MessagePack, 66 bytes}
Send message {IssueDetected, MessagePack, 267 bytes}
Send message {Progress, MessagePack, 4 bytes}
Send message {NodeScanStatus, MessagePack, 66 bytes}
Send message {NodeScanStatus, MessagePack, 66 bytes}
Send message {Progress, MessagePack, 4 bytes}
Send message {NodeScanStatus, MessagePack, 66 bytes}
Send message {NodeScanStatus, MessagePack, 72 bytes}
Send message {Progress, MessagePack, 4 bytes}
Send message {NodeScanStatus, MessagePack, 72 bytes}
Send message {NodeScanStatus, MessagePack, 70 bytes}
Send message {Progress, MessagePack, 4 bytes}
Send message {NodeScanStatus, MessagePack, 70 bytes}
Send message {NodeScanStatus, MessagePack, 80 bytes}
Send message {Progress, MessagePack, 4 bytes}
Send message {NodeScanStatus, MessagePack, 80 bytes}
Send message {NodeScanStatus, MessagePack, 72 bytes}
Send message {Progress, MessagePack, 4 bytes}
Send message {NodeScanStatus, MessagePack, 72 bytes}
Send message {NodeScanStatus, MessagePack, 83 bytes}
Send message {Progress, MessagePack, 4 bytes}
Send message {NodeScanStatus, MessagePack, 81 bytes}
Send message {NodeScanStatus, MessagePack, 87 bytes}
Send message {Progress, MessagePack, 4 bytes}
Send message {NodeScanStatus, MessagePack, 87 bytes}
Send message {NodeScanStatus, MessagePack, 93 bytes}
Send message {Progress, MessagePack, 4 bytes}
Send message {NodeScanStatus, MessagePack, 83 bytes}
Send message {NodeScanStatus, MessagePack, 85 bytes}
Send message {Progress, MessagePack, 4 bytes}
Send message {NodeScanStatus, MessagePack, 93 bytes}
Send message {NodeScanStatus, MessagePack, 86 bytes}
Send message {Progress, MessagePack, 4 bytes}
Send message {Progress, MessagePack, 4 bytes}
Send message {NodeScanStatus, MessagePack, 85 bytes}
Send message {NodeScanStatus, MessagePack, 86 bytes}
Send message {NodeScanStatus, MessagePack, 79 bytes}
Send message {NodeScanStatus, MessagePack, 99 bytes}
Send message {Progress, MessagePack, 4 bytes}
Send message {NodeScanStatus, MessagePack, 99 bytes}
Send message {NodeScanStatus, MessagePack, 86 bytes}
Send message {Progress, MessagePack, 4 bytes}
Send message {NodeScanStatus, MessagePack, 86 bytes}
Send message {NodeScanStatus, MessagePack, 92 bytes}
Send message {Progress, MessagePack, 4 bytes}
Send message {NodeScanStatus, MessagePack, 92 bytes}
Send message {NodeScanStatus, MessagePack, 84 bytes}
Send message {IssueDetected, MessagePack, 303 bytes}
Send message {Progress, MessagePack, 4 bytes}
Send message {NodeScanStatus, MessagePack, 84 bytes}
Send message {NodeScanStatus, MessagePack, 88 bytes}
Send message {Progress, MessagePack, 4 bytes}
Send message {NodeScanStatus, MessagePack, 88 bytes}
Send message {NodeScanStatus, MessagePack, 81 bytes}
Send message {IssueDetected, MessagePack, 300 bytes}
Send message {Progress, MessagePack, 4 bytes}
Send message {NodeScanStatus, MessagePack, 81 bytes}
Send message {NodeScanStatus, MessagePack, 102 bytes}
Send message {IssueDetected, MessagePack, 317 bytes}
Send message {IssueDetected, MessagePack, 317 bytes}
Send message {Progress, MessagePack, 4 bytes}
Send message {NodeScanStatus, MessagePack, 79 bytes}
Send message {Progress, MessagePack, 4 bytes}
Send message {NodeScanStatus, MessagePack, 83 bytes}
Send message {NodeScanStatus, MessagePack, 102 bytes}
Send message {NodeScanStatus, MessagePack, 96 bytes}
Send message {Progress, MessagePack, 4 bytes}
Send message {NodeScanStatus, MessagePack, 83 bytes}
Send message {NodeScanStatus, MessagePack, 86 bytes}
Send message {Progress, MessagePack, 4 bytes}
Send message {NodeScanStatus, MessagePack, 96 bytes}
Send message {NodeScanStatus, MessagePack, 95 bytes}
Send message {Progress, MessagePack, 4 bytes}
Send message {Progress, MessagePack, 4 bytes}
Send message {NodeScanStatus, MessagePack, 95 bytes}
Send message {NodeScanStatus, MessagePack, 86 bytes}
Send message {NodeScanStatus, MessagePack, 97 bytes}
Send message {NodeScanStatus, MessagePack, 86 bytes}
Send message {Progress, MessagePack, 4 bytes}
Send message {NodeScanStatus, MessagePack, 97 bytes}
Send message {NodeScanStatus, MessagePack, 91 bytes}
Send message {Progress, MessagePack, 4 bytes}
Send message {NodeScanStatus, MessagePack, 91 bytes}
Send message {IssueDetected, MessagePack, 289 bytes}
Send message {Progress, MessagePack, 4 bytes}
Send message {NodeScanStatus, MessagePack, 86 bytes}
Send message {NodeScanStatus, MessagePack, 88 bytes}
Send message {Progress, MessagePack, 4 bytes}
Send message {NodeScanStatus, MessagePack, 88 bytes}
Send message {NodeScanStatus, MessagePack, 90 bytes}
Send message {Progress, MessagePack, 4 bytes}
Send message {NodeScanStatus, MessagePack, 90 bytes}
Send message {NodeScanStatus, MessagePack, 91 bytes}
Send message {Progress, MessagePack, 4 bytes}
Send message {NodeScanStatus, MessagePack, 91 bytes}
Send message {NodeScanStatus, MessagePack, 93 bytes}
Send message {Progress, MessagePack, 4 bytes}
Send message {NodeScanStatus, MessagePack, 93 bytes}
Send message {NodeScanStatus, MessagePack, 93 bytes}
Send message {Progress, MessagePack, 4 bytes}
Send message {NodeScanStatus, MessagePack, 93 bytes}
Send message {NodeScanStatus, MessagePack, 101 bytes}
Send message {Progress, MessagePack, 4 bytes}
Send message {NodeScanStatus, MessagePack, 101 bytes}
Send message {NodeScanStatus, MessagePack, 95 bytes}
Send message {Progress, MessagePack, 4 bytes}
Send message {NodeScanStatus, MessagePack, 95 bytes}
Send message {NodeScanStatus, MessagePack, 101 bytes}
Send message {Progress, MessagePack, 4 bytes}
Send message {NodeScanStatus, MessagePack, 101 bytes}
Send message {IssueDetected, MessagePack, 655 bytes}
Send message {IssueDetected, MessagePack, 837 bytes}
Send message {IssueDetected, MessagePack, 676 bytes}
Send message {IssueDetected, MessagePack, 806 bytes}
Send message {IssueDetected, MessagePack, 2654 bytes}
Send message {IssueDetected, MessagePack, 2115 bytes}
Send message {IssueDetected, MessagePack, 674 bytes}
Send message {IssueDetected, MessagePack, 699 bytes}
Send message {IssueDetected, MessagePack, 2654 bytes}
Send message {IssueDetected, MessagePack, 2115 bytes}
Send message {IssueDetected, MessagePack, 2654 bytes}
Send message {IssueDetected, MessagePack, 2838 bytes}
Send message {IssueDetected, MessagePack, 3020 bytes}
Send message {IssueDetected, MessagePack, 3020 bytes}
Send message {IssueDetected, MessagePack, 1171 bytes}
Send message {IssueDetected, MessagePack, 674 bytes}
Send message {IssueDetected, MessagePack, 699 bytes}
Send message {IssueDetected, MessagePack, 1031 bytes}
Send message {IssueDetected, MessagePack, 1031 bytes}
Send message {IssueDetected, MessagePack, 1022 bytes}
Send message {IssueDetected, MessagePack, 1031 bytes}
Send message {IssueDetected, MessagePack, 1031 bytes}
Send message {IssueDetected, MessagePack, 1022 bytes}
Send message {IssueDetected, MessagePack, 2349 bytes}
Send message {IssueDetected, MessagePack, 2349 bytes}
Send message {IssueDetected, MessagePack, 2340 bytes}
Send message {IssueDetected, MessagePack, 4282 bytes}
Send message {IssueDetected, MessagePack, 4282 bytes}
Send message {IssueDetected, MessagePack, 4273 bytes}
Send message {IssueDetected, MessagePack, 4633 bytes}
Send message {IssueDetected, MessagePack, 4633 bytes}
Send message {IssueDetected, MessagePack, 4624 bytes}
Send message {IssueDetected, MessagePack, 4712 bytes}
Send message {IssueDetected, MessagePack, 4712 bytes}
Send message {IssueDetected, MessagePack, 4703 bytes}
Send message {IssueDetected, MessagePack, 1309 bytes}
Send message {IssueDetected, MessagePack, 1309 bytes}
Send message {IssueDetected, MessagePack, 1300 bytes}
Send message {IssueDetected, MessagePack, 4813 bytes}
Send message {IssueDetected, MessagePack, 4813 bytes}
Send message {IssueDetected, MessagePack, 4804 bytes}
Send message {IssueDetected, MessagePack, 4925 bytes}
Send message {IssueDetected, MessagePack, 4925 bytes}
Send message {IssueDetected, MessagePack, 4916 bytes}
Send message {IssueDetected, MessagePack, 4633 bytes}
Send message {IssueDetected, MessagePack, 4633 bytes}
Send message {IssueDetected, MessagePack, 4624 bytes}
Send message {IssueDetected, MessagePack, 4813 bytes}
Send message {IssueDetected, MessagePack, 4813 bytes}
Send message {IssueDetected, MessagePack, 4804 bytes}
Send message {IssueDetected, MessagePack, 2157 bytes}
Send message {IssueDetected, MessagePack, 2157 bytes}
Send message {IssueDetected, MessagePack, 2148 bytes}
Send message {IssueDetected, MessagePack, 2157 bytes}
Send message {IssueDetected, MessagePack, 2157 bytes}
Send message {IssueDetected, MessagePack, 2148 bytes}
Send message {IssueDetected, MessagePack, 1581 bytes}
Send message {IssueDetected, MessagePack, 1581 bytes}
Send message {IssueDetected, MessagePack, 1572 bytes}
Send message {IssueDetected, MessagePack, 7916 bytes}
Send message {IssueDetected, MessagePack, 7916 bytes}
Send message {IssueDetected, MessagePack, 7907 bytes}
Send message {IssueDetected, MessagePack, 3198 bytes}
Send message {IssueDetected, MessagePack, 3198 bytes}
Send message {IssueDetected, MessagePack, 3189 bytes}
Send message {IssueDetected, MessagePack, 2563 bytes}
Send message {IssueDetected, MessagePack, 2563 bytes}
Send message {IssueDetected, MessagePack, 2554 bytes}
Send message {IssueDetected, MessagePack, 1024 bytes}
Send message {IssueDetected, MessagePack, 1024 bytes}
Send message {IssueDetected, MessagePack, 1015 bytes}
Send message {IssueDetected, MessagePack, 3391 bytes}
Send message {IssueDetected, MessagePack, 3391 bytes}
Send message {IssueDetected, MessagePack, 3382 bytes}
Send message {IssueDetected, MessagePack, 4103 bytes}
Send message {IssueDetected, MessagePack, 4103 bytes}
Send message {IssueDetected, MessagePack, 4094 bytes}
Send message {IssueDetected, MessagePack, 2519 bytes}
Send message {IssueDetected, MessagePack, 2519 bytes}
Send message {IssueDetected, MessagePack, 2510 bytes}
Send message {IssueDetected, MessagePack, 7916 bytes}
Send message {IssueDetected, MessagePack, 7916 bytes}
Send message {IssueDetected, MessagePack, 7907 bytes}
Send message {IssueDetected, MessagePack, 4813 bytes}
Send message {IssueDetected, MessagePack, 4813 bytes}
Send message {IssueDetected, MessagePack, 4804 bytes}
Send message {IssueDetected, MessagePack, 4702 bytes}
Send message {IssueDetected, MessagePack, 4702 bytes}
Send message {IssueDetected, MessagePack, 4693 bytes}
Send message {IssueDetected, MessagePack, 844 bytes}
Send message {IssueDetected, MessagePack, 844 bytes}
Send message {IssueDetected, MessagePack, 835 bytes}
Send message {IssueDetected, MessagePack, 4702 bytes}
Send message {IssueDetected, MessagePack, 4702 bytes}
Send message {IssueDetected, MessagePack, 4693 bytes}
Send message {IssueDetected, MessagePack, 4702 bytes}
Send message {IssueDetected, MessagePack, 4702 bytes}
Send message {IssueDetected, MessagePack, 4693 bytes}
Send message {IssueDetected, MessagePack, 844 bytes}
Send message {IssueDetected, MessagePack, 844 bytes}
Send message {IssueDetected, MessagePack, 835 bytes}
Send message {IssueDetected, MessagePack, 4702 bytes}
Send message {IssueDetected, MessagePack, 4702 bytes}
Send message {IssueDetected, MessagePack, 4693 bytes}
Send message {IssueDetected, MessagePack, 1987 bytes}
Send message {IssueDetected, MessagePack, 1987 bytes}
Send message {IssueDetected, MessagePack, 1978 bytes}
Send message {IssueDetected, MessagePack, 3569 bytes}
Send message {IssueDetected, MessagePack, 3569 bytes}
Send message {IssueDetected, MessagePack, 3560 bytes}
Send message {IssueDetected, MessagePack, 3559 bytes}
Send message {IssueDetected, MessagePack, 3559 bytes}
Send message {IssueDetected, MessagePack, 3550 bytes}
Send message {IssueDetected, MessagePack, 1977 bytes}
Send message {IssueDetected, MessagePack, 1977 bytes}
Send message {IssueDetected, MessagePack, 1968 bytes}
Send message {IssueDetected, MessagePack, 4813 bytes}
Send message {IssueDetected, MessagePack, 4813 bytes}
Send message {IssueDetected, MessagePack, 4804 bytes}
Send message {IssueDetected, MessagePack, 844 bytes}
Send message {IssueDetected, MessagePack, 844 bytes}
Send message {IssueDetected, MessagePack, 835 bytes}
Send message {IssueDetected, MessagePack, 1394 bytes}
Send message {IssueDetected, MessagePack, 1394 bytes}
Send message {IssueDetected, MessagePack, 1385 bytes}
Send message {IssueDetected, MessagePack, 1762 bytes}
Send message {IssueDetected, MessagePack, 1762 bytes}
Send message {IssueDetected, MessagePack, 1753 bytes}
Send message {IssueDetected, MessagePack, 4703 bytes}
Send message {IssueDetected, MessagePack, 4703 bytes}
Send message {IssueDetected, MessagePack, 4694 bytes}
Send message {IssueDetected, MessagePack, 3640 bytes}
Send message {IssueDetected, MessagePack, 3640 bytes}
Send message {IssueDetected, MessagePack, 3631 bytes}
Send message {IssueDetected, MessagePack, 4813 bytes}
Send message {IssueDetected, MessagePack, 4813 bytes}
Send message {IssueDetected, MessagePack, 4804 bytes}
Send message {IssueDetected, MessagePack, 4820 bytes}
Send message {IssueDetected, MessagePack, 4820 bytes}
Send message {IssueDetected, MessagePack, 4811 bytes}
Send message {IssueDetected, MessagePack, 4820 bytes}
Send message {IssueDetected, MessagePack, 4820 bytes}
Send message {IssueDetected, MessagePack, 4811 bytes}
Send message {IssueDetected, MessagePack, 1204 bytes}
Send message {IssueDetected, MessagePack, 1204 bytes}
Send message {IssueDetected, MessagePack, 1195 bytes}
Send message {IssueDetected, MessagePack, 1584 bytes}
Send message {IssueDetected, MessagePack, 1584 bytes}
Send message {IssueDetected, MessagePack, 1575 bytes}
Send message {IssueDetected, MessagePack, 1584 bytes}
Send message {IssueDetected, MessagePack, 1584 bytes}
Send message {IssueDetected, MessagePack, 1575 bytes}
Send message {IssueDetected, MessagePack, 3644 bytes}
Send message {IssueDetected, MessagePack, 3644 bytes}
Send message {IssueDetected, MessagePack, 3635 bytes}
Send message {IssueDetected, MessagePack, 1204 bytes}
Send message {IssueDetected, MessagePack, 1204 bytes}
Send message {IssueDetected, MessagePack, 1195 bytes}
Send message {IssueDetected, MessagePack, 1204 bytes}
Send message {IssueDetected, MessagePack, 1204 bytes}
Send message {IssueDetected, MessagePack, 1195 bytes}
Send message {IssueDetected, MessagePack, 1204 bytes}
Send message {IssueDetected, MessagePack, 1204 bytes}
Send message {IssueDetected, MessagePack, 1195 bytes}
Send message {IssueDetected, MessagePack, 1384 bytes}
Send message {IssueDetected, MessagePack, 1384 bytes}
Send message {IssueDetected, MessagePack, 1375 bytes}
Send message {IssueDetected, MessagePack, 5084 bytes}
Send message {IssueDetected, MessagePack, 5084 bytes}
Send message {IssueDetected, MessagePack, 5075 bytes}
Send message {IssueDetected, MessagePack, 844 bytes}
Send message {IssueDetected, MessagePack, 844 bytes}
Send message {IssueDetected, MessagePack, 835 bytes}
Send message {IssueDetected, MessagePack, 8099 bytes}
Send message {IssueDetected, MessagePack, 8099 bytes}
Send message {IssueDetected, MessagePack, 8090 bytes}
Send message {IssueDetected, MessagePack, 8099 bytes}
Send message {IssueDetected, MessagePack, 8099 bytes}
Send message {IssueDetected, MessagePack, 8090 bytes}
Send message {IssueDetected, MessagePack, 3019 bytes}
Send message {IssueDetected, MessagePack, 3019 bytes}
Send message {IssueDetected, MessagePack, 3010 bytes}
Send message {IssueDetected, MessagePack, 3243 bytes}
Send message {IssueDetected, MessagePack, 3243 bytes}
Send message {IssueDetected, MessagePack, 3234 bytes}
Send message {IssueDetected, MessagePack, 2839 bytes}
Send message {IssueDetected, MessagePack, 2839 bytes}
Send message {IssueDetected, MessagePack, 2830 bytes}
Send message {IssueDetected, MessagePack, 4194 bytes}
Send message {IssueDetected, MessagePack, 4194 bytes}
Send message {IssueDetected, MessagePack, 4185 bytes}
Send message {IssueDetected, MessagePack, 4770 bytes}
Send message {IssueDetected, MessagePack, 4770 bytes}
Send message {IssueDetected, MessagePack, 4761 bytes}
Send message {IssueDetected, MessagePack, 4007 bytes}
Send message {IssueDetected, MessagePack, 4007 bytes}
Send message {IssueDetected, MessagePack, 3998 bytes}
Send message {IssueDetected, MessagePack, 5111 bytes}
Send message {IssueDetected, MessagePack, 5111 bytes}
Send message {IssueDetected, MessagePack, 5102 bytes}
Send message {IssueDetected, MessagePack, 5056 bytes}
Send message {IssueDetected, MessagePack, 5056 bytes}
Send message {IssueDetected, MessagePack, 5047 bytes}
Send message {IssueDetected, MessagePack, 4888 bytes}
Send message {IssueDetected, MessagePack, 4888 bytes}
Send message {IssueDetected, MessagePack, 4879 bytes}
Send message {IssueDetected, MessagePack, 5291 bytes}
Send message {IssueDetected, MessagePack, 5291 bytes}
Send message {IssueDetected, MessagePack, 5282 bytes}
Send message {IssueDetected, MessagePack, 6985 bytes}
Send message {IssueDetected, MessagePack, 6985 bytes}
Send message {IssueDetected, MessagePack, 6976 bytes}
Send message {IssueDetected, MessagePack, 1398 bytes}
Send message {IssueDetected, MessagePack, 1398 bytes}
Send message {IssueDetected, MessagePack, 1389 bytes}
Send message {IssueDetected, MessagePack, 3243 bytes}
Send message {IssueDetected, MessagePack, 3243 bytes}
Send message {IssueDetected, MessagePack, 3234 bytes}
Send message {IssueDetected, MessagePack, 1398 bytes}
Send message {IssueDetected, MessagePack, 1398 bytes}
Send message {IssueDetected, MessagePack, 1389 bytes}
Send message {IssueDetected, MessagePack, 4813 bytes}
Send message {IssueDetected, MessagePack, 4813 bytes}
Send message {IssueDetected, MessagePack, 4804 bytes}
Send message {IssueDetected, MessagePack, 4057 bytes}
Send message {IssueDetected, MessagePack, 4057 bytes}
Send message {IssueDetected, MessagePack, 4048 bytes}
Send message {IssueDetected, MessagePack, 3749 bytes}
Send message {IssueDetected, MessagePack, 3749 bytes}
Send message {IssueDetected, MessagePack, 3740 bytes}
Send message {IssueDetected, MessagePack, 2798 bytes}
Send message {IssueDetected, MessagePack, 2798 bytes}
Send message {IssueDetected, MessagePack, 2789 bytes}
Send message {IssueDetected, MessagePack, 1394 bytes}
Send message {IssueDetected, MessagePack, 1394 bytes}
Send message {IssueDetected, MessagePack, 1385 bytes}
Send message {IssueDetected, MessagePack, 1034 bytes}
Send message {IssueDetected, MessagePack, 1034 bytes}
Send message {IssueDetected, MessagePack, 1025 bytes}
Send message {IssueDetected, MessagePack, 844 bytes}
Send message {IssueDetected, MessagePack, 844 bytes}
Send message {IssueDetected, MessagePack, 835 bytes}
Send message {IssueDetected, MessagePack, 4014 bytes}
Send message {IssueDetected, MessagePack, 4014 bytes}
Send message {IssueDetected, MessagePack, 4005 bytes}
Send message {IssueDetected, MessagePack, 3749 bytes}
Send message {IssueDetected, MessagePack, 3749 bytes}
Send message {IssueDetected, MessagePack, 3740 bytes}
Send message {IssueDetected, MessagePack, 7916 bytes}
Send message {IssueDetected, MessagePack, 7916 bytes}
Send message {IssueDetected, MessagePack, 7907 bytes}
Send message {IssueDetected, MessagePack, 844 bytes}
Send message {IssueDetected, MessagePack, 844 bytes}
Send message {IssueDetected, MessagePack, 835 bytes}
Send message {IssueDetected, MessagePack, 1119 bytes}
Send message {IssueDetected, MessagePack, 1119 bytes}
Send message {IssueDetected, MessagePack, 1110 bytes}
Send message {IssueDetected, MessagePack, 5130 bytes}
Send message {IssueDetected, MessagePack, 5130 bytes}
Send message {IssueDetected, MessagePack, 5121 bytes}
Send message {IssueDetected, MessagePack, 1394 bytes}
Send message {IssueDetected, MessagePack, 1394 bytes}
Send message {IssueDetected, MessagePack, 1385 bytes}
Send message {IssueDetected, MessagePack, 3019 bytes}
Send message {IssueDetected, MessagePack, 3019 bytes}
Send message {IssueDetected, MessagePack, 3010 bytes}
Send message {IssueDetected, MessagePack, 3243 bytes}
Send message {IssueDetected, MessagePack, 3243 bytes}
Send message {IssueDetected, MessagePack, 3234 bytes}
Send message {IssueDetected, MessagePack, 2839 bytes}
Send message {IssueDetected, MessagePack, 2839 bytes}
Send message {IssueDetected, MessagePack, 2830 bytes}
Send message {IssueDetected, MessagePack, 4563 bytes}
Send message {IssueDetected, MessagePack, 4563 bytes}
Send message {IssueDetected, MessagePack, 4554 bytes}
Send message {IssueDetected, MessagePack, 4288 bytes}
Send message {IssueDetected, MessagePack, 4288 bytes}
Send message {IssueDetected, MessagePack, 4279 bytes}
Send message {IssueDetected, MessagePack, 5244 bytes}
Send message {IssueDetected, MessagePack, 5244 bytes}
Send message {IssueDetected, MessagePack, 5235 bytes}
Send message {IssueDetected, MessagePack, 4720 bytes}
Send message {IssueDetected, MessagePack, 4720 bytes}
Send message {IssueDetected, MessagePack, 4711 bytes}
Send message {IssueDetected, MessagePack, 2157 bytes}
Send message {IssueDetected, MessagePack, 2157 bytes}
Send message {IssueDetected, MessagePack, 2148 bytes}
Send message {IssueDetected, MessagePack, 4336 bytes}
Send message {IssueDetected, MessagePack, 4336 bytes}
Send message {IssueDetected, MessagePack, 4327 bytes}
Send message {IssueDetected, MessagePack, 3739 bytes}
Send message {IssueDetected, MessagePack, 3739 bytes}
Send message {IssueDetected, MessagePack, 3730 bytes}
Send message {IssueDetected, MessagePack, 3749 bytes}
Send message {IssueDetected, MessagePack, 3749 bytes}
Send message {IssueDetected, MessagePack, 3740 bytes}
Send message {IssueDetected, MessagePack, 4398 bytes}
Send message {IssueDetected, MessagePack, 4398 bytes}
Send message {IssueDetected, MessagePack, 4389 bytes}
Send message {IssueDetected, MessagePack, 4813 bytes}
Send message {IssueDetected, MessagePack, 4813 bytes}
Send message {IssueDetected, MessagePack, 4804 bytes}
Send message {IssueDetected, MessagePack, 844 bytes}
Send message {IssueDetected, MessagePack, 844 bytes}
Send message {IssueDetected, MessagePack, 835 bytes}
Send message {IssueDetected, MessagePack, 4702 bytes}
Send message {IssueDetected, MessagePack, 4702 bytes}
Send message {IssueDetected, MessagePack, 4693 bytes}
Send message {IssueDetected, MessagePack, 4813 bytes}
Send message {IssueDetected, MessagePack, 4813 bytes}
Send message {IssueDetected, MessagePack, 4804 bytes}
Send message {IssueDetected, MessagePack, 4360 bytes}
Send message {IssueDetected, MessagePack, 4360 bytes}
Send message {IssueDetected, MessagePack, 4351 bytes}
Send message {IssueDetected, MessagePack, 8652 bytes}
Send message {IssueDetected, MessagePack, 8652 bytes}
Send message {IssueDetected, MessagePack, 8643 bytes}
Send message {IssueDetected, MessagePack, 3106 bytes}
Send message {IssueDetected, MessagePack, 3106 bytes}
Send message {IssueDetected, MessagePack, 3097 bytes}
Send message {IssueDetected, MessagePack, 3106 bytes}
Send message {IssueDetected, MessagePack, 3106 bytes}
Send message {IssueDetected, MessagePack, 3097 bytes}
Send message {IssueDetected, MessagePack, 2563 bytes}
Send message {IssueDetected, MessagePack, 2563 bytes}
Send message {IssueDetected, MessagePack, 2554 bytes}
Send message {IssueDetected, MessagePack, 2563 bytes}
Send message {IssueDetected, MessagePack, 2563 bytes}
Send message {IssueDetected, MessagePack, 2554 bytes}
Send message {IssueDetected, MessagePack, 2899 bytes}
Send message {IssueDetected, MessagePack, 2899 bytes}
Send message {IssueDetected, MessagePack, 2890 bytes}
Send message {IssueDetected, MessagePack, 4702 bytes}
Send message {IssueDetected, MessagePack, 4702 bytes}
Send message {IssueDetected, MessagePack, 4693 bytes}
Send message {IssueDetected, MessagePack, 4702 bytes}
Send message {IssueDetected, MessagePack, 4702 bytes}
Send message {IssueDetected, MessagePack, 4693 bytes}
Send message {IssueDetected, MessagePack, 4925 bytes}
Send message {IssueDetected, MessagePack, 4925 bytes}
Send message {IssueDetected, MessagePack, 4916 bytes}
Send message {IssueDetected, MessagePack, 8499 bytes}
Send message {IssueDetected, MessagePack, 8499 bytes}
Send message {IssueDetected, MessagePack, 8490 bytes}
Send message {IssueDetected, MessagePack, 8096 bytes}
Send message {IssueDetected, MessagePack, 8096 bytes}
Send message {IssueDetected, MessagePack, 8087 bytes}
Send message {IssueDetected, MessagePack, 4898 bytes}
Send message {IssueDetected, MessagePack, 4898 bytes}
Send message {IssueDetected, MessagePack, 4889 bytes}
Send message {IssueDetected, MessagePack, 3465 bytes}
Send message {IssueDetected, MessagePack, 3465 bytes}
Send message {IssueDetected, MessagePack, 3456 bytes}
Send message {IssueDetected, MessagePack, 2922 bytes}
Send message {IssueDetected, MessagePack, 2922 bytes}
Send message {IssueDetected, MessagePack, 2913 bytes}
Send message {IssueDetected, MessagePack, 4813 bytes}
Send message {IssueDetected, MessagePack, 4813 bytes}
Send message {IssueDetected, MessagePack, 4804 bytes}
Send message {IssueDetected, MessagePack, 1394 bytes}
Send message {IssueDetected, MessagePack, 1394 bytes}
Send message {IssueDetected, MessagePack, 1385 bytes}
Send message {IssueDetected, MessagePack, 4770 bytes}
Send message {IssueDetected, MessagePack, 4770 bytes}
Send message {IssueDetected, MessagePack, 4761 bytes}
Send message {IssueDetected, MessagePack, 1207 bytes}
Send message {IssueDetected, MessagePack, 1207 bytes}
Send message {IssueDetected, MessagePack, 1198 bytes}
Send message {IssueDetected, MessagePack, 1207 bytes}
Send message {IssueDetected, MessagePack, 1207 bytes}
Send message {IssueDetected, MessagePack, 1198 bytes}
Send message {IssueDetected, MessagePack, 1207 bytes}
Send message {IssueDetected, MessagePack, 1207 bytes}
Send message {IssueDetected, MessagePack, 1198 bytes}
Send message {IssueDetected, MessagePack, 1027 bytes}
Send message {IssueDetected, MessagePack, 1027 bytes}
Send message {IssueDetected, MessagePack, 1018 bytes}
Send message {IssueDetected, MessagePack, 2932 bytes}
Send message {IssueDetected, MessagePack, 2932 bytes}
Send message {IssueDetected, MessagePack, 2923 bytes}
Send message {IssueDetected, MessagePack, 6727 bytes}
Send message {IssueDetected, MessagePack, 6727 bytes}
Send message {IssueDetected, MessagePack, 6718 bytes}
Send message {IssueDetected, MessagePack, 1027 bytes}
Send message {IssueDetected, MessagePack, 1027 bytes}
Send message {IssueDetected, MessagePack, 1018 bytes}
Send message {IssueDetected, MessagePack, 4770 bytes}
Send message {IssueDetected, MessagePack, 4770 bytes}
Send message {IssueDetected, MessagePack, 4761 bytes}
Send message {IssueDetected, MessagePack, 844 bytes}
Send message {IssueDetected, MessagePack, 844 bytes}
Send message {IssueDetected, MessagePack, 835 bytes}
Send message {IssueDetected, MessagePack, 1926 bytes}
Send message {IssueDetected, MessagePack, 1926 bytes}
Send message {IssueDetected, MessagePack, 1917 bytes}
Send message {IssueDetected, MessagePack, 1926 bytes}
Send message {IssueDetected, MessagePack, 1926 bytes}
Send message {IssueDetected, MessagePack, 1917 bytes}
Send message {IssueDetected, MessagePack, 2130 bytes}
Send message {IssueDetected, MessagePack, 2130 bytes}
Send message {IssueDetected, MessagePack, 2121 bytes}
Send message {IssueDetected, MessagePack, 2932 bytes}
Send message {IssueDetected, MessagePack, 2932 bytes}
Send message {IssueDetected, MessagePack, 2923 bytes}
Send message {IssueDetected, MessagePack, 7185 bytes}
Send message {IssueDetected, MessagePack, 7185 bytes}
Send message {IssueDetected, MessagePack, 7176 bytes}
Send message {IssueDetected, MessagePack, 7005 bytes}
Send message {IssueDetected, MessagePack, 7005 bytes}
Send message {IssueDetected, MessagePack, 6996 bytes}
Send message {IssueDetected, MessagePack, 8743 bytes}
Send message {IssueDetected, MessagePack, 8743 bytes}
Send message {IssueDetected, MessagePack, 8734 bytes}
Send message {IssueDetected, MessagePack, 2310 bytes}
Send message {IssueDetected, MessagePack, 2310 bytes}
Send message {IssueDetected, MessagePack, 2301 bytes}
Send message {IssueDetected, MessagePack, 3063 bytes}
Send message {IssueDetected, MessagePack, 3063 bytes}
Send message {IssueDetected, MessagePack, 3054 bytes}
Send message {IssueDetected, MessagePack, 2563 bytes}
Send message {IssueDetected, MessagePack, 2563 bytes}
Send message {IssueDetected, MessagePack, 2554 bytes}
Send message {IssueDetected, MessagePack, 2108 bytes}
Send message {IssueDetected, MessagePack, 2108 bytes}
Send message {IssueDetected, MessagePack, 2099 bytes}
Send message {IssueDetected, MessagePack, 2383 bytes}
Send message {IssueDetected, MessagePack, 2383 bytes}
Send message {IssueDetected, MessagePack, 2374 bytes}
Send message {IssueDetected, MessagePack, 2383 bytes}
Send message {IssueDetected, MessagePack, 2383 bytes}
Send message {IssueDetected, MessagePack, 2374 bytes}
Send message {IssueDetected, MessagePack, 4907 bytes}
Send message {IssueDetected, MessagePack, 4907 bytes}
Send message {IssueDetected, MessagePack, 4898 bytes}
Send message {IssueDetected, MessagePack, 5068 bytes}
Send message {IssueDetected, MessagePack, 5068 bytes}
Send message {IssueDetected, MessagePack, 5059 bytes}
Send message {IssueDetected, MessagePack, 4770 bytes}
Send message {IssueDetected, MessagePack, 4770 bytes}
Send message {IssueDetected, MessagePack, 4761 bytes}
Send message {IssueDetected, MessagePack, 4754 bytes}
Send message {IssueDetected, MessagePack, 4754 bytes}
Send message {IssueDetected, MessagePack, 4745 bytes}
Send message {IssueDetected, MessagePack, 5125 bytes}
Send message {IssueDetected, MessagePack, 5125 bytes}
Send message {IssueDetected, MessagePack, 5116 bytes}
Send message {IssueDetected, MessagePack, 5125 bytes}
Send message {IssueDetected, MessagePack, 5125 bytes}
Send message {IssueDetected, MessagePack, 5116 bytes}
Send message {IssueDetected, MessagePack, 5125 bytes}
Send message {IssueDetected, MessagePack, 5125 bytes}
Send message {IssueDetected, MessagePack, 5116 bytes}
Send message {IssueDetected, MessagePack, 4950 bytes}
Send message {IssueDetected, MessagePack, 4950 bytes}
Send message {IssueDetected, MessagePack, 4941 bytes}
Send message {IssueDetected, MessagePack, 4945 bytes}
Send message {IssueDetected, MessagePack, 4945 bytes}
Send message {IssueDetected, MessagePack, 4936 bytes}
Send message {IssueDetected, MessagePack, 7916 bytes}
Send message {IssueDetected, MessagePack, 7916 bytes}
Send message {IssueDetected, MessagePack, 7907 bytes}
Send message {IssueDetected, MessagePack, 4702 bytes}
Send message {IssueDetected, MessagePack, 4702 bytes}
Send message {IssueDetected, MessagePack, 4693 bytes}
Send message {IssueDetected, MessagePack, 4871 bytes}
Send message {IssueDetected, MessagePack, 4871 bytes}
Send message {IssueDetected, MessagePack, 4862 bytes}
Send message {IssueDetected, MessagePack, 2926 bytes}
Send message {IssueDetected, MessagePack, 2926 bytes}
Send message {IssueDetected, MessagePack, 2917 bytes}
Send message {IssueDetected, MessagePack, 3415 bytes}
Send message {IssueDetected, MessagePack, 3415 bytes}
Send message {IssueDetected, MessagePack, 3406 bytes}
Send message {IssueDetected, MessagePack, 1207 bytes}
Send message {IssueDetected, MessagePack, 1207 bytes}
Send message {IssueDetected, MessagePack, 1198 bytes}
Send message {IssueDetected, MessagePack, 2637 bytes}
Send message {IssueDetected, MessagePack, 2637 bytes}
Send message {IssueDetected, MessagePack, 2628 bytes}
Send message {IssueDetected, MessagePack, 1394 bytes}
Send message {IssueDetected, MessagePack, 1394 bytes}
Send message {IssueDetected, MessagePack, 1385 bytes}
Send message {IssueDetected, MessagePack, 1394 bytes}
Send message {IssueDetected, MessagePack, 1394 bytes}
Send message {IssueDetected, MessagePack, 1385 bytes}
Send message {IssueDetected, MessagePack, 844 bytes}
Send message {IssueDetected, MessagePack, 844 bytes}
Send message {IssueDetected, MessagePack, 835 bytes}
Send message {IssueDetected, MessagePack, 4813 bytes}
Send message {IssueDetected, MessagePack, 4813 bytes}
Send message {IssueDetected, MessagePack, 4804 bytes}
Send message {IssueDetected, MessagePack, 1951 bytes}
Send message {IssueDetected, MessagePack, 1951 bytes}
Send message {IssueDetected, MessagePack, 1942 bytes}
Send message {IssueDetected, MessagePack, 7916 bytes}
Send message {IssueDetected, MessagePack, 7916 bytes}
Send message {IssueDetected, MessagePack, 7907 bytes}
Send message {IssueDetected, MessagePack, 4187 bytes}
Send message {IssueDetected, MessagePack, 4187 bytes}
Send message {IssueDetected, MessagePack, 4178 bytes}
Send message {IssueDetected, MessagePack, 4813 bytes}
Send message {IssueDetected, MessagePack, 4813 bytes}
Send message {IssueDetected, MessagePack, 4804 bytes}
Send message {IssueDetected, MessagePack, 4024 bytes}
Send message {IssueDetected, MessagePack, 4024 bytes}
Send message {IssueDetected, MessagePack, 4015 bytes}
Send message {IssueDetected, MessagePack, 3739 bytes}
Send message {IssueDetected, MessagePack, 3739 bytes}
Send message {IssueDetected, MessagePack, 3730 bytes}
Send message {IssueDetected, MessagePack, 3149 bytes}
Send message {IssueDetected, MessagePack, 3149 bytes}
Send message {IssueDetected, MessagePack, 3140 bytes}
Send message {IssueDetected, MessagePack, 4702 bytes}
Send message {IssueDetected, MessagePack, 4702 bytes}
Send message {IssueDetected, MessagePack, 4693 bytes}
Send message {IssueDetected, MessagePack, 1314 bytes}
Send message {IssueDetected, MessagePack, 1314 bytes}
Send message {IssueDetected, MessagePack, 1305 bytes}
Send message {IssueDetected, MessagePack, 8300 bytes}
Send message {IssueDetected, MessagePack, 8300 bytes}
Send message {IssueDetected, MessagePack, 8291 bytes}
Send message {IssueDetected, MessagePack, 4702 bytes}
Send message {IssueDetected, MessagePack, 4702 bytes}
Send message {IssueDetected, MessagePack, 4693 bytes}
Send message {IssueDetected, MessagePack, 664 bytes}
Send message {IssueDetected, MessagePack, 664 bytes}
Send message {IssueDetected, MessagePack, 655 bytes}
Send message {IssueDetected, MessagePack, 4823 bytes}
Send message {IssueDetected, MessagePack, 4823 bytes}
Send message {IssueDetected, MessagePack, 4814 bytes}
Send message {IssueDetected, MessagePack, 3640 bytes}
Send message {IssueDetected, MessagePack, 3640 bytes}
Send message {IssueDetected, MessagePack, 3631 bytes}
Send message {IssueDetected, MessagePack, 3193 bytes}
Send message {IssueDetected, MessagePack, 3193 bytes}
Send message {IssueDetected, MessagePack, 3184 bytes}
Send message {IssueDetected, MessagePack, 844 bytes}
Send message {IssueDetected, MessagePack, 844 bytes}
Send message {IssueDetected, MessagePack, 835 bytes}
Send message {IssueDetected, MessagePack, 4360 bytes}
Send message {IssueDetected, MessagePack, 4360 bytes}
Send message {IssueDetected, MessagePack, 4351 bytes}
Send message {IssueDetected, MessagePack, 4626 bytes}
Send message {IssueDetected, MessagePack, 4626 bytes}
Send message {IssueDetected, MessagePack, 4617 bytes}
Send message {IssueDetected, MessagePack, 3243 bytes}
Send message {IssueDetected, MessagePack, 3243 bytes}
Send message {IssueDetected, MessagePack, 3234 bytes}
Send message {IssueDetected, MessagePack, 2743 bytes}
Send message {IssueDetected, MessagePack, 2743 bytes}
Send message {IssueDetected, MessagePack, 2734 bytes}
Send message {IssueDetected, MessagePack, 7916 bytes}
Send message {IssueDetected, MessagePack, 7916 bytes}
Send message {IssueDetected, MessagePack, 7907 bytes}
Send message {IssueDetected, MessagePack, 7916 bytes}
Send message {IssueDetected, MessagePack, 7916 bytes}
Send message {IssueDetected, MessagePack, 7907 bytes}
Send message {IssueDetected, MessagePack, 1591 bytes}
Send message {IssueDetected, MessagePack, 1591 bytes}
Send message {IssueDetected, MessagePack, 1582 bytes}
Send message {IssueDetected, MessagePack, 4813 bytes}
Send message {IssueDetected, MessagePack, 4813 bytes}
Send message {IssueDetected, MessagePack, 4804 bytes}
Send message {IssueDetected, MessagePack, 4375 bytes}
Send message {IssueDetected, MessagePack, 4375 bytes}
Send message {IssueDetected, MessagePack, 4366 bytes}
Send message {IssueDetected, MessagePack, 4375 bytes}
Send message {IssueDetected, MessagePack, 4375 bytes}
Send message {IssueDetected, MessagePack, 4366 bytes}
Send message {IssueDetected, MessagePack, 8132 bytes}
Send message {IssueDetected, MessagePack, 8132 bytes}
Send message {IssueDetected, MessagePack, 8123 bytes}
Send message {IssueDetected, MessagePack, 8103 bytes}
Send message {IssueDetected, MessagePack, 8103 bytes}
Send message {IssueDetected, MessagePack, 8094 bytes}
Send message {IssueDetected, MessagePack, 8499 bytes}
Send message {IssueDetected, MessagePack, 8499 bytes}
Send message {IssueDetected, MessagePack, 8490 bytes}
Send message {IssueDetected, MessagePack, 8499 bytes}
Send message {IssueDetected, MessagePack, 8499 bytes}
Send message {IssueDetected, MessagePack, 8490 bytes}
Send message {IssueDetected, MessagePack, 4007 bytes}
Send message {IssueDetected, MessagePack, 4007 bytes}
Send message {IssueDetected, MessagePack, 3998 bytes}
Send message {IssueDetected, MessagePack, 4007 bytes}
Send message {IssueDetected, MessagePack, 4007 bytes}
Send message {IssueDetected, MessagePack, 3998 bytes}
Send message {IssueDetected, MessagePack, 3646 bytes}
Send message {IssueDetected, MessagePack, 3646 bytes}
Send message {IssueDetected, MessagePack, 3637 bytes}
Send message {IssueDetected, MessagePack, 2981 bytes}
Send message {IssueDetected, MessagePack, 2981 bytes}
Send message {IssueDetected, MessagePack, 2972 bytes}
Send message {IssueDetected, MessagePack, 2339 bytes}
Send message {IssueDetected, MessagePack, 2339 bytes}
Send message {IssueDetected, MessagePack, 2330 bytes}
Send message {IssueDetected, MessagePack, 2612 bytes}
Send message {IssueDetected, MessagePack, 2612 bytes}
Send message {IssueDetected, MessagePack, 2603 bytes}
Send message {IssueDetected, MessagePack, 2339 bytes}
Send message {IssueDetected, MessagePack, 2339 bytes}
Send message {IssueDetected, MessagePack, 2330 bytes}
Send message {IssueDetected, MessagePack, 4327 bytes}
Send message {IssueDetected, MessagePack, 4327 bytes}
Send message {IssueDetected, MessagePack, 4318 bytes}
Send message {IssueDetected, MessagePack, 4040 bytes}
Send message {IssueDetected, MessagePack, 4040 bytes}
Send message {IssueDetected, MessagePack, 4031 bytes}
Send message {IssueDetected, MessagePack, 4360 bytes}
Send message {IssueDetected, MessagePack, 4360 bytes}
Send message {IssueDetected, MessagePack, 4351 bytes}
Send message {IssueDetected, MessagePack, 1041 bytes}
Send message {IssueDetected, MessagePack, 1041 bytes}
Send message {IssueDetected, MessagePack, 1032 bytes}
Send message {IssueDetected, MessagePack, 844 bytes}
Send message {IssueDetected, MessagePack, 844 bytes}
Send message {IssueDetected, MessagePack, 835 bytes}
Send message {IssueDetected, MessagePack, 1694 bytes}
Send message {IssueDetected, MessagePack, 1694 bytes}
Send message {IssueDetected, MessagePack, 1685 bytes}
Send message {IssueDetected, MessagePack, 7916 bytes}
Send message {IssueDetected, MessagePack, 7916 bytes}
Send message {IssueDetected, MessagePack, 7907 bytes}
Send message {IssueDetected, MessagePack, 1394 bytes}
Send message {IssueDetected, MessagePack, 1394 bytes}
Send message {IssueDetected, MessagePack, 1385 bytes}
Send message {IssueDetected, MessagePack, 2563 bytes}
Send message {IssueDetected, MessagePack, 2563 bytes}
Send message {IssueDetected, MessagePack, 2554 bytes}
Send message {IssueDetected, MessagePack, 6993 bytes}
Send message {IssueDetected, MessagePack, 6993 bytes}
Send message {IssueDetected, MessagePack, 6984 bytes}
Send message {IssueDetected, MessagePack, 1689 bytes}
Send message {IssueDetected, MessagePack, 1689 bytes}
Send message {IssueDetected, MessagePack, 1680 bytes}
Send message {IssueDetected, MessagePack, 1592 bytes}
Send message {IssueDetected, MessagePack, 1592 bytes}
Send message {IssueDetected, MessagePack, 1583 bytes}
Send message {IssueDetected, MessagePack, 1583 bytes}
Send message {IssueDetected, MessagePack, 1583 bytes}
Send message {IssueDetected, MessagePack, 1574 bytes}
Send message {IssueDetected, MessagePack, 1483 bytes}
Send message {IssueDetected, MessagePack, 1483 bytes}
Send message {IssueDetected, MessagePack, 1474 bytes}
Send message {IssueDetected, MessagePack, 1490 bytes}
Send message {IssueDetected, MessagePack, 1490 bytes}
Send message {IssueDetected, MessagePack, 1481 bytes}
Send message {IssueDetected, MessagePack, 1301 bytes}
Send message {IssueDetected, MessagePack, 1301 bytes}
Send message {IssueDetected, MessagePack, 1292 bytes}
Send message {IssueDetected, MessagePack, 2335 bytes}
Send message {IssueDetected, MessagePack, 2335 bytes}
Send message {IssueDetected, MessagePack, 2326 bytes}
Send message {IssueDetected, MessagePack, 844 bytes}
Send message {IssueDetected, MessagePack, 844 bytes}
Send message {IssueDetected, MessagePack, 835 bytes}
Send message {IssueDetected, MessagePack, 7916 bytes}
Send message {IssueDetected, MessagePack, 7916 bytes}
Send message {IssueDetected, MessagePack, 7907 bytes}
Send message {IssueDetected, MessagePack, 1636 bytes}
Send message {IssueDetected, MessagePack, 1636 bytes}
Send message {IssueDetected, MessagePack, 1627 bytes}
Send message {IssueDetected, MessagePack, 2436 bytes}
Send message {IssueDetected, MessagePack, 2436 bytes}
Send message {IssueDetected, MessagePack, 2427 bytes}
Send message {IssueDetected, MessagePack, 4187 bytes}
Send message {IssueDetected, MessagePack, 4187 bytes}
Send message {IssueDetected, MessagePack, 4178 bytes}
Send message {IssueDetected, MessagePack, 2288 bytes}
Send message {IssueDetected, MessagePack, 2288 bytes}
Send message {IssueDetected, MessagePack, 2279 bytes}
Send message {IssueDetected, MessagePack, 940 bytes}
Send message {IssueDetected, MessagePack, 940 bytes}
Send message {IssueDetected, MessagePack, 931 bytes}
Send message {IssueDetected, MessagePack, 940 bytes}
Send message {IssueDetected, MessagePack, 940 bytes}
Send message {IssueDetected, MessagePack, 931 bytes}
Send message {IssueDetected, MessagePack, 5548 bytes}
Send message {IssueDetected, MessagePack, 5548 bytes}
Send message {IssueDetected, MessagePack, 5539 bytes}
Send message {IssueDetected, MessagePack, 4770 bytes}
Send message {IssueDetected, MessagePack, 4770 bytes}
Send message {IssueDetected, MessagePack, 4761 bytes}
Send message {IssueDetected, MessagePack, 4626 bytes}
Send message {IssueDetected, MessagePack, 4626 bytes}
Send message {IssueDetected, MessagePack, 4617 bytes}
Send message {IssueDetected, MessagePack, 4360 bytes}
Send message {IssueDetected, MessagePack, 4360 bytes}
Send message {IssueDetected, MessagePack, 4351 bytes}
Send message {IssueDetected, MessagePack, 844 bytes}
Send message {IssueDetected, MessagePack, 844 bytes}
Send message {IssueDetected, MessagePack, 835 bytes}
Send message {IssueDetected, MessagePack, 629 bytes}
Send message {IssueDetected, MessagePack, 4140 bytes}
Send message {IssueDetected, MessagePack, 3985 bytes}
Send message {IssueDetected, MessagePack, 3824 bytes}
Send message {IssueDetected, MessagePack, 3824 bytes}
Send message {IssueDetected, MessagePack, 3989 bytes}
Send message {IssueDetected, MessagePack, 4142 bytes}
Send message {IssueDetected, MessagePack, 4359 bytes}
Send message {IssueDetected, MessagePack, 637 bytes}
Send message {IssueDetected, MessagePack, 3468 bytes}
Send message {IssueDetected, MessagePack, 3816 bytes}
Send message {IssueDetected, MessagePack, 3469 bytes}
Send message {IssueDetected, MessagePack, 3817 bytes}
Send message {IssueDetected, MessagePack, 4101 bytes}
Send message {IssueDetected, MessagePack, 3814 bytes}
Send message {IssueDetected, MessagePack, 3650 bytes}
Send message {IssueDetected, MessagePack, 3650 bytes}
Send message {IssueDetected, MessagePack, 4243 bytes}
Send message {IssueDetected, MessagePack, 3948 bytes}
Send message {IssueDetected, MessagePack, 3653 bytes}
Send message {IssueDetected, MessagePack, 3653 bytes}
Send message {IssueDetected, MessagePack, 1828 bytes}
Send message {IssueDetected, MessagePack, 3811 bytes}
Send message {IssueDetected, MessagePack, 3650 bytes}
Send message {IssueDetected, MessagePack, 3650 bytes}
Send message {IssueDetected, MessagePack, 4201 bytes}
Send message {IssueDetected, MessagePack, 4201 bytes}
Send message {IssueDetected, MessagePack, 939 bytes}
Send message {IssueDetected, MessagePack, 3754 bytes}
Send message {IssueDetected, MessagePack, 3755 bytes}
Send message {IssueDetected, MessagePack, 3816 bytes}
Send message {IssueDetected, MessagePack, 3817 bytes}
Send message {IssueDetected, MessagePack, 939 bytes}
Send message {IssueDetected, MessagePack, 3835 bytes}
Send message {IssueDetected, MessagePack, 6299 bytes}
Send message {IssueDetected, MessagePack, 6299 bytes}
Send message {IssueDetected, MessagePack, 4383 bytes}
Send message {IssueDetected, MessagePack, 3468 bytes}
Send message {IssueDetected, MessagePack, 3469 bytes}
Send message {IssueDetected, MessagePack, 3816 bytes}
Send message {IssueDetected, MessagePack, 3817 bytes}
Send message {IssueDetected, MessagePack, 3832 bytes}
Send message {IssueDetected, MessagePack, 4190 bytes}
Send message {IssueDetected, MessagePack, 3650 bytes}
Send message {IssueDetected, MessagePack, 3999 bytes}
Send message {IssueDetected, MessagePack, 1826 bytes}
Send message {IssueDetected, MessagePack, 3651 bytes}
Send message {IssueDetected, MessagePack, 3999 bytes}
Send message {IssueDetected, MessagePack, 1826 bytes}
Send message {IssueDetected, MessagePack, 3651 bytes}
Send message {IssueDetected, MessagePack, 3835 bytes}
Send message {IssueDetected, MessagePack, 4006 bytes}
Send message {IssueDetected, MessagePack, 4006 bytes}
Send message {IssueDetected, MessagePack, 4190 bytes}
Send message {IssueDetected, MessagePack, 3844 bytes}
Send message {IssueDetected, MessagePack, 4383 bytes}
Send message {IssueDetected, MessagePack, 4393 bytes}
Send message {IssueDetected, MessagePack, 4190 bytes}
Send message {IssueDetected, MessagePack, 3993 bytes}
Send message {IssueDetected, MessagePack, 3842 bytes}
Send message {IssueDetected, MessagePack, 4006 bytes}
Send message {IssueDetected, MessagePack, 4169 bytes}
Send message {IssueDetected, MessagePack, 4006 bytes}
Send message {Progress, MessagePack, 4 bytes}
Send message {NodeScanStatus, MessagePack, 82 bytes}
Send message {NodeScanStatus, MessagePack, 82 bytes}
Send message {IssueDetected, MessagePack, 1387 bytes}
Send message {IssueDetected, MessagePack, 1631 bytes}
Send message {Progress, MessagePack, 4 bytes}
Send message {NodeScanStatus, MessagePack, 82 bytes}
Send message {IssueDetected, MessagePack, 1119 bytes}
Send message {IssueDetected, MessagePack, 641 bytes}
Send message {IssueDetected, MessagePack, 821 bytes}
Send message {IssueDetected, MessagePack, 643 bytes}
Send message {IssueDetected, MessagePack, 646 bytes}
Send message {IssueDetected, MessagePack, 1196 bytes}
Send message {IssueDetected, MessagePack, 903 bytes}
Send message {NodeScanStatus, MessagePack, 81 bytes}
Send message {Progress, MessagePack, 4 bytes}
Send message {ScanDone, ByteArray, 0 bytes}
Elapsed time of the 'Scan' stage: 00:02:42.1081306
Send message {Progress, MessagePack, 4 bytes}
Send message {FinalizeDone, ByteArray, 0 bytes}
Elapsed time of the 'Finalize' stage: 00:00:00.0034116
Core was stopped due to an error
