2024-11-09 05:36:58,347  |  ERROR  |  [DependencyCheckerWrapper.kt:221]  |  Something went wrong org.owasp.dependencycheck.exception.ExceptionCollection: One or more exceptions occurred during analysis:
	AnalysisException: Failed to read results from the NPM Audit API (NodeAuditAnalyzer); the analyzer is being disabled and may result in false negatives.
		caused by SocketTimeoutException: connect timed out
2024-11-09 05:36:58,350  |  ERROR  |  [DependencyCheckerWrapper.kt:222]  |  One or more exceptions occurred during analysis:
org.owasp.dependencycheck.exception.ExceptionCollection: One or more exceptions occurred during analysis:
	AnalysisException: Failed to read results from the NPM Audit API (NodeAuditAnalyzer); the analyzer is being disabled and may result in false negatives.
		caused by SocketTimeoutException: connect timed out
	at org.owasp.dependencycheck.Engine.analyzeDependencies(Engine.java:689)
	at com.ptsecurity.dependencycheckaicore.DependencyCheckerWrapper.scanDependency(DependencyCheckerWrapper.kt:213)
	at com.ptsecurity.dependencycheckaicore.Executor$scan$1.invokeSuspend(Executor.kt:247)
	at kotlin.coroutines.jvm.internal.BaseContinuationImpl.resumeWith(ContinuationImpl.kt:33)
	at kotlinx.coroutines.DispatchedTask.run(DispatchedTask.kt:106)
	at kotlinx.coroutines.EventLoopImplBase.processNextEvent(EventLoop.common.kt:277)
	at kotlinx.coroutines.BlockingCoroutine.joinBlocking(Builders.kt:86)
	at kotlinx.coroutines.BuildersKt__BuildersKt.runBlocking(Builders.kt:61)
	at kotlinx.coroutines.BuildersKt.runBlocking(Unknown Source)
	at kotlinx.coroutines.BuildersKt__BuildersKt.runBlocking$default(Builders.kt)
	at kotlinx.coroutines.BuildersKt.runBlocking$default(Unknown Source)
	at com.ptsecurity.dependencycheckaicore.Executor.scan(Executor.kt:243)
	at com.ptsecurity.dependencycheckaicore.Executor.access$scan(Executor.kt:27)
	at com.ptsecurity.dependencycheckaicore.Executor$executeInternal$2$2.invoke(Executor.kt:117)
	at com.ptsecurity.dependencycheckaicore.Executor$executeInternal$2$2.invoke(Executor.kt:27)
	at kotlin.concurrent.ThreadsKt$thread$thread$1.run(Thread.kt:30)
Next Exception:
org.owasp.dependencycheck.analyzer.exception.AnalysisException: Failed to read results from the NPM Audit API (NodeAuditAnalyzer); the analyzer is being disabled and may result in false negatives.
	at org.owasp.dependencycheck.analyzer.NodeAuditAnalyzer.analyzePackage(NodeAuditAnalyzer.java:198)
	at org.owasp.dependencycheck.analyzer.NodeAuditAnalyzer.analyzeDependency(NodeAuditAnalyzer.java:146)
	at org.owasp.dependencycheck.analyzer.AbstractAnalyzer.analyze(AbstractAnalyzer.java:131)
	at org.owasp.dependencycheck.AnalysisTask.call(AnalysisTask.java:88)
	at org.owasp.dependencycheck.AnalysisTask.call(AnalysisTask.java:37)
	at java.base/java.util.concurrent.FutureTask.run(FutureTask.java:264)
	at java.base/java.util.concurrent.ThreadPoolExecutor.runWorker(ThreadPoolExecutor.java:1128)
	at java.base/java.util.concurrent.ThreadPoolExecutor$Worker.run(ThreadPoolExecutor.java:628)
	at java.base/java.lang.Thread.run(Thread.java:834)
Caused by: java.net.SocketTimeoutException: connect timed out
	at java.base/java.net.PlainSocketImpl.socketConnect(Native Method)
	at java.base/java.net.AbstractPlainSocketImpl.doConnect(AbstractPlainSocketImpl.java:399)
	at java.base/java.net.AbstractPlainSocketImpl.connectToAddress(AbstractPlainSocketImpl.java:242)
	at java.base/java.net.AbstractPlainSocketImpl.connect(AbstractPlainSocketImpl.java:224)
	at java.base/java.net.Socket.connect(Socket.java:608)
	at java.base/sun.net.NetworkClient.doConnect(NetworkClient.java:177)
	at java.base/sun.net.www.http.HttpClient.openServer(HttpClient.java:474)
	at java.base/sun.net.www.http.HttpClient.openServer(HttpClient.java:569)
	at java.base/sun.net.www.protocol.https.HttpsClient.<init>(HttpsClient.java:265)
	at java.base/sun.net.www.protocol.https.HttpsClient.New(HttpsClient.java:372)
	at java.base/sun.net.www.protocol.https.AbstractDelegateHttpsURLConnection.getNewHttpClient(AbstractDelegateHttpsURLConnection.java:203)
	at java.base/sun.net.www.protocol.http.HttpURLConnection.plainConnect0(HttpURLConnection.java:1187)
	at java.base/sun.net.www.protocol.http.HttpURLConnection.plainConnect(HttpURLConnection.java:1081)
	at java.base/sun.net.www.protocol.https.AbstractDelegateHttpsURLConnection.connect(AbstractDelegateHttpsURLConnection.java:189)
	at java.base/sun.net.www.protocol.https.HttpsURLConnectionImpl.connect(HttpsURLConnectionImpl.java:168)
	at org.owasp.dependencycheck.data.nodeaudit.NodeAuditSearch.submitPackage(NodeAuditSearch.java:169)
	at org.owasp.dependencycheck.data.nodeaudit.NodeAuditSearch.submitPackage(NodeAuditSearch.java:133)
	at org.owasp.dependencycheck.analyzer.NodeAuditAnalyzer.analyzePackage(NodeAuditAnalyzer.java:189)
	... 8 more

2024-11-09 05:36:58,354  |  ERROR  |  [Executor.kt:212]  |  java.util.concurrent.CancellationException
java.util.concurrent.CancellationException: Analyzing failed! Cancelling...
	at com.ptsecurity.dependencycheckaicore.Executor$executeInternal$2$2.invoke(Executor.kt:120)
	at com.ptsecurity.dependencycheckaicore.Executor$executeInternal$2$2.invoke(Executor.kt:27)
	at kotlin.concurrent.ThreadsKt$thread$thread$1.run(Thread.kt:30)
