2024-11-09 05:36:23.413650 ║INFO	║ 48889	║ process file /home/amir/CTF/MCTF/2024/Stud/web/backend
2024-11-09 05:36:23.414007 ║INFO	║ 48889	║ process file /home/amir/CTF/MCTF/2024/Stud/web/backend/blueprints
2024-11-09 05:36:23.414292 ║INFO	║ 48889	║ process file /home/amir/CTF/MCTF/2024/Stud/web/backend/blueprints/note.py
2024-11-09 05:36:23.414542 ║INFO	║ 48889	║ process file /home/amir/CTF/MCTF/2024/Stud/web/backend/blueprints/auth.py
2024-11-09 05:36:23.414788 ║INFO	║ 48889	║ process file /home/amir/CTF/MCTF/2024/Stud/web/backend/blueprints/user.py
2024-11-09 05:36:23.415025 ║INFO	║ 48889	║ process file /home/amir/CTF/MCTF/2024/Stud/web/backend/requirements.txt
2024-11-09 05:36:23.415261 ║INFO	║ 48889	║ process file /home/amir/CTF/MCTF/2024/Stud/web/backend/Dockerfile
2024-11-09 05:36:23.415482 ║INFO	║ 48889	║ process file /home/amir/CTF/MCTF/2024/Stud/web/backend/db.py
2024-11-09 05:36:23.415697 ║INFO	║ 48889	║ process file /home/amir/CTF/MCTF/2024/Stud/web/backend/pyrightconfig.json
2024-11-09 05:36:23.415900 ║INFO	║ 48889	║ process file /home/amir/CTF/MCTF/2024/Stud/web/backend/main.py
2024-11-09 05:36:23.416091 ║INFO	║ 48889	║ process file /home/amir/CTF/MCTF/2024/Stud/web/backend/models.py
2024-11-09 05:36:23.416299 ║INFO	║ 48889	║ process file /home/amir/CTF/MCTF/2024/Stud/web/nginx
2024-11-09 05:36:23.416395 ║INFO	║ 48889	║ process file /home/amir/CTF/MCTF/2024/Stud/web/nginx/default.conf
2024-11-09 05:36:23.416449 ║INFO	║ 48889	║ process file /home/amir/CTF/MCTF/2024/Stud/web/nginx/Dockerfile
2024-11-09 05:36:23.416494 ║INFO	║ 48889	║ process file /home/amir/CTF/MCTF/2024/Stud/web/Loose Lottery
2024-11-09 05:36:23.416549 ║INFO	║ 48889	║ process file /home/amir/CTF/MCTF/2024/Stud/web/Loose Lottery/brute.py
2024-11-09 05:36:23.416606 ║INFO	║ 48889	║ process file /home/amir/CTF/MCTF/2024/Stud/web/frontend
2024-11-09 05:36:23.416648 ║INFO	║ 48889	║ process file /home/amir/CTF/MCTF/2024/Stud/web/frontend/routes
2024-11-09 05:36:23.416689 ║INFO	║ 48889	║ process file /home/amir/CTF/MCTF/2024/Stud/web/frontend/routes/auth.js
2024-11-09 05:36:23.416730 ║INFO	║ 48889	║ process file /home/amir/CTF/MCTF/2024/Stud/web/frontend/routes/note.js
2024-11-09 05:36:23.416771 ║INFO	║ 48889	║ process file /home/amir/CTF/MCTF/2024/Stud/web/frontend/routes/user.js
2024-11-09 05:36:23.416813 ║INFO	║ 48889	║ process file /home/amir/CTF/MCTF/2024/Stud/web/frontend/frontend
2024-11-09 05:36:23.416854 ║INFO	║ 48889	║ process file /home/amir/CTF/MCTF/2024/Stud/web/frontend/frontend/src
2024-11-09 05:36:23.416896 ║INFO	║ 48889	║ process file /home/amir/CTF/MCTF/2024/Stud/web/frontend/frontend/src/assets
2024-11-09 05:36:23.416938 ║INFO	║ 48889	║ process file /home/amir/CTF/MCTF/2024/Stud/web/frontend/frontend/src/assets/react.svg
2024-11-09 05:36:23.416981 ║INFO	║ 48889	║ process file /home/amir/CTF/MCTF/2024/Stud/web/frontend/frontend/src/components
2024-11-09 05:36:23.417026 ║INFO	║ 48889	║ process file /home/amir/CTF/MCTF/2024/Stud/web/frontend/frontend/src/components/codeEditor.jsx
2024-11-09 05:36:23.417068 ║INFO	║ 48889	║ process file /home/amir/CTF/MCTF/2024/Stud/web/frontend/frontend/src/components/paste.jsx
2024-11-09 05:36:23.417110 ║INFO	║ 48889	║ process file /home/amir/CTF/MCTF/2024/Stud/web/frontend/frontend/src/components/header.jsx
2024-11-09 05:36:23.417152 ║INFO	║ 48889	║ process file /home/amir/CTF/MCTF/2024/Stud/web/frontend/frontend/src/views
2024-11-09 05:36:23.417193 ║INFO	║ 48889	║ process file /home/amir/CTF/MCTF/2024/Stud/web/frontend/frontend/src/views/pastePage.jsx
2024-11-09 05:36:23.417236 ║INFO	║ 48889	║ process file /home/amir/CTF/MCTF/2024/Stud/web/frontend/frontend/src/views/loginPage.jsx
2024-11-09 05:36:23.417279 ║INFO	║ 48889	║ process file /home/amir/CTF/MCTF/2024/Stud/web/frontend/frontend/src/views/userPastePage.jsx
2024-11-09 05:36:23.417320 ║INFO	║ 48889	║ process file /home/amir/CTF/MCTF/2024/Stud/web/frontend/frontend/src/views/registerPage.jsx
2024-11-09 05:36:23.417370 ║INFO	║ 48889	║ process file /home/amir/CTF/MCTF/2024/Stud/web/frontend/frontend/src/views/myPastePage.jsx
2024-11-09 05:36:23.417414 ║INFO	║ 48889	║ process file /home/amir/CTF/MCTF/2024/Stud/web/frontend/frontend/src/views/createPastePage.jsx
2024-11-09 05:36:23.417456 ║INFO	║ 48889	║ process file /home/amir/CTF/MCTF/2024/Stud/web/frontend/frontend/src/main.jsx
2024-11-09 05:36:23.417500 ║INFO	║ 48889	║ process file /home/amir/CTF/MCTF/2024/Stud/web/frontend/frontend/src/helpers.js
2024-11-09 05:36:23.417548 ║INFO	║ 48889	║ process file /home/amir/CTF/MCTF/2024/Stud/web/frontend/frontend/src/index.css
2024-11-09 05:36:23.417596 ║INFO	║ 48889	║ process file /home/amir/CTF/MCTF/2024/Stud/web/frontend/frontend/src/App.jsx
2024-11-09 05:36:23.417640 ║INFO	║ 48889	║ process file /home/amir/CTF/MCTF/2024/Stud/web/frontend/frontend/src/api.js
2024-11-09 05:36:23.417685 ║INFO	║ 48889	║ process file /home/amir/CTF/MCTF/2024/Stud/web/frontend/frontend/public
2024-11-09 05:36:23.417730 ║INFO	║ 48889	║ process file /home/amir/CTF/MCTF/2024/Stud/web/frontend/frontend/public/vite.svg
2024-11-09 05:36:23.417792 ║INFO	║ 48889	║ process file /home/amir/CTF/MCTF/2024/Stud/web/frontend/frontend/package.json
2024-11-09 05:36:23.417854 ║INFO	║ 48889	║ process file /home/amir/CTF/MCTF/2024/Stud/web/frontend/frontend/eslint.config.js
2024-11-09 05:36:23.417909 ║INFO	║ 48889	║ process file /home/amir/CTF/MCTF/2024/Stud/web/frontend/frontend/package-lock.json
2024-11-09 05:36:23.417956 ║INFO	║ 48889	║ process file /home/amir/CTF/MCTF/2024/Stud/web/frontend/frontend/README.md
2024-11-09 05:36:23.418001 ║INFO	║ 48889	║ process file /home/amir/CTF/MCTF/2024/Stud/web/frontend/frontend/index.html
2024-11-09 05:36:23.418045 ║INFO	║ 48889	║ process file /home/amir/CTF/MCTF/2024/Stud/web/frontend/frontend/Dockerfile
2024-11-09 05:36:23.418086 ║INFO	║ 48889	║ process file /home/amir/CTF/MCTF/2024/Stud/web/frontend/frontend/vite.config.js
2024-11-09 05:36:23.418129 ║INFO	║ 48889	║ process file /home/amir/CTF/MCTF/2024/Stud/web/frontend/package.json
2024-11-09 05:36:23.418171 ║INFO	║ 48889	║ process file /home/amir/CTF/MCTF/2024/Stud/web/frontend/package-lock.json
2024-11-09 05:36:23.418216 ║INFO	║ 48889	║ process file /home/amir/CTF/MCTF/2024/Stud/web/frontend/helpers.js
2024-11-09 05:36:23.418261 ║INFO	║ 48889	║ process file /home/amir/CTF/MCTF/2024/Stud/web/frontend/Dockerfile
2024-11-09 05:36:23.418307 ║INFO	║ 48889	║ process file /home/amir/CTF/MCTF/2024/Stud/web/frontend/index.js
2024-11-09 05:36:23.418354 ║INFO	║ 48889	║ process file /home/amir/CTF/MCTF/2024/Stud/web/frontend/api.js
2024-11-09 05:36:23.418419 ║INFO	║ 48889	║ process file /home/amir/CTF/MCTF/2024/Stud/web/docker-compose.yml
2024-11-09 05:36:23.418485 ║INFO	║ 48889	║ process file /home/amir/CTF/MCTF/2024/Stud/web
2024-11-09 05:37:07.277203 ║INFO	║ 48889	║ Finalize
2024-11-09 05:37:07.277265 ║INFO	║ 48889	║ Finalize done
