2024-11-15 14:16:36.008803 ║INFO	║ 38816	║ process file /home/amir/CTF/MCTF/2024/AD/easy_forms/conf
2024-11-15 14:16:36.009144 ║INFO	║ 38816	║ process file /home/amir/CTF/MCTF/2024/AD/easy_forms/static
2024-11-15 14:16:36.009392 ║INFO	║ 38816	║ process file /home/amir/CTF/MCTF/2024/AD/easy_forms/static/_nuxt
2024-11-15 14:16:36.009614 ║INFO	║ 38816	║ process file /home/amir/CTF/MCTF/2024/AD/easy_forms/static/_nuxt/static
2024-11-15 14:16:36.009843 ║INFO	║ 38816	║ process file /home/amir/CTF/MCTF/2024/AD/easy_forms/static/_nuxt/static/1717073236
2024-11-15 14:16:36.010074 ║INFO	║ 38816	║ process file /home/amir/CTF/MCTF/2024/AD/easy_forms/static/_nuxt/static/1717073236/login
2024-11-15 14:16:36.010291 ║INFO	║ 38816	║ process file /home/amir/CTF/MCTF/2024/AD/easy_forms/static/_nuxt/static/1717073236/login/state.js
2024-11-15 14:16:36.010535 ║INFO	║ 38816	║ process file /home/amir/CTF/MCTF/2024/AD/easy_forms/static/_nuxt/static/1717073236/login/payload.js
2024-11-15 14:16:36.010769 ║INFO	║ 38816	║ process file /home/amir/CTF/MCTF/2024/AD/easy_forms/static/_nuxt/static/1717073236/register
2024-11-15 14:16:36.010973 ║INFO	║ 38816	║ process file /home/amir/CTF/MCTF/2024/AD/easy_forms/static/_nuxt/static/1717073236/register/state.js
2024-11-15 14:16:36.011150 ║INFO	║ 38816	║ process file /home/amir/CTF/MCTF/2024/AD/easy_forms/static/_nuxt/static/1717073236/register/payload.js
2024-11-15 14:16:36.011323 ║INFO	║ 38816	║ process file /home/amir/CTF/MCTF/2024/AD/easy_forms/static/_nuxt/static/1717073236/admin
2024-11-15 14:16:36.011495 ║INFO	║ 38816	║ process file /home/amir/CTF/MCTF/2024/AD/easy_forms/static/_nuxt/static/1717073236/admin/forms
2024-11-15 14:16:36.011684 ║INFO	║ 38816	║ process file /home/amir/CTF/MCTF/2024/AD/easy_forms/static/_nuxt/static/1717073236/admin/forms/create
2024-11-15 14:16:36.011884 ║INFO	║ 38816	║ process file /home/amir/CTF/MCTF/2024/AD/easy_forms/static/_nuxt/static/1717073236/admin/forms/create/state.js
2024-11-15 14:16:36.012078 ║INFO	║ 38816	║ process file /home/amir/CTF/MCTF/2024/AD/easy_forms/static/_nuxt/static/1717073236/manifest.js
2024-11-15 14:16:36.012260 ║INFO	║ 38816	║ process file /home/amir/CTF/MCTF/2024/AD/easy_forms/static/_nuxt/fonts
2024-11-15 14:16:36.012435 ║INFO	║ 38816	║ process file /home/amir/CTF/MCTF/2024/AD/easy_forms/static/_nuxt/fonts/materialdesignicons-webfont.2146c3c.eot
2024-11-15 14:16:36.012604 ║INFO	║ 38816	║ process file /home/amir/CTF/MCTF/2024/AD/easy_forms/static/_nuxt/fonts/materialdesignicons-webfont.1fcc362.ttf
2024-11-15 14:16:36.012784 ║INFO	║ 38816	║ process file /home/amir/CTF/MCTF/2024/AD/easy_forms/static/_nuxt/fonts/materialdesignicons-webfont.ec024da.woff2
2024-11-15 14:16:36.012961 ║INFO	║ 38816	║ process file /home/amir/CTF/MCTF/2024/AD/easy_forms/static/_nuxt/fonts/materialdesignicons-webfont.e55a20c.woff
2024-11-15 14:16:36.013126 ║INFO	║ 38816	║ process file /home/amir/CTF/MCTF/2024/AD/easy_forms/static/_nuxt/11.6c9a3839871688c2836e.js
2024-11-15 14:16:36.013290 ║INFO	║ 38816	║ process file /home/amir/CTF/MCTF/2024/AD/easy_forms/static/_nuxt/18.2241f41de9107c566b3d.js
2024-11-15 14:16:36.013461 ║INFO	║ 38816	║ process file /home/amir/CTF/MCTF/2024/AD/easy_forms/static/_nuxt/6.ec9728fc81acb49d563c.js
2024-11-15 14:16:36.013632 ║INFO	║ 38816	║ process file /home/amir/CTF/MCTF/2024/AD/easy_forms/static/_nuxt/3.e1a327d945d33d2d5cf6.js
2024-11-15 14:16:36.013840 ║INFO	║ 38816	║ process file /home/amir/CTF/MCTF/2024/AD/easy_forms/static/_nuxt/1.16a62630ccc739ba4eab.js
2024-11-15 14:16:36.014043 ║INFO	║ 38816	║ process file /home/amir/CTF/MCTF/2024/AD/easy_forms/static/_nuxt/12.7a843995349783b91a50.js
2024-11-15 14:16:36.014215 ║INFO	║ 38816	║ process file /home/amir/CTF/MCTF/2024/AD/easy_forms/static/_nuxt/25.8a8de41563ccb8c4147e.js
2024-11-15 14:16:36.014378 ║INFO	║ 38816	║ process file /home/amir/CTF/MCTF/2024/AD/easy_forms/static/_nuxt/22.d292a18632a5d4a5c270.js
2024-11-15 14:16:36.014543 ║INFO	║ 38816	║ process file /home/amir/CTF/MCTF/2024/AD/easy_forms/static/_nuxt/21.d39ea21fa876f52ea35b.js
2024-11-15 14:16:36.014721 ║INFO	║ 38816	║ process file /home/amir/CTF/MCTF/2024/AD/easy_forms/static/_nuxt/8.747819a12d705f810efd.js
2024-11-15 14:16:36.014901 ║INFO	║ 38816	║ process file /home/amir/CTF/MCTF/2024/AD/easy_forms/static/_nuxt/13.558a92d3c0ccdd451e8d.js
2024-11-15 14:16:36.015088 ║INFO	║ 38816	║ process file /home/amir/CTF/MCTF/2024/AD/easy_forms/static/_nuxt/7.8140c553b40bae0240fc.js
2024-11-15 14:16:36.015271 ║INFO	║ 38816	║ process file /home/amir/CTF/MCTF/2024/AD/easy_forms/static/_nuxt/15.532c8d2b9a0644ba12da.js
2024-11-15 14:16:36.015448 ║INFO	║ 38816	║ process file /home/amir/CTF/MCTF/2024/AD/easy_forms/static/_nuxt/27.b21dc4be7b56e9215132.js
2024-11-15 14:16:36.015626 ║INFO	║ 38816	║ process file /home/amir/CTF/MCTF/2024/AD/easy_forms/static/_nuxt/19.d56a309bdb9da529df47.js
2024-11-15 14:16:36.015812 ║INFO	║ 38816	║ process file /home/amir/CTF/MCTF/2024/AD/easy_forms/static/_nuxt/2.9888de29b322c592cfc1.js
2024-11-15 14:16:36.016014 ║INFO	║ 38816	║ process file /home/amir/CTF/MCTF/2024/AD/easy_forms/static/_nuxt/f24f7bd.js
2024-11-15 14:16:36.016189 ║INFO	║ 38816	║ process file /home/amir/CTF/MCTF/2024/AD/easy_forms/static/_nuxt/17.98f1c6486b9fe4db200c.js
2024-11-15 14:16:36.016357 ║INFO	║ 38816	║ process file /home/amir/CTF/MCTF/2024/AD/easy_forms/static/_nuxt/10.8407f95b760031b9044b.js
2024-11-15 14:16:36.016521 ║INFO	║ 38816	║ process file /home/amir/CTF/MCTF/2024/AD/easy_forms/static/_nuxt/26.e5993ec68153ec67530f.js
2024-11-15 14:16:36.016693 ║INFO	║ 38816	║ process file /home/amir/CTF/MCTF/2024/AD/easy_forms/static/_nuxt/LICENSES
2024-11-15 14:16:36.016846 ║INFO	║ 38816	║ process file /home/amir/CTF/MCTF/2024/AD/easy_forms/static/_nuxt/20.d4042c010d3a7383c9eb.js
2024-11-15 14:16:36.017005 ║INFO	║ 38816	║ process file /home/amir/CTF/MCTF/2024/AD/easy_forms/static/_nuxt/9.6e10589bd2c1e6f2d9a4.js
2024-11-15 14:16:36.017175 ║INFO	║ 38816	║ process file /home/amir/CTF/MCTF/2024/AD/easy_forms/static/_nuxt/14.e88baf763530133767cd.js
2024-11-15 14:16:36.017341 ║INFO	║ 38816	║ process file /home/amir/CTF/MCTF/2024/AD/easy_forms/static/_nuxt/4.7733370e828515f475e0.js
2024-11-15 14:16:36.017496 ║INFO	║ 38816	║ process file /home/amir/CTF/MCTF/2024/AD/easy_forms/static/_nuxt/0.b0dac074d0666abf50d7.js
2024-11-15 14:16:36.017653 ║INFO	║ 38816	║ process file /home/amir/CTF/MCTF/2024/AD/easy_forms/static/_nuxt/5.3e86eb1356bd77a62251.js
2024-11-15 14:16:36.017815 ║INFO	║ 38816	║ process file /home/amir/CTF/MCTF/2024/AD/easy_forms/static/_nuxt/24.9b18717d3a7875daff24.js
2024-11-15 14:16:36.017974 ║INFO	║ 38816	║ process file /home/amir/CTF/MCTF/2024/AD/easy_forms/static/_nuxt/16.77a5f336a7858c35eb82.js
2024-11-15 14:16:36.018135 ║INFO	║ 38816	║ process file /home/amir/CTF/MCTF/2024/AD/easy_forms/static/login
2024-11-15 14:16:36.018300 ║INFO	║ 38816	║ process file /home/amir/CTF/MCTF/2024/AD/easy_forms/static/login/index.html
2024-11-15 14:16:36.018463 ║INFO	║ 38816	║ process file /home/amir/CTF/MCTF/2024/AD/easy_forms/static/register
2024-11-15 14:16:36.018625 ║INFO	║ 38816	║ process file /home/amir/CTF/MCTF/2024/AD/easy_forms/static/register/index.html
2024-11-15 14:16:36.018807 ║INFO	║ 38816	║ process file /home/amir/CTF/MCTF/2024/AD/easy_forms/static/admin
2024-11-15 14:16:36.018984 ║INFO	║ 38816	║ process file /home/amir/CTF/MCTF/2024/AD/easy_forms/static/admin/forms
2024-11-15 14:16:36.019154 ║INFO	║ 38816	║ process file /home/amir/CTF/MCTF/2024/AD/easy_forms/static/admin/forms/create
2024-11-15 14:16:36.019330 ║INFO	║ 38816	║ process file /home/amir/CTF/MCTF/2024/AD/easy_forms/static/admin/forms/create/index.html
2024-11-15 14:16:36.019506 ║INFO	║ 38816	║ process file /home/amir/CTF/MCTF/2024/AD/easy_forms/static/200.html
2024-11-15 14:16:36.019677 ║INFO	║ 38816	║ process file /home/amir/CTF/MCTF/2024/AD/easy_forms/static/index.html
2024-11-15 14:16:36.019841 ║INFO	║ 38816	║ process file /home/amir/CTF/MCTF/2024/AD/easy_forms/static/v.png
2024-11-15 14:16:36.020034 ║INFO	║ 38816	║ process file /home/amir/CTF/MCTF/2024/AD/easy_forms/static/.nojekyll
2024-11-15 14:16:36.020187 ║INFO	║ 38816	║ process file /home/amir/CTF/MCTF/2024/AD/easy_forms/static/vuetify-logo.svg
2024-11-15 14:16:36.020345 ║INFO	║ 38816	║ process file /home/amir/CTF/MCTF/2024/AD/easy_forms/static/favicon.ico
2024-11-15 14:16:36.020517 ║INFO	║ 38816	║ process file /home/amir/CTF/MCTF/2024/AD/easy_forms/src
2024-11-15 14:16:36.020687 ║INFO	║ 38816	║ process file /home/amir/CTF/MCTF/2024/AD/easy_forms/src/app
2024-11-15 14:16:36.020845 ║INFO	║ 38816	║ process file /home/amir/CTF/MCTF/2024/AD/easy_forms/src/app/Exceptions
2024-11-15 14:16:36.020997 ║INFO	║ 38816	║ process file /home/amir/CTF/MCTF/2024/AD/easy_forms/src/app/Exceptions/ModelNotFoundExceptionDecorator.php
2024-11-15 14:16:36.021155 ║INFO	║ 38816	║ process file /home/amir/CTF/MCTF/2024/AD/easy_forms/src/app/Exceptions/ModelLimitException.php
2024-11-15 14:16:36.021311 ║INFO	║ 38816	║ process file /home/amir/CTF/MCTF/2024/AD/easy_forms/src/app/Validators
2024-11-15 14:16:36.021476 ║INFO	║ 38816	║ process file /home/amir/CTF/MCTF/2024/AD/easy_forms/src/app/Validators/FormIntegrationValidator.php
2024-11-15 14:16:36.021650 ║INFO	║ 38816	║ process file /home/amir/CTF/MCTF/2024/AD/easy_forms/src/app/Jobs
2024-11-15 14:16:36.021816 ║INFO	║ 38816	║ process file /home/amir/CTF/MCTF/2024/AD/easy_forms/src/app/Jobs/HandleFormIntegrationsJob.php
2024-11-15 14:16:36.021971 ║INFO	║ 38816	║ process file /home/amir/CTF/MCTF/2024/AD/easy_forms/src/app/Jobs/HandleIntegrationJob.php
2024-11-15 14:16:36.022133 ║INFO	║ 38816	║ process file /home/amir/CTF/MCTF/2024/AD/easy_forms/src/app/Enums
2024-11-15 14:16:36.022300 ║INFO	║ 38816	║ process file /home/amir/CTF/MCTF/2024/AD/easy_forms/src/app/Enums/FormInputTypes.php
2024-11-15 14:16:36.022466 ║INFO	║ 38816	║ process file /home/amir/CTF/MCTF/2024/AD/easy_forms/src/app/Console
2024-11-15 14:16:36.022633 ║INFO	║ 38816	║ process file /home/amir/CTF/MCTF/2024/AD/easy_forms/src/app/Console/Commands
2024-11-15 14:16:36.022800 ║INFO	║ 38816	║ process file /home/amir/CTF/MCTF/2024/AD/easy_forms/src/app/Console/Commands/FormCleaner.php
2024-11-15 14:16:36.022958 ║INFO	║ 38816	║ process file /home/amir/CTF/MCTF/2024/AD/easy_forms/src/app/Console/Commands/CreateDebugUser.php
2024-11-15 14:16:36.023109 ║INFO	║ 38816	║ process file /home/amir/CTF/MCTF/2024/AD/easy_forms/src/app/FormIntegrations
2024-11-15 14:16:36.023261 ║INFO	║ 38816	║ process file /home/amir/CTF/MCTF/2024/AD/easy_forms/src/app/FormIntegrations/MailIntegration.php
2024-11-15 14:16:36.023413 ║INFO	║ 38816	║ process file /home/amir/CTF/MCTF/2024/AD/easy_forms/src/app/FormIntegrations/SendIntegrationException.php
2024-11-15 14:16:36.023572 ║INFO	║ 38816	║ process file /home/amir/CTF/MCTF/2024/AD/easy_forms/src/app/FormIntegrations/ApiHttpIntegration.php
2024-11-15 14:16:36.023761 ║INFO	║ 38816	║ process file /home/amir/CTF/MCTF/2024/AD/easy_forms/src/app/FormIntegrations/IntegrationInterface.php
2024-11-15 14:16:36.023948 ║INFO	║ 38816	║ process file /home/amir/CTF/MCTF/2024/AD/easy_forms/src/app/Mail
2024-11-15 14:16:36.024137 ║INFO	║ 38816	║ process file /home/amir/CTF/MCTF/2024/AD/easy_forms/src/app/Mail/IntegrationMail.php
2024-11-15 14:16:36.024309 ║INFO	║ 38816	║ process file /home/amir/CTF/MCTF/2024/AD/easy_forms/src/app/Http
2024-11-15 14:16:36.024471 ║INFO	║ 38816	║ process file /home/amir/CTF/MCTF/2024/AD/easy_forms/src/app/Http/Requests
2024-11-15 14:16:36.024633 ║INFO	║ 38816	║ process file /home/amir/CTF/MCTF/2024/AD/easy_forms/src/app/Http/Requests/SoUAdminFormInputRequest.php
2024-11-15 14:16:36.024803 ║INFO	║ 38816	║ process file /home/amir/CTF/MCTF/2024/AD/easy_forms/src/app/Http/Requests/DebugFormsRequest.php
2024-11-15 14:16:36.024977 ║INFO	║ 38816	║ process file /home/amir/CTF/MCTF/2024/AD/easy_forms/src/app/Http/Requests/SoUAdminFormIntegrationRequest.php
2024-11-15 14:16:36.025151 ║INFO	║ 38816	║ process file /home/amir/CTF/MCTF/2024/AD/easy_forms/src/app/Http/Requests/FormSubmitRequest.php
2024-11-15 14:16:36.025324 ║INFO	║ 38816	║ process file /home/amir/CTF/MCTF/2024/AD/easy_forms/src/app/Http/Requests/FiltredAdminFormRequest.php
2024-11-15 14:16:36.025482 ║INFO	║ 38816	║ process file /home/amir/CTF/MCTF/2024/AD/easy_forms/src/app/Http/Requests/RegisterRequest.php
2024-11-15 14:16:36.025638 ║INFO	║ 38816	║ process file /home/amir/CTF/MCTF/2024/AD/easy_forms/src/app/Http/Requests/SoUAdminFormRequest.php
2024-11-15 14:16:36.025797 ║INFO	║ 38816	║ process file /home/amir/CTF/MCTF/2024/AD/easy_forms/src/app/Http/Requests/LoginRequest.php
2024-11-15 14:16:36.025964 ║INFO	║ 38816	║ process file /home/amir/CTF/MCTF/2024/AD/easy_forms/src/app/Http/Controllers
2024-11-15 14:16:36.026123 ║INFO	║ 38816	║ process file /home/amir/CTF/MCTF/2024/AD/easy_forms/src/app/Http/Controllers/Debug
2024-11-15 14:16:36.026281 ║INFO	║ 38816	║ process file /home/amir/CTF/MCTF/2024/AD/easy_forms/src/app/Http/Controllers/Debug/DebugController.php
2024-11-15 14:16:36.026440 ║INFO	║ 38816	║ process file /home/amir/CTF/MCTF/2024/AD/easy_forms/src/app/Http/Controllers/Traits
2024-11-15 14:16:36.026601 ║INFO	║ 38816	║ process file /home/amir/CTF/MCTF/2024/AD/easy_forms/src/app/Http/Controllers/Traits/FiltredCollectionTrait.php
2024-11-15 14:16:36.026759 ║INFO	║ 38816	║ process file /home/amir/CTF/MCTF/2024/AD/easy_forms/src/app/Http/Controllers/Traits/EntityLimitTrait.php
2024-11-15 14:16:36.026917 ║INFO	║ 38816	║ process file /home/amir/CTF/MCTF/2024/AD/easy_forms/src/app/Http/Controllers/AdminFormIntegrationController.php
2024-11-15 14:16:36.027074 ║INFO	║ 38816	║ process file /home/amir/CTF/MCTF/2024/AD/easy_forms/src/app/Http/Controllers/AdminFormInputController.php
2024-11-15 14:16:36.027231 ║INFO	║ 38816	║ process file /home/amir/CTF/MCTF/2024/AD/easy_forms/src/app/Http/Controllers/BaseAdminFormController.php
2024-11-15 14:16:36.027385 ║INFO	║ 38816	║ process file /home/amir/CTF/MCTF/2024/AD/easy_forms/src/app/Http/Controllers/AdminFormResultController.php
2024-11-15 14:16:36.027543 ║INFO	║ 38816	║ process file /home/amir/CTF/MCTF/2024/AD/easy_forms/src/app/Http/Controllers/AdminFormController.php
2024-11-15 14:16:36.027699 ║INFO	║ 38816	║ process file /home/amir/CTF/MCTF/2024/AD/easy_forms/src/app/Http/Controllers/FormController.php
2024-11-15 14:16:36.027865 ║INFO	║ 38816	║ process file /home/amir/CTF/MCTF/2024/AD/easy_forms/src/app/Http/Controllers/AuthController.php
2024-11-15 14:16:36.028038 ║INFO	║ 38816	║ process file /home/amir/CTF/MCTF/2024/AD/easy_forms/src/app/Models
2024-11-15 14:16:36.028204 ║INFO	║ 38816	║ process file /home/amir/CTF/MCTF/2024/AD/easy_forms/src/app/Models/FormInput.php
2024-11-15 14:16:36.028372 ║INFO	║ 38816	║ process file /home/amir/CTF/MCTF/2024/AD/easy_forms/src/app/Models/FormIntegration.php
2024-11-15 14:16:36.028531 ║INFO	║ 38816	║ process file /home/amir/CTF/MCTF/2024/AD/easy_forms/src/app/Models/User.php
2024-11-15 14:16:36.028685 ║INFO	║ 38816	║ process file /home/amir/CTF/MCTF/2024/AD/easy_forms/src/app/Models/Form.php
2024-11-15 14:16:36.028839 ║INFO	║ 38816	║ process file /home/amir/CTF/MCTF/2024/AD/easy_forms/src/app/Models/FormResult.php
2024-11-15 14:16:36.028994 ║INFO	║ 38816	║ process file /home/amir/CTF/MCTF/2024/AD/easy_forms/src/app/Rules
2024-11-15 14:16:36.029148 ║INFO	║ 38816	║ process file /home/amir/CTF/MCTF/2024/AD/easy_forms/src/app/Rules/FormInput.php
2024-11-15 14:16:36.029309 ║INFO	║ 38816	║ process file /home/amir/CTF/MCTF/2024/AD/easy_forms/src/app/Rules/FormIntegrationType.php
2024-11-15 14:16:36.029469 ║INFO	║ 38816	║ process file /home/amir/CTF/MCTF/2024/AD/easy_forms/src/app/Rules/ExternalUrl.php
2024-11-15 14:16:36.029629 ║INFO	║ 38816	║ process file /home/amir/CTF/MCTF/2024/AD/easy_forms/src/app/Providers
2024-11-15 14:16:36.029795 ║INFO	║ 38816	║ process file /home/amir/CTF/MCTF/2024/AD/easy_forms/src/app/Providers/AppServiceProvider.php
2024-11-15 14:16:36.029954 ║INFO	║ 38816	║ process file /home/amir/CTF/MCTF/2024/AD/easy_forms/src/routes
2024-11-15 14:16:36.030111 ║INFO	║ 38816	║ process file /home/amir/CTF/MCTF/2024/AD/easy_forms/src/routes/api.php
2024-11-15 14:16:36.030273 ║INFO	║ 38816	║ process file /home/amir/CTF/MCTF/2024/AD/easy_forms/src/routes/console.php
2024-11-15 14:16:36.030433 ║INFO	║ 38816	║ process file /home/amir/CTF/MCTF/2024/AD/easy_forms/src/config
2024-11-15 14:16:36.030596 ║INFO	║ 38816	║ process file /home/amir/CTF/MCTF/2024/AD/easy_forms/src/config/jwt.php
2024-11-15 14:16:36.030761 ║INFO	║ 38816	║ process file /home/amir/CTF/MCTF/2024/AD/easy_forms/src/config/mail.php
2024-11-15 14:16:36.030924 ║INFO	║ 38816	║ process file /home/amir/CTF/MCTF/2024/AD/easy_forms/src/config/auth.php
2024-11-15 14:16:36.031083 ║INFO	║ 38816	║ process file /home/amir/CTF/MCTF/2024/AD/easy_forms/src/config/cache.php
2024-11-15 14:16:36.031244 ║INFO	║ 38816	║ process file /home/amir/CTF/MCTF/2024/AD/easy_forms/src/config/app.php
2024-11-15 14:16:36.031401 ║INFO	║ 38816	║ process file /home/amir/CTF/MCTF/2024/AD/easy_forms/src/config/form_integrations.php
2024-11-15 14:16:36.031560 ║INFO	║ 38816	║ process file /home/amir/CTF/MCTF/2024/AD/easy_forms/src/config/filesystems.php
2024-11-15 14:16:36.031717 ║INFO	║ 38816	║ process file /home/amir/CTF/MCTF/2024/AD/easy_forms/src/config/queue.php
2024-11-15 14:16:36.031886 ║INFO	║ 38816	║ process file /home/amir/CTF/MCTF/2024/AD/easy_forms/src/config/logging.php
2024-11-15 14:16:36.032049 ║INFO	║ 38816	║ process file /home/amir/CTF/MCTF/2024/AD/easy_forms/src/config/database.php
2024-11-15 14:16:36.032211 ║INFO	║ 38816	║ process file /home/amir/CTF/MCTF/2024/AD/easy_forms/src/bootstrap
2024-11-15 14:16:36.032371 ║INFO	║ 38816	║ process file /home/amir/CTF/MCTF/2024/AD/easy_forms/src/bootstrap/cache
2024-11-15 14:16:36.032532 ║INFO	║ 38816	║ process file /home/amir/CTF/MCTF/2024/AD/easy_forms/src/bootstrap/providers.php
2024-11-15 14:16:36.032693 ║INFO	║ 38816	║ process file /home/amir/CTF/MCTF/2024/AD/easy_forms/src/bootstrap/app.php
2024-11-15 14:16:36.032854 ║INFO	║ 38816	║ process file /home/amir/CTF/MCTF/2024/AD/easy_forms/src/storage
2024-11-15 14:16:36.033016 ║INFO	║ 38816	║ process file /home/amir/CTF/MCTF/2024/AD/easy_forms/src/storage/app
2024-11-15 14:16:36.033177 ║INFO	║ 38816	║ process file /home/amir/CTF/MCTF/2024/AD/easy_forms/src/storage/app/public
2024-11-15 14:16:36.033336 ║INFO	║ 38816	║ process file /home/amir/CTF/MCTF/2024/AD/easy_forms/src/storage/logs
2024-11-15 14:16:36.033497 ║INFO	║ 38816	║ process file /home/amir/CTF/MCTF/2024/AD/easy_forms/src/storage/framework
2024-11-15 14:16:36.033661 ║INFO	║ 38816	║ process file /home/amir/CTF/MCTF/2024/AD/easy_forms/src/storage/framework/cache
2024-11-15 14:16:36.033821 ║INFO	║ 38816	║ process file /home/amir/CTF/MCTF/2024/AD/easy_forms/src/storage/framework/cache/data
2024-11-15 14:16:36.033981 ║INFO	║ 38816	║ process file /home/amir/CTF/MCTF/2024/AD/easy_forms/src/storage/framework/views
2024-11-15 14:16:36.034139 ║INFO	║ 38816	║ process file /home/amir/CTF/MCTF/2024/AD/easy_forms/src/public
2024-11-15 14:16:36.034302 ║INFO	║ 38816	║ process file /home/amir/CTF/MCTF/2024/AD/easy_forms/src/public/index.php
2024-11-15 14:16:36.034464 ║INFO	║ 38816	║ process file /home/amir/CTF/MCTF/2024/AD/easy_forms/src/public/favicon.ico
2024-11-15 14:16:36.034624 ║INFO	║ 38816	║ process file /home/amir/CTF/MCTF/2024/AD/easy_forms/src/.env
2024-11-15 14:16:36.034787 ║INFO	║ 38816	║ process file /home/amir/CTF/MCTF/2024/AD/easy_forms/src/artisan
2024-11-15 14:16:36.034946 ║INFO	║ 38816	║ process file /home/amir/CTF/MCTF/2024/AD/easy_forms/src/composer.lock
2024-11-15 14:16:36.035112 ║INFO	║ 38816	║ process file /home/amir/CTF/MCTF/2024/AD/easy_forms/src/composer.json
2024-11-15 14:16:36.035273 ║INFO	║ 38816	║ process file /home/amir/CTF/MCTF/2024/AD/easy_forms/docker-compose.yaml
2024-11-15 14:16:36.035432 ║INFO	║ 38816	║ process file /home/amir/CTF/MCTF/2024/AD/easy_forms/Dockerfile.backend
2024-11-15 14:16:36.035593 ║INFO	║ 38816	║ process file /home/amir/CTF/MCTF/2024/AD/easy_forms/backend-entry.sh
2024-11-15 14:16:36.035754 ║INFO	║ 38816	║ process file /home/amir/CTF/MCTF/2024/AD/easy_forms
2024-11-15 14:16:36.035935 ║INFO	║ 38816	║ process file /home/amir/CTF/MCTF/2024/AD/easy_forms/conf/nginx.conf
2024-11-15 14:17:42.848622 ║INFO	║ 38816	║ Finalize
2024-11-15 14:17:42.848805 ║INFO	║ 38816	║ Finalize done
