2024-12-07 03:10:38.935699 ║INFO	║ 3440239	║ process file /home/amir/CTF/MCTF/2024/Stud/final/zbnk
2024-12-07 03:10:38.936101 ║INFO	║ 3440239	║ process file /home/amir/CTF/MCTF/2024/Stud/final/zbnk/zbnk
2024-12-07 03:10:38.936420 ║INFO	║ 3440239	║ process file /home/amir/CTF/MCTF/2024/Stud/final/zbnk/zbnk/static
2024-12-07 03:10:38.936672 ║INFO	║ 3440239	║ process file /home/amir/CTF/MCTF/2024/Stud/final/zbnk/zbnk/static/meme2.jpeg
2024-12-07 03:10:38.936897 ║INFO	║ 3440239	║ process file /home/amir/CTF/MCTF/2024/Stud/final/zbnk/zbnk/static/meme5.jpg
2024-12-07 03:10:38.937145 ║INFO	║ 3440239	║ process file /home/amir/CTF/MCTF/2024/Stud/final/zbnk/zbnk/static/user.png
2024-12-07 03:10:38.937374 ║INFO	║ 3440239	║ process file /home/amir/CTF/MCTF/2024/Stud/final/zbnk/zbnk/static/meme1.jpeg
2024-12-07 03:10:38.937579 ║INFO	║ 3440239	║ process file /home/amir/CTF/MCTF/2024/Stud/final/zbnk/zbnk/static/meme4.jpg
2024-12-07 03:10:38.937780 ║INFO	║ 3440239	║ process file /home/amir/CTF/MCTF/2024/Stud/final/zbnk/zbnk/static/guest.png
2024-12-07 03:10:38.937972 ║INFO	║ 3440239	║ process file /home/amir/CTF/MCTF/2024/Stud/final/zbnk/zbnk/static/logo.png
2024-12-07 03:10:38.938156 ║INFO	║ 3440239	║ process file /home/amir/CTF/MCTF/2024/Stud/final/zbnk/zbnk/static/meme3.jpeg
2024-12-07 03:10:38.938330 ║INFO	║ 3440239	║ process file /home/amir/CTF/MCTF/2024/Stud/final/zbnk/zbnk/static/meme6.png
2024-12-07 03:10:38.938627 ║INFO	║ 3440239	║ process file /home/amir/CTF/MCTF/2024/Stud/final/zbnk/zbnk/helper
2024-12-07 03:10:38.938988 ║INFO	║ 3440239	║ process file /home/amir/CTF/MCTF/2024/Stud/final/zbnk/zbnk/helper/currency.php
2024-12-07 03:10:38.939344 ║INFO	║ 3440239	║ process file /home/amir/CTF/MCTF/2024/Stud/final/zbnk/zbnk/helper/jwt.php
2024-12-07 03:10:38.939696 ║INFO	║ 3440239	║ process file /home/amir/CTF/MCTF/2024/Stud/final/zbnk/zbnk/model
2024-12-07 03:10:38.940066 ║INFO	║ 3440239	║ process file /home/amir/CTF/MCTF/2024/Stud/final/zbnk/zbnk/model/balanceModel.php
2024-12-07 03:10:38.940433 ║INFO	║ 3440239	║ process file /home/amir/CTF/MCTF/2024/Stud/final/zbnk/zbnk/model/userModel.php
2024-12-07 03:10:38.940788 ║INFO	║ 3440239	║ process file /home/amir/CTF/MCTF/2024/Stud/final/zbnk/zbnk/model/kopilkaModel.php
2024-12-07 03:10:38.941182 ║INFO	║ 3440239	║ process file /home/amir/CTF/MCTF/2024/Stud/final/zbnk/zbnk/model/kopilkaMemberModel.php
2024-12-07 03:10:38.941581 ║INFO	║ 3440239	║ process file /home/amir/CTF/MCTF/2024/Stud/final/zbnk/zbnk/lib
2024-12-07 03:10:38.941924 ║INFO	║ 3440239	║ process file /home/amir/CTF/MCTF/2024/Stud/final/zbnk/zbnk/lib/router.php
2024-12-07 03:10:38.942277 ║INFO	║ 3440239	║ process file /home/amir/CTF/MCTF/2024/Stud/final/zbnk/zbnk/lib/sqldispatcher.php
2024-12-07 03:10:38.942640 ║INFO	║ 3440239	║ process file /home/amir/CTF/MCTF/2024/Stud/final/zbnk/zbnk/controller
2024-12-07 03:10:38.942976 ║INFO	║ 3440239	║ process file /home/amir/CTF/MCTF/2024/Stud/final/zbnk/zbnk/controller/authController.php
2024-12-07 03:10:38.943347 ║INFO	║ 3440239	║ process file /home/amir/CTF/MCTF/2024/Stud/final/zbnk/zbnk/controller/kopilkaController.php
2024-12-07 03:10:38.943716 ║INFO	║ 3440239	║ process file /home/amir/CTF/MCTF/2024/Stud/final/zbnk/zbnk/controller/ADDataController.php
2024-12-07 03:10:38.944080 ║INFO	║ 3440239	║ process file /home/amir/CTF/MCTF/2024/Stud/final/zbnk/zbnk/controller/currencyController.php
2024-12-07 03:10:38.944448 ║INFO	║ 3440239	║ process file /home/amir/CTF/MCTF/2024/Stud/final/zbnk/zbnk/views
2024-12-07 03:10:38.944808 ║INFO	║ 3440239	║ process file /home/amir/CTF/MCTF/2024/Stud/final/zbnk/zbnk/views/index_logged.html
2024-12-07 03:10:38.945197 ║INFO	║ 3440239	║ process file /home/amir/CTF/MCTF/2024/Stud/final/zbnk/zbnk/views/index.html
2024-12-07 03:10:38.945574 ║INFO	║ 3440239	║ process file /home/amir/CTF/MCTF/2024/Stud/final/zbnk/zbnk/views/create_kopilka.html
2024-12-07 03:10:38.945941 ║INFO	║ 3440239	║ process file /home/amir/CTF/MCTF/2024/Stud/final/zbnk/zbnk/views/kopilka_list_join.html
2024-12-07 03:10:38.946328 ║INFO	║ 3440239	║ process file /home/amir/CTF/MCTF/2024/Stud/final/zbnk/zbnk/views/kopilka_info.html
2024-12-07 03:10:38.946715 ║INFO	║ 3440239	║ process file /home/amir/CTF/MCTF/2024/Stud/final/zbnk/zbnk/views/login_reg.html
2024-12-07 03:10:38.947074 ║INFO	║ 3440239	║ process file /home/amir/CTF/MCTF/2024/Stud/final/zbnk/zbnk/views/currency.html
2024-12-07 03:10:38.947424 ║INFO	║ 3440239	║ process file /home/amir/CTF/MCTF/2024/Stud/final/zbnk/zbnk/Dockerfile
2024-12-07 03:10:38.947751 ║INFO	║ 3440239	║ process file /home/amir/CTF/MCTF/2024/Stud/final/zbnk/zbnk/main.php
2024-12-07 03:10:38.948095 ║INFO	║ 3440239	║ process file /home/amir/CTF/MCTF/2024/Stud/final/zbnk/zbnk/Caddyfile
2024-12-07 03:10:38.948418 ║INFO	║ 3440239	║ process file /home/amir/CTF/MCTF/2024/Stud/final/zbnk/zbnk/composer.json
2024-12-07 03:10:38.948725 ║INFO	║ 3440239	║ process file /home/amir/CTF/MCTF/2024/Stud/final/zbnk/zbnk/docker-entrypoint.sh
2024-12-07 03:10:38.949061 ║INFO	║ 3440239	║ process file /home/amir/CTF/MCTF/2024/Stud/final/zbnk/blck
2024-12-07 03:10:38.949387 ║INFO	║ 3440239	║ process file /home/amir/CTF/MCTF/2024/Stud/final/zbnk/blck/templates
2024-12-07 03:10:38.949708 ║INFO	║ 3440239	║ process file /home/amir/CTF/MCTF/2024/Stud/final/zbnk/blck/templates/index.html
2024-12-07 03:10:38.950019 ║INFO	║ 3440239	║ process file /home/amir/CTF/MCTF/2024/Stud/final/zbnk/blck/requirements.txt
2024-12-07 03:10:38.950329 ║INFO	║ 3440239	║ process file /home/amir/CTF/MCTF/2024/Stud/final/zbnk/blck/Dockerfile
2024-12-07 03:10:38.950632 ║INFO	║ 3440239	║ process file /home/amir/CTF/MCTF/2024/Stud/final/zbnk/blck/main.py
2024-12-07 03:10:38.950955 ║INFO	║ 3440239	║ process file /home/amir/CTF/MCTF/2024/Stud/final/zbnk/db
2024-12-07 03:10:38.951278 ║INFO	║ 3440239	║ process file /home/amir/CTF/MCTF/2024/Stud/final/zbnk/db/init.sql
2024-12-07 03:10:38.951605 ║INFO	║ 3440239	║ process file /home/amir/CTF/MCTF/2024/Stud/final/zbnk/docker-compose.yaml
2024-12-07 03:10:38.951949 ║INFO	║ 3440239	║ process file /home/amir/CTF/MCTF/2024/Stud/final/zbnk/.env
2024-12-07 03:10:38.952259 ║INFO	║ 3440239	║ process file /home/amir/CTF/MCTF/2024/Stud/final/doom
2024-12-07 03:10:38.952590 ║INFO	║ 3440239	║ process file /home/amir/CTF/MCTF/2024/Stud/final/doom/code
2024-12-07 03:10:38.952890 ║INFO	║ 3440239	║ process file /home/amir/CTF/MCTF/2024/Stud/final/doom/code/maps
2024-12-07 03:10:38.953055 ║INFO	║ 3440239	║ process file /home/amir/CTF/MCTF/2024/Stud/final/doom/code/maps/0.txt
2024-12-07 03:10:38.953172 ║INFO	║ 3440239	║ process file /home/amir/CTF/MCTF/2024/Stud/final/doom/code/maps/2.txt
2024-12-07 03:10:38.953259 ║INFO	║ 3440239	║ process file /home/amir/CTF/MCTF/2024/Stud/final/doom/code/maps/1.txt
2024-12-07 03:10:38.953341 ║INFO	║ 3440239	║ process file /home/amir/CTF/MCTF/2024/Stud/final/doom/code/Dockerfile
2024-12-07 03:10:38.953425 ║INFO	║ 3440239	║ process file /home/amir/CTF/MCTF/2024/Stud/final/doom/code/doom
2024-12-07 03:10:38.953510 ║INFO	║ 3440239	║ process file /home/amir/CTF/MCTF/2024/Stud/final/doom/code/server.sh
2024-12-07 03:10:38.953599 ║INFO	║ 3440239	║ process file /home/amir/CTF/MCTF/2024/Stud/final/doom/db
2024-12-07 03:10:38.953692 ║INFO	║ 3440239	║ process file /home/amir/CTF/MCTF/2024/Stud/final/doom/db/db.sql
2024-12-07 03:10:38.953787 ║INFO	║ 3440239	║ process file /home/amir/CTF/MCTF/2024/Stud/final/doom/db/Dockerfile
2024-12-07 03:10:38.953877 ║INFO	║ 3440239	║ process file /home/amir/CTF/MCTF/2024/Stud/final/doom/docker-compose.yml
2024-12-07 03:10:38.953974 ║INFO	║ 3440239	║ process file /home/amir/CTF/MCTF/2024/Stud/final/approve_me
2024-12-07 03:10:38.954091 ║INFO	║ 3440239	║ process file /home/amir/CTF/MCTF/2024/Stud/final/approve_me/backend
2024-12-07 03:10:38.954210 ║INFO	║ 3440239	║ process file /home/amir/CTF/MCTF/2024/Stud/final/approve_me/backend/src
2024-12-07 03:10:38.954337 ║INFO	║ 3440239	║ process file /home/amir/CTF/MCTF/2024/Stud/final/approve_me/backend/src/models
2024-12-07 03:10:38.954429 ║INFO	║ 3440239	║ process file /home/amir/CTF/MCTF/2024/Stud/final/approve_me/backend/src/models/participation.js
2024-12-07 03:10:38.954523 ║INFO	║ 3440239	║ process file /home/amir/CTF/MCTF/2024/Stud/final/approve_me/backend/src/models/event.js
2024-12-07 03:10:38.954605 ║INFO	║ 3440239	║ process file /home/amir/CTF/MCTF/2024/Stud/final/approve_me/backend/src/models/user.js
2024-12-07 03:10:38.954688 ║INFO	║ 3440239	║ process file /home/amir/CTF/MCTF/2024/Stud/final/approve_me/backend/src/models/index.js
2024-12-07 03:10:38.954774 ║INFO	║ 3440239	║ process file /home/amir/CTF/MCTF/2024/Stud/final/approve_me/backend/src/routes
2024-12-07 03:10:38.954858 ║INFO	║ 3440239	║ process file /home/amir/CTF/MCTF/2024/Stud/final/approve_me/backend/src/routes/userRoutes.js
2024-12-07 03:10:38.954941 ║INFO	║ 3440239	║ process file /home/amir/CTF/MCTF/2024/Stud/final/approve_me/backend/src/routes/eventRoutes.js
2024-12-07 03:10:38.955019 ║INFO	║ 3440239	║ process file /home/amir/CTF/MCTF/2024/Stud/final/approve_me/backend/src/routes/index.js
2024-12-07 03:10:38.955098 ║INFO	║ 3440239	║ process file /home/amir/CTF/MCTF/2024/Stud/final/approve_me/backend/src/routes/authRoutes.js
2024-12-07 03:10:38.955179 ║INFO	║ 3440239	║ process file /home/amir/CTF/MCTF/2024/Stud/final/approve_me/backend/src/controllers
2024-12-07 03:10:38.955278 ║INFO	║ 3440239	║ process file /home/amir/CTF/MCTF/2024/Stud/final/approve_me/backend/src/controllers/userController.js
2024-12-07 03:10:38.955377 ║INFO	║ 3440239	║ process file /home/amir/CTF/MCTF/2024/Stud/final/approve_me/backend/src/controllers/eventController.js
2024-12-07 03:10:38.955471 ║INFO	║ 3440239	║ process file /home/amir/CTF/MCTF/2024/Stud/final/approve_me/backend/src/controllers/authController.js
2024-12-07 03:10:38.955565 ║INFO	║ 3440239	║ process file /home/amir/CTF/MCTF/2024/Stud/final/approve_me/backend/src/config
2024-12-07 03:10:38.955653 ║INFO	║ 3440239	║ process file /home/amir/CTF/MCTF/2024/Stud/final/approve_me/backend/src/config/database.js
2024-12-07 03:10:38.955745 ║INFO	║ 3440239	║ process file /home/amir/CTF/MCTF/2024/Stud/final/approve_me/backend/src/middleware
2024-12-07 03:10:38.955840 ║INFO	║ 3440239	║ process file /home/amir/CTF/MCTF/2024/Stud/final/approve_me/backend/src/middleware/auth.js
2024-12-07 03:10:38.955924 ║INFO	║ 3440239	║ process file /home/amir/CTF/MCTF/2024/Stud/final/approve_me/backend/src/services
2024-12-07 03:10:38.956021 ║INFO	║ 3440239	║ process file /home/amir/CTF/MCTF/2024/Stud/final/approve_me/backend/src/services/userService.js
2024-12-07 03:10:38.956117 ║INFO	║ 3440239	║ process file /home/amir/CTF/MCTF/2024/Stud/final/approve_me/backend/src/app.js
2024-12-07 03:10:38.956203 ║INFO	║ 3440239	║ process file /home/amir/CTF/MCTF/2024/Stud/final/approve_me/backend/package.json
2024-12-07 03:10:38.956294 ║INFO	║ 3440239	║ process file /home/amir/CTF/MCTF/2024/Stud/final/approve_me/backend/package-lock.json
2024-12-07 03:10:38.956392 ║INFO	║ 3440239	║ process file /home/amir/CTF/MCTF/2024/Stud/final/approve_me/backend/Dockerfile
2024-12-07 03:10:38.956486 ║INFO	║ 3440239	║ process file /home/amir/CTF/MCTF/2024/Stud/final/approve_me/backend/wait-for-it.sh
2024-12-07 03:10:38.956609 ║INFO	║ 3440239	║ process file /home/amir/CTF/MCTF/2024/Stud/final/approve_me/frontend
2024-12-07 03:10:38.956701 ║INFO	║ 3440239	║ process file /home/amir/CTF/MCTF/2024/Stud/final/approve_me/frontend/src
2024-12-07 03:10:38.956785 ║INFO	║ 3440239	║ process file /home/amir/CTF/MCTF/2024/Stud/final/approve_me/frontend/src/assets
2024-12-07 03:10:38.956867 ║INFO	║ 3440239	║ process file /home/amir/CTF/MCTF/2024/Stud/final/approve_me/frontend/src/assets/react.svg
2024-12-07 03:10:38.956948 ║INFO	║ 3440239	║ process file /home/amir/CTF/MCTF/2024/Stud/final/approve_me/frontend/src/pages
2024-12-07 03:10:38.957063 ║INFO	║ 3440239	║ process file /home/amir/CTF/MCTF/2024/Stud/final/approve_me/frontend/src/pages/events
2024-12-07 03:10:38.957145 ║INFO	║ 3440239	║ process file /home/amir/CTF/MCTF/2024/Stud/final/approve_me/frontend/src/pages/events/BulkImport.tsx
2024-12-07 03:10:38.957224 ║INFO	║ 3440239	║ process file /home/amir/CTF/MCTF/2024/Stud/final/approve_me/frontend/src/pages/events/EventList.tsx
2024-12-07 03:10:38.957303 ║INFO	║ 3440239	║ process file /home/amir/CTF/MCTF/2024/Stud/final/approve_me/frontend/src/pages/events/CreateEvent.tsx
2024-12-07 03:10:38.957384 ║INFO	║ 3440239	║ process file /home/amir/CTF/MCTF/2024/Stud/final/approve_me/frontend/src/pages/events/ManageEvent.tsx
2024-12-07 03:10:38.957475 ║INFO	║ 3440239	║ process file /home/amir/CTF/MCTF/2024/Stud/final/approve_me/frontend/src/pages/Register.tsx
2024-12-07 03:10:38.957557 ║INFO	║ 3440239	║ process file /home/amir/CTF/MCTF/2024/Stud/final/approve_me/frontend/src/pages/Login.tsx
2024-12-07 03:10:38.957637 ║INFO	║ 3440239	║ process file /home/amir/CTF/MCTF/2024/Stud/final/approve_me/frontend/src/api
2024-12-07 03:10:38.957717 ║INFO	║ 3440239	║ process file /home/amir/CTF/MCTF/2024/Stud/final/approve_me/frontend/src/api/client.ts
2024-12-07 03:10:38.957796 ║INFO	║ 3440239	║ process file /home/amir/CTF/MCTF/2024/Stud/final/approve_me/frontend/src/components
2024-12-07 03:10:38.957875 ║INFO	║ 3440239	║ process file /home/amir/CTF/MCTF/2024/Stud/final/approve_me/frontend/src/components/LoadingSpinner.tsx
2024-12-07 03:10:38.957954 ║INFO	║ 3440239	║ process file /home/amir/CTF/MCTF/2024/Stud/final/approve_me/frontend/src/components/PrivateRoute.tsx
2024-12-07 03:10:38.958033 ║INFO	║ 3440239	║ process file /home/amir/CTF/MCTF/2024/Stud/final/approve_me/frontend/src/components/Layout.tsx
2024-12-07 03:10:38.958113 ║INFO	║ 3440239	║ process file /home/amir/CTF/MCTF/2024/Stud/final/approve_me/frontend/src/components/Snowfall.tsx
2024-12-07 03:10:38.958190 ║INFO	║ 3440239	║ process file /home/amir/CTF/MCTF/2024/Stud/final/approve_me/frontend/src/components/Navbar.tsx
2024-12-07 03:10:38.958268 ║INFO	║ 3440239	║ process file /home/amir/CTF/MCTF/2024/Stud/final/approve_me/frontend/src/contexts
2024-12-07 03:10:38.958345 ║INFO	║ 3440239	║ process file /home/amir/CTF/MCTF/2024/Stud/final/approve_me/frontend/src/contexts/AuthContext.tsx
2024-12-07 03:10:38.958423 ║INFO	║ 3440239	║ process file /home/amir/CTF/MCTF/2024/Stud/final/approve_me/frontend/src/main.tsx
2024-12-07 03:10:38.958499 ║INFO	║ 3440239	║ process file /home/amir/CTF/MCTF/2024/Stud/final/approve_me/frontend/src/index.css
2024-12-07 03:10:38.958579 ║INFO	║ 3440239	║ process file /home/amir/CTF/MCTF/2024/Stud/final/approve_me/frontend/src/vite-env.d.ts
2024-12-07 03:10:38.958658 ║INFO	║ 3440239	║ process file /home/amir/CTF/MCTF/2024/Stud/final/approve_me/frontend/src/App.css
2024-12-07 03:10:38.958768 ║INFO	║ 3440239	║ process file /home/amir/CTF/MCTF/2024/Stud/final/approve_me/frontend/src/App.tsx
2024-12-07 03:10:38.958855 ║INFO	║ 3440239	║ process file /home/amir/CTF/MCTF/2024/Stud/final/approve_me/frontend/public
2024-12-07 03:10:38.958933 ║INFO	║ 3440239	║ process file /home/amir/CTF/MCTF/2024/Stud/final/approve_me/frontend/public/vite.svg
2024-12-07 03:10:38.959011 ║INFO	║ 3440239	║ process file /home/amir/CTF/MCTF/2024/Stud/final/approve_me/frontend/tsconfig.app.json
2024-12-07 03:10:38.959089 ║INFO	║ 3440239	║ process file /home/amir/CTF/MCTF/2024/Stud/final/approve_me/frontend/package.json
2024-12-07 03:10:38.959165 ║INFO	║ 3440239	║ process file /home/amir/CTF/MCTF/2024/Stud/final/approve_me/frontend/vite.config.ts
2024-12-07 03:10:38.959242 ║INFO	║ 3440239	║ process file /home/amir/CTF/MCTF/2024/Stud/final/approve_me/frontend/eslint.config.js
2024-12-07 03:10:38.959320 ║INFO	║ 3440239	║ process file /home/amir/CTF/MCTF/2024/Stud/final/approve_me/frontend/package-lock.json
2024-12-07 03:10:38.959405 ║INFO	║ 3440239	║ process file /home/amir/CTF/MCTF/2024/Stud/final/approve_me/frontend/README.md
2024-12-07 03:10:38.959487 ║INFO	║ 3440239	║ process file /home/amir/CTF/MCTF/2024/Stud/final/approve_me/frontend/index.html
2024-12-07 03:10:38.959567 ║INFO	║ 3440239	║ process file /home/amir/CTF/MCTF/2024/Stud/final/approve_me/frontend/Dockerfile
2024-12-07 03:10:38.959647 ║INFO	║ 3440239	║ process file /home/amir/CTF/MCTF/2024/Stud/final/approve_me/frontend/tsconfig.node.json
2024-12-07 03:10:38.959729 ║INFO	║ 3440239	║ process file /home/amir/CTF/MCTF/2024/Stud/final/approve_me/frontend/tailwind.config.js
2024-12-07 03:10:38.959808 ║INFO	║ 3440239	║ process file /home/amir/CTF/MCTF/2024/Stud/final/approve_me/frontend/tsconfig.json
2024-12-07 03:10:38.959900 ║INFO	║ 3440239	║ process file /home/amir/CTF/MCTF/2024/Stud/final/approve_me/frontend/postcss.config.js
2024-12-07 03:10:38.960013 ║INFO	║ 3440239	║ process file /home/amir/CTF/MCTF/2024/Stud/final/approve_me/docker-compose.yml
2024-12-07 03:10:38.960112 ║INFO	║ 3440239	║ process file /home/amir/CTF/MCTF/2024/Stud/final/blinbin
2024-12-07 03:10:38.960194 ║INFO	║ 3440239	║ process file /home/amir/CTF/MCTF/2024/Stud/final/blinbin/backend
2024-12-07 03:10:38.960272 ║INFO	║ 3440239	║ process file /home/amir/CTF/MCTF/2024/Stud/final/blinbin/backend/src
2024-12-07 03:10:38.960349 ║INFO	║ 3440239	║ process file /home/amir/CTF/MCTF/2024/Stud/final/blinbin/backend/src/schemas
2024-12-07 03:10:38.960427 ║INFO	║ 3440239	║ process file /home/amir/CTF/MCTF/2024/Stud/final/blinbin/backend/src/schemas/reference.py
2024-12-07 03:10:38.960503 ║INFO	║ 3440239	║ process file /home/amir/CTF/MCTF/2024/Stud/final/blinbin/backend/src/schemas/__init__.py
2024-12-07 03:10:38.960579 ║INFO	║ 3440239	║ process file /home/amir/CTF/MCTF/2024/Stud/final/blinbin/backend/src/schemas/post.py
2024-12-07 03:10:38.960655 ║INFO	║ 3440239	║ process file /home/amir/CTF/MCTF/2024/Stud/final/blinbin/backend/src/schemas/comment.py
2024-12-07 03:10:38.960731 ║INFO	║ 3440239	║ process file /home/amir/CTF/MCTF/2024/Stud/final/blinbin/backend/src/schemas/auth.py
2024-12-07 03:10:38.960803 ║INFO	║ 3440239	║ process file /home/amir/CTF/MCTF/2024/Stud/final/blinbin/backend/src/schemas/user.py
2024-12-07 03:10:38.960874 ║INFO	║ 3440239	║ process file /home/amir/CTF/MCTF/2024/Stud/final/blinbin/backend/src/models
2024-12-07 03:10:38.960946 ║INFO	║ 3440239	║ process file /home/amir/CTF/MCTF/2024/Stud/final/blinbin/backend/src/models/timestampmixin.py
2024-12-07 03:10:38.961047 ║INFO	║ 3440239	║ process file /home/amir/CTF/MCTF/2024/Stud/final/blinbin/backend/src/models/reference.py
2024-12-07 03:10:38.961137 ║INFO	║ 3440239	║ process file /home/amir/CTF/MCTF/2024/Stud/final/blinbin/backend/src/models/__init__.py
2024-12-07 03:10:38.961215 ║INFO	║ 3440239	║ process file /home/amir/CTF/MCTF/2024/Stud/final/blinbin/backend/src/models/post.py
2024-12-07 03:10:38.961288 ║INFO	║ 3440239	║ process file /home/amir/CTF/MCTF/2024/Stud/final/blinbin/backend/src/models/comment.py
2024-12-07 03:10:38.961361 ║INFO	║ 3440239	║ process file /home/amir/CTF/MCTF/2024/Stud/final/blinbin/backend/src/models/user.py
2024-12-07 03:10:38.961434 ║INFO	║ 3440239	║ process file /home/amir/CTF/MCTF/2024/Stud/final/blinbin/backend/src/migrations
2024-12-07 03:10:38.961507 ║INFO	║ 3440239	║ process file /home/amir/CTF/MCTF/2024/Stud/final/blinbin/backend/src/migrations/versions
2024-12-07 03:10:38.961579 ║INFO	║ 3440239	║ process file /home/amir/CTF/MCTF/2024/Stud/final/blinbin/backend/src/migrations/versions/306fc3030c0f_reaction_removed.py
2024-12-07 03:10:38.961660 ║INFO	║ 3440239	║ process file /home/amir/CTF/MCTF/2024/Stud/final/blinbin/backend/src/migrations/versions/70c9008aa818_reference_added.py
2024-12-07 03:10:38.961739 ║INFO	║ 3440239	║ process file /home/amir/CTF/MCTF/2024/Stud/final/blinbin/backend/src/migrations/versions/f90dfd20d9c1_title_for_posts.py
2024-12-07 03:10:38.961824 ║INFO	║ 3440239	║ process file /home/amir/CTF/MCTF/2024/Stud/final/blinbin/backend/src/migrations/versions/df3f46b543e4_polymorph_assoc_changed.py
2024-12-07 03:10:38.961903 ║INFO	║ 3440239	║ process file /home/amir/CTF/MCTF/2024/Stud/final/blinbin/backend/src/migrations/versions/e693dfd65fad_reactions_change.py
2024-12-07 03:10:38.961977 ║INFO	║ 3440239	║ process file /home/amir/CTF/MCTF/2024/Stud/final/blinbin/backend/src/migrations/versions/da684f961efc_user_model_lenght_changes.py
2024-12-07 03:10:38.962051 ║INFO	║ 3440239	║ process file /home/amir/CTF/MCTF/2024/Stud/final/blinbin/backend/src/migrations/versions/e941ae9a9cb5_some_changes.py
2024-12-07 03:10:38.962125 ║INFO	║ 3440239	║ process file /home/amir/CTF/MCTF/2024/Stud/final/blinbin/backend/src/migrations/versions/d9024b525ad0_initial_migrations.py
2024-12-07 03:10:38.962256 ║INFO	║ 3440239	║ process file /home/amir/CTF/MCTF/2024/Stud/final/blinbin/backend/src/migrations/versions/bef1e5ab0cbf_added_private_field_for_posts.py
2024-12-07 03:10:38.962350 ║INFO	║ 3440239	║ process file /home/amir/CTF/MCTF/2024/Stud/final/blinbin/backend/src/migrations/versions/2ff7ad14c403_polymorph_assoc_for_comment.py
2024-12-07 03:10:38.962426 ║INFO	║ 3440239	║ process file /home/amir/CTF/MCTF/2024/Stud/final/blinbin/backend/src/migrations/versions/baee2ae509db_added_timestamp_mixin.py
2024-12-07 03:10:38.962501 ║INFO	║ 3440239	║ process file /home/amir/CTF/MCTF/2024/Stud/final/blinbin/backend/src/migrations/env.py
2024-12-07 03:10:38.962575 ║INFO	║ 3440239	║ process file /home/amir/CTF/MCTF/2024/Stud/final/blinbin/backend/src/migrations/script.py.mako
2024-12-07 03:10:38.962648 ║INFO	║ 3440239	║ process file /home/amir/CTF/MCTF/2024/Stud/final/blinbin/backend/src/migrations/alembic.ini
2024-12-07 03:10:38.962721 ║INFO	║ 3440239	║ process file /home/amir/CTF/MCTF/2024/Stud/final/blinbin/backend/src/migrations/README
2024-12-07 03:10:38.962795 ║INFO	║ 3440239	║ process file /home/amir/CTF/MCTF/2024/Stud/final/blinbin/backend/src/routes
2024-12-07 03:10:38.962867 ║INFO	║ 3440239	║ process file /home/amir/CTF/MCTF/2024/Stud/final/blinbin/backend/src/routes/meta_routes.py
2024-12-07 03:10:38.962940 ║INFO	║ 3440239	║ process file /home/amir/CTF/MCTF/2024/Stud/final/blinbin/backend/src/routes/__init__.py
2024-12-07 03:10:38.963012 ║INFO	║ 3440239	║ process file /home/amir/CTF/MCTF/2024/Stud/final/blinbin/backend/src/routes/user_routes.py
2024-12-07 03:10:38.963084 ║INFO	║ 3440239	║ process file /home/amir/CTF/MCTF/2024/Stud/final/blinbin/backend/src/routes/post_routes.py
2024-12-07 03:10:38.963156 ║INFO	║ 3440239	║ process file /home/amir/CTF/MCTF/2024/Stud/final/blinbin/backend/src/routes/response.py
2024-12-07 03:10:38.963229 ║INFO	║ 3440239	║ process file /home/amir/CTF/MCTF/2024/Stud/final/blinbin/backend/src/routes/auth_routes.py
2024-12-07 03:10:38.963301 ║INFO	║ 3440239	║ process file /home/amir/CTF/MCTF/2024/Stud/final/blinbin/backend/src/repositories
2024-12-07 03:10:38.963373 ║INFO	║ 3440239	║ process file /home/amir/CTF/MCTF/2024/Stud/final/blinbin/backend/src/repositories/comment_repo.py
2024-12-07 03:10:38.963476 ║INFO	║ 3440239	║ process file /home/amir/CTF/MCTF/2024/Stud/final/blinbin/backend/src/repositories/user_repo.py
2024-12-07 03:10:38.963565 ║INFO	║ 3440239	║ process file /home/amir/CTF/MCTF/2024/Stud/final/blinbin/backend/src/repositories/post_repo.py
2024-12-07 03:10:38.963640 ║INFO	║ 3440239	║ process file /home/amir/CTF/MCTF/2024/Stud/final/blinbin/backend/src/repositories/__init__.py
2024-12-07 03:10:38.963714 ║INFO	║ 3440239	║ process file /home/amir/CTF/MCTF/2024/Stud/final/blinbin/backend/src/repositories/reference_repo.py
2024-12-07 03:10:38.963787 ║INFO	║ 3440239	║ process file /home/amir/CTF/MCTF/2024/Stud/final/blinbin/backend/src/middleware
2024-12-07 03:10:38.963860 ║INFO	║ 3440239	║ process file /home/amir/CTF/MCTF/2024/Stud/final/blinbin/backend/src/middleware/__init__.py
2024-12-07 03:10:38.963939 ║INFO	║ 3440239	║ process file /home/amir/CTF/MCTF/2024/Stud/final/blinbin/backend/src/middleware/auth.py
2024-12-07 03:10:38.964012 ║INFO	║ 3440239	║ process file /home/amir/CTF/MCTF/2024/Stud/final/blinbin/backend/src/services
2024-12-07 03:10:38.964084 ║INFO	║ 3440239	║ process file /home/amir/CTF/MCTF/2024/Stud/final/blinbin/backend/src/services/references_service.py
2024-12-07 03:10:38.964159 ║INFO	║ 3440239	║ process file /home/amir/CTF/MCTF/2024/Stud/final/blinbin/backend/src/services/exception.py
2024-12-07 03:10:38.964231 ║INFO	║ 3440239	║ process file /home/amir/CTF/MCTF/2024/Stud/final/blinbin/backend/src/services/comments_service.py
2024-12-07 03:10:38.964304 ║INFO	║ 3440239	║ process file /home/amir/CTF/MCTF/2024/Stud/final/blinbin/backend/src/services/auth_service.py
2024-12-07 03:10:38.964377 ║INFO	║ 3440239	║ process file /home/amir/CTF/MCTF/2024/Stud/final/blinbin/backend/src/services/user_service.py
2024-12-07 03:10:38.964449 ║INFO	║ 3440239	║ process file /home/amir/CTF/MCTF/2024/Stud/final/blinbin/backend/src/services/post_service.py
2024-12-07 03:10:38.964520 ║INFO	║ 3440239	║ process file /home/amir/CTF/MCTF/2024/Stud/final/blinbin/backend/src/config.py
2024-12-07 03:10:38.964593 ║INFO	║ 3440239	║ process file /home/amir/CTF/MCTF/2024/Stud/final/blinbin/backend/src/app.py
2024-12-07 03:10:38.964666 ║INFO	║ 3440239	║ process file /home/amir/CTF/MCTF/2024/Stud/final/blinbin/backend/src/error_handler.py
2024-12-07 03:10:38.964739 ║INFO	║ 3440239	║ process file /home/amir/CTF/MCTF/2024/Stud/final/blinbin/backend/src/extensions.py
2024-12-07 03:10:38.964811 ║INFO	║ 3440239	║ process file /home/amir/CTF/MCTF/2024/Stud/final/blinbin/backend/src/create_app.py
2024-12-07 03:10:38.964884 ║INFO	║ 3440239	║ process file /home/amir/CTF/MCTF/2024/Stud/final/blinbin/backend/src/__init__.py
2024-12-07 03:10:38.964956 ║INFO	║ 3440239	║ process file /home/amir/CTF/MCTF/2024/Stud/final/blinbin/backend/src/logging.py
2024-12-07 03:10:38.965047 ║INFO	║ 3440239	║ process file /home/amir/CTF/MCTF/2024/Stud/final/blinbin/backend/scripts
2024-12-07 03:10:38.965122 ║INFO	║ 3440239	║ process file /home/amir/CTF/MCTF/2024/Stud/final/blinbin/backend/scripts/entry.sh
2024-12-07 03:10:38.965193 ║INFO	║ 3440239	║ process file /home/amir/CTF/MCTF/2024/Stud/final/blinbin/backend/scripts/run_postgres.sh
2024-12-07 03:10:38.965268 ║INFO	║ 3440239	║ process file /home/amir/CTF/MCTF/2024/Stud/final/blinbin/backend/requirements.txt
2024-12-07 03:10:38.965344 ║INFO	║ 3440239	║ process file /home/amir/CTF/MCTF/2024/Stud/final/blinbin/backend/wsgi.py
2024-12-07 03:10:38.965418 ║INFO	║ 3440239	║ process file /home/amir/CTF/MCTF/2024/Stud/final/blinbin/docker
2024-12-07 03:10:38.965494 ║INFO	║ 3440239	║ process file /home/amir/CTF/MCTF/2024/Stud/final/blinbin/docker/nginx.Dockerfile
2024-12-07 03:10:38.965568 ║INFO	║ 3440239	║ process file /home/amir/CTF/MCTF/2024/Stud/final/blinbin/docker/app.Dockerfile
2024-12-07 03:10:38.965641 ║INFO	║ 3440239	║ process file /home/amir/CTF/MCTF/2024/Stud/final/blinbin/docker/postgres.conf
2024-12-07 03:10:38.965715 ║INFO	║ 3440239	║ process file /home/amir/CTF/MCTF/2024/Stud/final/blinbin/docker/db.Dockerfile
2024-12-07 03:10:38.965788 ║INFO	║ 3440239	║ process file /home/amir/CTF/MCTF/2024/Stud/final/blinbin/docker/prod.env
2024-12-07 03:10:38.965894 ║INFO	║ 3440239	║ process file /home/amir/CTF/MCTF/2024/Stud/final/blinbin/docker/dev.env
2024-12-07 03:10:38.966013 ║INFO	║ 3440239	║ process file /home/amir/CTF/MCTF/2024/Stud/final/blinbin/frontend
2024-12-07 03:10:38.966125 ║INFO	║ 3440239	║ process file /home/amir/CTF/MCTF/2024/Stud/final/blinbin/frontend/src
2024-12-07 03:10:38.966201 ║INFO	║ 3440239	║ process file /home/amir/CTF/MCTF/2024/Stud/final/blinbin/frontend/src/assets
2024-12-07 03:10:38.966283 ║INFO	║ 3440239	║ process file /home/amir/CTF/MCTF/2024/Stud/final/blinbin/frontend/src/assets/blinbin.svg
2024-12-07 03:10:38.966360 ║INFO	║ 3440239	║ process file /home/amir/CTF/MCTF/2024/Stud/final/blinbin/frontend/src/pages
2024-12-07 03:10:38.966435 ║INFO	║ 3440239	║ process file /home/amir/CTF/MCTF/2024/Stud/final/blinbin/frontend/src/pages/UserProfile.vue
2024-12-07 03:10:38.966547 ║INFO	║ 3440239	║ process file /home/amir/CTF/MCTF/2024/Stud/final/blinbin/frontend/src/pages/AddPostPage.vue
2024-12-07 03:10:38.966675 ║INFO	║ 3440239	║ process file /home/amir/CTF/MCTF/2024/Stud/final/blinbin/frontend/src/pages/UsersPage.vue
2024-12-07 03:10:38.966813 ║INFO	║ 3440239	║ process file /home/amir/CTF/MCTF/2024/Stud/final/blinbin/frontend/src/pages/HallOfRespect.vue
2024-12-07 03:10:38.966963 ║INFO	║ 3440239	║ process file /home/amir/CTF/MCTF/2024/Stud/final/blinbin/frontend/src/pages/LoginPage.vue
2024-12-07 03:10:38.967088 ║INFO	║ 3440239	║ process file /home/amir/CTF/MCTF/2024/Stud/final/blinbin/frontend/src/pages/SignUpPage.vue
2024-12-07 03:10:38.967170 ║INFO	║ 3440239	║ process file /home/amir/CTF/MCTF/2024/Stud/final/blinbin/frontend/src/pages/HomePage.vue
2024-12-07 03:10:38.967247 ║INFO	║ 3440239	║ process file /home/amir/CTF/MCTF/2024/Stud/final/blinbin/frontend/src/pages/Tos.vue
2024-12-07 03:10:38.967322 ║INFO	║ 3440239	║ process file /home/amir/CTF/MCTF/2024/Stud/final/blinbin/frontend/src/pages/ViewPostPage.vue
2024-12-07 03:10:38.967399 ║INFO	║ 3440239	║ process file /home/amir/CTF/MCTF/2024/Stud/final/blinbin/frontend/src/components
2024-12-07 03:10:38.967479 ║INFO	║ 3440239	║ process file /home/amir/CTF/MCTF/2024/Stud/final/blinbin/frontend/src/components/PostLayout.vue
2024-12-07 03:10:38.967556 ║INFO	║ 3440239	║ process file /home/amir/CTF/MCTF/2024/Stud/final/blinbin/frontend/src/components/Navbar.vue
2024-12-07 03:10:38.967632 ║INFO	║ 3440239	║ process file /home/amir/CTF/MCTF/2024/Stud/final/blinbin/frontend/src/styles
2024-12-07 03:10:38.967708 ║INFO	║ 3440239	║ process file /home/amir/CTF/MCTF/2024/Stud/final/blinbin/frontend/src/styles/main.css
2024-12-07 03:10:38.967782 ║INFO	║ 3440239	║ process file /home/amir/CTF/MCTF/2024/Stud/final/blinbin/frontend/src/router
2024-12-07 03:10:38.967852 ║INFO	║ 3440239	║ process file /home/amir/CTF/MCTF/2024/Stud/final/blinbin/frontend/src/router/index.js
2024-12-07 03:10:38.967945 ║INFO	║ 3440239	║ process file /home/amir/CTF/MCTF/2024/Stud/final/blinbin/frontend/src/App.vue
2024-12-07 03:10:38.968059 ║INFO	║ 3440239	║ process file /home/amir/CTF/MCTF/2024/Stud/final/blinbin/frontend/src/main.js
2024-12-07 03:10:38.968176 ║INFO	║ 3440239	║ process file /home/amir/CTF/MCTF/2024/Stud/final/blinbin/frontend/public
2024-12-07 03:10:38.968300 ║INFO	║ 3440239	║ process file /home/amir/CTF/MCTF/2024/Stud/final/blinbin/frontend/public/index.html
2024-12-07 03:10:38.968416 ║INFO	║ 3440239	║ process file /home/amir/CTF/MCTF/2024/Stud/final/blinbin/frontend/public/blinbin.ico
2024-12-07 03:10:38.968496 ║INFO	║ 3440239	║ process file /home/amir/CTF/MCTF/2024/Stud/final/blinbin/frontend/package.json
2024-12-07 03:10:38.968566 ║INFO	║ 3440239	║ process file /home/amir/CTF/MCTF/2024/Stud/final/blinbin/frontend/package-lock.json
2024-12-07 03:10:38.968652 ║INFO	║ 3440239	║ process file /home/amir/CTF/MCTF/2024/Stud/final/blinbin/frontend/jsconfig.json
2024-12-07 03:10:38.968749 ║INFO	║ 3440239	║ process file /home/amir/CTF/MCTF/2024/Stud/final/blinbin/frontend/README.md
2024-12-07 03:10:38.968822 ║INFO	║ 3440239	║ process file /home/amir/CTF/MCTF/2024/Stud/final/blinbin/frontend/tailwind.config.js
2024-12-07 03:10:38.968893 ║INFO	║ 3440239	║ process file /home/amir/CTF/MCTF/2024/Stud/final/blinbin/frontend/babel.config.js
2024-12-07 03:10:38.969002 ║INFO	║ 3440239	║ process file /home/amir/CTF/MCTF/2024/Stud/final/blinbin/frontend/postcss.config.js
2024-12-07 03:10:38.969098 ║INFO	║ 3440239	║ process file /home/amir/CTF/MCTF/2024/Stud/final/blinbin/frontend/vue.config.js
2024-12-07 03:10:38.969178 ║INFO	║ 3440239	║ process file /home/amir/CTF/MCTF/2024/Stud/final/blinbin/.dockerignore
2024-12-07 03:10:38.969249 ║INFO	║ 3440239	║ process file /home/amir/CTF/MCTF/2024/Stud/final/blinbin/docker-compose.yml
2024-12-07 03:10:38.969320 ║INFO	║ 3440239	║ process file /home/amir/CTF/MCTF/2024/Stud/final/Services.zip
2024-12-07 03:10:38.969393 ║INFO	║ 3440239	║ process file /home/amir/CTF/MCTF/2024/Stud/final
2024-12-07 03:10:38.969501 ║INFO	║ 3440239	║ process file /home/amir/CTF/MCTF/2024/Stud/final/.ai/Temp/3ff16619cbb34be0a10093ee09fc5cb7/PHP/php/dump/Services.zip/zbnk
2024-12-07 03:10:38.969640 ║INFO	║ 3440239	║ process file /home/amir/CTF/MCTF/2024/Stud/final/.ai/Temp/3ff16619cbb34be0a10093ee09fc5cb7/PHP/php/dump/Services.zip/zbnk/zbnk
2024-12-07 03:10:38.969780 ║INFO	║ 3440239	║ process file /home/amir/CTF/MCTF/2024/Stud/final/.ai/Temp/3ff16619cbb34be0a10093ee09fc5cb7/PHP/php/dump/Services.zip/zbnk/zbnk/static
2024-12-07 03:10:38.969908 ║INFO	║ 3440239	║ process file /home/amir/CTF/MCTF/2024/Stud/final/.ai/Temp/3ff16619cbb34be0a10093ee09fc5cb7/PHP/php/dump/Services.zip/zbnk/zbnk/static/meme2.jpeg
2024-12-07 03:10:38.969992 ║INFO	║ 3440239	║ process file /home/amir/CTF/MCTF/2024/Stud/final/.ai/Temp/3ff16619cbb34be0a10093ee09fc5cb7/PHP/php/dump/Services.zip/zbnk/zbnk/static/meme5.jpg
2024-12-07 03:10:38.970077 ║INFO	║ 3440239	║ process file /home/amir/CTF/MCTF/2024/Stud/final/.ai/Temp/3ff16619cbb34be0a10093ee09fc5cb7/PHP/php/dump/Services.zip/zbnk/zbnk/static/user.png
2024-12-07 03:10:38.970153 ║INFO	║ 3440239	║ process file /home/amir/CTF/MCTF/2024/Stud/final/.ai/Temp/3ff16619cbb34be0a10093ee09fc5cb7/PHP/php/dump/Services.zip/zbnk/zbnk/static/meme1.jpeg
2024-12-07 03:10:38.970234 ║INFO	║ 3440239	║ process file /home/amir/CTF/MCTF/2024/Stud/final/.ai/Temp/3ff16619cbb34be0a10093ee09fc5cb7/PHP/php/dump/Services.zip/zbnk/zbnk/static/meme4.jpg
2024-12-07 03:10:38.970307 ║INFO	║ 3440239	║ process file /home/amir/CTF/MCTF/2024/Stud/final/.ai/Temp/3ff16619cbb34be0a10093ee09fc5cb7/PHP/php/dump/Services.zip/zbnk/zbnk/static/guest.png
2024-12-07 03:10:38.970378 ║INFO	║ 3440239	║ process file /home/amir/CTF/MCTF/2024/Stud/final/.ai/Temp/3ff16619cbb34be0a10093ee09fc5cb7/PHP/php/dump/Services.zip/zbnk/zbnk/static/logo.png
2024-12-07 03:10:38.970450 ║INFO	║ 3440239	║ process file /home/amir/CTF/MCTF/2024/Stud/final/.ai/Temp/3ff16619cbb34be0a10093ee09fc5cb7/PHP/php/dump/Services.zip/zbnk/zbnk/static/meme3.jpeg
2024-12-07 03:10:38.970522 ║INFO	║ 3440239	║ process file /home/amir/CTF/MCTF/2024/Stud/final/.ai/Temp/3ff16619cbb34be0a10093ee09fc5cb7/PHP/php/dump/Services.zip/zbnk/zbnk/static/meme6.png
2024-12-07 03:10:38.970681 ║INFO	║ 3440239	║ process file /home/amir/CTF/MCTF/2024/Stud/final/.ai/Temp/3ff16619cbb34be0a10093ee09fc5cb7/PHP/php/dump/Services.zip/zbnk/zbnk/helper
2024-12-07 03:10:38.971201 ║INFO	║ 3440239	║ process file /home/amir/CTF/MCTF/2024/Stud/final/.ai/Temp/3ff16619cbb34be0a10093ee09fc5cb7/PHP/php/dump/Services.zip/zbnk/zbnk/helper/currency.php
2024-12-07 03:10:38.971605 ║INFO	║ 3440239	║ process file /home/amir/CTF/MCTF/2024/Stud/final/.ai/Temp/3ff16619cbb34be0a10093ee09fc5cb7/PHP/php/dump/Services.zip/zbnk/zbnk/helper/jwt.php
2024-12-07 03:10:38.971953 ║INFO	║ 3440239	║ process file /home/amir/CTF/MCTF/2024/Stud/final/.ai/Temp/3ff16619cbb34be0a10093ee09fc5cb7/PHP/php/dump/Services.zip/zbnk/zbnk/model
2024-12-07 03:10:38.972321 ║INFO	║ 3440239	║ process file /home/amir/CTF/MCTF/2024/Stud/final/.ai/Temp/3ff16619cbb34be0a10093ee09fc5cb7/PHP/php/dump/Services.zip/zbnk/zbnk/model/balanceModel.php
2024-12-07 03:10:38.972670 ║INFO	║ 3440239	║ process file /home/amir/CTF/MCTF/2024/Stud/final/.ai/Temp/3ff16619cbb34be0a10093ee09fc5cb7/PHP/php/dump/Services.zip/zbnk/zbnk/model/userModel.php
2024-12-07 03:10:38.973032 ║INFO	║ 3440239	║ process file /home/amir/CTF/MCTF/2024/Stud/final/.ai/Temp/3ff16619cbb34be0a10093ee09fc5cb7/PHP/php/dump/Services.zip/zbnk/zbnk/model/kopilkaModel.php
2024-12-07 03:10:38.973340 ║INFO	║ 3440239	║ process file /home/amir/CTF/MCTF/2024/Stud/final/.ai/Temp/3ff16619cbb34be0a10093ee09fc5cb7/PHP/php/dump/Services.zip/zbnk/zbnk/model/kopilkaMemberModel.php
2024-12-07 03:10:38.973473 ║INFO	║ 3440239	║ process file /home/amir/CTF/MCTF/2024/Stud/final/.ai/Temp/3ff16619cbb34be0a10093ee09fc5cb7/PHP/php/dump/Services.zip/zbnk/zbnk/lib
2024-12-07 03:10:38.973565 ║INFO	║ 3440239	║ process file /home/amir/CTF/MCTF/2024/Stud/final/.ai/Temp/3ff16619cbb34be0a10093ee09fc5cb7/PHP/php/dump/Services.zip/zbnk/zbnk/lib/router.php
2024-12-07 03:10:38.973639 ║INFO	║ 3440239	║ process file /home/amir/CTF/MCTF/2024/Stud/final/.ai/Temp/3ff16619cbb34be0a10093ee09fc5cb7/PHP/php/dump/Services.zip/zbnk/zbnk/lib/sqldispatcher.php
2024-12-07 03:10:38.973711 ║INFO	║ 3440239	║ process file /home/amir/CTF/MCTF/2024/Stud/final/.ai/Temp/3ff16619cbb34be0a10093ee09fc5cb7/PHP/php/dump/Services.zip/zbnk/zbnk/controller
2024-12-07 03:10:38.973779 ║INFO	║ 3440239	║ process file /home/amir/CTF/MCTF/2024/Stud/final/.ai/Temp/3ff16619cbb34be0a10093ee09fc5cb7/PHP/php/dump/Services.zip/zbnk/zbnk/controller/authController.php
2024-12-07 03:10:38.973848 ║INFO	║ 3440239	║ process file /home/amir/CTF/MCTF/2024/Stud/final/.ai/Temp/3ff16619cbb34be0a10093ee09fc5cb7/PHP/php/dump/Services.zip/zbnk/zbnk/controller/kopilkaController.php
2024-12-07 03:10:38.973914 ║INFO	║ 3440239	║ process file /home/amir/CTF/MCTF/2024/Stud/final/.ai/Temp/3ff16619cbb34be0a10093ee09fc5cb7/PHP/php/dump/Services.zip/zbnk/zbnk/controller/ADDataController.php
2024-12-07 03:10:38.973981 ║INFO	║ 3440239	║ process file /home/amir/CTF/MCTF/2024/Stud/final/.ai/Temp/3ff16619cbb34be0a10093ee09fc5cb7/PHP/php/dump/Services.zip/zbnk/zbnk/controller/currencyController.php
2024-12-07 03:10:38.974058 ║INFO	║ 3440239	║ process file /home/amir/CTF/MCTF/2024/Stud/final/.ai/Temp/3ff16619cbb34be0a10093ee09fc5cb7/PHP/php/dump/Services.zip/zbnk/zbnk/views
2024-12-07 03:10:38.974150 ║INFO	║ 3440239	║ process file /home/amir/CTF/MCTF/2024/Stud/final/.ai/Temp/3ff16619cbb34be0a10093ee09fc5cb7/PHP/php/dump/Services.zip/zbnk/zbnk/views/index_logged.html
2024-12-07 03:10:38.974224 ║INFO	║ 3440239	║ process file /home/amir/CTF/MCTF/2024/Stud/final/.ai/Temp/3ff16619cbb34be0a10093ee09fc5cb7/PHP/php/dump/Services.zip/zbnk/zbnk/views/index.html
2024-12-07 03:10:38.974295 ║INFO	║ 3440239	║ process file /home/amir/CTF/MCTF/2024/Stud/final/.ai/Temp/3ff16619cbb34be0a10093ee09fc5cb7/PHP/php/dump/Services.zip/zbnk/zbnk/views/create_kopilka.html
2024-12-07 03:10:38.974367 ║INFO	║ 3440239	║ process file /home/amir/CTF/MCTF/2024/Stud/final/.ai/Temp/3ff16619cbb34be0a10093ee09fc5cb7/PHP/php/dump/Services.zip/zbnk/zbnk/views/kopilka_list_join.html
2024-12-07 03:10:38.974439 ║INFO	║ 3440239	║ process file /home/amir/CTF/MCTF/2024/Stud/final/.ai/Temp/3ff16619cbb34be0a10093ee09fc5cb7/PHP/php/dump/Services.zip/zbnk/zbnk/views/kopilka_info.html
2024-12-07 03:10:38.974512 ║INFO	║ 3440239	║ process file /home/amir/CTF/MCTF/2024/Stud/final/.ai/Temp/3ff16619cbb34be0a10093ee09fc5cb7/PHP/php/dump/Services.zip/zbnk/zbnk/views/login_reg.html
2024-12-07 03:10:38.974593 ║INFO	║ 3440239	║ process file /home/amir/CTF/MCTF/2024/Stud/final/.ai/Temp/3ff16619cbb34be0a10093ee09fc5cb7/PHP/php/dump/Services.zip/zbnk/zbnk/views/currency.html
2024-12-07 03:10:38.974690 ║INFO	║ 3440239	║ process file /home/amir/CTF/MCTF/2024/Stud/final/.ai/Temp/3ff16619cbb34be0a10093ee09fc5cb7/PHP/php/dump/Services.zip/zbnk/zbnk/Dockerfile
2024-12-07 03:10:38.974775 ║INFO	║ 3440239	║ process file /home/amir/CTF/MCTF/2024/Stud/final/.ai/Temp/3ff16619cbb34be0a10093ee09fc5cb7/PHP/php/dump/Services.zip/zbnk/zbnk/main.php
2024-12-07 03:10:38.974850 ║INFO	║ 3440239	║ process file /home/amir/CTF/MCTF/2024/Stud/final/.ai/Temp/3ff16619cbb34be0a10093ee09fc5cb7/PHP/php/dump/Services.zip/zbnk/zbnk/Caddyfile
2024-12-07 03:10:38.974934 ║INFO	║ 3440239	║ process file /home/amir/CTF/MCTF/2024/Stud/final/.ai/Temp/3ff16619cbb34be0a10093ee09fc5cb7/PHP/php/dump/Services.zip/zbnk/zbnk/composer.json
2024-12-07 03:10:38.975034 ║INFO	║ 3440239	║ process file /home/amir/CTF/MCTF/2024/Stud/final/.ai/Temp/3ff16619cbb34be0a10093ee09fc5cb7/PHP/php/dump/Services.zip/zbnk/zbnk/docker-entrypoint.sh
2024-12-07 03:10:38.975109 ║INFO	║ 3440239	║ process file /home/amir/CTF/MCTF/2024/Stud/final/.ai/Temp/3ff16619cbb34be0a10093ee09fc5cb7/PHP/php/dump/Services.zip/zbnk/blck
2024-12-07 03:10:38.975196 ║INFO	║ 3440239	║ process file /home/amir/CTF/MCTF/2024/Stud/final/.ai/Temp/3ff16619cbb34be0a10093ee09fc5cb7/PHP/php/dump/Services.zip/zbnk/blck/templates
2024-12-07 03:10:38.975299 ║INFO	║ 3440239	║ process file /home/amir/CTF/MCTF/2024/Stud/final/.ai/Temp/3ff16619cbb34be0a10093ee09fc5cb7/PHP/php/dump/Services.zip/zbnk/blck/templates/index.html
2024-12-07 03:10:38.975382 ║INFO	║ 3440239	║ process file /home/amir/CTF/MCTF/2024/Stud/final/.ai/Temp/3ff16619cbb34be0a10093ee09fc5cb7/PHP/php/dump/Services.zip/zbnk/blck/requirements.txt
2024-12-07 03:10:38.975455 ║INFO	║ 3440239	║ process file /home/amir/CTF/MCTF/2024/Stud/final/.ai/Temp/3ff16619cbb34be0a10093ee09fc5cb7/PHP/php/dump/Services.zip/zbnk/blck/Dockerfile
2024-12-07 03:10:38.975528 ║INFO	║ 3440239	║ process file /home/amir/CTF/MCTF/2024/Stud/final/.ai/Temp/3ff16619cbb34be0a10093ee09fc5cb7/PHP/php/dump/Services.zip/zbnk/blck/main.py
2024-12-07 03:10:38.975604 ║INFO	║ 3440239	║ process file /home/amir/CTF/MCTF/2024/Stud/final/.ai/Temp/3ff16619cbb34be0a10093ee09fc5cb7/PHP/php/dump/Services.zip/zbnk/db
2024-12-07 03:10:38.975681 ║INFO	║ 3440239	║ process file /home/amir/CTF/MCTF/2024/Stud/final/.ai/Temp/3ff16619cbb34be0a10093ee09fc5cb7/PHP/php/dump/Services.zip/zbnk/db/init.sql
2024-12-07 03:10:38.975755 ║INFO	║ 3440239	║ process file /home/amir/CTF/MCTF/2024/Stud/final/.ai/Temp/3ff16619cbb34be0a10093ee09fc5cb7/PHP/php/dump/Services.zip/zbnk/docker-compose.yaml
2024-12-07 03:10:38.975834 ║INFO	║ 3440239	║ process file /home/amir/CTF/MCTF/2024/Stud/final/.ai/Temp/3ff16619cbb34be0a10093ee09fc5cb7/PHP/php/dump/Services.zip/zbnk/.env
2024-12-07 03:10:38.975929 ║INFO	║ 3440239	║ process file /home/amir/CTF/MCTF/2024/Stud/final/.ai/Temp/3ff16619cbb34be0a10093ee09fc5cb7/PHP/php/dump/Services.zip/doom
2024-12-07 03:10:38.976015 ║INFO	║ 3440239	║ process file /home/amir/CTF/MCTF/2024/Stud/final/.ai/Temp/3ff16619cbb34be0a10093ee09fc5cb7/PHP/php/dump/Services.zip/doom/code
2024-12-07 03:10:38.976126 ║INFO	║ 3440239	║ process file /home/amir/CTF/MCTF/2024/Stud/final/.ai/Temp/3ff16619cbb34be0a10093ee09fc5cb7/PHP/php/dump/Services.zip/doom/code/maps
2024-12-07 03:10:38.976214 ║INFO	║ 3440239	║ process file /home/amir/CTF/MCTF/2024/Stud/final/.ai/Temp/3ff16619cbb34be0a10093ee09fc5cb7/PHP/php/dump/Services.zip/doom/code/maps/0.txt
2024-12-07 03:10:38.976315 ║INFO	║ 3440239	║ process file /home/amir/CTF/MCTF/2024/Stud/final/.ai/Temp/3ff16619cbb34be0a10093ee09fc5cb7/PHP/php/dump/Services.zip/doom/code/maps/2.txt
2024-12-07 03:10:38.976446 ║INFO	║ 3440239	║ process file /home/amir/CTF/MCTF/2024/Stud/final/.ai/Temp/3ff16619cbb34be0a10093ee09fc5cb7/PHP/php/dump/Services.zip/doom/code/maps/1.txt
2024-12-07 03:10:38.976598 ║INFO	║ 3440239	║ process file /home/amir/CTF/MCTF/2024/Stud/final/.ai/Temp/3ff16619cbb34be0a10093ee09fc5cb7/PHP/php/dump/Services.zip/doom/code/Dockerfile
2024-12-07 03:10:38.976739 ║INFO	║ 3440239	║ process file /home/amir/CTF/MCTF/2024/Stud/final/.ai/Temp/3ff16619cbb34be0a10093ee09fc5cb7/PHP/php/dump/Services.zip/doom/code/doom
2024-12-07 03:10:38.976869 ║INFO	║ 3440239	║ process file /home/amir/CTF/MCTF/2024/Stud/final/.ai/Temp/3ff16619cbb34be0a10093ee09fc5cb7/PHP/php/dump/Services.zip/doom/code/server.sh
2024-12-07 03:10:38.977010 ║INFO	║ 3440239	║ process file /home/amir/CTF/MCTF/2024/Stud/final/.ai/Temp/3ff16619cbb34be0a10093ee09fc5cb7/PHP/php/dump/Services.zip/doom/db
2024-12-07 03:10:38.977101 ║INFO	║ 3440239	║ process file /home/amir/CTF/MCTF/2024/Stud/final/.ai/Temp/3ff16619cbb34be0a10093ee09fc5cb7/PHP/php/dump/Services.zip/doom/db/db.sql
2024-12-07 03:10:38.977196 ║INFO	║ 3440239	║ process file /home/amir/CTF/MCTF/2024/Stud/final/.ai/Temp/3ff16619cbb34be0a10093ee09fc5cb7/PHP/php/dump/Services.zip/doom/db/Dockerfile
2024-12-07 03:10:38.977313 ║INFO	║ 3440239	║ process file /home/amir/CTF/MCTF/2024/Stud/final/.ai/Temp/3ff16619cbb34be0a10093ee09fc5cb7/PHP/php/dump/Services.zip/doom/docker-compose.yml
2024-12-07 03:10:38.977429 ║INFO	║ 3440239	║ process file /home/amir/CTF/MCTF/2024/Stud/final/.ai/Temp/3ff16619cbb34be0a10093ee09fc5cb7/PHP/php/dump/Services.zip/approve_me
2024-12-07 03:10:38.977511 ║INFO	║ 3440239	║ process file /home/amir/CTF/MCTF/2024/Stud/final/.ai/Temp/3ff16619cbb34be0a10093ee09fc5cb7/PHP/php/dump/Services.zip/approve_me/backend
2024-12-07 03:10:38.977609 ║INFO	║ 3440239	║ process file /home/amir/CTF/MCTF/2024/Stud/final/.ai/Temp/3ff16619cbb34be0a10093ee09fc5cb7/PHP/php/dump/Services.zip/approve_me/backend/src
2024-12-07 03:10:38.977696 ║INFO	║ 3440239	║ process file /home/amir/CTF/MCTF/2024/Stud/final/.ai/Temp/3ff16619cbb34be0a10093ee09fc5cb7/PHP/php/dump/Services.zip/approve_me/backend/src/models
2024-12-07 03:10:38.977773 ║INFO	║ 3440239	║ process file /home/amir/CTF/MCTF/2024/Stud/final/.ai/Temp/3ff16619cbb34be0a10093ee09fc5cb7/PHP/php/dump/Services.zip/approve_me/backend/src/models/participation.js
2024-12-07 03:10:38.977843 ║INFO	║ 3440239	║ process file /home/amir/CTF/MCTF/2024/Stud/final/.ai/Temp/3ff16619cbb34be0a10093ee09fc5cb7/PHP/php/dump/Services.zip/approve_me/backend/src/models/event.js
2024-12-07 03:10:38.977943 ║INFO	║ 3440239	║ process file /home/amir/CTF/MCTF/2024/Stud/final/.ai/Temp/3ff16619cbb34be0a10093ee09fc5cb7/PHP/php/dump/Services.zip/approve_me/backend/src/models/user.js
2024-12-07 03:10:38.978030 ║INFO	║ 3440239	║ process file /home/amir/CTF/MCTF/2024/Stud/final/.ai/Temp/3ff16619cbb34be0a10093ee09fc5cb7/PHP/php/dump/Services.zip/approve_me/backend/src/models/index.js
2024-12-07 03:10:38.978108 ║INFO	║ 3440239	║ process file /home/amir/CTF/MCTF/2024/Stud/final/.ai/Temp/3ff16619cbb34be0a10093ee09fc5cb7/PHP/php/dump/Services.zip/approve_me/backend/src/routes
2024-12-07 03:10:38.978201 ║INFO	║ 3440239	║ process file /home/amir/CTF/MCTF/2024/Stud/final/.ai/Temp/3ff16619cbb34be0a10093ee09fc5cb7/PHP/php/dump/Services.zip/approve_me/backend/src/routes/userRoutes.js
2024-12-07 03:10:38.978301 ║INFO	║ 3440239	║ process file /home/amir/CTF/MCTF/2024/Stud/final/.ai/Temp/3ff16619cbb34be0a10093ee09fc5cb7/PHP/php/dump/Services.zip/approve_me/backend/src/routes/eventRoutes.js
2024-12-07 03:10:38.978376 ║INFO	║ 3440239	║ process file /home/amir/CTF/MCTF/2024/Stud/final/.ai/Temp/3ff16619cbb34be0a10093ee09fc5cb7/PHP/php/dump/Services.zip/approve_me/backend/src/routes/index.js
2024-12-07 03:10:38.978445 ║INFO	║ 3440239	║ process file /home/amir/CTF/MCTF/2024/Stud/final/.ai/Temp/3ff16619cbb34be0a10093ee09fc5cb7/PHP/php/dump/Services.zip/approve_me/backend/src/routes/authRoutes.js
2024-12-07 03:10:38.978537 ║INFO	║ 3440239	║ process file /home/amir/CTF/MCTF/2024/Stud/final/.ai/Temp/3ff16619cbb34be0a10093ee09fc5cb7/PHP/php/dump/Services.zip/approve_me/backend/src/controllers
2024-12-07 03:10:38.978656 ║INFO	║ 3440239	║ process file /home/amir/CTF/MCTF/2024/Stud/final/.ai/Temp/3ff16619cbb34be0a10093ee09fc5cb7/PHP/php/dump/Services.zip/approve_me/backend/src/controllers/userController.js
2024-12-07 03:10:38.978762 ║INFO	║ 3440239	║ process file /home/amir/CTF/MCTF/2024/Stud/final/.ai/Temp/3ff16619cbb34be0a10093ee09fc5cb7/PHP/php/dump/Services.zip/approve_me/backend/src/controllers/eventController.js
2024-12-07 03:10:38.978865 ║INFO	║ 3440239	║ process file /home/amir/CTF/MCTF/2024/Stud/final/.ai/Temp/3ff16619cbb34be0a10093ee09fc5cb7/PHP/php/dump/Services.zip/approve_me/backend/src/controllers/authController.js
2024-12-07 03:10:38.978966 ║INFO	║ 3440239	║ process file /home/amir/CTF/MCTF/2024/Stud/final/.ai/Temp/3ff16619cbb34be0a10093ee09fc5cb7/PHP/php/dump/Services.zip/approve_me/backend/src/config
2024-12-07 03:10:38.979046 ║INFO	║ 3440239	║ process file /home/amir/CTF/MCTF/2024/Stud/final/.ai/Temp/3ff16619cbb34be0a10093ee09fc5cb7/PHP/php/dump/Services.zip/approve_me/backend/src/config/database.js
2024-12-07 03:10:38.979115 ║INFO	║ 3440239	║ process file /home/amir/CTF/MCTF/2024/Stud/final/.ai/Temp/3ff16619cbb34be0a10093ee09fc5cb7/PHP/php/dump/Services.zip/approve_me/backend/src/middleware
2024-12-07 03:10:38.979182 ║INFO	║ 3440239	║ process file /home/amir/CTF/MCTF/2024/Stud/final/.ai/Temp/3ff16619cbb34be0a10093ee09fc5cb7/PHP/php/dump/Services.zip/approve_me/backend/src/middleware/auth.js
2024-12-07 03:10:38.979249 ║INFO	║ 3440239	║ process file /home/amir/CTF/MCTF/2024/Stud/final/.ai/Temp/3ff16619cbb34be0a10093ee09fc5cb7/PHP/php/dump/Services.zip/approve_me/backend/src/services
2024-12-07 03:10:38.979317 ║INFO	║ 3440239	║ process file /home/amir/CTF/MCTF/2024/Stud/final/.ai/Temp/3ff16619cbb34be0a10093ee09fc5cb7/PHP/php/dump/Services.zip/approve_me/backend/src/services/userService.js
2024-12-07 03:10:38.979384 ║INFO	║ 3440239	║ process file /home/amir/CTF/MCTF/2024/Stud/final/.ai/Temp/3ff16619cbb34be0a10093ee09fc5cb7/PHP/php/dump/Services.zip/approve_me/backend/src/app.js
2024-12-07 03:10:38.979451 ║INFO	║ 3440239	║ process file /home/amir/CTF/MCTF/2024/Stud/final/.ai/Temp/3ff16619cbb34be0a10093ee09fc5cb7/PHP/php/dump/Services.zip/approve_me/backend/package.json
2024-12-07 03:10:38.979519 ║INFO	║ 3440239	║ process file /home/amir/CTF/MCTF/2024/Stud/final/.ai/Temp/3ff16619cbb34be0a10093ee09fc5cb7/PHP/php/dump/Services.zip/approve_me/backend/package-lock.json
2024-12-07 03:10:38.979585 ║INFO	║ 3440239	║ process file /home/amir/CTF/MCTF/2024/Stud/final/.ai/Temp/3ff16619cbb34be0a10093ee09fc5cb7/PHP/php/dump/Services.zip/approve_me/backend/Dockerfile
2024-12-07 03:10:38.979654 ║INFO	║ 3440239	║ process file /home/amir/CTF/MCTF/2024/Stud/final/.ai/Temp/3ff16619cbb34be0a10093ee09fc5cb7/PHP/php/dump/Services.zip/approve_me/backend/wait-for-it.sh
2024-12-07 03:10:38.979722 ║INFO	║ 3440239	║ process file /home/amir/CTF/MCTF/2024/Stud/final/.ai/Temp/3ff16619cbb34be0a10093ee09fc5cb7/PHP/php/dump/Services.zip/approve_me/frontend
2024-12-07 03:10:38.979790 ║INFO	║ 3440239	║ process file /home/amir/CTF/MCTF/2024/Stud/final/.ai/Temp/3ff16619cbb34be0a10093ee09fc5cb7/PHP/php/dump/Services.zip/approve_me/frontend/src
2024-12-07 03:10:38.979858 ║INFO	║ 3440239	║ process file /home/amir/CTF/MCTF/2024/Stud/final/.ai/Temp/3ff16619cbb34be0a10093ee09fc5cb7/PHP/php/dump/Services.zip/approve_me/frontend/src/assets
2024-12-07 03:10:38.979926 ║INFO	║ 3440239	║ process file /home/amir/CTF/MCTF/2024/Stud/final/.ai/Temp/3ff16619cbb34be0a10093ee09fc5cb7/PHP/php/dump/Services.zip/approve_me/frontend/src/assets/react.svg
2024-12-07 03:10:38.980011 ║INFO	║ 3440239	║ process file /home/amir/CTF/MCTF/2024/Stud/final/.ai/Temp/3ff16619cbb34be0a10093ee09fc5cb7/PHP/php/dump/Services.zip/approve_me/frontend/src/pages
2024-12-07 03:10:38.980098 ║INFO	║ 3440239	║ process file /home/amir/CTF/MCTF/2024/Stud/final/.ai/Temp/3ff16619cbb34be0a10093ee09fc5cb7/PHP/php/dump/Services.zip/approve_me/frontend/src/pages/events
2024-12-07 03:10:38.980191 ║INFO	║ 3440239	║ process file /home/amir/CTF/MCTF/2024/Stud/final/.ai/Temp/3ff16619cbb34be0a10093ee09fc5cb7/PHP/php/dump/Services.zip/approve_me/frontend/src/pages/events/BulkImport.tsx
2024-12-07 03:10:38.980286 ║INFO	║ 3440239	║ process file /home/amir/CTF/MCTF/2024/Stud/final/.ai/Temp/3ff16619cbb34be0a10093ee09fc5cb7/PHP/php/dump/Services.zip/approve_me/frontend/src/pages/events/EventList.tsx
2024-12-07 03:10:38.980357 ║INFO	║ 3440239	║ process file /home/amir/CTF/MCTF/2024/Stud/final/.ai/Temp/3ff16619cbb34be0a10093ee09fc5cb7/PHP/php/dump/Services.zip/approve_me/frontend/src/pages/events/CreateEvent.tsx
2024-12-07 03:10:38.980424 ║INFO	║ 3440239	║ process file /home/amir/CTF/MCTF/2024/Stud/final/.ai/Temp/3ff16619cbb34be0a10093ee09fc5cb7/PHP/php/dump/Services.zip/approve_me/frontend/src/pages/events/ManageEvent.tsx
2024-12-07 03:10:38.980498 ║INFO	║ 3440239	║ process file /home/amir/CTF/MCTF/2024/Stud/final/.ai/Temp/3ff16619cbb34be0a10093ee09fc5cb7/PHP/php/dump/Services.zip/approve_me/frontend/src/pages/Register.tsx
2024-12-07 03:10:38.980567 ║INFO	║ 3440239	║ process file /home/amir/CTF/MCTF/2024/Stud/final/.ai/Temp/3ff16619cbb34be0a10093ee09fc5cb7/PHP/php/dump/Services.zip/approve_me/frontend/src/pages/Login.tsx
2024-12-07 03:10:38.980634 ║INFO	║ 3440239	║ process file /home/amir/CTF/MCTF/2024/Stud/final/.ai/Temp/3ff16619cbb34be0a10093ee09fc5cb7/PHP/php/dump/Services.zip/approve_me/frontend/src/api
2024-12-07 03:10:38.980701 ║INFO	║ 3440239	║ process file /home/amir/CTF/MCTF/2024/Stud/final/.ai/Temp/3ff16619cbb34be0a10093ee09fc5cb7/PHP/php/dump/Services.zip/approve_me/frontend/src/api/client.ts
2024-12-07 03:10:38.980769 ║INFO	║ 3440239	║ process file /home/amir/CTF/MCTF/2024/Stud/final/.ai/Temp/3ff16619cbb34be0a10093ee09fc5cb7/PHP/php/dump/Services.zip/approve_me/frontend/src/components
2024-12-07 03:10:38.980837 ║INFO	║ 3440239	║ process file /home/amir/CTF/MCTF/2024/Stud/final/.ai/Temp/3ff16619cbb34be0a10093ee09fc5cb7/PHP/php/dump/Services.zip/approve_me/frontend/src/components/LoadingSpinner.tsx
2024-12-07 03:10:38.980905 ║INFO	║ 3440239	║ process file /home/amir/CTF/MCTF/2024/Stud/final/.ai/Temp/3ff16619cbb34be0a10093ee09fc5cb7/PHP/php/dump/Services.zip/approve_me/frontend/src/components/PrivateRoute.tsx
2024-12-07 03:10:38.980985 ║INFO	║ 3440239	║ process file /home/amir/CTF/MCTF/2024/Stud/final/.ai/Temp/3ff16619cbb34be0a10093ee09fc5cb7/PHP/php/dump/Services.zip/approve_me/frontend/src/components/Layout.tsx
2024-12-07 03:10:38.981065 ║INFO	║ 3440239	║ process file /home/amir/CTF/MCTF/2024/Stud/final/.ai/Temp/3ff16619cbb34be0a10093ee09fc5cb7/PHP/php/dump/Services.zip/approve_me/frontend/src/components/Snowfall.tsx
2024-12-07 03:10:38.981133 ║INFO	║ 3440239	║ process file /home/amir/CTF/MCTF/2024/Stud/final/.ai/Temp/3ff16619cbb34be0a10093ee09fc5cb7/PHP/php/dump/Services.zip/approve_me/frontend/src/components/Navbar.tsx
2024-12-07 03:10:38.981208 ║INFO	║ 3440239	║ process file /home/amir/CTF/MCTF/2024/Stud/final/.ai/Temp/3ff16619cbb34be0a10093ee09fc5cb7/PHP/php/dump/Services.zip/approve_me/frontend/src/contexts
2024-12-07 03:10:38.981297 ║INFO	║ 3440239	║ process file /home/amir/CTF/MCTF/2024/Stud/final/.ai/Temp/3ff16619cbb34be0a10093ee09fc5cb7/PHP/php/dump/Services.zip/approve_me/frontend/src/contexts/AuthContext.tsx
2024-12-07 03:10:38.981367 ║INFO	║ 3440239	║ process file /home/amir/CTF/MCTF/2024/Stud/final/.ai/Temp/3ff16619cbb34be0a10093ee09fc5cb7/PHP/php/dump/Services.zip/approve_me/frontend/src/main.tsx
2024-12-07 03:10:38.981432 ║INFO	║ 3440239	║ process file /home/amir/CTF/MCTF/2024/Stud/final/.ai/Temp/3ff16619cbb34be0a10093ee09fc5cb7/PHP/php/dump/Services.zip/approve_me/frontend/src/index.css
2024-12-07 03:10:38.981499 ║INFO	║ 3440239	║ process file /home/amir/CTF/MCTF/2024/Stud/final/.ai/Temp/3ff16619cbb34be0a10093ee09fc5cb7/PHP/php/dump/Services.zip/approve_me/frontend/src/vite-env.d.ts
2024-12-07 03:10:38.981564 ║INFO	║ 3440239	║ process file /home/amir/CTF/MCTF/2024/Stud/final/.ai/Temp/3ff16619cbb34be0a10093ee09fc5cb7/PHP/php/dump/Services.zip/approve_me/frontend/src/App.css
2024-12-07 03:10:38.981629 ║INFO	║ 3440239	║ process file /home/amir/CTF/MCTF/2024/Stud/final/.ai/Temp/3ff16619cbb34be0a10093ee09fc5cb7/PHP/php/dump/Services.zip/approve_me/frontend/src/App.tsx
2024-12-07 03:10:38.981694 ║INFO	║ 3440239	║ process file /home/amir/CTF/MCTF/2024/Stud/final/.ai/Temp/3ff16619cbb34be0a10093ee09fc5cb7/PHP/php/dump/Services.zip/approve_me/frontend/public
2024-12-07 03:10:38.981758 ║INFO	║ 3440239	║ process file /home/amir/CTF/MCTF/2024/Stud/final/.ai/Temp/3ff16619cbb34be0a10093ee09fc5cb7/PHP/php/dump/Services.zip/approve_me/frontend/public/vite.svg
2024-12-07 03:10:38.981829 ║INFO	║ 3440239	║ process file /home/amir/CTF/MCTF/2024/Stud/final/.ai/Temp/3ff16619cbb34be0a10093ee09fc5cb7/PHP/php/dump/Services.zip/approve_me/frontend/tsconfig.app.json
2024-12-07 03:10:38.981895 ║INFO	║ 3440239	║ process file /home/amir/CTF/MCTF/2024/Stud/final/.ai/Temp/3ff16619cbb34be0a10093ee09fc5cb7/PHP/php/dump/Services.zip/approve_me/frontend/package.json
2024-12-07 03:10:38.981976 ║INFO	║ 3440239	║ process file /home/amir/CTF/MCTF/2024/Stud/final/.ai/Temp/3ff16619cbb34be0a10093ee09fc5cb7/PHP/php/dump/Services.zip/approve_me/frontend/vite.config.ts
2024-12-07 03:10:38.982043 ║INFO	║ 3440239	║ process file /home/amir/CTF/MCTF/2024/Stud/final/.ai/Temp/3ff16619cbb34be0a10093ee09fc5cb7/PHP/php/dump/Services.zip/approve_me/frontend/eslint.config.js
2024-12-07 03:10:38.982108 ║INFO	║ 3440239	║ process file /home/amir/CTF/MCTF/2024/Stud/final/.ai/Temp/3ff16619cbb34be0a10093ee09fc5cb7/PHP/php/dump/Services.zip/approve_me/frontend/package-lock.json
2024-12-07 03:10:38.982171 ║INFO	║ 3440239	║ process file /home/amir/CTF/MCTF/2024/Stud/final/.ai/Temp/3ff16619cbb34be0a10093ee09fc5cb7/PHP/php/dump/Services.zip/approve_me/frontend/README.md
2024-12-07 03:10:38.982236 ║INFO	║ 3440239	║ process file /home/amir/CTF/MCTF/2024/Stud/final/.ai/Temp/3ff16619cbb34be0a10093ee09fc5cb7/PHP/php/dump/Services.zip/approve_me/frontend/index.html
2024-12-07 03:10:38.982305 ║INFO	║ 3440239	║ process file /home/amir/CTF/MCTF/2024/Stud/final/.ai/Temp/3ff16619cbb34be0a10093ee09fc5cb7/PHP/php/dump/Services.zip/approve_me/frontend/Dockerfile
2024-12-07 03:10:38.982407 ║INFO	║ 3440239	║ process file /home/amir/CTF/MCTF/2024/Stud/final/.ai/Temp/3ff16619cbb34be0a10093ee09fc5cb7/PHP/php/dump/Services.zip/approve_me/frontend/tsconfig.node.json
2024-12-07 03:10:38.982529 ║INFO	║ 3440239	║ process file /home/amir/CTF/MCTF/2024/Stud/final/.ai/Temp/3ff16619cbb34be0a10093ee09fc5cb7/PHP/php/dump/Services.zip/approve_me/frontend/tailwind.config.js
2024-12-07 03:10:38.982654 ║INFO	║ 3440239	║ process file /home/amir/CTF/MCTF/2024/Stud/final/.ai/Temp/3ff16619cbb34be0a10093ee09fc5cb7/PHP/php/dump/Services.zip/approve_me/frontend/tsconfig.json
2024-12-07 03:10:38.982776 ║INFO	║ 3440239	║ process file /home/amir/CTF/MCTF/2024/Stud/final/.ai/Temp/3ff16619cbb34be0a10093ee09fc5cb7/PHP/php/dump/Services.zip/approve_me/frontend/postcss.config.js
2024-12-07 03:10:38.982888 ║INFO	║ 3440239	║ process file /home/amir/CTF/MCTF/2024/Stud/final/.ai/Temp/3ff16619cbb34be0a10093ee09fc5cb7/PHP/php/dump/Services.zip/approve_me/docker-compose.yml
2024-12-07 03:10:38.983000 ║INFO	║ 3440239	║ process file /home/amir/CTF/MCTF/2024/Stud/final/.ai/Temp/3ff16619cbb34be0a10093ee09fc5cb7/PHP/php/dump/Services.zip/blinbin
2024-12-07 03:10:38.983107 ║INFO	║ 3440239	║ process file /home/amir/CTF/MCTF/2024/Stud/final/.ai/Temp/3ff16619cbb34be0a10093ee09fc5cb7/PHP/php/dump/Services.zip/blinbin/backend
2024-12-07 03:10:38.983215 ║INFO	║ 3440239	║ process file /home/amir/CTF/MCTF/2024/Stud/final/.ai/Temp/3ff16619cbb34be0a10093ee09fc5cb7/PHP/php/dump/Services.zip/blinbin/backend/src
2024-12-07 03:10:38.983328 ║INFO	║ 3440239	║ process file /home/amir/CTF/MCTF/2024/Stud/final/.ai/Temp/3ff16619cbb34be0a10093ee09fc5cb7/PHP/php/dump/Services.zip/blinbin/backend/src/schemas
2024-12-07 03:10:38.983443 ║INFO	║ 3440239	║ process file /home/amir/CTF/MCTF/2024/Stud/final/.ai/Temp/3ff16619cbb34be0a10093ee09fc5cb7/PHP/php/dump/Services.zip/blinbin/backend/src/schemas/reference.py
2024-12-07 03:10:38.983559 ║INFO	║ 3440239	║ process file /home/amir/CTF/MCTF/2024/Stud/final/.ai/Temp/3ff16619cbb34be0a10093ee09fc5cb7/PHP/php/dump/Services.zip/blinbin/backend/src/schemas/__init__.py
2024-12-07 03:10:38.983665 ║INFO	║ 3440239	║ process file /home/amir/CTF/MCTF/2024/Stud/final/.ai/Temp/3ff16619cbb34be0a10093ee09fc5cb7/PHP/php/dump/Services.zip/blinbin/backend/src/schemas/post.py
2024-12-07 03:10:38.983769 ║INFO	║ 3440239	║ process file /home/amir/CTF/MCTF/2024/Stud/final/.ai/Temp/3ff16619cbb34be0a10093ee09fc5cb7/PHP/php/dump/Services.zip/blinbin/backend/src/schemas/comment.py
2024-12-07 03:10:38.983883 ║INFO	║ 3440239	║ process file /home/amir/CTF/MCTF/2024/Stud/final/.ai/Temp/3ff16619cbb34be0a10093ee09fc5cb7/PHP/php/dump/Services.zip/blinbin/backend/src/schemas/auth.py
2024-12-07 03:10:38.983984 ║INFO	║ 3440239	║ process file /home/amir/CTF/MCTF/2024/Stud/final/.ai/Temp/3ff16619cbb34be0a10093ee09fc5cb7/PHP/php/dump/Services.zip/blinbin/backend/src/schemas/user.py
2024-12-07 03:10:38.984087 ║INFO	║ 3440239	║ process file /home/amir/CTF/MCTF/2024/Stud/final/.ai/Temp/3ff16619cbb34be0a10093ee09fc5cb7/PHP/php/dump/Services.zip/blinbin/backend/src/models
2024-12-07 03:10:38.984189 ║INFO	║ 3440239	║ process file /home/amir/CTF/MCTF/2024/Stud/final/.ai/Temp/3ff16619cbb34be0a10093ee09fc5cb7/PHP/php/dump/Services.zip/blinbin/backend/src/models/timestampmixin.py
2024-12-07 03:10:38.984293 ║INFO	║ 3440239	║ process file /home/amir/CTF/MCTF/2024/Stud/final/.ai/Temp/3ff16619cbb34be0a10093ee09fc5cb7/PHP/php/dump/Services.zip/blinbin/backend/src/models/reference.py
2024-12-07 03:10:38.984397 ║INFO	║ 3440239	║ process file /home/amir/CTF/MCTF/2024/Stud/final/.ai/Temp/3ff16619cbb34be0a10093ee09fc5cb7/PHP/php/dump/Services.zip/blinbin/backend/src/models/__init__.py
2024-12-07 03:10:38.984503 ║INFO	║ 3440239	║ process file /home/amir/CTF/MCTF/2024/Stud/final/.ai/Temp/3ff16619cbb34be0a10093ee09fc5cb7/PHP/php/dump/Services.zip/blinbin/backend/src/models/post.py
2024-12-07 03:10:38.984613 ║INFO	║ 3440239	║ process file /home/amir/CTF/MCTF/2024/Stud/final/.ai/Temp/3ff16619cbb34be0a10093ee09fc5cb7/PHP/php/dump/Services.zip/blinbin/backend/src/models/comment.py
2024-12-07 03:10:38.984721 ║INFO	║ 3440239	║ process file /home/amir/CTF/MCTF/2024/Stud/final/.ai/Temp/3ff16619cbb34be0a10093ee09fc5cb7/PHP/php/dump/Services.zip/blinbin/backend/src/models/user.py
2024-12-07 03:10:38.984823 ║INFO	║ 3440239	║ process file /home/amir/CTF/MCTF/2024/Stud/final/.ai/Temp/3ff16619cbb34be0a10093ee09fc5cb7/PHP/php/dump/Services.zip/blinbin/backend/src/migrations
2024-12-07 03:10:38.984929 ║INFO	║ 3440239	║ process file /home/amir/CTF/MCTF/2024/Stud/final/.ai/Temp/3ff16619cbb34be0a10093ee09fc5cb7/PHP/php/dump/Services.zip/blinbin/backend/src/migrations/versions
2024-12-07 03:10:38.985041 ║INFO	║ 3440239	║ process file /home/amir/CTF/MCTF/2024/Stud/final/.ai/Temp/3ff16619cbb34be0a10093ee09fc5cb7/PHP/php/dump/Services.zip/blinbin/backend/src/migrations/versions/306fc3030c0f_reaction_removed.py
2024-12-07 03:10:38.985123 ║INFO	║ 3440239	║ process file /home/amir/CTF/MCTF/2024/Stud/final/.ai/Temp/3ff16619cbb34be0a10093ee09fc5cb7/PHP/php/dump/Services.zip/blinbin/backend/src/migrations/versions/70c9008aa818_reference_added.py
2024-12-07 03:10:38.985193 ║INFO	║ 3440239	║ process file /home/amir/CTF/MCTF/2024/Stud/final/.ai/Temp/3ff16619cbb34be0a10093ee09fc5cb7/PHP/php/dump/Services.zip/blinbin/backend/src/migrations/versions/f90dfd20d9c1_title_for_posts.py
2024-12-07 03:10:38.985263 ║INFO	║ 3440239	║ process file /home/amir/CTF/MCTF/2024/Stud/final/.ai/Temp/3ff16619cbb34be0a10093ee09fc5cb7/PHP/php/dump/Services.zip/blinbin/backend/src/migrations/versions/df3f46b543e4_polymorph_assoc_changed.py
2024-12-07 03:10:38.985332 ║INFO	║ 3440239	║ process file /home/amir/CTF/MCTF/2024/Stud/final/.ai/Temp/3ff16619cbb34be0a10093ee09fc5cb7/PHP/php/dump/Services.zip/blinbin/backend/src/migrations/versions/e693dfd65fad_reactions_change.py
2024-12-07 03:10:38.985402 ║INFO	║ 3440239	║ process file /home/amir/CTF/MCTF/2024/Stud/final/.ai/Temp/3ff16619cbb34be0a10093ee09fc5cb7/PHP/php/dump/Services.zip/blinbin/backend/src/migrations/versions/da684f961efc_user_model_lenght_changes.py
2024-12-07 03:10:38.985475 ║INFO	║ 3440239	║ process file /home/amir/CTF/MCTF/2024/Stud/final/.ai/Temp/3ff16619cbb34be0a10093ee09fc5cb7/PHP/php/dump/Services.zip/blinbin/backend/src/migrations/versions/e941ae9a9cb5_some_changes.py
2024-12-07 03:10:38.985549 ║INFO	║ 3440239	║ process file /home/amir/CTF/MCTF/2024/Stud/final/.ai/Temp/3ff16619cbb34be0a10093ee09fc5cb7/PHP/php/dump/Services.zip/blinbin/backend/src/migrations/versions/d9024b525ad0_initial_migrations.py
2024-12-07 03:10:38.985631 ║INFO	║ 3440239	║ process file /home/amir/CTF/MCTF/2024/Stud/final/.ai/Temp/3ff16619cbb34be0a10093ee09fc5cb7/PHP/php/dump/Services.zip/blinbin/backend/src/migrations/versions/bef1e5ab0cbf_added_private_field_for_posts.py
2024-12-07 03:10:38.985704 ║INFO	║ 3440239	║ process file /home/amir/CTF/MCTF/2024/Stud/final/.ai/Temp/3ff16619cbb34be0a10093ee09fc5cb7/PHP/php/dump/Services.zip/blinbin/backend/src/migrations/versions/2ff7ad14c403_polymorph_assoc_for_comment.py
2024-12-07 03:10:38.985795 ║INFO	║ 3440239	║ process file /home/amir/CTF/MCTF/2024/Stud/final/.ai/Temp/3ff16619cbb34be0a10093ee09fc5cb7/PHP/php/dump/Services.zip/blinbin/backend/src/migrations/versions/baee2ae509db_added_timestamp_mixin.py
2024-12-07 03:10:38.985892 ║INFO	║ 3440239	║ process file /home/amir/CTF/MCTF/2024/Stud/final/.ai/Temp/3ff16619cbb34be0a10093ee09fc5cb7/PHP/php/dump/Services.zip/blinbin/backend/src/migrations/env.py
2024-12-07 03:10:38.985966 ║INFO	║ 3440239	║ process file /home/amir/CTF/MCTF/2024/Stud/final/.ai/Temp/3ff16619cbb34be0a10093ee09fc5cb7/PHP/php/dump/Services.zip/blinbin/backend/src/migrations/script.py.mako
2024-12-07 03:10:38.986041 ║INFO	║ 3440239	║ process file /home/amir/CTF/MCTF/2024/Stud/final/.ai/Temp/3ff16619cbb34be0a10093ee09fc5cb7/PHP/php/dump/Services.zip/blinbin/backend/src/migrations/alembic.ini
2024-12-07 03:10:38.986114 ║INFO	║ 3440239	║ process file /home/amir/CTF/MCTF/2024/Stud/final/.ai/Temp/3ff16619cbb34be0a10093ee09fc5cb7/PHP/php/dump/Services.zip/blinbin/backend/src/migrations/README
2024-12-07 03:10:38.986189 ║INFO	║ 3440239	║ process file /home/amir/CTF/MCTF/2024/Stud/final/.ai/Temp/3ff16619cbb34be0a10093ee09fc5cb7/PHP/php/dump/Services.zip/blinbin/backend/src/routes
2024-12-07 03:10:38.986267 ║INFO	║ 3440239	║ process file /home/amir/CTF/MCTF/2024/Stud/final/.ai/Temp/3ff16619cbb34be0a10093ee09fc5cb7/PHP/php/dump/Services.zip/blinbin/backend/src/routes/meta_routes.py
2024-12-07 03:10:38.986344 ║INFO	║ 3440239	║ process file /home/amir/CTF/MCTF/2024/Stud/final/.ai/Temp/3ff16619cbb34be0a10093ee09fc5cb7/PHP/php/dump/Services.zip/blinbin/backend/src/routes/__init__.py
2024-12-07 03:10:38.986419 ║INFO	║ 3440239	║ process file /home/amir/CTF/MCTF/2024/Stud/final/.ai/Temp/3ff16619cbb34be0a10093ee09fc5cb7/PHP/php/dump/Services.zip/blinbin/backend/src/routes/user_routes.py
2024-12-07 03:10:38.986491 ║INFO	║ 3440239	║ process file /home/amir/CTF/MCTF/2024/Stud/final/.ai/Temp/3ff16619cbb34be0a10093ee09fc5cb7/PHP/php/dump/Services.zip/blinbin/backend/src/routes/post_routes.py
2024-12-07 03:10:38.986561 ║INFO	║ 3440239	║ process file /home/amir/CTF/MCTF/2024/Stud/final/.ai/Temp/3ff16619cbb34be0a10093ee09fc5cb7/PHP/php/dump/Services.zip/blinbin/backend/src/routes/response.py
2024-12-07 03:10:38.986631 ║INFO	║ 3440239	║ process file /home/amir/CTF/MCTF/2024/Stud/final/.ai/Temp/3ff16619cbb34be0a10093ee09fc5cb7/PHP/php/dump/Services.zip/blinbin/backend/src/routes/auth_routes.py
2024-12-07 03:10:38.986702 ║INFO	║ 3440239	║ process file /home/amir/CTF/MCTF/2024/Stud/final/.ai/Temp/3ff16619cbb34be0a10093ee09fc5cb7/PHP/php/dump/Services.zip/blinbin/backend/src/repositories
2024-12-07 03:10:38.986772 ║INFO	║ 3440239	║ process file /home/amir/CTF/MCTF/2024/Stud/final/.ai/Temp/3ff16619cbb34be0a10093ee09fc5cb7/PHP/php/dump/Services.zip/blinbin/backend/src/repositories/comment_repo.py
2024-12-07 03:10:38.986844 ║INFO	║ 3440239	║ process file /home/amir/CTF/MCTF/2024/Stud/final/.ai/Temp/3ff16619cbb34be0a10093ee09fc5cb7/PHP/php/dump/Services.zip/blinbin/backend/src/repositories/user_repo.py
2024-12-07 03:10:38.986915 ║INFO	║ 3440239	║ process file /home/amir/CTF/MCTF/2024/Stud/final/.ai/Temp/3ff16619cbb34be0a10093ee09fc5cb7/PHP/php/dump/Services.zip/blinbin/backend/src/repositories/post_repo.py
2024-12-07 03:10:38.987022 ║INFO	║ 3440239	║ process file /home/amir/CTF/MCTF/2024/Stud/final/.ai/Temp/3ff16619cbb34be0a10093ee09fc5cb7/PHP/php/dump/Services.zip/blinbin/backend/src/repositories/__init__.py
2024-12-07 03:10:38.987095 ║INFO	║ 3440239	║ process file /home/amir/CTF/MCTF/2024/Stud/final/.ai/Temp/3ff16619cbb34be0a10093ee09fc5cb7/PHP/php/dump/Services.zip/blinbin/backend/src/repositories/reference_repo.py
2024-12-07 03:10:38.987166 ║INFO	║ 3440239	║ process file /home/amir/CTF/MCTF/2024/Stud/final/.ai/Temp/3ff16619cbb34be0a10093ee09fc5cb7/PHP/php/dump/Services.zip/blinbin/backend/src/middleware
2024-12-07 03:10:38.987238 ║INFO	║ 3440239	║ process file /home/amir/CTF/MCTF/2024/Stud/final/.ai/Temp/3ff16619cbb34be0a10093ee09fc5cb7/PHP/php/dump/Services.zip/blinbin/backend/src/middleware/__init__.py
2024-12-07 03:10:38.987308 ║INFO	║ 3440239	║ process file /home/amir/CTF/MCTF/2024/Stud/final/.ai/Temp/3ff16619cbb34be0a10093ee09fc5cb7/PHP/php/dump/Services.zip/blinbin/backend/src/middleware/auth.py
2024-12-07 03:10:38.987377 ║INFO	║ 3440239	║ process file /home/amir/CTF/MCTF/2024/Stud/final/.ai/Temp/3ff16619cbb34be0a10093ee09fc5cb7/PHP/php/dump/Services.zip/blinbin/backend/src/services
2024-12-07 03:10:38.987447 ║INFO	║ 3440239	║ process file /home/amir/CTF/MCTF/2024/Stud/final/.ai/Temp/3ff16619cbb34be0a10093ee09fc5cb7/PHP/php/dump/Services.zip/blinbin/backend/src/services/references_service.py
2024-12-07 03:10:38.987518 ║INFO	║ 3440239	║ process file /home/amir/CTF/MCTF/2024/Stud/final/.ai/Temp/3ff16619cbb34be0a10093ee09fc5cb7/PHP/php/dump/Services.zip/blinbin/backend/src/services/exception.py
2024-12-07 03:10:38.987588 ║INFO	║ 3440239	║ process file /home/amir/CTF/MCTF/2024/Stud/final/.ai/Temp/3ff16619cbb34be0a10093ee09fc5cb7/PHP/php/dump/Services.zip/blinbin/backend/src/services/comments_service.py
2024-12-07 03:10:38.987659 ║INFO	║ 3440239	║ process file /home/amir/CTF/MCTF/2024/Stud/final/.ai/Temp/3ff16619cbb34be0a10093ee09fc5cb7/PHP/php/dump/Services.zip/blinbin/backend/src/services/auth_service.py
2024-12-07 03:10:38.987729 ║INFO	║ 3440239	║ process file /home/amir/CTF/MCTF/2024/Stud/final/.ai/Temp/3ff16619cbb34be0a10093ee09fc5cb7/PHP/php/dump/Services.zip/blinbin/backend/src/services/user_service.py
2024-12-07 03:10:38.987800 ║INFO	║ 3440239	║ process file /home/amir/CTF/MCTF/2024/Stud/final/.ai/Temp/3ff16619cbb34be0a10093ee09fc5cb7/PHP/php/dump/Services.zip/blinbin/backend/src/services/post_service.py
2024-12-07 03:10:38.987884 ║INFO	║ 3440239	║ process file /home/amir/CTF/MCTF/2024/Stud/final/.ai/Temp/3ff16619cbb34be0a10093ee09fc5cb7/PHP/php/dump/Services.zip/blinbin/backend/src/config.py
2024-12-07 03:10:38.987989 ║INFO	║ 3440239	║ process file /home/amir/CTF/MCTF/2024/Stud/final/.ai/Temp/3ff16619cbb34be0a10093ee09fc5cb7/PHP/php/dump/Services.zip/blinbin/backend/src/app.py
2024-12-07 03:10:38.988100 ║INFO	║ 3440239	║ process file /home/amir/CTF/MCTF/2024/Stud/final/.ai/Temp/3ff16619cbb34be0a10093ee09fc5cb7/PHP/php/dump/Services.zip/blinbin/backend/src/error_handler.py
2024-12-07 03:10:38.988187 ║INFO	║ 3440239	║ process file /home/amir/CTF/MCTF/2024/Stud/final/.ai/Temp/3ff16619cbb34be0a10093ee09fc5cb7/PHP/php/dump/Services.zip/blinbin/backend/src/extensions.py
2024-12-07 03:10:38.988259 ║INFO	║ 3440239	║ process file /home/amir/CTF/MCTF/2024/Stud/final/.ai/Temp/3ff16619cbb34be0a10093ee09fc5cb7/PHP/php/dump/Services.zip/blinbin/backend/src/create_app.py
2024-12-07 03:10:38.988330 ║INFO	║ 3440239	║ process file /home/amir/CTF/MCTF/2024/Stud/final/.ai/Temp/3ff16619cbb34be0a10093ee09fc5cb7/PHP/php/dump/Services.zip/blinbin/backend/src/__init__.py
2024-12-07 03:10:38.988401 ║INFO	║ 3440239	║ process file /home/amir/CTF/MCTF/2024/Stud/final/.ai/Temp/3ff16619cbb34be0a10093ee09fc5cb7/PHP/php/dump/Services.zip/blinbin/backend/src/logging.py
2024-12-07 03:10:38.988473 ║INFO	║ 3440239	║ process file /home/amir/CTF/MCTF/2024/Stud/final/.ai/Temp/3ff16619cbb34be0a10093ee09fc5cb7/PHP/php/dump/Services.zip/blinbin/backend/scripts
2024-12-07 03:10:38.988549 ║INFO	║ 3440239	║ process file /home/amir/CTF/MCTF/2024/Stud/final/.ai/Temp/3ff16619cbb34be0a10093ee09fc5cb7/PHP/php/dump/Services.zip/blinbin/backend/scripts/entry.sh
2024-12-07 03:10:38.988619 ║INFO	║ 3440239	║ process file /home/amir/CTF/MCTF/2024/Stud/final/.ai/Temp/3ff16619cbb34be0a10093ee09fc5cb7/PHP/php/dump/Services.zip/blinbin/backend/scripts/run_postgres.sh
2024-12-07 03:10:38.988689 ║INFO	║ 3440239	║ process file /home/amir/CTF/MCTF/2024/Stud/final/.ai/Temp/3ff16619cbb34be0a10093ee09fc5cb7/PHP/php/dump/Services.zip/blinbin/backend/requirements.txt
2024-12-07 03:10:38.988758 ║INFO	║ 3440239	║ process file /home/amir/CTF/MCTF/2024/Stud/final/.ai/Temp/3ff16619cbb34be0a10093ee09fc5cb7/PHP/php/dump/Services.zip/blinbin/backend/wsgi.py
2024-12-07 03:10:38.988828 ║INFO	║ 3440239	║ process file /home/amir/CTF/MCTF/2024/Stud/final/.ai/Temp/3ff16619cbb34be0a10093ee09fc5cb7/PHP/php/dump/Services.zip/blinbin/docker
2024-12-07 03:10:38.988898 ║INFO	║ 3440239	║ process file /home/amir/CTF/MCTF/2024/Stud/final/.ai/Temp/3ff16619cbb34be0a10093ee09fc5cb7/PHP/php/dump/Services.zip/blinbin/docker/nginx.Dockerfile
2024-12-07 03:10:38.988985 ║INFO	║ 3440239	║ process file /home/amir/CTF/MCTF/2024/Stud/final/.ai/Temp/3ff16619cbb34be0a10093ee09fc5cb7/PHP/php/dump/Services.zip/blinbin/docker/app.Dockerfile
2024-12-07 03:10:38.989068 ║INFO	║ 3440239	║ process file /home/amir/CTF/MCTF/2024/Stud/final/.ai/Temp/3ff16619cbb34be0a10093ee09fc5cb7/PHP/php/dump/Services.zip/blinbin/docker/postgres.conf
2024-12-07 03:10:38.989148 ║INFO	║ 3440239	║ process file /home/amir/CTF/MCTF/2024/Stud/final/.ai/Temp/3ff16619cbb34be0a10093ee09fc5cb7/PHP/php/dump/Services.zip/blinbin/docker/db.Dockerfile
2024-12-07 03:10:38.989239 ║INFO	║ 3440239	║ process file /home/amir/CTF/MCTF/2024/Stud/final/.ai/Temp/3ff16619cbb34be0a10093ee09fc5cb7/PHP/php/dump/Services.zip/blinbin/docker/prod.env
2024-12-07 03:10:38.989321 ║INFO	║ 3440239	║ process file /home/amir/CTF/MCTF/2024/Stud/final/.ai/Temp/3ff16619cbb34be0a10093ee09fc5cb7/PHP/php/dump/Services.zip/blinbin/docker/dev.env
2024-12-07 03:10:38.989393 ║INFO	║ 3440239	║ process file /home/amir/CTF/MCTF/2024/Stud/final/.ai/Temp/3ff16619cbb34be0a10093ee09fc5cb7/PHP/php/dump/Services.zip/blinbin/frontend
2024-12-07 03:10:38.989464 ║INFO	║ 3440239	║ process file /home/amir/CTF/MCTF/2024/Stud/final/.ai/Temp/3ff16619cbb34be0a10093ee09fc5cb7/PHP/php/dump/Services.zip/blinbin/frontend/src
2024-12-07 03:10:38.989533 ║INFO	║ 3440239	║ process file /home/amir/CTF/MCTF/2024/Stud/final/.ai/Temp/3ff16619cbb34be0a10093ee09fc5cb7/PHP/php/dump/Services.zip/blinbin/frontend/src/assets
2024-12-07 03:10:38.989603 ║INFO	║ 3440239	║ process file /home/amir/CTF/MCTF/2024/Stud/final/.ai/Temp/3ff16619cbb34be0a10093ee09fc5cb7/PHP/php/dump/Services.zip/blinbin/frontend/src/assets/blinbin.svg
2024-12-07 03:10:38.989673 ║INFO	║ 3440239	║ process file /home/amir/CTF/MCTF/2024/Stud/final/.ai/Temp/3ff16619cbb34be0a10093ee09fc5cb7/PHP/php/dump/Services.zip/blinbin/frontend/src/pages
2024-12-07 03:10:38.989744 ║INFO	║ 3440239	║ process file /home/amir/CTF/MCTF/2024/Stud/final/.ai/Temp/3ff16619cbb34be0a10093ee09fc5cb7/PHP/php/dump/Services.zip/blinbin/frontend/src/pages/UserProfile.vue
2024-12-07 03:10:38.989815 ║INFO	║ 3440239	║ process file /home/amir/CTF/MCTF/2024/Stud/final/.ai/Temp/3ff16619cbb34be0a10093ee09fc5cb7/PHP/php/dump/Services.zip/blinbin/frontend/src/pages/AddPostPage.vue
2024-12-07 03:10:38.989885 ║INFO	║ 3440239	║ process file /home/amir/CTF/MCTF/2024/Stud/final/.ai/Temp/3ff16619cbb34be0a10093ee09fc5cb7/PHP/php/dump/Services.zip/blinbin/frontend/src/pages/UsersPage.vue
2024-12-07 03:10:38.989956 ║INFO	║ 3440239	║ process file /home/amir/CTF/MCTF/2024/Stud/final/.ai/Temp/3ff16619cbb34be0a10093ee09fc5cb7/PHP/php/dump/Services.zip/blinbin/frontend/src/pages/HallOfRespect.vue
2024-12-07 03:10:38.990030 ║INFO	║ 3440239	║ process file /home/amir/CTF/MCTF/2024/Stud/final/.ai/Temp/3ff16619cbb34be0a10093ee09fc5cb7/PHP/php/dump/Services.zip/blinbin/frontend/src/pages/LoginPage.vue
2024-12-07 03:10:38.990106 ║INFO	║ 3440239	║ process file /home/amir/CTF/MCTF/2024/Stud/final/.ai/Temp/3ff16619cbb34be0a10093ee09fc5cb7/PHP/php/dump/Services.zip/blinbin/frontend/src/pages/SignUpPage.vue
2024-12-07 03:10:38.990175 ║INFO	║ 3440239	║ process file /home/amir/CTF/MCTF/2024/Stud/final/.ai/Temp/3ff16619cbb34be0a10093ee09fc5cb7/PHP/php/dump/Services.zip/blinbin/frontend/src/pages/HomePage.vue
2024-12-07 03:10:38.990246 ║INFO	║ 3440239	║ process file /home/amir/CTF/MCTF/2024/Stud/final/.ai/Temp/3ff16619cbb34be0a10093ee09fc5cb7/PHP/php/dump/Services.zip/blinbin/frontend/src/pages/Tos.vue
2024-12-07 03:10:38.990314 ║INFO	║ 3440239	║ process file /home/amir/CTF/MCTF/2024/Stud/final/.ai/Temp/3ff16619cbb34be0a10093ee09fc5cb7/PHP/php/dump/Services.zip/blinbin/frontend/src/pages/ViewPostPage.vue
2024-12-07 03:10:38.990418 ║INFO	║ 3440239	║ process file /home/amir/CTF/MCTF/2024/Stud/final/.ai/Temp/3ff16619cbb34be0a10093ee09fc5cb7/PHP/php/dump/Services.zip/blinbin/frontend/src/components
2024-12-07 03:10:38.990491 ║INFO	║ 3440239	║ process file /home/amir/CTF/MCTF/2024/Stud/final/.ai/Temp/3ff16619cbb34be0a10093ee09fc5cb7/PHP/php/dump/Services.zip/blinbin/frontend/src/components/PostLayout.vue
2024-12-07 03:10:38.990560 ║INFO	║ 3440239	║ process file /home/amir/CTF/MCTF/2024/Stud/final/.ai/Temp/3ff16619cbb34be0a10093ee09fc5cb7/PHP/php/dump/Services.zip/blinbin/frontend/src/components/Navbar.vue
2024-12-07 03:10:38.990625 ║INFO	║ 3440239	║ process file /home/amir/CTF/MCTF/2024/Stud/final/.ai/Temp/3ff16619cbb34be0a10093ee09fc5cb7/PHP/php/dump/Services.zip/blinbin/frontend/src/styles
2024-12-07 03:10:38.990692 ║INFO	║ 3440239	║ process file /home/amir/CTF/MCTF/2024/Stud/final/.ai/Temp/3ff16619cbb34be0a10093ee09fc5cb7/PHP/php/dump/Services.zip/blinbin/frontend/src/styles/main.css
2024-12-07 03:10:38.990759 ║INFO	║ 3440239	║ process file /home/amir/CTF/MCTF/2024/Stud/final/.ai/Temp/3ff16619cbb34be0a10093ee09fc5cb7/PHP/php/dump/Services.zip/blinbin/frontend/src/router
2024-12-07 03:10:38.990826 ║INFO	║ 3440239	║ process file /home/amir/CTF/MCTF/2024/Stud/final/.ai/Temp/3ff16619cbb34be0a10093ee09fc5cb7/PHP/php/dump/Services.zip/blinbin/frontend/src/router/index.js
2024-12-07 03:10:38.990893 ║INFO	║ 3440239	║ process file /home/amir/CTF/MCTF/2024/Stud/final/.ai/Temp/3ff16619cbb34be0a10093ee09fc5cb7/PHP/php/dump/Services.zip/blinbin/frontend/src/App.vue
2024-12-07 03:10:38.990959 ║INFO	║ 3440239	║ process file /home/amir/CTF/MCTF/2024/Stud/final/.ai/Temp/3ff16619cbb34be0a10093ee09fc5cb7/PHP/php/dump/Services.zip/blinbin/frontend/src/main.js
2024-12-07 03:10:38.991026 ║INFO	║ 3440239	║ process file /home/amir/CTF/MCTF/2024/Stud/final/.ai/Temp/3ff16619cbb34be0a10093ee09fc5cb7/PHP/php/dump/Services.zip/blinbin/frontend/public
2024-12-07 03:10:38.991093 ║INFO	║ 3440239	║ process file /home/amir/CTF/MCTF/2024/Stud/final/.ai/Temp/3ff16619cbb34be0a10093ee09fc5cb7/PHP/php/dump/Services.zip/blinbin/frontend/public/index.html
2024-12-07 03:10:38.991159 ║INFO	║ 3440239	║ process file /home/amir/CTF/MCTF/2024/Stud/final/.ai/Temp/3ff16619cbb34be0a10093ee09fc5cb7/PHP/php/dump/Services.zip/blinbin/frontend/public/blinbin.ico
2024-12-07 03:10:38.991226 ║INFO	║ 3440239	║ process file /home/amir/CTF/MCTF/2024/Stud/final/.ai/Temp/3ff16619cbb34be0a10093ee09fc5cb7/PHP/php/dump/Services.zip/blinbin/frontend/package.json
2024-12-07 03:10:38.991292 ║INFO	║ 3440239	║ process file /home/amir/CTF/MCTF/2024/Stud/final/.ai/Temp/3ff16619cbb34be0a10093ee09fc5cb7/PHP/php/dump/Services.zip/blinbin/frontend/package-lock.json
2024-12-07 03:10:38.991359 ║INFO	║ 3440239	║ process file /home/amir/CTF/MCTF/2024/Stud/final/.ai/Temp/3ff16619cbb34be0a10093ee09fc5cb7/PHP/php/dump/Services.zip/blinbin/frontend/jsconfig.json
2024-12-07 03:10:38.991426 ║INFO	║ 3440239	║ process file /home/amir/CTF/MCTF/2024/Stud/final/.ai/Temp/3ff16619cbb34be0a10093ee09fc5cb7/PHP/php/dump/Services.zip/blinbin/frontend/README.md
2024-12-07 03:10:38.991521 ║INFO	║ 3440239	║ process file /home/amir/CTF/MCTF/2024/Stud/final/.ai/Temp/3ff16619cbb34be0a10093ee09fc5cb7/PHP/php/dump/Services.zip/blinbin/frontend/tailwind.config.js
2024-12-07 03:10:38.991595 ║INFO	║ 3440239	║ process file /home/amir/CTF/MCTF/2024/Stud/final/.ai/Temp/3ff16619cbb34be0a10093ee09fc5cb7/PHP/php/dump/Services.zip/blinbin/frontend/babel.config.js
2024-12-07 03:10:38.991662 ║INFO	║ 3440239	║ process file /home/amir/CTF/MCTF/2024/Stud/final/.ai/Temp/3ff16619cbb34be0a10093ee09fc5cb7/PHP/php/dump/Services.zip/blinbin/frontend/postcss.config.js
2024-12-07 03:10:38.991729 ║INFO	║ 3440239	║ process file /home/amir/CTF/MCTF/2024/Stud/final/.ai/Temp/3ff16619cbb34be0a10093ee09fc5cb7/PHP/php/dump/Services.zip/blinbin/frontend/vue.config.js
2024-12-07 03:10:38.991796 ║INFO	║ 3440239	║ process file /home/amir/CTF/MCTF/2024/Stud/final/.ai/Temp/3ff16619cbb34be0a10093ee09fc5cb7/PHP/php/dump/Services.zip/blinbin/.dockerignore
2024-12-07 03:10:38.991864 ║INFO	║ 3440239	║ process file /home/amir/CTF/MCTF/2024/Stud/final/.ai/Temp/3ff16619cbb34be0a10093ee09fc5cb7/PHP/php/dump/Services.zip/blinbin/docker-compose.yml
2024-12-07 03:10:38.991941 ║INFO	║ 3440239	║ process file /home/amir/CTF/MCTF/2024/Stud/final/zbnk/zbnk/php.ini
2024-12-07 03:10:38.995727 ║INFO	║ 3440239	║ process file /home/amir/CTF/MCTF/2024/Stud/final/approve_me/frontend/nginx.conf
2024-12-07 03:10:39.002386 ║INFO	║ 3440239	║ process file /home/amir/CTF/MCTF/2024/Stud/final/blinbin/docker/nginx.conf
2024-12-07 03:10:39.008118 ║INFO	║ 3440239	║ process file /home/amir/CTF/MCTF/2024/Stud/final/.ai/Temp/3ff16619cbb34be0a10093ee09fc5cb7/PHP/php/dump/Services.zip/zbnk/zbnk/php.ini
2024-12-07 03:10:39.010004 ║INFO	║ 3440239	║ process file /home/amir/CTF/MCTF/2024/Stud/final/.ai/Temp/3ff16619cbb34be0a10093ee09fc5cb7/PHP/php/dump/Services.zip/approve_me/frontend/nginx.conf
2024-12-07 03:10:39.013098 ║INFO	║ 3440239	║ process file /home/amir/CTF/MCTF/2024/Stud/final/.ai/Temp/3ff16619cbb34be0a10093ee09fc5cb7/PHP/php/dump/Services.zip/blinbin/docker/nginx.conf
2024-12-07 03:12:02.094544 ║INFO	║ 3440239	║ Finalize
2024-12-07 03:12:02.094712 ║INFO	║ 3440239	║ Finalize done
