2024-11-15 14:45:02.513166 ║INFO	║ 73780	║ process file /home/amir/CTF/MCTF/2024/AD/easy_forms/conf
2024-11-15 14:45:02.513530 ║INFO	║ 73780	║ process file /home/amir/CTF/MCTF/2024/AD/easy_forms/static
2024-11-15 14:45:02.513813 ║INFO	║ 73780	║ process file /home/amir/CTF/MCTF/2024/AD/easy_forms/static/_nuxt
2024-11-15 14:45:02.514079 ║INFO	║ 73780	║ process file /home/amir/CTF/MCTF/2024/AD/easy_forms/static/_nuxt/static
2024-11-15 14:45:02.514323 ║INFO	║ 73780	║ process file /home/amir/CTF/MCTF/2024/AD/easy_forms/static/_nuxt/static/1717073236
2024-11-15 14:45:02.514562 ║INFO	║ 73780	║ process file /home/amir/CTF/MCTF/2024/AD/easy_forms/static/_nuxt/static/1717073236/login
2024-11-15 14:45:02.514796 ║INFO	║ 73780	║ process file /home/amir/CTF/MCTF/2024/AD/easy_forms/static/_nuxt/static/1717073236/login/state.js
2024-11-15 14:45:02.515022 ║INFO	║ 73780	║ process file /home/amir/CTF/MCTF/2024/AD/easy_forms/static/_nuxt/static/1717073236/login/payload.js
2024-11-15 14:45:02.515284 ║INFO	║ 73780	║ process file /home/amir/CTF/MCTF/2024/AD/easy_forms/static/_nuxt/static/1717073236/register
2024-11-15 14:45:02.515518 ║INFO	║ 73780	║ process file /home/amir/CTF/MCTF/2024/AD/easy_forms/static/_nuxt/static/1717073236/register/state.js
2024-11-15 14:45:02.515707 ║INFO	║ 73780	║ process file /home/amir/CTF/MCTF/2024/AD/easy_forms/static/_nuxt/static/1717073236/register/payload.js
2024-11-15 14:45:02.515898 ║INFO	║ 73780	║ process file /home/amir/CTF/MCTF/2024/AD/easy_forms/static/_nuxt/static/1717073236/admin
2024-11-15 14:45:02.516086 ║INFO	║ 73780	║ process file /home/amir/CTF/MCTF/2024/AD/easy_forms/static/_nuxt/static/1717073236/admin/forms
2024-11-15 14:45:02.516282 ║INFO	║ 73780	║ process file /home/amir/CTF/MCTF/2024/AD/easy_forms/static/_nuxt/static/1717073236/admin/forms/create
2024-11-15 14:45:02.516471 ║INFO	║ 73780	║ process file /home/amir/CTF/MCTF/2024/AD/easy_forms/static/_nuxt/static/1717073236/admin/forms/create/state.js
2024-11-15 14:45:02.516650 ║INFO	║ 73780	║ process file /home/amir/CTF/MCTF/2024/AD/easy_forms/static/_nuxt/static/1717073236/manifest.js
2024-11-15 14:45:02.516821 ║INFO	║ 73780	║ process file /home/amir/CTF/MCTF/2024/AD/easy_forms/static/_nuxt/fonts
2024-11-15 14:45:02.516989 ║INFO	║ 73780	║ process file /home/amir/CTF/MCTF/2024/AD/easy_forms/static/_nuxt/fonts/materialdesignicons-webfont.2146c3c.eot
2024-11-15 14:45:02.517160 ║INFO	║ 73780	║ process file /home/amir/CTF/MCTF/2024/AD/easy_forms/static/_nuxt/fonts/materialdesignicons-webfont.1fcc362.ttf
2024-11-15 14:45:02.517342 ║INFO	║ 73780	║ process file /home/amir/CTF/MCTF/2024/AD/easy_forms/static/_nuxt/fonts/materialdesignicons-webfont.ec024da.woff2
2024-11-15 14:45:02.517536 ║INFO	║ 73780	║ process file /home/amir/CTF/MCTF/2024/AD/easy_forms/static/_nuxt/fonts/materialdesignicons-webfont.e55a20c.woff
2024-11-15 14:45:02.517713 ║INFO	║ 73780	║ process file /home/amir/CTF/MCTF/2024/AD/easy_forms/static/_nuxt/11.6c9a3839871688c2836e.js
2024-11-15 14:45:02.517879 ║INFO	║ 73780	║ process file /home/amir/CTF/MCTF/2024/AD/easy_forms/static/_nuxt/18.2241f41de9107c566b3d.js
2024-11-15 14:45:02.518041 ║INFO	║ 73780	║ process file /home/amir/CTF/MCTF/2024/AD/easy_forms/static/_nuxt/6.ec9728fc81acb49d563c.js
2024-11-15 14:45:02.518204 ║INFO	║ 73780	║ process file /home/amir/CTF/MCTF/2024/AD/easy_forms/static/_nuxt/3.e1a327d945d33d2d5cf6.js
2024-11-15 14:45:02.518366 ║INFO	║ 73780	║ process file /home/amir/CTF/MCTF/2024/AD/easy_forms/static/_nuxt/1.16a62630ccc739ba4eab.js
2024-11-15 14:45:02.518542 ║INFO	║ 73780	║ process file /home/amir/CTF/MCTF/2024/AD/easy_forms/static/_nuxt/12.7a843995349783b91a50.js
2024-11-15 14:45:02.518727 ║INFO	║ 73780	║ process file /home/amir/CTF/MCTF/2024/AD/easy_forms/static/_nuxt/25.8a8de41563ccb8c4147e.js
2024-11-15 14:45:02.518904 ║INFO	║ 73780	║ process file /home/amir/CTF/MCTF/2024/AD/easy_forms/static/_nuxt/22.d292a18632a5d4a5c270.js
2024-11-15 14:45:02.519068 ║INFO	║ 73780	║ process file /home/amir/CTF/MCTF/2024/AD/easy_forms/static/_nuxt/21.d39ea21fa876f52ea35b.js
2024-11-15 14:45:02.519242 ║INFO	║ 73780	║ process file /home/amir/CTF/MCTF/2024/AD/easy_forms/static/_nuxt/8.747819a12d705f810efd.js
2024-11-15 14:45:02.519404 ║INFO	║ 73780	║ process file /home/amir/CTF/MCTF/2024/AD/easy_forms/static/_nuxt/13.558a92d3c0ccdd451e8d.js
2024-11-15 14:45:02.519574 ║INFO	║ 73780	║ process file /home/amir/CTF/MCTF/2024/AD/easy_forms/static/_nuxt/7.8140c553b40bae0240fc.js
2024-11-15 14:45:02.519758 ║INFO	║ 73780	║ process file /home/amir/CTF/MCTF/2024/AD/easy_forms/static/_nuxt/15.532c8d2b9a0644ba12da.js
2024-11-15 14:45:02.519956 ║INFO	║ 73780	║ process file /home/amir/CTF/MCTF/2024/AD/easy_forms/static/_nuxt/27.b21dc4be7b56e9215132.js
2024-11-15 14:45:02.520140 ║INFO	║ 73780	║ process file /home/amir/CTF/MCTF/2024/AD/easy_forms/static/_nuxt/19.d56a309bdb9da529df47.js
2024-11-15 14:45:02.520303 ║INFO	║ 73780	║ process file /home/amir/CTF/MCTF/2024/AD/easy_forms/static/_nuxt/2.9888de29b322c592cfc1.js
2024-11-15 14:45:02.520464 ║INFO	║ 73780	║ process file /home/amir/CTF/MCTF/2024/AD/easy_forms/static/_nuxt/f24f7bd.js
2024-11-15 14:45:02.520637 ║INFO	║ 73780	║ process file /home/amir/CTF/MCTF/2024/AD/easy_forms/static/_nuxt/17.98f1c6486b9fe4db200c.js
2024-11-15 14:45:02.520832 ║INFO	║ 73780	║ process file /home/amir/CTF/MCTF/2024/AD/easy_forms/static/_nuxt/10.8407f95b760031b9044b.js
2024-11-15 14:45:02.521022 ║INFO	║ 73780	║ process file /home/amir/CTF/MCTF/2024/AD/easy_forms/static/_nuxt/26.e5993ec68153ec67530f.js
2024-11-15 14:45:02.521199 ║INFO	║ 73780	║ process file /home/amir/CTF/MCTF/2024/AD/easy_forms/static/_nuxt/LICENSES
2024-11-15 14:45:02.521402 ║INFO	║ 73780	║ process file /home/amir/CTF/MCTF/2024/AD/easy_forms/static/_nuxt/20.d4042c010d3a7383c9eb.js
2024-11-15 14:45:02.521546 ║INFO	║ 73780	║ process file /home/amir/CTF/MCTF/2024/AD/easy_forms/static/_nuxt/9.6e10589bd2c1e6f2d9a4.js
2024-11-15 14:45:02.521602 ║INFO	║ 73780	║ process file /home/amir/CTF/MCTF/2024/AD/easy_forms/static/_nuxt/14.e88baf763530133767cd.js
2024-11-15 14:45:02.521647 ║INFO	║ 73780	║ process file /home/amir/CTF/MCTF/2024/AD/easy_forms/static/_nuxt/4.7733370e828515f475e0.js
2024-11-15 14:45:02.521696 ║INFO	║ 73780	║ process file /home/amir/CTF/MCTF/2024/AD/easy_forms/static/_nuxt/0.b0dac074d0666abf50d7.js
2024-11-15 14:45:02.521761 ║INFO	║ 73780	║ process file /home/amir/CTF/MCTF/2024/AD/easy_forms/static/_nuxt/5.3e86eb1356bd77a62251.js
2024-11-15 14:45:02.521810 ║INFO	║ 73780	║ process file /home/amir/CTF/MCTF/2024/AD/easy_forms/static/_nuxt/24.9b18717d3a7875daff24.js
2024-11-15 14:45:02.521913 ║INFO	║ 73780	║ process file /home/amir/CTF/MCTF/2024/AD/easy_forms/static/_nuxt/16.77a5f336a7858c35eb82.js
2024-11-15 14:45:02.521963 ║INFO	║ 73780	║ process file /home/amir/CTF/MCTF/2024/AD/easy_forms/static/login
2024-11-15 14:45:02.522009 ║INFO	║ 73780	║ process file /home/amir/CTF/MCTF/2024/AD/easy_forms/static/login/index.html
2024-11-15 14:45:02.522056 ║INFO	║ 73780	║ process file /home/amir/CTF/MCTF/2024/AD/easy_forms/static/register
2024-11-15 14:45:02.522104 ║INFO	║ 73780	║ process file /home/amir/CTF/MCTF/2024/AD/easy_forms/static/register/index.html
2024-11-15 14:45:02.522152 ║INFO	║ 73780	║ process file /home/amir/CTF/MCTF/2024/AD/easy_forms/static/admin
2024-11-15 14:45:02.522199 ║INFO	║ 73780	║ process file /home/amir/CTF/MCTF/2024/AD/easy_forms/static/admin/forms
2024-11-15 14:45:02.522245 ║INFO	║ 73780	║ process file /home/amir/CTF/MCTF/2024/AD/easy_forms/static/admin/forms/create
2024-11-15 14:45:02.522291 ║INFO	║ 73780	║ process file /home/amir/CTF/MCTF/2024/AD/easy_forms/static/admin/forms/create/index.html
2024-11-15 14:45:02.522337 ║INFO	║ 73780	║ process file /home/amir/CTF/MCTF/2024/AD/easy_forms/static/200.html
2024-11-15 14:45:02.522385 ║INFO	║ 73780	║ process file /home/amir/CTF/MCTF/2024/AD/easy_forms/static/index.html
2024-11-15 14:45:02.522441 ║INFO	║ 73780	║ process file /home/amir/CTF/MCTF/2024/AD/easy_forms/static/v.png
2024-11-15 14:45:02.522490 ║INFO	║ 73780	║ process file /home/amir/CTF/MCTF/2024/AD/easy_forms/static/.nojekyll
2024-11-15 14:45:02.522538 ║INFO	║ 73780	║ process file /home/amir/CTF/MCTF/2024/AD/easy_forms/static/vuetify-logo.svg
2024-11-15 14:45:02.522590 ║INFO	║ 73780	║ process file /home/amir/CTF/MCTF/2024/AD/easy_forms/static/favicon.ico
2024-11-15 14:45:02.522644 ║INFO	║ 73780	║ process file /home/amir/CTF/MCTF/2024/AD/easy_forms/src
2024-11-15 14:45:02.522697 ║INFO	║ 73780	║ process file /home/amir/CTF/MCTF/2024/AD/easy_forms/src/app
2024-11-15 14:45:02.522747 ║INFO	║ 73780	║ process file /home/amir/CTF/MCTF/2024/AD/easy_forms/src/app/Exceptions
2024-11-15 14:45:02.522796 ║INFO	║ 73780	║ process file /home/amir/CTF/MCTF/2024/AD/easy_forms/src/app/Exceptions/ModelNotFoundExceptionDecorator.php
2024-11-15 14:45:02.522874 ║INFO	║ 73780	║ process file /home/amir/CTF/MCTF/2024/AD/easy_forms/src/app/Exceptions/ModelLimitException.php
2024-11-15 14:45:02.522972 ║INFO	║ 73780	║ process file /home/amir/CTF/MCTF/2024/AD/easy_forms/src/app/Validators
2024-11-15 14:45:02.523066 ║INFO	║ 73780	║ process file /home/amir/CTF/MCTF/2024/AD/easy_forms/src/app/Validators/FormIntegrationValidator.php
2024-11-15 14:45:02.523157 ║INFO	║ 73780	║ process file /home/amir/CTF/MCTF/2024/AD/easy_forms/src/app/Jobs
2024-11-15 14:45:02.523231 ║INFO	║ 73780	║ process file /home/amir/CTF/MCTF/2024/AD/easy_forms/src/app/Jobs/HandleFormIntegrationsJob.php
2024-11-15 14:45:02.523286 ║INFO	║ 73780	║ process file /home/amir/CTF/MCTF/2024/AD/easy_forms/src/app/Jobs/HandleIntegrationJob.php
2024-11-15 14:45:02.523331 ║INFO	║ 73780	║ process file /home/amir/CTF/MCTF/2024/AD/easy_forms/src/app/Enums
2024-11-15 14:45:02.523372 ║INFO	║ 73780	║ process file /home/amir/CTF/MCTF/2024/AD/easy_forms/src/app/Enums/FormInputTypes.php
2024-11-15 14:45:02.523415 ║INFO	║ 73780	║ process file /home/amir/CTF/MCTF/2024/AD/easy_forms/src/app/Console
2024-11-15 14:45:02.523458 ║INFO	║ 73780	║ process file /home/amir/CTF/MCTF/2024/AD/easy_forms/src/app/Console/Commands
2024-11-15 14:45:02.523501 ║INFO	║ 73780	║ process file /home/amir/CTF/MCTF/2024/AD/easy_forms/src/app/Console/Commands/FormCleaner.php
2024-11-15 14:45:02.523554 ║INFO	║ 73780	║ process file /home/amir/CTF/MCTF/2024/AD/easy_forms/src/app/Console/Commands/CreateDebugUser.php
2024-11-15 14:45:02.523607 ║INFO	║ 73780	║ process file /home/amir/CTF/MCTF/2024/AD/easy_forms/src/app/FormIntegrations
2024-11-15 14:45:02.523649 ║INFO	║ 73780	║ process file /home/amir/CTF/MCTF/2024/AD/easy_forms/src/app/FormIntegrations/MailIntegration.php
2024-11-15 14:45:02.523689 ║INFO	║ 73780	║ process file /home/amir/CTF/MCTF/2024/AD/easy_forms/src/app/FormIntegrations/SendIntegrationException.php
2024-11-15 14:45:02.523731 ║INFO	║ 73780	║ process file /home/amir/CTF/MCTF/2024/AD/easy_forms/src/app/FormIntegrations/ApiHttpIntegration.php
2024-11-15 14:45:02.523772 ║INFO	║ 73780	║ process file /home/amir/CTF/MCTF/2024/AD/easy_forms/src/app/FormIntegrations/IntegrationInterface.php
2024-11-15 14:45:02.523814 ║INFO	║ 73780	║ process file /home/amir/CTF/MCTF/2024/AD/easy_forms/src/app/Mail
2024-11-15 14:45:02.523869 ║INFO	║ 73780	║ process file /home/amir/CTF/MCTF/2024/AD/easy_forms/src/app/Mail/IntegrationMail.php
2024-11-15 14:45:02.523921 ║INFO	║ 73780	║ process file /home/amir/CTF/MCTF/2024/AD/easy_forms/src/app/Http
2024-11-15 14:45:02.523965 ║INFO	║ 73780	║ process file /home/amir/CTF/MCTF/2024/AD/easy_forms/src/app/Http/Requests
2024-11-15 14:45:02.524021 ║INFO	║ 73780	║ process file /home/amir/CTF/MCTF/2024/AD/easy_forms/src/app/Http/Requests/SoUAdminFormInputRequest.php
2024-11-15 14:45:02.524074 ║INFO	║ 73780	║ process file /home/amir/CTF/MCTF/2024/AD/easy_forms/src/app/Http/Requests/DebugFormsRequest.php
2024-11-15 14:45:02.524133 ║INFO	║ 73780	║ process file /home/amir/CTF/MCTF/2024/AD/easy_forms/src/app/Http/Requests/SoUAdminFormIntegrationRequest.php
2024-11-15 14:45:02.524205 ║INFO	║ 73780	║ process file /home/amir/CTF/MCTF/2024/AD/easy_forms/src/app/Http/Requests/FormSubmitRequest.php
2024-11-15 14:45:02.524265 ║INFO	║ 73780	║ process file /home/amir/CTF/MCTF/2024/AD/easy_forms/src/app/Http/Requests/FiltredAdminFormRequest.php
2024-11-15 14:45:02.524328 ║INFO	║ 73780	║ process file /home/amir/CTF/MCTF/2024/AD/easy_forms/src/app/Http/Requests/RegisterRequest.php
2024-11-15 14:45:02.524388 ║INFO	║ 73780	║ process file /home/amir/CTF/MCTF/2024/AD/easy_forms/src/app/Http/Requests/SoUAdminFormRequest.php
2024-11-15 14:45:02.524449 ║INFO	║ 73780	║ process file /home/amir/CTF/MCTF/2024/AD/easy_forms/src/app/Http/Requests/LoginRequest.php
2024-11-15 14:45:02.524508 ║INFO	║ 73780	║ process file /home/amir/CTF/MCTF/2024/AD/easy_forms/src/app/Http/Controllers
2024-11-15 14:45:02.524550 ║INFO	║ 73780	║ process file /home/amir/CTF/MCTF/2024/AD/easy_forms/src/app/Http/Controllers/Debug
2024-11-15 14:45:02.524591 ║INFO	║ 73780	║ process file /home/amir/CTF/MCTF/2024/AD/easy_forms/src/app/Http/Controllers/Debug/DebugController.php
2024-11-15 14:45:02.524632 ║INFO	║ 73780	║ process file /home/amir/CTF/MCTF/2024/AD/easy_forms/src/app/Http/Controllers/Traits
2024-11-15 14:45:02.524672 ║INFO	║ 73780	║ process file /home/amir/CTF/MCTF/2024/AD/easy_forms/src/app/Http/Controllers/Traits/FiltredCollectionTrait.php
2024-11-15 14:45:02.524711 ║INFO	║ 73780	║ process file /home/amir/CTF/MCTF/2024/AD/easy_forms/src/app/Http/Controllers/Traits/EntityLimitTrait.php
2024-11-15 14:45:02.524751 ║INFO	║ 73780	║ process file /home/amir/CTF/MCTF/2024/AD/easy_forms/src/app/Http/Controllers/AdminFormIntegrationController.php
2024-11-15 14:45:02.524791 ║INFO	║ 73780	║ process file /home/amir/CTF/MCTF/2024/AD/easy_forms/src/app/Http/Controllers/AdminFormInputController.php
2024-11-15 14:45:02.524830 ║INFO	║ 73780	║ process file /home/amir/CTF/MCTF/2024/AD/easy_forms/src/app/Http/Controllers/BaseAdminFormController.php
2024-11-15 14:45:02.524885 ║INFO	║ 73780	║ process file /home/amir/CTF/MCTF/2024/AD/easy_forms/src/app/Http/Controllers/AdminFormResultController.php
2024-11-15 14:45:02.524938 ║INFO	║ 73780	║ process file /home/amir/CTF/MCTF/2024/AD/easy_forms/src/app/Http/Controllers/AdminFormController.php
2024-11-15 14:45:02.524980 ║INFO	║ 73780	║ process file /home/amir/CTF/MCTF/2024/AD/easy_forms/src/app/Http/Controllers/FormController.php
2024-11-15 14:45:02.525020 ║INFO	║ 73780	║ process file /home/amir/CTF/MCTF/2024/AD/easy_forms/src/app/Http/Controllers/AuthController.php
2024-11-15 14:45:02.525067 ║INFO	║ 73780	║ process file /home/amir/CTF/MCTF/2024/AD/easy_forms/src/app/Models
2024-11-15 14:45:02.525125 ║INFO	║ 73780	║ process file /home/amir/CTF/MCTF/2024/AD/easy_forms/src/app/Models/FormInput.php
2024-11-15 14:45:02.525191 ║INFO	║ 73780	║ process file /home/amir/CTF/MCTF/2024/AD/easy_forms/src/app/Models/FormIntegration.php
2024-11-15 14:45:02.525254 ║INFO	║ 73780	║ process file /home/amir/CTF/MCTF/2024/AD/easy_forms/src/app/Models/User.php
2024-11-15 14:45:02.525321 ║INFO	║ 73780	║ process file /home/amir/CTF/MCTF/2024/AD/easy_forms/src/app/Models/Form.php
2024-11-15 14:45:02.525383 ║INFO	║ 73780	║ process file /home/amir/CTF/MCTF/2024/AD/easy_forms/src/app/Models/FormResult.php
2024-11-15 14:45:02.525427 ║INFO	║ 73780	║ process file /home/amir/CTF/MCTF/2024/AD/easy_forms/src/app/Rules
2024-11-15 14:45:02.525467 ║INFO	║ 73780	║ process file /home/amir/CTF/MCTF/2024/AD/easy_forms/src/app/Rules/FormInput.php
2024-11-15 14:45:02.525507 ║INFO	║ 73780	║ process file /home/amir/CTF/MCTF/2024/AD/easy_forms/src/app/Rules/FormIntegrationType.php
2024-11-15 14:45:02.525547 ║INFO	║ 73780	║ process file /home/amir/CTF/MCTF/2024/AD/easy_forms/src/app/Rules/ExternalUrl.php
2024-11-15 14:45:02.525586 ║INFO	║ 73780	║ process file /home/amir/CTF/MCTF/2024/AD/easy_forms/src/app/Providers
2024-11-15 14:45:02.525630 ║INFO	║ 73780	║ process file /home/amir/CTF/MCTF/2024/AD/easy_forms/src/app/Providers/AppServiceProvider.php
2024-11-15 14:45:02.525669 ║INFO	║ 73780	║ process file /home/amir/CTF/MCTF/2024/AD/easy_forms/src/routes
2024-11-15 14:45:02.525709 ║INFO	║ 73780	║ process file /home/amir/CTF/MCTF/2024/AD/easy_forms/src/routes/api.php
2024-11-15 14:45:02.525747 ║INFO	║ 73780	║ process file /home/amir/CTF/MCTF/2024/AD/easy_forms/src/routes/console.php
2024-11-15 14:45:02.525785 ║INFO	║ 73780	║ process file /home/amir/CTF/MCTF/2024/AD/easy_forms/src/config
2024-11-15 14:45:02.525824 ║INFO	║ 73780	║ process file /home/amir/CTF/MCTF/2024/AD/easy_forms/src/config/jwt.php
2024-11-15 14:45:02.525863 ║INFO	║ 73780	║ process file /home/amir/CTF/MCTF/2024/AD/easy_forms/src/config/mail.php
2024-11-15 14:45:02.525902 ║INFO	║ 73780	║ process file /home/amir/CTF/MCTF/2024/AD/easy_forms/src/config/auth.php
2024-11-15 14:45:02.525942 ║INFO	║ 73780	║ process file /home/amir/CTF/MCTF/2024/AD/easy_forms/src/config/cache.php
2024-11-15 14:45:02.525980 ║INFO	║ 73780	║ process file /home/amir/CTF/MCTF/2024/AD/easy_forms/src/config/app.php
2024-11-15 14:45:02.526020 ║INFO	║ 73780	║ process file /home/amir/CTF/MCTF/2024/AD/easy_forms/src/config/form_integrations.php
2024-11-15 14:45:02.526059 ║INFO	║ 73780	║ process file /home/amir/CTF/MCTF/2024/AD/easy_forms/src/config/filesystems.php
2024-11-15 14:45:02.526098 ║INFO	║ 73780	║ process file /home/amir/CTF/MCTF/2024/AD/easy_forms/src/config/queue.php
2024-11-15 14:45:02.526137 ║INFO	║ 73780	║ process file /home/amir/CTF/MCTF/2024/AD/easy_forms/src/config/logging.php
2024-11-15 14:45:02.526175 ║INFO	║ 73780	║ process file /home/amir/CTF/MCTF/2024/AD/easy_forms/src/config/database.php
2024-11-15 14:45:02.526214 ║INFO	║ 73780	║ process file /home/amir/CTF/MCTF/2024/AD/easy_forms/src/bootstrap
2024-11-15 14:45:02.526263 ║INFO	║ 73780	║ process file /home/amir/CTF/MCTF/2024/AD/easy_forms/src/bootstrap/cache
2024-11-15 14:45:02.526304 ║INFO	║ 73780	║ process file /home/amir/CTF/MCTF/2024/AD/easy_forms/src/bootstrap/providers.php
2024-11-15 14:45:02.526343 ║INFO	║ 73780	║ process file /home/amir/CTF/MCTF/2024/AD/easy_forms/src/bootstrap/app.php
2024-11-15 14:45:02.526382 ║INFO	║ 73780	║ process file /home/amir/CTF/MCTF/2024/AD/easy_forms/src/storage
2024-11-15 14:45:02.526434 ║INFO	║ 73780	║ process file /home/amir/CTF/MCTF/2024/AD/easy_forms/src/storage/app
2024-11-15 14:45:02.526497 ║INFO	║ 73780	║ process file /home/amir/CTF/MCTF/2024/AD/easy_forms/src/storage/app/public
2024-11-15 14:45:02.526560 ║INFO	║ 73780	║ process file /home/amir/CTF/MCTF/2024/AD/easy_forms/src/storage/logs
2024-11-15 14:45:02.526621 ║INFO	║ 73780	║ process file /home/amir/CTF/MCTF/2024/AD/easy_forms/src/storage/framework
2024-11-15 14:45:02.526680 ║INFO	║ 73780	║ process file /home/amir/CTF/MCTF/2024/AD/easy_forms/src/storage/framework/cache
2024-11-15 14:45:02.526725 ║INFO	║ 73780	║ process file /home/amir/CTF/MCTF/2024/AD/easy_forms/src/storage/framework/cache/data
2024-11-15 14:45:02.526767 ║INFO	║ 73780	║ process file /home/amir/CTF/MCTF/2024/AD/easy_forms/src/storage/framework/views
2024-11-15 14:45:02.526807 ║INFO	║ 73780	║ process file /home/amir/CTF/MCTF/2024/AD/easy_forms/src/public
2024-11-15 14:45:02.526847 ║INFO	║ 73780	║ process file /home/amir/CTF/MCTF/2024/AD/easy_forms/src/public/index.php
2024-11-15 14:45:02.526956 ║INFO	║ 73780	║ process file /home/amir/CTF/MCTF/2024/AD/easy_forms/src/public/favicon.ico
2024-11-15 14:45:02.526995 ║INFO	║ 73780	║ process file /home/amir/CTF/MCTF/2024/AD/easy_forms/src/.env
2024-11-15 14:45:02.527034 ║INFO	║ 73780	║ process file /home/amir/CTF/MCTF/2024/AD/easy_forms/src/artisan
2024-11-15 14:45:02.527073 ║INFO	║ 73780	║ process file /home/amir/CTF/MCTF/2024/AD/easy_forms/src/composer.lock
2024-11-15 14:45:02.527116 ║INFO	║ 73780	║ process file /home/amir/CTF/MCTF/2024/AD/easy_forms/src/composer.json
2024-11-15 14:45:02.527155 ║INFO	║ 73780	║ process file /home/amir/CTF/MCTF/2024/AD/easy_forms/docker-compose.yaml
2024-11-15 14:45:02.527193 ║INFO	║ 73780	║ process file /home/amir/CTF/MCTF/2024/AD/easy_forms/Dockerfile.backend
2024-11-15 14:45:02.527237 ║INFO	║ 73780	║ process file /home/amir/CTF/MCTF/2024/AD/easy_forms/backend-entry.sh
2024-11-15 14:45:02.527297 ║INFO	║ 73780	║ process file /home/amir/CTF/MCTF/2024/AD/easy_forms
2024-11-15 14:45:02.527390 ║INFO	║ 73780	║ process file /home/amir/CTF/MCTF/2024/AD/easy_forms/conf/nginx.conf
2024-11-15 14:47:44.688622 ║INFO	║ 73780	║ Finalize
2024-11-15 14:47:44.688792 ║INFO	║ 73780	║ Finalize done
